<?xml version="1.0" encoding="UTF-8" ?>
<testsuite tests="1" failures="0" name="com.cskaoyan.mytest.CustomTest" time="0" errors="1" skipped="0">
  <properties>
    <property name="idea.version" value="2018.2.4"/>
    <property name="java.runtime.name" value="Java(TM) SE Runtime Environment"/>
    <property name="sun.boot.library.path" value="C:\Program Files\Java\jdk1.8.0_181\jre\bin"/>
    <property name="java.vm.version" value="25.181-b13"/>
    <property name="java.vm.vendor" value="Oracle Corporation"/>
    <property name="maven.multiModuleProjectDirectory" value="C:\Users\DELL\IdeaProjects\Production_ERP"/>
    <property name="java.vendor.url" value="http://java.oracle.com/"/>
    <property name="path.separator" value=";"/>
    <property name="guice.disable.misplaced.annotation.check" value="true"/>
    <property name="java.vm.name" value="Java HotSpot(TM) 64-Bit Server VM"/>
    <property name="file.encoding.pkg" value="sun.io"/>
    <property name="user.script" value=""/>
    <property name="user.country" value="CN"/>
    <property name="sun.java.launcher" value="SUN_STANDARD"/>
    <property name="sun.os.patch.level" value=""/>
    <property name="java.vm.specification.name" value="Java Virtual Machine Specification"/>
    <property name="user.dir" value="C:\Users\DELL\IdeaProjects\Production_ERP"/>
    <property name="java.runtime.version" value="1.8.0_181-b13"/>
    <property name="java.awt.graphicsenv" value="sun.awt.Win32GraphicsEnvironment"/>
    <property name="java.endorsed.dirs" value="C:\Program Files\Java\jdk1.8.0_181\jre\lib\endorsed"/>
    <property name="os.arch" value="amd64"/>
    <property name="java.io.tmpdir" value="C:\Users\DELL\AppData\Local\Temp\"/>
    <property name="line.separator" value="
"/>
    <property name="java.vm.specification.vendor" value="Oracle Corporation"/>
    <property name="user.variant" value=""/>
    <property name="os.name" value="Windows 10"/>
    <property name="classworlds.conf" value="C:\Program Files (x86)\apache-maven-3.5.3\bin\m2.conf"/>
    <property name="sun.jnu.encoding" value="GBK"/>
    <property name="java.library.path" value="C:\Program Files\Java\jdk1.8.0_181\bin;C:\WINDOWS\Sun\Java\bin;C:\WINDOWS\system32;C:\WINDOWS;C:\Program Files\Java\jdk1.8.0_181\bin;C:\Program Files (x86)\Common Files\Oracle\Java\javapath;C:\Program Files (x86)\apache-maven-3.5.3\bin;C:\Program Files\MySQL\MySQL Server 5.7\bin;C:\ProgramData\Oracle\Java\javapath;C:\Program Files (x86)\Intel\iCLS Client\;C:\Program Files\Intel\iCLS Client\;C:\WINDOWS\system32;C:\WINDOWS;C:\WINDOWS\System32\Wbem;C:\WINDOWS\System32\WindowsPowerShell\v1.0\;C:\Program Files (x86)\Intel\Intel(R) Management Engine Components\DAL;C:\Program Files\Intel\Intel(R) Management Engine Components\DAL;C:\Program Files (x86)\Intel\Intel(R) Management Engine Components\IPT;C:\Program Files\Intel\Intel(R) Management Engine Components\IPT;C:\Program Files\MySQL\MySQL Utilities 1.6\;C:\Program Files\PuTTY\;C:\WINDOWS\System32\OpenSSH\;C:\WINDOWS\system32\config\systemprofile\.dnx\bin;C:\Program Files\Microsoft DNX\Dnvm\;C:\Program Files (x86)\Windows Kits\8.1\Windows Performance Toolkit\;C:\Program Files\Microsoft SQL Server\130\Tools\Binn\;C:\Program Files\Intel\WiFi\bin\;C:\Program Files\Common Files\Intel\WirelessCommon\;C:\Users\DELL\AppData\Local\Microsoft\WindowsApps;;C:\Program Files\Microsoft VS Code\bin;."/>
    <property name="maven.conf" value="C:\Program Files (x86)\apache-maven-3.5.3/conf"/>
    <property name="java.specification.name" value="Java Platform API Specification"/>
    <property name="java.class.version" value="52.0"/>
    <property name="sun.management.compiler" value="HotSpot 64-Bit Tiered Compilers"/>
    <property name="os.version" value="10.0"/>
    <property name="user.home" value="C:\Users\DELL"/>
    <property name="user.timezone" value="Asia/Shanghai"/>
    <property name="java.awt.printerjob" value="sun.awt.windows.WPrinterJob"/>
    <property name="java.specification.version" value="1.8"/>
    <property name="file.encoding" value="UTF-8"/>
    <property name="user.name" value="DELL"/>
    <property name="java.class.path" value="C:\Program Files (x86)\apache-maven-3.5.3\boot\plexus-classworlds-2.5.2.jar;C:\Program Files\JetBrains\IntelliJ IDEA 2018.2.3\lib\idea_rt.jar"/>
    <property name="java.vm.specification.version" value="1.8"/>
    <property name="sun.arch.data.model" value="64"/>
    <property name="java.home" value="C:\Program Files\Java\jdk1.8.0_181\jre"/>
    <property name="sun.java.command" value="org.codehaus.classworlds.Launcher -Didea.version=2018.2.4 -s C:\Program Files (x86)\apache-maven-3.5.3\conf\settings.xml package"/>
    <property name="java.specification.vendor" value="Oracle Corporation"/>
    <property name="user.language" value="zh"/>
    <property name="awt.toolkit" value="sun.awt.windows.WToolkit"/>
    <property name="java.vm.info" value="mixed mode"/>
    <property name="java.version" value="1.8.0_181"/>
    <property name="java.ext.dirs" value="C:\Program Files\Java\jdk1.8.0_181\jre\lib\ext;C:\WINDOWS\Sun\Java\lib\ext"/>
    <property name="sun.boot.class.path" value="C:\Program Files\Java\jdk1.8.0_181\jre\lib\resources.jar;C:\Program Files\Java\jdk1.8.0_181\jre\lib\rt.jar;C:\Program Files\Java\jdk1.8.0_181\jre\lib\sunrsasign.jar;C:\Program Files\Java\jdk1.8.0_181\jre\lib\jsse.jar;C:\Program Files\Java\jdk1.8.0_181\jre\lib\jce.jar;C:\Program Files\Java\jdk1.8.0_181\jre\lib\charsets.jar;C:\Program Files\Java\jdk1.8.0_181\jre\lib\jfr.jar;C:\Program Files\Java\jdk1.8.0_181\jre\classes"/>
    <property name="java.vendor" value="Oracle Corporation"/>
    <property name="maven.home" value="C:\Program Files (x86)\apache-maven-3.5.3"/>
    <property name="file.separator" value="\"/>
    <property name="java.vendor.url.bug" value="http://bugreport.sun.com/bugreport/"/>
    <property name="sun.cpu.endian" value="little"/>
    <property name="sun.io.unicode.encoding" value="UnicodeLittle"/>
    <property name="sun.desktop" value="windows"/>
    <property name="sun.cpu.isalist" value="amd64"/>
  </properties>
  <testcase classname="com.cskaoyan.mytest.CustomTest" name="findAllTest" time="0">
    <error message="Failed to load ApplicationContext" type="java.lang.IllegalStateException">java.lang.IllegalStateException: Failed to load ApplicationContext
	at org.springframework.test.context.cache.DefaultCacheAwareContextLoaderDelegate.loadContext(DefaultCacheAwareContextLoaderDelegate.java:124)
	at org.springframework.test.context.support.DefaultTestContext.getApplicationContext(DefaultTestContext.java:83)
	at org.springframework.test.context.support.DependencyInjectionTestExecutionListener.injectDependencies(DependencyInjectionTestExecutionListener.java:117)
	at org.springframework.test.context.support.DependencyInjectionTestExecutionListener.prepareTestInstance(DependencyInjectionTestExecutionListener.java:83)
	at org.springframework.test.context.TestContextManager.prepareTestInstance(TestContextManager.java:230)
	at org.springframework.test.context.junit4.SpringJUnit4ClassRunner.createTest(SpringJUnit4ClassRunner.java:228)
	at org.springframework.test.context.junit4.SpringJUnit4ClassRunner$1.runReflectiveCall(SpringJUnit4ClassRunner.java:287)
	at org.junit.internal.runners.model.ReflectiveCallable.run(ReflectiveCallable.java:12)
	at org.springframework.test.context.junit4.SpringJUnit4ClassRunner.methodBlock(SpringJUnit4ClassRunner.java:289)
	at org.springframework.test.context.junit4.SpringJUnit4ClassRunner.runChild(SpringJUnit4ClassRunner.java:247)
	at org.springframework.test.context.junit4.SpringJUnit4ClassRunner.runChild(SpringJUnit4ClassRunner.java:94)
	at org.junit.runners.ParentRunner$3.run(ParentRunner.java:290)
	at org.junit.runners.ParentRunner$1.schedule(ParentRunner.java:71)
	at org.junit.runners.ParentRunner.runChildren(ParentRunner.java:288)
	at org.junit.runners.ParentRunner.access$000(ParentRunner.java:58)
	at org.junit.runners.ParentRunner$2.evaluate(ParentRunner.java:268)
	at org.springframework.test.context.junit4.statements.RunBeforeTestClassCallbacks.evaluate(RunBeforeTestClassCallbacks.java:61)
	at org.springframework.test.context.junit4.statements.RunAfterTestClassCallbacks.evaluate(RunAfterTestClassCallbacks.java:70)
	at org.junit.runners.ParentRunner.run(ParentRunner.java:363)
	at org.springframework.test.context.junit4.SpringJUnit4ClassRunner.run(SpringJUnit4ClassRunner.java:191)
	at org.apache.maven.surefire.junit4.JUnit4Provider.execute(JUnit4Provider.java:252)
	at org.apache.maven.surefire.junit4.JUnit4Provider.executeTestSet(JUnit4Provider.java:141)
	at org.apache.maven.surefire.junit4.JUnit4Provider.invoke(JUnit4Provider.java:112)
	at sun.reflect.NativeMethodAccessorImpl.invoke0(Native Method)
	at sun.reflect.NativeMethodAccessorImpl.invoke(NativeMethodAccessorImpl.java:62)
	at sun.reflect.DelegatingMethodAccessorImpl.invoke(DelegatingMethodAccessorImpl.java:43)
	at java.lang.reflect.Method.invoke(Method.java:498)
	at org.apache.maven.surefire.util.ReflectionUtils.invokeMethodWithArray(ReflectionUtils.java:189)
	at org.apache.maven.surefire.booter.ProviderFactory$ProviderProxy.invoke(ProviderFactory.java:165)
	at org.apache.maven.surefire.booter.ProviderFactory.invokeProvider(ProviderFactory.java:85)
	at org.apache.maven.surefire.booter.ForkedBooter.runSuitesInProcess(ForkedBooter.java:115)
	at org.apache.maven.surefire.booter.ForkedBooter.main(ForkedBooter.java:75)
Caused by: org.springframework.beans.factory.BeanCreationException: Error creating bean with name &apos;org.springframework.web.servlet.resource.ResourceHttpRequestHandler#0&apos;: Invocation of init method failed; nested exception is java.lang.IllegalStateException: WebApplicationObjectSupport instance [ResourceHttpRequestHandler [locations=[class path resource [WEB-INF/]], resolvers=[org.springframework.web.servlet.resource.PathResourceResolver@ec50f54]]] does not run in a WebApplicationContext but in: org.springframework.context.support.GenericApplicationContext@26a7b76d: startup date [Mon Dec 10 17:41:14 CST 2018]; root of context hierarchy
	at org.springframework.beans.factory.support.AbstractAutowireCapableBeanFactory.initializeBean(AbstractAutowireCapableBeanFactory.java:1710)
	at org.springframework.beans.factory.support.AbstractAutowireCapableBeanFactory.doCreateBean(AbstractAutowireCapableBeanFactory.java:583)
	at org.springframework.beans.factory.support.AbstractAutowireCapableBeanFactory.createBean(AbstractAutowireCapableBeanFactory.java:502)
	at org.springframework.beans.factory.support.AbstractBeanFactory.lambda$doGetBean$0(AbstractBeanFactory.java:312)
	at org.springframework.beans.factory.support.DefaultSingletonBeanRegistry.getSingleton(DefaultSingletonBeanRegistry.java:228)
	at org.springframework.beans.factory.support.AbstractBeanFactory.doGetBean(AbstractBeanFactory.java:310)
	at org.springframework.beans.factory.support.AbstractBeanFactory.getBean(AbstractBeanFactory.java:200)
	at org.springframework.beans.factory.support.DefaultListableBeanFactory.preInstantiateSingletons(DefaultListableBeanFactory.java:760)
	at org.springframework.context.support.AbstractApplicationContext.finishBeanFactoryInitialization(AbstractApplicationContext.java:868)
	at org.springframework.context.support.AbstractApplicationContext.refresh(AbstractApplicationContext.java:549)
	at org.springframework.test.context.support.AbstractGenericContextLoader.loadContext(AbstractGenericContextLoader.java:128)
	at org.springframework.test.context.support.AbstractGenericContextLoader.loadContext(AbstractGenericContextLoader.java:60)
	at org.springframework.test.context.support.AbstractDelegatingSmartContextLoader.delegateLoading(AbstractDelegatingSmartContextLoader.java:108)
	at org.springframework.test.context.support.AbstractDelegatingSmartContextLoader.loadContext(AbstractDelegatingSmartContextLoader.java:251)
	at org.springframework.test.context.cache.DefaultCacheAwareContextLoaderDelegate.loadContextInternal(DefaultCacheAwareContextLoaderDelegate.java:98)
	at org.springframework.test.context.cache.DefaultCacheAwareContextLoaderDelegate.loadContext(DefaultCacheAwareContextLoaderDelegate.java:116)
	... 31 more
Caused by: java.lang.IllegalStateException: WebApplicationObjectSupport instance [ResourceHttpRequestHandler [locations=[class path resource [WEB-INF/]], resolvers=[org.springframework.web.servlet.resource.PathResourceResolver@ec50f54]]] does not run in a WebApplicationContext but in: org.springframework.context.support.GenericApplicationContext@26a7b76d: startup date [Mon Dec 10 17:41:14 CST 2018]; root of context hierarchy
	at org.springframework.web.context.support.WebApplicationObjectSupport.getWebApplicationContext(WebApplicationObjectSupport.java:114)
	at org.springframework.web.context.support.WebApplicationObjectSupport.getServletContext(WebApplicationObjectSupport.java:133)
	at org.springframework.web.servlet.resource.ResourceHttpRequestHandler.initContentNegotiationStrategy(ResourceHttpRequestHandler.java:416)
	at org.springframework.web.servlet.resource.ResourceHttpRequestHandler.afterPropertiesSet(ResourceHttpRequestHandler.java:334)
	at org.springframework.beans.factory.support.AbstractAutowireCapableBeanFactory.invokeInitMethods(AbstractAutowireCapableBeanFactory.java:1769)
	at org.springframework.beans.factory.support.AbstractAutowireCapableBeanFactory.initializeBean(AbstractAutowireCapableBeanFactory.java:1706)
	... 46 more
</error>
    <system-out>17:41:13,462 DEBUG SpringJUnit4ClassRunner:140 - SpringJUnit4ClassRunner constructor called with [class com.cskaoyan.mytest.CustomTest]
17:41:13,478 DEBUG BootstrapUtils:95 - Instantiating CacheAwareContextLoaderDelegate from class [org.springframework.test.context.cache.DefaultCacheAwareContextLoaderDelegate]
17:41:13,494 DEBUG BootstrapUtils:78 - Instantiating BootstrapContext using constructor [public org.springframework.test.context.support.DefaultBootstrapContext(java.lang.Class,org.springframework.test.context.CacheAwareContextLoaderDelegate)]
17:41:13,509 DEBUG BootstrapUtils:131 - Instantiating TestContextBootstrapper for test class [com.cskaoyan.mytest.CustomTest] from class [org.springframework.test.context.support.DefaultTestContextBootstrapper]
17:41:13,556 DEBUG AbstractDelegatingSmartContextLoader:96 - Delegating to GenericXmlContextLoader to process context configuration [ContextConfigurationAttributes@4b952a2d declaringClass = &apos;com.cskaoyan.mytest.CustomTest&apos;, classes = &apos;{}&apos;, locations = &apos;{classpath:spring/applicationContext.xml}&apos;, inheritLocations = true, initializers = &apos;{}&apos;, inheritInitializers = true, name = [null], contextLoaderClass = &apos;org.springframework.test.context.ContextLoader&apos;].
17:41:13,572 DEBUG ActiveProfilesUtils:78 - Could not find an &apos;annotation declaring class&apos; for annotation type [org.springframework.test.context.ActiveProfiles] and class [com.cskaoyan.mytest.CustomTest]
17:41:13,572 DEBUG DefaultTestContextBootstrapper:132 - @TestExecutionListeners is not present for class [com.cskaoyan.mytest.CustomTest]: using defaults.
17:41:13,587  INFO DefaultTestContextBootstrapper:260 - Loaded default TestExecutionListener class names from location [META-INF/spring.factories]: [org.springframework.test.context.web.ServletTestExecutionListener, org.springframework.test.context.support.DirtiesContextBeforeModesTestExecutionListener, org.springframework.test.context.support.DependencyInjectionTestExecutionListener, org.springframework.test.context.support.DirtiesContextTestExecutionListener, org.springframework.test.context.transaction.TransactionalTestExecutionListener, org.springframework.test.context.jdbc.SqlScriptsTestExecutionListener]
17:41:13,619  INFO DefaultTestContextBootstrapper:187 - Using TestExecutionListeners: [org.springframework.test.context.web.ServletTestExecutionListener@5a1c0542, org.springframework.test.context.support.DirtiesContextBeforeModesTestExecutionListener@396f6598, org.springframework.test.context.support.DependencyInjectionTestExecutionListener@394e1a0f, org.springframework.test.context.support.DirtiesContextTestExecutionListener@27a5f880, org.springframework.test.context.transaction.TransactionalTestExecutionListener@1d29cf23, org.springframework.test.context.jdbc.SqlScriptsTestExecutionListener@5f282abb]
17:41:13,634 DEBUG ProfileValueUtils:68 - Retrieved @ProfileValueSourceConfiguration [null] for test class [com.cskaoyan.mytest.CustomTest]
17:41:13,634 DEBUG ProfileValueUtils:80 - Retrieved ProfileValueSource type [class org.springframework.test.annotation.SystemProfileValueSource] for class [com.cskaoyan.mytest.CustomTest]
17:41:13,634 DEBUG ProfileValueUtils:68 - Retrieved @ProfileValueSourceConfiguration [null] for test class [com.cskaoyan.mytest.CustomTest]
17:41:13,634 DEBUG ProfileValueUtils:80 - Retrieved ProfileValueSource type [class org.springframework.test.annotation.SystemProfileValueSource] for class [com.cskaoyan.mytest.CustomTest]
17:41:13,650 DEBUG AbstractDirtiesContextTestExecutionListener:141 - Before test class: context [DefaultTestContext@e320068 testClass = CustomTest, testInstance = [null], testMethod = [null], testException = [null], mergedContextConfiguration = [MergedContextConfiguration@1f57539 testClass = CustomTest, locations = &apos;{classpath:spring/applicationContext.xml}&apos;, classes = &apos;{}&apos;, contextInitializerClasses = &apos;[]&apos;, activeProfiles = &apos;{}&apos;, propertySourceLocations = &apos;{}&apos;, propertySourceProperties = &apos;{}&apos;, contextCustomizers = set[[empty]], contextLoader = &apos;org.springframework.test.context.support.DelegatingSmartContextLoader&apos;, parent = [null]]], class annotated with @DirtiesContext [false] with mode [null].
17:41:13,650 DEBUG ProfileValueUtils:68 - Retrieved @ProfileValueSourceConfiguration [null] for test class [com.cskaoyan.mytest.CustomTest]
17:41:13,650 DEBUG ProfileValueUtils:80 - Retrieved ProfileValueSource type [class org.springframework.test.annotation.SystemProfileValueSource] for class [com.cskaoyan.mytest.CustomTest]
17:41:13,650 DEBUG DependencyInjectionTestExecutionListener:81 - Performing dependency injection for test context [[DefaultTestContext@e320068 testClass = CustomTest, testInstance = com.cskaoyan.mytest.CustomTest@5faeada1, testMethod = [null], testException = [null], mergedContextConfiguration = [MergedContextConfiguration@1f57539 testClass = CustomTest, locations = &apos;{classpath:spring/applicationContext.xml}&apos;, classes = &apos;{}&apos;, contextInitializerClasses = &apos;[]&apos;, activeProfiles = &apos;{}&apos;, propertySourceLocations = &apos;{}&apos;, propertySourceProperties = &apos;{}&apos;, contextCustomizers = set[[empty]], contextLoader = &apos;org.springframework.test.context.support.DelegatingSmartContextLoader&apos;, parent = [null]]]].
17:41:13,650 DEBUG AbstractDelegatingSmartContextLoader:106 - Delegating to GenericXmlContextLoader to load context from [MergedContextConfiguration@1f57539 testClass = CustomTest, locations = &apos;{classpath:spring/applicationContext.xml}&apos;, classes = &apos;{}&apos;, contextInitializerClasses = &apos;[]&apos;, activeProfiles = &apos;{}&apos;, propertySourceLocations = &apos;{}&apos;, propertySourceProperties = &apos;{}&apos;, contextCustomizers = set[[empty]], contextLoader = &apos;org.springframework.test.context.support.DelegatingSmartContextLoader&apos;, parent = [null]].
17:41:13,650 DEBUG AbstractGenericContextLoader:109 - Loading ApplicationContext for merged context configuration [[MergedContextConfiguration@1f57539 testClass = CustomTest, locations = &apos;{classpath:spring/applicationContext.xml}&apos;, classes = &apos;{}&apos;, contextInitializerClasses = &apos;[]&apos;, activeProfiles = &apos;{}&apos;, propertySourceLocations = &apos;{}&apos;, propertySourceProperties = &apos;{}&apos;, contextCustomizers = set[[empty]], contextLoader = &apos;org.springframework.test.context.support.DelegatingSmartContextLoader&apos;, parent = [null]]].
17:41:13,712 DEBUG StandardEnvironment:109 - Adding PropertySource &apos;systemProperties&apos; with lowest search precedence
17:41:13,728 DEBUG StandardEnvironment:109 - Adding PropertySource &apos;systemEnvironment&apos; with lowest search precedence
17:41:13,728 DEBUG StandardEnvironment:125 - Initialized StandardEnvironment with PropertySources [MapPropertySource@385337537 {name=&apos;systemProperties&apos;, properties={idea.version=2018.2.4, java.runtime.name=Java(TM) SE Runtime Environment, sun.boot.library.path=C:\Program Files\Java\jdk1.8.0_181\jre\bin, java.vm.version=25.181-b13, java.vm.vendor=Oracle Corporation, java.vendor.url=http://java.oracle.com/, path.separator=;, java.vm.name=Java HotSpot(TM) 64-Bit Server VM, file.encoding.pkg=sun.io, user.country=CN, user.script=, sun.java.launcher=SUN_STANDARD, sun.os.patch.level=, java.vm.specification.name=Java Virtual Machine Specification, user.dir=C:\Users\DELL\IdeaProjects\Production_ERP, java.runtime.version=1.8.0_181-b13, basedir=C:\Users\DELL\IdeaProjects\Production_ERP, java.awt.graphicsenv=sun.awt.Win32GraphicsEnvironment, java.endorsed.dirs=C:\Program Files\Java\jdk1.8.0_181\jre\lib\endorsed, os.arch=amd64, surefire.real.class.path=C:\Users\DELL\IdeaProjects\Production_ERP\target\surefire\surefirebooter6637566884203790206.jar, java.io.tmpdir=C:\Users\DELL\AppData\Local\Temp\, line.separator=
, java.vm.specification.vendor=Oracle Corporation, user.variant=, os.name=Windows 10, sun.jnu.encoding=GBK, java.library.path=C:\Program Files\Java\jdk1.8.0_181\jre\bin;C:\WINDOWS\Sun\Java\bin;C:\WINDOWS\system32;C:\WINDOWS;C:\Program Files\Java\jdk1.8.0_181\bin;C:\Program Files (x86)\Common Files\Oracle\Java\javapath;C:\Program Files (x86)\apache-maven-3.5.3\bin;C:\Program Files\MySQL\MySQL Server 5.7\bin;C:\ProgramData\Oracle\Java\javapath;C:\Program Files (x86)\Intel\iCLS Client\;C:\Program Files\Intel\iCLS Client\;C:\WINDOWS\system32;C:\WINDOWS;C:\WINDOWS\System32\Wbem;C:\WINDOWS\System32\WindowsPowerShell\v1.0\;C:\Program Files (x86)\Intel\Intel(R) Management Engine Components\DAL;C:\Program Files\Intel\Intel(R) Management Engine Components\DAL;C:\Program Files (x86)\Intel\Intel(R) Management Engine Components\IPT;C:\Program Files\Intel\Intel(R) Management Engine Components\IPT;C:\Program Files\MySQL\MySQL Utilities 1.6\;C:\Program Files\PuTTY\;C:\WINDOWS\System32\OpenSSH\;C:\WINDOWS\system32\config\systemprofile\.dnx\bin;C:\Program Files\Microsoft DNX\Dnvm\;C:\Program Files (x86)\Windows Kits\8.1\Windows Performance Toolkit\;C:\Program Files\Microsoft SQL Server\130\Tools\Binn\;C:\Program Files\Intel\WiFi\bin\;C:\Program Files\Common Files\Intel\WirelessCommon\;C:\Users\DELL\AppData\Local\Microsoft\WindowsApps;;C:\Program Files\Microsoft VS Code\bin;., surefire.test.class.path=C:\Users\DELL\IdeaProjects\Production_ERP\target\test-classes;C:\Users\DELL\IdeaProjects\Production_ERP\target\classes;C:\Users\DELL\.m2\repository\junit\junit\4.12\junit-4.12.jar;C:\Users\DELL\.m2\repository\org\hamcrest\hamcrest-core\1.3\hamcrest-core-1.3.jar;C:\Users\DELL\.m2\repository\org\springframework\spring-webmvc\5.0.4.RELEASE\spring-webmvc-5.0.4.RELEASE.jar;C:\Users\DELL\.m2\repository\org\springframework\spring-aop\5.0.4.RELEASE\spring-aop-5.0.4.RELEASE.jar;C:\Users\DELL\.m2\repository\org\springframework\spring-beans\5.0.4.RELEASE\spring-beans-5.0.4.RELEASE.jar;C:\Users\DELL\.m2\repository\org\springframework\spring-context\5.0.4.RELEASE\spring-context-5.0.4.RELEASE.jar;C:\Users\DELL\.m2\repository\org\springframework\spring-core\5.0.4.RELEASE\spring-core-5.0.4.RELEASE.jar;C:\Users\DELL\.m2\repository\org\springframework\spring-jcl\5.0.4.RELEASE\spring-jcl-5.0.4.RELEASE.jar;C:\Users\DELL\.m2\repository\org\springframework\spring-expression\5.0.4.RELEASE\spring-expression-5.0.4.RELEASE.jar;C:\Users\DELL\.m2\repository\org\springframework\spring-web\5.0.4.RELEASE\spring-web-5.0.4.RELEASE.jar;C:\Users\DELL\.m2\repository\mysql\mysql-connector-java\8.0.11\mysql-connector-java-8.0.11.jar;C:\Users\DELL\.m2\repository\com\google\protobuf\protobuf-java\2.6.0\protobuf-java-2.6.0.jar;C:\Users\DELL\.m2\repository\org\springframework\spring-tx\5.0.4.RELEASE\spring-tx-5.0.4.RELEASE.jar;C:\Users\DELL\.m2\repository\commons-logging\commons-logging\1.2\commons-logging-1.2.jar;C:\Users\DELL\.m2\repository\org\mybatis\mybatis\3.4.4\mybatis-3.4.4.jar;C:\Users\DELL\.m2\repository\org\mybatis\mybatis-spring\1.3.2\mybatis-spring-1.3.2.jar;C:\Users\DELL\.m2\repository\org\slf4j\slf4j-log4j12\1.6.4\slf4j-log4j12-1.6.4.jar;C:\Users\DELL\.m2\repository\org\slf4j\slf4j-api\1.6.4\slf4j-api-1.6.4.jar;C:\Users\DELL\.m2\repository\log4j\log4j\1.2.16\log4j-1.2.16.jar;C:\Users\DELL\.m2\repository\com\alibaba\druid\1.1.8\druid-1.1.8.jar;C:\Users\DELL\.m2\repository\commons-fileupload\commons-fileupload\1.3.1\commons-fileupload-1.3.1.jar;C:\Users\DELL\.m2\repository\commons-io\commons-io\2.2\commons-io-2.2.jar;C:\Users\DELL\.m2\repository\org\springframework\spring-aspects\5.0.4.RELEASE\spring-aspects-5.0.4.RELEASE.jar;C:\Users\DELL\.m2\repository\org\aspectj\aspectjweaver\1.9.0\aspectjweaver-1.9.0.jar;C:\Users\DELL\.m2\repository\org\glassfish\web\javax.servlet.jsp.jstl\1.2.4\javax.servlet.jsp.jstl-1.2.4.jar;C:\Users\DELL\.m2\repository\javax\servlet\jsp\jstl\jstl-api\1.2\jstl-api-1.2.jar;C:\Users\DELL\.m2\repository\javax\servlet\servlet-api\2.5\servlet-api-2.5.jar;C:\Users\DELL\.m2\repository\javax\servlet\jsp\jsp-api\2.1\jsp-api-2.1.jar;C:\Users\DELL\.m2\repository\org\springframework\spring-test\4.3.7.RELEASE\spring-test-4.3.7.RELEASE.jar;C:\Users\DELL\.m2\repository\org\springframework\spring-jdbc\5.0.4.RELEASE\spring-jdbc-5.0.4.RELEASE.jar;C:\Users\DELL\.m2\repository\jsptags\pager-taglib\2.0\pager-taglib-2.0.jar;C:\Users\DELL\.m2\repository\com\fasterxml\jackson\core\jackson-core\2.9.4\jackson-core-2.9.4.jar;C:\Users\DELL\.m2\repository\com\fasterxml\jackson\core\jackson-databind\2.9.4\jackson-databind-2.9.4.jar;C:\Users\DELL\.m2\repository\com\fasterxml\jackson\core\jackson-annotations\2.9.0\jackson-annotations-2.9.0.jar;C:\Users\DELL\.m2\repository\org\apache\shiro\shiro-web\1.2.6\shiro-web-1.2.6.jar;C:\Users\DELL\.m2\repository\org\apache\shiro\shiro-core\1.2.6\shiro-core-1.2.6.jar;C:\Users\DELL\.m2\repository\commons-beanutils\commons-beanutils\1.8.3\commons-beanutils-1.8.3.jar;C:\Users\DELL\.m2\repository\org\hibernate\hibernate-validator\5.1.0.Final\hibernate-validator-5.1.0.Final.jar;C:\Users\DELL\.m2\repository\org\jboss\logging\jboss-logging\3.1.3.GA\jboss-logging-3.1.3.GA.jar;C:\Users\DELL\.m2\repository\com\fasterxml\classmate\1.0.0\classmate-1.0.0.jar;C:\Users\DELL\.m2\repository\javax\validation\validation-api\1.1.0.Final\validation-api-1.1.0.Final.jar;C:\Users\DELL\.m2\repository\com\github\pagehelper\pagehelper\5.1.8\pagehelper-5.1.8.jar;C:\Users\DELL\.m2\repository\com\github\jsqlparser\jsqlparser\1.2\jsqlparser-1.2.jar;, java.specification.name=Java Platform API Specification, java.class.version=52.0, sun.management.compiler=HotSpot 64-Bit Tiered Compilers, os.version=10.0, user.home=C:\Users\DELL, user.timezone=Asia/Shanghai, java.awt.printerjob=sun.awt.windows.WPrinterJob, file.encoding=GBK, java.specification.version=1.8, java.class.path=C:\Users\DELL\IdeaProjects\Production_ERP\target\test-classes;C:\Users\DELL\IdeaProjects\Production_ERP\target\classes;C:\Users\DELL\.m2\repository\junit\junit\4.12\junit-4.12.jar;C:\Users\DELL\.m2\repository\org\hamcrest\hamcrest-core\1.3\hamcrest-core-1.3.jar;C:\Users\DELL\.m2\repository\org\springframework\spring-webmvc\5.0.4.RELEASE\spring-webmvc-5.0.4.RELEASE.jar;C:\Users\DELL\.m2\repository\org\springframework\spring-aop\5.0.4.RELEASE\spring-aop-5.0.4.RELEASE.jar;C:\Users\DELL\.m2\repository\org\springframework\spring-beans\5.0.4.RELEASE\spring-beans-5.0.4.RELEASE.jar;C:\Users\DELL\.m2\repository\org\springframework\spring-context\5.0.4.RELEASE\spring-context-5.0.4.RELEASE.jar;C:\Users\DELL\.m2\repository\org\springframework\spring-core\5.0.4.RELEASE\spring-core-5.0.4.RELEASE.jar;C:\Users\DELL\.m2\repository\org\springframework\spring-jcl\5.0.4.RELEASE\spring-jcl-5.0.4.RELEASE.jar;C:\Users\DELL\.m2\repository\org\springframework\spring-expression\5.0.4.RELEASE\spring-expression-5.0.4.RELEASE.jar;C:\Users\DELL\.m2\repository\org\springframework\spring-web\5.0.4.RELEASE\spring-web-5.0.4.RELEASE.jar;C:\Users\DELL\.m2\repository\mysql\mysql-connector-java\8.0.11\mysql-connector-java-8.0.11.jar;C:\Users\DELL\.m2\repository\com\google\protobuf\protobuf-java\2.6.0\protobuf-java-2.6.0.jar;C:\Users\DELL\.m2\repository\org\springframework\spring-tx\5.0.4.RELEASE\spring-tx-5.0.4.RELEASE.jar;C:\Users\DELL\.m2\repository\commons-logging\commons-logging\1.2\commons-logging-1.2.jar;C:\Users\DELL\.m2\repository\org\mybatis\mybatis\3.4.4\mybatis-3.4.4.jar;C:\Users\DELL\.m2\repository\org\mybatis\mybatis-spring\1.3.2\mybatis-spring-1.3.2.jar;C:\Users\DELL\.m2\repository\org\slf4j\slf4j-log4j12\1.6.4\slf4j-log4j12-1.6.4.jar;C:\Users\DELL\.m2\repository\org\slf4j\slf4j-api\1.6.4\slf4j-api-1.6.4.jar;C:\Users\DELL\.m2\repository\log4j\log4j\1.2.16\log4j-1.2.16.jar;C:\Users\DELL\.m2\repository\com\alibaba\druid\1.1.8\druid-1.1.8.jar;C:\Users\DELL\.m2\repository\commons-fileupload\commons-fileupload\1.3.1\commons-fileupload-1.3.1.jar;C:\Users\DELL\.m2\repository\commons-io\commons-io\2.2\commons-io-2.2.jar;C:\Users\DELL\.m2\repository\org\springframework\spring-aspects\5.0.4.RELEASE\spring-aspects-5.0.4.RELEASE.jar;C:\Users\DELL\.m2\repository\org\aspectj\aspectjweaver\1.9.0\aspectjweaver-1.9.0.jar;C:\Users\DELL\.m2\repository\org\glassfish\web\javax.servlet.jsp.jstl\1.2.4\javax.servlet.jsp.jstl-1.2.4.jar;C:\Users\DELL\.m2\repository\javax\servlet\jsp\jstl\jstl-api\1.2\jstl-api-1.2.jar;C:\Users\DELL\.m2\repository\javax\servlet\servlet-api\2.5\servlet-api-2.5.jar;C:\Users\DELL\.m2\repository\javax\servlet\jsp\jsp-api\2.1\jsp-api-2.1.jar;C:\Users\DELL\.m2\repository\org\springframework\spring-test\4.3.7.RELEASE\spring-test-4.3.7.RELEASE.jar;C:\Users\DELL\.m2\repository\org\springframework\spring-jdbc\5.0.4.RELEASE\spring-jdbc-5.0.4.RELEASE.jar;C:\Users\DELL\.m2\repository\jsptags\pager-taglib\2.0\pager-taglib-2.0.jar;C:\Users\DELL\.m2\repository\com\fasterxml\jackson\core\jackson-core\2.9.4\jackson-core-2.9.4.jar;C:\Users\DELL\.m2\repository\com\fasterxml\jackson\core\jackson-databind\2.9.4\jackson-databind-2.9.4.jar;C:\Users\DELL\.m2\repository\com\fasterxml\jackson\core\jackson-annotations\2.9.0\jackson-annotations-2.9.0.jar;C:\Users\DELL\.m2\repository\org\apache\shiro\shiro-web\1.2.6\shiro-web-1.2.6.jar;C:\Users\DELL\.m2\repository\org\apache\shiro\shiro-core\1.2.6\shiro-core-1.2.6.jar;C:\Users\DELL\.m2\repository\commons-beanutils\commons-beanutils\1.8.3\commons-beanutils-1.8.3.jar;C:\Users\DELL\.m2\repository\org\hibernate\hibernate-validator\5.1.0.Final\hibernate-validator-5.1.0.Final.jar;C:\Users\DELL\.m2\repository\org\jboss\logging\jboss-logging\3.1.3.GA\jboss-logging-3.1.3.GA.jar;C:\Users\DELL\.m2\repository\com\fasterxml\classmate\1.0.0\classmate-1.0.0.jar;C:\Users\DELL\.m2\repository\javax\validation\validation-api\1.1.0.Final\validation-api-1.1.0.Final.jar;C:\Users\DELL\.m2\repository\com\github\pagehelper\pagehelper\5.1.8\pagehelper-5.1.8.jar;C:\Users\DELL\.m2\repository\com\github\jsqlparser\jsqlparser\1.2\jsqlparser-1.2.jar;, user.name=DELL, java.vm.specification.version=1.8, sun.java.command=C:\Users\DELL\IdeaProjects\Production_ERP\target\surefire\surefirebooter6637566884203790206.jar C:\Users\DELL\IdeaProjects\Production_ERP\target\surefire\surefire1716814721053629152tmp C:\Users\DELL\IdeaProjects\Production_ERP\target\surefire\surefire_06265196878877750406tmp, java.home=C:\Program Files\Java\jdk1.8.0_181\jre, sun.arch.data.model=64, user.language=zh, java.specification.vendor=Oracle Corporation, awt.toolkit=sun.awt.windows.WToolkit, java.vm.info=mixed mode, java.version=1.8.0_181, java.ext.dirs=C:\Program Files\Java\jdk1.8.0_181\jre\lib\ext;C:\WINDOWS\Sun\Java\lib\ext, sun.boot.class.path=C:\Program Files\Java\jdk1.8.0_181\jre\lib\resources.jar;C:\Program Files\Java\jdk1.8.0_181\jre\lib\rt.jar;C:\Program Files\Java\jdk1.8.0_181\jre\lib\sunrsasign.jar;C:\Program Files\Java\jdk1.8.0_181\jre\lib\jsse.jar;C:\Program Files\Java\jdk1.8.0_181\jre\lib\jce.jar;C:\Program Files\Java\jdk1.8.0_181\jre\lib\charsets.jar;C:\Program Files\Java\jdk1.8.0_181\jre\lib\jfr.jar;C:\Program Files\Java\jdk1.8.0_181\jre\classes, java.vendor=Oracle Corporation, localRepository=C:\Users\DELL\.m2\repository, file.separator=\, java.vendor.url.bug=http://bugreport.sun.com/bugreport/, sun.io.unicode.encoding=UnicodeLittle, sun.cpu.endian=little, sun.desktop=windows, sun.cpu.isalist=amd64}}, SystemEnvironmentPropertySource@789219251 {name=&apos;systemEnvironment&apos;, properties={PATH=C:\Program Files\Java\jdk1.8.0_181\bin;C:\Program Files (x86)\Common Files\Oracle\Java\javapath;C:\Program Files (x86)\apache-maven-3.5.3\bin;C:\Program Files\MySQL\MySQL Server 5.7\bin;C:\ProgramData\Oracle\Java\javapath;C:\Program Files (x86)\Intel\iCLS Client\;C:\Program Files\Intel\iCLS Client\;C:\WINDOWS\system32;C:\WINDOWS;C:\WINDOWS\System32\Wbem;C:\WINDOWS\System32\WindowsPowerShell\v1.0\;C:\Program Files (x86)\Intel\Intel(R) Management Engine Components\DAL;C:\Program Files\Intel\Intel(R) Management Engine Components\DAL;C:\Program Files (x86)\Intel\Intel(R) Management Engine Components\IPT;C:\Program Files\Intel\Intel(R) Management Engine Components\IPT;C:\Program Files\MySQL\MySQL Utilities 1.6\;C:\Program Files\PuTTY\;C:\WINDOWS\System32\OpenSSH\;C:\WINDOWS\system32\config\systemprofile\.dnx\bin;C:\Program Files\Microsoft DNX\Dnvm\;C:\Program Files (x86)\Windows Kits\8.1\Windows Performance Toolkit\;C:\Program Files\Microsoft SQL Server\130\Tools\Binn\;C:\Program Files\Intel\WiFi\bin\;C:\Program Files\Common Files\Intel\WirelessCommon\;C:\Users\DELL\AppData\Local\Microsoft\WindowsApps;;C:\Program Files\Microsoft VS Code\bin, USERDOMAIN_ROAMINGPROFILE=LZH, PROCESSOR_LEVEL=6, SYSTEMDRIVE=C:, VS140COMNTOOLS=C:\Program Files (x86)\Microsoft Visual Studio 14.0\Common7\Tools\, SESSIONNAME=Console, ALLUSERSPROFILE=C:\ProgramData, PROCESSOR_ARCHITECTURE=AMD64, DRIVERDATA=C:\Windows\System32\Drivers\DriverData, PROGRAMFILES=C:\Program Files, PSMODULEPATH=C:\Program Files\WindowsPowerShell\Modules;C:\WINDOWS\system32\WindowsPowerShell\v1.0\Modules, PROGRAMDATA=C:\ProgramData, USERNAME=DELL, GPU_USE_SYNC_OBJECTS=1, GPU_MAX_ALLOC_PERCENT=100, FPS_BROWSER_USER_PROFILE_STRING=Default, ONEDRIVE=C:\Users\DELL\OneDrive, PATHEXT=.COM;.EXE;.BAT;.CMD;.VBS;.VBE;.JS;.JSE;.WSF;.WSH;.MSC, WINDIR=C:\WINDOWS, HOMEPATH=\Users\DELL, PROCESSOR_IDENTIFIER=Intel64 Family 6 Model 142 Stepping 9, GenuineIntel, PUBLIC=C:\Users\Public, =::=::\, GPU_MAX_HEAP_SIZE=100, LOCALAPPDATA=C:\Users\DELL\AppData\Local, GPU_SINGLE_ALLOC_PERCENT=100, COMMONPROGRAMFILES(X86)=C:\Program Files (x86)\Common Files, GPU_FORCE_64BIT_PTR=0, USERDOMAIN=LZH, FPS_BROWSER_APP_PROFILE_STRING=Internet Explorer, LOGONSERVER=\\LZH, JAVA_HOME=C:\Program Files\Java\jdk1.8.0_181, PROMPT=$P$G, PROGRAMFILES(X86)=C:\Program Files (x86), =C:=C:\Users\DELL\IdeaProjects\Production_ERP, APPDATA=C:\Users\DELL\AppData\Roaming, PROGRAMW6432=C:\Program Files, SYSTEMROOT=C:\WINDOWS, OS=Windows_NT, COMMONPROGRAMW6432=C:\Program Files\Common Files, COMPUTERNAME=LZH, COMMONPROGRAMFILES=C:\Program Files\Common Files, COMSPEC=C:\WINDOWS\system32\cmd.exe, PROCESSOR_REVISION=8e09, CLASSPATH=C:\Program Files\Java\jdk1.8.0_181\lib, TEMP=C:\Users\DELL\AppData\Local\Temp, HOMEDRIVE=C:, USERPROFILE=C:\Users\DELL, TMP=C:\Users\DELL\AppData\Local\Temp, NUMBER_OF_PROCESSORS=4}}]
17:41:13,744  INFO XmlBeanDefinitionReader:316 - Loading XML bean definitions from class path resource [spring/applicationContext.xml]
17:41:13,790 DEBUG DefaultDocumentLoader:74 - Using JAXP provider [com.sun.org.apache.xerces.internal.jaxp.DocumentBuilderFactoryImpl]
17:41:13,822 DEBUG PluggableSchemaResolver:147 - Loading schema mappings from [META-INF/spring.schemas]
17:41:13,822 DEBUG PluggableSchemaResolver:153 - Loaded schema mappings: {http://www.springframework.org/schema/tx/spring-tx-4.3.xsd=org/springframework/transaction/config/spring-tx.xsd, http://www.springframework.org/schema/tx/spring-tx-2.5.xsd=org/springframework/transaction/config/spring-tx.xsd, http://www.springframework.org/schema/cache/spring-cache-4.2.xsd=org/springframework/cache/config/spring-cache.xsd, http://www.springframework.org/schema/aop/spring-aop-4.1.xsd=org/springframework/aop/config/spring-aop.xsd, http://www.springframework.org/schema/context/spring-context-3.1.xsd=org/springframework/context/config/spring-context.xsd, http://www.springframework.org/schema/jdbc/spring-jdbc-4.1.xsd=org/springframework/jdbc/config/spring-jdbc.xsd, http://www.springframework.org/schema/util/spring-util-3.0.xsd=org/springframework/beans/factory/xml/spring-util.xsd, http://www.springframework.org/schema/mvc/spring-mvc-4.1.xsd=org/springframework/web/servlet/config/spring-mvc.xsd, http://mybatis.org/schema/mybatis-spring-1.2.xsd=org/mybatis/spring/config/mybatis-spring-1.2.xsd, http://www.springframework.org/schema/tool/spring-tool.xsd=org/springframework/beans/factory/xml/spring-tool.xsd, http://www.springframework.org/schema/aop/spring-aop-3.2.xsd=org/springframework/aop/config/spring-aop.xsd, http://www.springframework.org/schema/lang/spring-lang-4.1.xsd=org/springframework/scripting/config/spring-lang.xsd, http://www.springframework.org/schema/context/spring-context-4.0.xsd=org/springframework/context/config/spring-context.xsd, http://www.springframework.org/schema/mvc/spring-mvc-3.2.xsd=org/springframework/web/servlet/config/spring-mvc.xsd, http://www.springframework.org/schema/beans/spring-beans-4.2.xsd=org/springframework/beans/factory/xml/spring-beans.xsd, http://www.springframework.org/schema/tool/spring-tool-4.1.xsd=org/springframework/beans/factory/xml/spring-tool.xsd, http://www.springframework.org/schema/lang/spring-lang-3.2.xsd=org/springframework/scripting/config/spring-lang.xsd, http://www.springframework.org/schema/cache/spring-cache-3.2.xsd=org/springframework/cache/config/spring-cache.xsd, http://www.springframework.org/schema/jee/spring-jee-4.1.xsd=org/springframework/ejb/config/spring-jee.xsd, http://www.springframework.org/schema/jdbc/spring-jdbc-3.1.xsd=org/springframework/jdbc/config/spring-jdbc.xsd, http://www.springframework.org/schema/task/spring-task-4.2.xsd=org/springframework/scheduling/config/spring-task.xsd, http://www.springframework.org/schema/util/spring-util-2.0.xsd=org/springframework/beans/factory/xml/spring-util.xsd, http://www.springframework.org/schema/tool/spring-tool-3.2.xsd=org/springframework/beans/factory/xml/spring-tool.xsd, http://www.springframework.org/schema/context/spring-context.xsd=org/springframework/context/config/spring-context.xsd, http://www.springframework.org/schema/tx/spring-tx-4.2.xsd=org/springframework/transaction/config/spring-tx.xsd, http://www.springframework.org/schema/cache/spring-cache-4.1.xsd=org/springframework/cache/config/spring-cache.xsd, http://www.springframework.org/schema/aop/spring-aop-4.0.xsd=org/springframework/aop/config/spring-aop.xsd, http://www.springframework.org/schema/jee/spring-jee-3.2.xsd=org/springframework/ejb/config/spring-jee.xsd, http://www.springframework.org/schema/context/spring-context-3.0.xsd=org/springframework/context/config/spring-context.xsd, http://www.springframework.org/schema/jdbc/spring-jdbc-4.0.xsd=org/springframework/jdbc/config/spring-jdbc.xsd, http://www.springframework.org/schema/util/spring-util-2.5.xsd=org/springframework/beans/factory/xml/spring-util.xsd, http://www.springframework.org/schema/mvc/spring-mvc-4.0.xsd=org/springframework/web/servlet/config/spring-mvc.xsd, http://www.springframework.org/schema/util/spring-util-4.3.xsd=org/springframework/beans/factory/xml/spring-util.xsd, http://www.springframework.org/schema/beans/spring-beans-3.2.xsd=org/springframework/beans/factory/xml/spring-beans.xsd, http://www.springframework.org/schema/aop/spring-aop-3.1.xsd=org/springframework/aop/config/spring-aop.xsd, http://www.springframework.org/schema/lang/spring-lang-4.0.xsd=org/springframework/scripting/config/spring-lang.xsd, http://www.springframework.org/schema/mvc/spring-mvc.xsd=org/springframework/web/servlet/config/spring-mvc.xsd, http://www.springframework.org/schema/mvc/spring-mvc-3.1.xsd=org/springframework/web/servlet/config/spring-mvc.xsd, http://www.springframework.org/schema/beans/spring-beans-4.1.xsd=org/springframework/beans/factory/xml/spring-beans.xsd, http://www.springframework.org/schema/tool/spring-tool-4.0.xsd=org/springframework/beans/factory/xml/spring-tool.xsd, http://www.springframework.org/schema/tx/spring-tx-3.2.xsd=org/springframework/transaction/config/spring-tx.xsd, http://www.springframework.org/schema/lang/spring-lang-3.1.xsd=org/springframework/scripting/config/spring-lang.xsd, http://www.springframework.org/schema/cache/spring-cache-3.1.xsd=org/springframework/cache/config/spring-cache.xsd, http://www.springframework.org/schema/jee/spring-jee-4.0.xsd=org/springframework/ejb/config/spring-jee.xsd, http://www.springframework.org/schema/jdbc/spring-jdbc-3.0.xsd=org/springframework/jdbc/config/spring-jdbc.xsd, http://www.springframework.org/schema/task/spring-task-4.1.xsd=org/springframework/scheduling/config/spring-task.xsd, http://www.springframework.org/schema/jdbc/spring-jdbc.xsd=org/springframework/jdbc/config/spring-jdbc.xsd, http://www.springframework.org/schema/tool/spring-tool-3.1.xsd=org/springframework/beans/factory/xml/spring-tool.xsd, http://www.springframework.org/schema/tx/spring-tx-4.1.xsd=org/springframework/transaction/config/spring-tx.xsd, http://www.springframework.org/schema/cache/spring-cache-4.0.xsd=org/springframework/cache/config/spring-cache.xsd, http://www.springframework.org/schema/jee/spring-jee-3.1.xsd=org/springframework/ejb/config/spring-jee.xsd, http://www.springframework.org/schema/task/spring-task-3.2.xsd=org/springframework/scheduling/config/spring-task.xsd, http://www.springframework.org/schema/util/spring-util-4.2.xsd=org/springframework/beans/factory/xml/spring-util.xsd, http://www.springframework.org/schema/beans/spring-beans-3.1.xsd=org/springframework/beans/factory/xml/spring-beans.xsd, http://www.springframework.org/schema/util/spring-util.xsd=org/springframework/beans/factory/xml/spring-util.xsd, http://www.springframework.org/schema/aop/spring-aop-3.0.xsd=org/springframework/aop/config/spring-aop.xsd, http://www.springframework.org/schema/mvc/spring-mvc-3.0.xsd=org/springframework/web/servlet/config/spring-mvc.xsd, http://www.springframework.org/schema/beans/spring-beans-4.0.xsd=org/springframework/beans/factory/xml/spring-beans.xsd, http://www.springframework.org/schema/beans/spring-beans.xsd=org/springframework/beans/factory/xml/spring-beans.xsd, http://mybatis.org/schema/mybatis-spring.xsd=org/mybatis/spring/config/mybatis-spring-1.2.xsd, http://www.springframework.org/schema/tx/spring-tx-3.1.xsd=org/springframework/transaction/config/spring-tx.xsd, http://www.springframework.org/schema/lang/spring-lang-3.0.xsd=org/springframework/scripting/config/spring-lang.xsd, http://www.springframework.org/schema/context/spring-context-2.5.xsd=org/springframework/context/config/spring-context.xsd, http://www.springframework.org/schema/context/spring-context-4.3.xsd=org/springframework/context/config/spring-context.xsd, http://www.springframework.org/schema/task/spring-task-4.0.xsd=org/springframework/scheduling/config/spring-task.xsd, http://www.springframework.org/schema/tool/spring-tool-3.0.xsd=org/springframework/beans/factory/xml/spring-tool.xsd, http://www.springframework.org/schema/tx/spring-tx-4.0.xsd=org/springframework/transaction/config/spring-tx.xsd, http://www.springframework.org/schema/aop/spring-aop-2.0.xsd=org/springframework/aop/config/spring-aop.xsd, http://www.springframework.org/schema/jee/spring-jee-3.0.xsd=org/springframework/ejb/config/spring-jee.xsd, http://www.springframework.org/schema/task/spring-task-3.1.xsd=org/springframework/scheduling/config/spring-task.xsd, http://www.springframework.org/schema/util/spring-util-4.1.xsd=org/springframework/beans/factory/xml/spring-util.xsd, http://www.springframework.org/schema/beans/spring-beans-3.0.xsd=org/springframework/beans/factory/xml/spring-beans.xsd, http://www.springframework.org/schema/jee/spring-jee.xsd=org/springframework/ejb/config/spring-jee.xsd, http://www.springframework.org/schema/aop/spring-aop-2.5.xsd=org/springframework/aop/config/spring-aop.xsd, http://www.springframework.org/schema/aop/spring-aop-4.3.xsd=org/springframework/aop/config/spring-aop.xsd, http://www.springframework.org/schema/lang/spring-lang-2.0.xsd=org/springframework/scripting/config/spring-lang.xsd, http://www.springframework.org/schema/jdbc/spring-jdbc-4.3.xsd=org/springframework/jdbc/config/spring-jdbc.xsd, http://www.springframework.org/schema/mvc/spring-mvc-4.3.xsd=org/springframework/web/servlet/config/spring-mvc.xsd, http://www.springframework.org/schema/util/spring-util-3.2.xsd=org/springframework/beans/factory/xml/spring-util.xsd, http://www.springframework.org/schema/task/spring-task.xsd=org/springframework/scheduling/config/spring-task.xsd, http://www.springframework.org/schema/tool/spring-tool-2.0.xsd=org/springframework/beans/factory/xml/spring-tool.xsd, http://www.springframework.org/schema/tx/spring-tx-3.0.xsd=org/springframework/transaction/config/spring-tx.xsd, http://www.springframework.org/schema/lang/spring-lang-4.3.xsd=org/springframework/scripting/config/spring-lang.xsd, http://www.springframework.org/schema/lang/spring-lang-2.5.xsd=org/springframework/scripting/config/spring-lang.xsd, http://www.springframework.org/schema/context/spring-context-4.2.xsd=org/springframework/context/config/spring-context.xsd, http://www.springframework.org/schema/jee/spring-jee-2.0.xsd=org/springframework/ejb/config/spring-jee.xsd, http://www.springframework.org/schema/tool/spring-tool-4.3.xsd=org/springframework/beans/factory/xml/spring-tool.xsd, http://www.springframework.org/schema/tool/spring-tool-2.5.xsd=org/springframework/beans/factory/xml/spring-tool.xsd, http://www.springframework.org/schema/jee/spring-jee-4.3.xsd=org/springframework/ejb/config/spring-jee.xsd, http://www.springframework.org/schema/jee/spring-jee-2.5.xsd=org/springframework/ejb/config/spring-jee.xsd, http://www.springframework.org/schema/task/spring-task-3.0.xsd=org/springframework/scheduling/config/spring-task.xsd, http://www.springframework.org/schema/util/spring-util-4.0.xsd=org/springframework/beans/factory/xml/spring-util.xsd, http://www.springframework.org/schema/cache/spring-cache-4.3.xsd=org/springframework/cache/config/spring-cache.xsd, http://www.springframework.org/schema/aop/spring-aop-4.2.xsd=org/springframework/aop/config/spring-aop.xsd, http://www.springframework.org/schema/lang/spring-lang.xsd=org/springframework/scripting/config/spring-lang.xsd, http://www.springframework.org/schema/context/spring-context-3.2.xsd=org/springframework/context/config/spring-context.xsd, http://www.springframework.org/schema/jdbc/spring-jdbc-4.2.xsd=org/springframework/jdbc/config/spring-jdbc.xsd, http://www.springframework.org/schema/mvc/spring-mvc-4.2.xsd=org/springframework/web/servlet/config/spring-mvc.xsd, http://www.springframework.org/schema/util/spring-util-3.1.xsd=org/springframework/beans/factory/xml/spring-util.xsd, http://www.springframework.org/schema/beans/spring-beans-2.0.xsd=org/springframework/beans/factory/xml/spring-beans.xsd, http://www.springframework.org/schema/cache/spring-cache.xsd=org/springframework/cache/config/spring-cache.xsd, http://www.springframework.org/schema/tx/spring-tx.xsd=org/springframework/transaction/config/spring-tx.xsd, http://www.springframework.org/schema/lang/spring-lang-4.2.xsd=org/springframework/scripting/config/spring-lang.xsd, http://www.springframework.org/schema/context/spring-context-4.1.xsd=org/springframework/context/config/spring-context.xsd, http://www.springframework.org/schema/beans/spring-beans-2.5.xsd=org/springframework/beans/factory/xml/spring-beans.xsd, http://www.springframework.org/schema/beans/spring-beans-4.3.xsd=org/springframework/beans/factory/xml/spring-beans.xsd, http://www.springframework.org/schema/tool/spring-tool-4.2.xsd=org/springframework/beans/factory/xml/spring-tool.xsd, http://www.springframework.org/schema/tx/spring-tx-2.0.xsd=org/springframework/transaction/config/spring-tx.xsd, http://www.alibaba.com/schema/stat.xsd=META-INF/stat.xsd, http://www.springframework.org/schema/jee/spring-jee-4.2.xsd=org/springframework/ejb/config/spring-jee.xsd, http://www.springframework.org/schema/jdbc/spring-jdbc-3.2.xsd=org/springframework/jdbc/config/spring-jdbc.xsd, http://www.springframework.org/schema/task/spring-task-4.3.xsd=org/springframework/scheduling/config/spring-task.xsd, http://www.springframework.org/schema/aop/spring-aop.xsd=org/springframework/aop/config/spring-aop.xsd}
17:41:13,822 DEBUG PluggableSchemaResolver:123 - Found XML schema [http://www.springframework.org/schema/beans/spring-beans.xsd] in classpath: org/springframework/beans/factory/xml/spring-beans.xsd
17:41:13,853 DEBUG PluggableSchemaResolver:123 - Found XML schema [http://www.springframework.org/schema/context/spring-context.xsd] in classpath: org/springframework/context/config/spring-context.xsd
17:41:13,869 DEBUG PluggableSchemaResolver:123 - Found XML schema [http://www.springframework.org/schema/tool/spring-tool.xsd] in classpath: org/springframework/beans/factory/xml/spring-tool.xsd
17:41:13,869 DEBUG PluggableSchemaResolver:123 - Found XML schema [http://www.springframework.org/schema/mvc/spring-mvc.xsd] in classpath: org/springframework/web/servlet/config/spring-mvc.xsd
17:41:13,900 DEBUG PluggableSchemaResolver:123 - Found XML schema [http://www.springframework.org/schema/tx/spring-tx.xsd] in classpath: org/springframework/transaction/config/spring-tx.xsd
17:41:13,915 DEBUG DefaultBeanDefinitionDocumentReader:96 - Loading bean definitions
17:41:13,931 DEBUG DefaultNamespaceHandlerResolver:163 - Loaded NamespaceHandler mappings: {http://www.springframework.org/schema/p=org.springframework.beans.factory.xml.SimplePropertyNamespaceHandler, http://www.springframework.org/schema/mvc=org.springframework.web.servlet.config.MvcNamespaceHandler, http://www.springframework.org/schema/util=org.springframework.beans.factory.xml.UtilNamespaceHandler, http://www.alibaba.com/schema/stat=com.alibaba.druid.support.spring.stat.config.DruidStatNamespaceHandler, http://www.springframework.org/schema/jee=org.springframework.ejb.config.JeeNamespaceHandler, http://www.springframework.org/schema/aop=org.springframework.aop.config.AopNamespaceHandler, http://www.springframework.org/schema/jdbc=org.springframework.jdbc.config.JdbcNamespaceHandler, http://www.springframework.org/schema/cache=org.springframework.cache.config.CacheNamespaceHandler, http://mybatis.org/schema/mybatis-spring=org.mybatis.spring.config.NamespaceHandler, http://www.springframework.org/schema/c=org.springframework.beans.factory.xml.SimpleConstructorNamespaceHandler, http://www.springframework.org/schema/tx=org.springframework.transaction.config.TxNamespaceHandler, http://www.springframework.org/schema/task=org.springframework.scheduling.config.TaskNamespaceHandler, http://www.springframework.org/schema/lang=org.springframework.scripting.config.LangNamespaceHandler, http://www.springframework.org/schema/context=org.springframework.context.config.ContextNamespaceHandler}
17:41:13,978 DEBUG PathMatchingResourcePatternResolver:321 - Resolved classpath location [com/cskaoyan/] to resources [URL [file:/C:/Users/DELL/IdeaProjects/Production_ERP/target/test-classes/com/cskaoyan/], URL [file:/C:/Users/DELL/IdeaProjects/Production_ERP/target/classes/com/cskaoyan/]]
17:41:13,978 DEBUG PathMatchingResourcePatternResolver:723 - Looking for matching resources in directory tree [C:\Users\DELL\IdeaProjects\Production_ERP\target\test-classes\com\cskaoyan]
17:41:13,978 DEBUG PathMatchingResourcePatternResolver:785 - Searching directory [C:\Users\DELL\IdeaProjects\Production_ERP\target\test-classes\com\cskaoyan] for files matching pattern [C:/Users/DELL/IdeaProjects/Production_ERP/target/test-classes/com/cskaoyan/**/*.class]
17:41:13,978 DEBUG PathMatchingResourcePatternResolver:785 - Searching directory [C:\Users\DELL\IdeaProjects\Production_ERP\target\test-classes\com\cskaoyan\mytest] for files matching pattern [C:/Users/DELL/IdeaProjects/Production_ERP/target/test-classes/com/cskaoyan/**/*.class]
17:41:13,978 DEBUG PathMatchingResourcePatternResolver:723 - Looking for matching resources in directory tree [C:\Users\DELL\IdeaProjects\Production_ERP\target\classes\com\cskaoyan]
17:41:13,978 DEBUG PathMatchingResourcePatternResolver:785 - Searching directory [C:\Users\DELL\IdeaProjects\Production_ERP\target\classes\com\cskaoyan] for files matching pattern [C:/Users/DELL/IdeaProjects/Production_ERP/target/classes/com/cskaoyan/**/*.class]
17:41:13,978 DEBUG PathMatchingResourcePatternResolver:785 - Searching directory [C:\Users\DELL\IdeaProjects\Production_ERP\target\classes\com\cskaoyan\controller] for files matching pattern [C:/Users/DELL/IdeaProjects/Production_ERP/target/classes/com/cskaoyan/**/*.class]
17:41:13,978 DEBUG PathMatchingResourcePatternResolver:785 - Searching directory [C:\Users\DELL\IdeaProjects\Production_ERP\target\classes\com\cskaoyan\controller\designSchedule] for files matching pattern [C:/Users/DELL/IdeaProjects/Production_ERP/target/classes/com/cskaoyan/**/*.class]
17:41:13,978 DEBUG PathMatchingResourcePatternResolver:785 - Searching directory [C:\Users\DELL\IdeaProjects\Production_ERP\target\classes\com\cskaoyan\controller\deviceManagement] for files matching pattern [C:/Users/DELL/IdeaProjects/Production_ERP/target/classes/com/cskaoyan/**/*.class]
17:41:13,994 DEBUG PathMatchingResourcePatternResolver:785 - Searching directory [C:\Users\DELL\IdeaProjects\Production_ERP\target\classes\com\cskaoyan\controller\person] for files matching pattern [C:/Users/DELL/IdeaProjects/Production_ERP/target/classes/com/cskaoyan/**/*.class]
17:41:13,994 DEBUG PathMatchingResourcePatternResolver:785 - Searching directory [C:\Users\DELL\IdeaProjects\Production_ERP\target\classes\com\cskaoyan\controller\qualifyMonitor] for files matching pattern [C:/Users/DELL/IdeaProjects/Production_ERP/target/classes/com/cskaoyan/**/*.class]
17:41:13,994 DEBUG PathMatchingResourcePatternResolver:785 - Searching directory [C:\Users\DELL\IdeaProjects\Production_ERP\target\classes\com\cskaoyan\controller\technologyMonitor] for files matching pattern [C:/Users/DELL/IdeaProjects/Production_ERP/target/classes/com/cskaoyan/**/*.class]
17:41:13,994 DEBUG PathMatchingResourcePatternResolver:785 - Searching directory [C:\Users\DELL\IdeaProjects\Production_ERP\target\classes\com\cskaoyan\dao] for files matching pattern [C:/Users/DELL/IdeaProjects/Production_ERP/target/classes/com/cskaoyan/**/*.class]
17:41:13,994 DEBUG PathMatchingResourcePatternResolver:785 - Searching directory [C:\Users\DELL\IdeaProjects\Production_ERP\target\classes\com\cskaoyan\dao\designSchedule] for files matching pattern [C:/Users/DELL/IdeaProjects/Production_ERP/target/classes/com/cskaoyan/**/*.class]
17:41:13,994 DEBUG PathMatchingResourcePatternResolver:785 - Searching directory [C:\Users\DELL\IdeaProjects\Production_ERP\target\classes\com\cskaoyan\dao\deviceManagement] for files matching pattern [C:/Users/DELL/IdeaProjects/Production_ERP/target/classes/com/cskaoyan/**/*.class]
17:41:14,009 DEBUG PathMatchingResourcePatternResolver:785 - Searching directory [C:\Users\DELL\IdeaProjects\Production_ERP\target\classes\com\cskaoyan\dao\person] for files matching pattern [C:/Users/DELL/IdeaProjects/Production_ERP/target/classes/com/cskaoyan/**/*.class]
17:41:14,009 DEBUG PathMatchingResourcePatternResolver:785 - Searching directory [C:\Users\DELL\IdeaProjects\Production_ERP\target\classes\com\cskaoyan\dao\qualifyMonitor] for files matching pattern [C:/Users/DELL/IdeaProjects/Production_ERP/target/classes/com/cskaoyan/**/*.class]
17:41:14,009 DEBUG PathMatchingResourcePatternResolver:785 - Searching directory [C:\Users\DELL\IdeaProjects\Production_ERP\target\classes\com\cskaoyan\dao\technologyMonitor] for files matching pattern [C:/Users/DELL/IdeaProjects/Production_ERP/target/classes/com/cskaoyan/**/*.class]
17:41:14,009 DEBUG PathMatchingResourcePatternResolver:785 - Searching directory [C:\Users\DELL\IdeaProjects\Production_ERP\target\classes\com\cskaoyan\domain] for files matching pattern [C:/Users/DELL/IdeaProjects/Production_ERP/target/classes/com/cskaoyan/**/*.class]
17:41:14,009 DEBUG PathMatchingResourcePatternResolver:785 - Searching directory [C:\Users\DELL\IdeaProjects\Production_ERP\target\classes\com\cskaoyan\domain\designScheduleDomain] for files matching pattern [C:/Users/DELL/IdeaProjects/Production_ERP/target/classes/com/cskaoyan/**/*.class]
17:41:14,025 DEBUG PathMatchingResourcePatternResolver:785 - Searching directory [C:\Users\DELL\IdeaProjects\Production_ERP\target\classes\com\cskaoyan\domain\deviceManagement] for files matching pattern [C:/Users/DELL/IdeaProjects/Production_ERP/target/classes/com/cskaoyan/**/*.class]
17:41:14,025 DEBUG PathMatchingResourcePatternResolver:785 - Searching directory [C:\Users\DELL\IdeaProjects\Production_ERP\target\classes\com\cskaoyan\domain\deviceManagement\vo] for files matching pattern [C:/Users/DELL/IdeaProjects/Production_ERP/target/classes/com/cskaoyan/**/*.class]
17:41:14,025 DEBUG PathMatchingResourcePatternResolver:785 - Searching directory [C:\Users\DELL\IdeaProjects\Production_ERP\target\classes\com\cskaoyan\domain\person] for files matching pattern [C:/Users/DELL/IdeaProjects/Production_ERP/target/classes/com/cskaoyan/**/*.class]
17:41:14,025 DEBUG PathMatchingResourcePatternResolver:785 - Searching directory [C:\Users\DELL\IdeaProjects\Production_ERP\target\classes\com\cskaoyan\domain\qualifyMonitor] for files matching pattern [C:/Users/DELL/IdeaProjects/Production_ERP/target/classes/com/cskaoyan/**/*.class]
17:41:14,025 DEBUG PathMatchingResourcePatternResolver:785 - Searching directory [C:\Users\DELL\IdeaProjects\Production_ERP\target\classes\com\cskaoyan\domain\technologyMonitor] for files matching pattern [C:/Users/DELL/IdeaProjects/Production_ERP/target/classes/com/cskaoyan/**/*.class]
17:41:14,040 DEBUG PathMatchingResourcePatternResolver:785 - Searching directory [C:\Users\DELL\IdeaProjects\Production_ERP\target\classes\com\cskaoyan\service] for files matching pattern [C:/Users/DELL/IdeaProjects/Production_ERP/target/classes/com/cskaoyan/**/*.class]
17:41:14,040 DEBUG PathMatchingResourcePatternResolver:785 - Searching directory [C:\Users\DELL\IdeaProjects\Production_ERP\target\classes\com\cskaoyan\service\designSchedule] for files matching pattern [C:/Users/DELL/IdeaProjects/Production_ERP/target/classes/com/cskaoyan/**/*.class]
17:41:14,040 DEBUG PathMatchingResourcePatternResolver:785 - Searching directory [C:\Users\DELL\IdeaProjects\Production_ERP\target\classes\com\cskaoyan\service\designSchedule\imp] for files matching pattern [C:/Users/DELL/IdeaProjects/Production_ERP/target/classes/com/cskaoyan/**/*.class]
17:41:14,056 DEBUG PathMatchingResourcePatternResolver:785 - Searching directory [C:\Users\DELL\IdeaProjects\Production_ERP\target\classes\com\cskaoyan\service\deviceManagement] for files matching pattern [C:/Users/DELL/IdeaProjects/Production_ERP/target/classes/com/cskaoyan/**/*.class]
17:41:14,056 DEBUG PathMatchingResourcePatternResolver:785 - Searching directory [C:\Users\DELL\IdeaProjects\Production_ERP\target\classes\com\cskaoyan\service\deviceManagement\interfaces] for files matching pattern [C:/Users/DELL/IdeaProjects/Production_ERP/target/classes/com/cskaoyan/**/*.class]
17:41:14,056 DEBUG PathMatchingResourcePatternResolver:785 - Searching directory [C:\Users\DELL\IdeaProjects\Production_ERP\target\classes\com\cskaoyan\service\person] for files matching pattern [C:/Users/DELL/IdeaProjects/Production_ERP/target/classes/com/cskaoyan/**/*.class]
17:41:14,056 DEBUG PathMatchingResourcePatternResolver:785 - Searching directory [C:\Users\DELL\IdeaProjects\Production_ERP\target\classes\com\cskaoyan\service\person\imp] for files matching pattern [C:/Users/DELL/IdeaProjects/Production_ERP/target/classes/com/cskaoyan/**/*.class]
17:41:14,056 DEBUG PathMatchingResourcePatternResolver:785 - Searching directory [C:\Users\DELL\IdeaProjects\Production_ERP\target\classes\com\cskaoyan\service\qualifyMonitor] for files matching pattern [C:/Users/DELL/IdeaProjects/Production_ERP/target/classes/com/cskaoyan/**/*.class]
17:41:14,072 DEBUG PathMatchingResourcePatternResolver:785 - Searching directory [C:\Users\DELL\IdeaProjects\Production_ERP\target\classes\com\cskaoyan\service\qualifyMonitor\Impl] for files matching pattern [C:/Users/DELL/IdeaProjects/Production_ERP/target/classes/com/cskaoyan/**/*.class]
17:41:14,072 DEBUG PathMatchingResourcePatternResolver:785 - Searching directory [C:\Users\DELL\IdeaProjects\Production_ERP\target\classes\com\cskaoyan\service\technologyMonitor] for files matching pattern [C:/Users/DELL/IdeaProjects/Production_ERP/target/classes/com/cskaoyan/**/*.class]
17:41:14,072 DEBUG PathMatchingResourcePatternResolver:785 - Searching directory [C:\Users\DELL\IdeaProjects\Production_ERP\target\classes\com\cskaoyan\service\technologyMonitor\Impl] for files matching pattern [C:/Users/DELL/IdeaProjects/Production_ERP/target/classes/com/cskaoyan/**/*.class]
17:41:14,072 DEBUG PathMatchingResourcePatternResolver:516 - Resolved location pattern [classpath*:com/cskaoyan/**/*.class] to resources [file [C:\Users\DELL\IdeaProjects\Production_ERP\target\test-classes\com\cskaoyan\mytest\CustomTest.class], file [C:\Users\DELL\IdeaProjects\Production_ERP\target\test-classes\com\cskaoyan\mytest\OrderTest.class], file [C:\Users\DELL\IdeaProjects\Production_ERP\target\test-classes\com\cskaoyan\mytest\QualifyTest.class], file [C:\Users\DELL\IdeaProjects\Production_ERP\target\classes\com\cskaoyan\controller\Convert.class], file [C:\Users\DELL\IdeaProjects\Production_ERP\target\classes\com\cskaoyan\controller\designSchedule\CustomController.class], file [C:\Users\DELL\IdeaProjects\Production_ERP\target\classes\com\cskaoyan\controller\designSchedule\ManufactureController.class], file [C:\Users\DELL\IdeaProjects\Production_ERP\target\classes\com\cskaoyan\controller\designSchedule\OrderController.class], file [C:\Users\DELL\IdeaProjects\Production_ERP\target\classes\com\cskaoyan\controller\designSchedule\ProductController.class], file [C:\Users\DELL\IdeaProjects\Production_ERP\target\classes\com\cskaoyan\controller\designSchedule\TaskController.class], file [C:\Users\DELL\IdeaProjects\Production_ERP\target\classes\com\cskaoyan\controller\designSchedule\WorkController.class], file [C:\Users\DELL\IdeaProjects\Production_ERP\target\classes\com\cskaoyan\controller\deviceManagement\DeviceCheckController.class], file [C:\Users\DELL\IdeaProjects\Production_ERP\target\classes\com\cskaoyan\controller\deviceManagement\DeviceController.class], file [C:\Users\DELL\IdeaProjects\Production_ERP\target\classes\com\cskaoyan\controller\deviceManagement\DeviceFaultController.class], file [C:\Users\DELL\IdeaProjects\Production_ERP\target\classes\com\cskaoyan\controller\deviceManagement\DeviceJsonController.class], file [C:\Users\DELL\IdeaProjects\Production_ERP\target\classes\com\cskaoyan\controller\deviceManagement\DeviceListController.class], file [C:\Users\DELL\IdeaProjects\Production_ERP\target\classes\com\cskaoyan\controller\deviceManagement\DeviceMaintainController.class], file [C:\Users\DELL\IdeaProjects\Production_ERP\target\classes\com\cskaoyan\controller\deviceManagement\DeviceTypeController.class], file [C:\Users\DELL\IdeaProjects\Production_ERP\target\classes\com\cskaoyan\controller\FileControl.class], file [C:\Users\DELL\IdeaProjects\Production_ERP\target\classes\com\cskaoyan\controller\FormController.class], file [C:\Users\DELL\IdeaProjects\Production_ERP\target\classes\com\cskaoyan\controller\person\DepartmentController.class], file [C:\Users\DELL\IdeaProjects\Production_ERP\target\classes\com\cskaoyan\controller\person\EmployeeController.class], file [C:\Users\DELL\IdeaProjects\Production_ERP\target\classes\com\cskaoyan\controller\PicControl.class], file [C:\Users\DELL\IdeaProjects\Production_ERP\target\classes\com\cskaoyan\controller\qualifyMonitor\FinalCountCheckController.class], file [C:\Users\DELL\IdeaProjects\Production_ERP\target\classes\com\cskaoyan\controller\qualifyMonitor\FinishmeasureController.class], file [C:\Users\DELL\IdeaProjects\Production_ERP\target\classes\com\cskaoyan\controller\qualifyMonitor\ProcessCountCheckController.class], file [C:\Users\DELL\IdeaProjects\Production_ERP\target\classes\com\cskaoyan\controller\qualifyMonitor\ProcessMeasureCheckController.class], file [C:\Users\DELL\IdeaProjects\Production_ERP\target\classes\com\cskaoyan\controller\qualifyMonitor\UnqualifyController.class], file [C:\Users\DELL\IdeaProjects\Production_ERP\target\classes\com\cskaoyan\controller\technologyMonitor\ProcessController.class], file [C:\Users\DELL\IdeaProjects\Production_ERP\target\classes\com\cskaoyan\controller\technologyMonitor\TechnologyController.class], file [C:\Users\DELL\IdeaProjects\Production_ERP\target\classes\com\cskaoyan\controller\technologyMonitor\TechnologyPlanController.class], file [C:\Users\DELL\IdeaProjects\Production_ERP\target\classes\com\cskaoyan\controller\technologyMonitor\TechnologyRequirementController.class], file [C:\Users\DELL\IdeaProjects\Production_ERP\target\classes\com\cskaoyan\dao\designSchedule\CustomMapper.class], file [C:\Users\DELL\IdeaProjects\Production_ERP\target\classes\com\cskaoyan\dao\designSchedule\ManufactureMapper.class], file [C:\Users\DELL\IdeaProjects\Production_ERP\target\classes\com\cskaoyan\dao\designSchedule\OrderMapper.class], file [C:\Users\DELL\IdeaProjects\Production_ERP\target\classes\com\cskaoyan\dao\designSchedule\ProductMapper.class], file [C:\Users\DELL\IdeaProjects\Production_ERP\target\classes\com\cskaoyan\dao\designSchedule\TaskMapper.class], file [C:\Users\DELL\IdeaProjects\Production_ERP\target\classes\com\cskaoyan\dao\designSchedule\WorkMapper.class], file [C:\Users\DELL\IdeaProjects\Production_ERP\target\classes\com\cskaoyan\dao\deviceManagement\Device_checkMapper.class], file [C:\Users\DELL\IdeaProjects\Production_ERP\target\classes\com\cskaoyan\dao\deviceManagement\Device_faultMapper.class], file [C:\Users\DELL\IdeaProjects\Production_ERP\target\classes\com\cskaoyan\dao\deviceManagement\Device_maintainMapper.class], file [C:\Users\DELL\IdeaProjects\Production_ERP\target\classes\com\cskaoyan\dao\deviceManagement\Device_typeMapper.class], file [C:\Users\DELL\IdeaProjects\Production_ERP\target\classes\com\cskaoyan\dao\deviceManagement\DeviceMapper.class], file [C:\Users\DELL\IdeaProjects\Production_ERP\target\classes\com\cskaoyan\dao\person\DepartmentMapper.class], file [C:\Users\DELL\IdeaProjects\Production_ERP\target\classes\com\cskaoyan\dao\person\EmployeeMapper.class], file [C:\Users\DELL\IdeaProjects\Production_ERP\target\classes\com\cskaoyan\dao\qualifyMonitor\FinalCountCheckMapper.class], file [C:\Users\DELL\IdeaProjects\Production_ERP\target\classes\com\cskaoyan\dao\qualifyMonitor\FinalMeasuretCheckMapper.class], file [C:\Users\DELL\IdeaProjects\Production_ERP\target\classes\com\cskaoyan\dao\qualifyMonitor\ProcessCountCheckMapper.class], file [C:\Users\DELL\IdeaProjects\Production_ERP\target\classes\com\cskaoyan\dao\qualifyMonitor\ProcessMeasureCheckMapper.class], file [C:\Users\DELL\IdeaProjects\Production_ERP\target\classes\com\cskaoyan\dao\qualifyMonitor\UnqualifyApplyMapper.class], file [C:\Users\DELL\IdeaProjects\Production_ERP\target\classes\com\cskaoyan\dao\technologyMonitor\ProcessMapper.class], file [C:\Users\DELL\IdeaProjects\Production_ERP\target\classes\com\cskaoyan\dao\technologyMonitor\TechnologyMapper.class], file [C:\Users\DELL\IdeaProjects\Production_ERP\target\classes\com\cskaoyan\dao\technologyMonitor\TechnologyPlanMapper.class], file [C:\Users\DELL\IdeaProjects\Production_ERP\target\classes\com\cskaoyan\dao\technologyMonitor\TechnologyRequirementMapper.class], file [C:\Users\DELL\IdeaProjects\Production_ERP\target\classes\com\cskaoyan\domain\designScheduleDomain\Custom.class], file [C:\Users\DELL\IdeaProjects\Production_ERP\target\classes\com\cskaoyan\domain\designScheduleDomain\Manufacture.class], file [C:\Users\DELL\IdeaProjects\Production_ERP\target\classes\com\cskaoyan\domain\designScheduleDomain\ManufactureVo.class], file [C:\Users\DELL\IdeaProjects\Production_ERP\target\classes\com\cskaoyan\domain\designScheduleDomain\Order.class], file [C:\Users\DELL\IdeaProjects\Production_ERP\target\classes\com\cskaoyan\domain\designScheduleDomain\OrderVo.class], file [C:\Users\DELL\IdeaProjects\Production_ERP\target\classes\com\cskaoyan\domain\designScheduleDomain\Product.class], file [C:\Users\DELL\IdeaProjects\Production_ERP\target\classes\com\cskaoyan\domain\designScheduleDomain\Task.class], file [C:\Users\DELL\IdeaProjects\Production_ERP\target\classes\com\cskaoyan\domain\designScheduleDomain\Work.class], file [C:\Users\DELL\IdeaProjects\Production_ERP\target\classes\com\cskaoyan\domain\designScheduleDomain\WorkVo.class], file [C:\Users\DELL\IdeaProjects\Production_ERP\target\classes\com\cskaoyan\domain\deviceManagement\Device.class], file [C:\Users\DELL\IdeaProjects\Production_ERP\target\classes\com\cskaoyan\domain\deviceManagement\Device_check.class], file [C:\Users\DELL\IdeaProjects\Production_ERP\target\classes\com\cskaoyan\domain\deviceManagement\Device_fault.class], file [C:\Users\DELL\IdeaProjects\Production_ERP\target\classes\com\cskaoyan\domain\deviceManagement\Device_maintain.class], file [C:\Users\DELL\IdeaProjects\Production_ERP\target\classes\com\cskaoyan\domain\deviceManagement\Device_type.class], file [C:\Users\DELL\IdeaProjects\Production_ERP\target\classes\com\cskaoyan\domain\deviceManagement\vo\ChangeResult.class], file [C:\Users\DELL\IdeaProjects\Production_ERP\target\classes\com\cskaoyan\domain\deviceManagement\vo\Device_checkVo.class], file [C:\Users\DELL\IdeaProjects\Production_ERP\target\classes\com\cskaoyan\domain\deviceManagement\vo\Device_faultVo.class], file [C:\Users\DELL\IdeaProjects\Production_ERP\target\classes\com\cskaoyan\domain\deviceManagement\vo\Device_maintainVo.class], file [C:\Users\DELL\IdeaProjects\Production_ERP\target\classes\com\cskaoyan\domain\deviceManagement\vo\DeviceVo.class], file [C:\Users\DELL\IdeaProjects\Production_ERP\target\classes\com\cskaoyan\domain\person\Department.class], file [C:\Users\DELL\IdeaProjects\Production_ERP\target\classes\com\cskaoyan\domain\person\Employee.class], file [C:\Users\DELL\IdeaProjects\Production_ERP\target\classes\com\cskaoyan\domain\person\EmployeeVo.class], file [C:\Users\DELL\IdeaProjects\Production_ERP\target\classes\com\cskaoyan\domain\qualifyMonitor\FinalCountCheck.class], file [C:\Users\DELL\IdeaProjects\Production_ERP\target\classes\com\cskaoyan\domain\qualifyMonitor\FinalMeasuretCheck.class], file [C:\Users\DELL\IdeaProjects\Production_ERP\target\classes\com\cskaoyan\domain\qualifyMonitor\ProcessCountCheck.class], file [C:\Users\DELL\IdeaProjects\Production_ERP\target\classes\com\cskaoyan\domain\qualifyMonitor\ProcessMeasureCheck.class], file [C:\Users\DELL\IdeaProjects\Production_ERP\target\classes\com\cskaoyan\domain\qualifyMonitor\UnqualifyApply.class], file [C:\Users\DELL\IdeaProjects\Production_ERP\target\classes\com\cskaoyan\domain\technologyMonitor\PageVO.class], file [C:\Users\DELL\IdeaProjects\Production_ERP\target\classes\com\cskaoyan\domain\technologyMonitor\Process.class], file [C:\Users\DELL\IdeaProjects\Production_ERP\target\classes\com\cskaoyan\domain\technologyMonitor\ProcessExample$Criteria.class], file [C:\Users\DELL\IdeaProjects\Production_ERP\target\classes\com\cskaoyan\domain\technologyMonitor\ProcessExample$Criterion.class], file [C:\Users\DELL\IdeaProjects\Production_ERP\target\classes\com\cskaoyan\domain\technologyMonitor\ProcessExample$GeneratedCriteria.class], file [C:\Users\DELL\IdeaProjects\Production_ERP\target\classes\com\cskaoyan\domain\technologyMonitor\ProcessExample.class], file [C:\Users\DELL\IdeaProjects\Production_ERP\target\classes\com\cskaoyan\domain\technologyMonitor\Technology.class], file [C:\Users\DELL\IdeaProjects\Production_ERP\target\classes\com\cskaoyan\domain\technologyMonitor\TechnologyExample$Criteria.class], file [C:\Users\DELL\IdeaProjects\Production_ERP\target\classes\com\cskaoyan\domain\technologyMonitor\TechnologyExample$Criterion.class], file [C:\Users\DELL\IdeaProjects\Production_ERP\target\classes\com\cskaoyan\domain\technologyMonitor\TechnologyExample$GeneratedCriteria.class], file [C:\Users\DELL\IdeaProjects\Production_ERP\target\classes\com\cskaoyan\domain\technologyMonitor\TechnologyExample.class], file [C:\Users\DELL\IdeaProjects\Production_ERP\target\classes\com\cskaoyan\domain\technologyMonitor\TechnologyPlan.class], file [C:\Users\DELL\IdeaProjects\Production_ERP\target\classes\com\cskaoyan\domain\technologyMonitor\TechnologyPlanExample$Criteria.class], file [C:\Users\DELL\IdeaProjects\Production_ERP\target\classes\com\cskaoyan\domain\technologyMonitor\TechnologyPlanExample$Criterion.class], file [C:\Users\DELL\IdeaProjects\Production_ERP\target\classes\com\cskaoyan\domain\technologyMonitor\TechnologyPlanExample$GeneratedCriteria.class], file [C:\Users\DELL\IdeaProjects\Production_ERP\target\classes\com\cskaoyan\domain\technologyMonitor\TechnologyPlanExample.class], file [C:\Users\DELL\IdeaProjects\Production_ERP\target\classes\com\cskaoyan\domain\technologyMonitor\TechnologyRequirement.class], file [C:\Users\DELL\IdeaProjects\Production_ERP\target\classes\com\cskaoyan\domain\technologyMonitor\TechnologyRequirementExample$Criteria.class], file [C:\Users\DELL\IdeaProjects\Production_ERP\target\classes\com\cskaoyan\domain\technologyMonitor\TechnologyRequirementExample$Criterion.class], file [C:\Users\DELL\IdeaProjects\Production_ERP\target\classes\com\cskaoyan\domain\technologyMonitor\TechnologyRequirementExample$GeneratedCriteria.class], file [C:\Users\DELL\IdeaProjects\Production_ERP\target\classes\com\cskaoyan\domain\technologyMonitor\TechnologyRequirementExample.class], file [C:\Users\DELL\IdeaProjects\Production_ERP\target\classes\com\cskaoyan\service\designSchedule\CustomService.class], file [C:\Users\DELL\IdeaProjects\Production_ERP\target\classes\com\cskaoyan\service\designSchedule\imp\CustomServiecimp.class], file [C:\Users\DELL\IdeaProjects\Production_ERP\target\classes\com\cskaoyan\service\designSchedule\imp\ManufactureServiceimp.class], file [C:\Users\DELL\IdeaProjects\Production_ERP\target\classes\com\cskaoyan\service\designSchedule\imp\OrderServiceimp.class], file [C:\Users\DELL\IdeaProjects\Production_ERP\target\classes\com\cskaoyan\service\designSchedule\imp\ProductServiceimp.class], file [C:\Users\DELL\IdeaProjects\Production_ERP\target\classes\com\cskaoyan\service\designSchedule\imp\TaskServiceimp.class], file [C:\Users\DELL\IdeaProjects\Production_ERP\target\classes\com\cskaoyan\service\designSchedule\imp\WorkServiceimp.class], file [C:\Users\DELL\IdeaProjects\Production_ERP\target\classes\com\cskaoyan\service\designSchedule\ManufactureService.class], file [C:\Users\DELL\IdeaProjects\Production_ERP\target\classes\com\cskaoyan\service\designSchedule\OrderService.class], file [C:\Users\DELL\IdeaProjects\Production_ERP\target\classes\com\cskaoyan\service\designSchedule\ProductService.class], file [C:\Users\DELL\IdeaProjects\Production_ERP\target\classes\com\cskaoyan\service\designSchedule\TaskService.class], file [C:\Users\DELL\IdeaProjects\Production_ERP\target\classes\com\cskaoyan\service\designSchedule\WorkService.class], file [C:\Users\DELL\IdeaProjects\Production_ERP\target\classes\com\cskaoyan\service\deviceManagement\DeviceCheckServiceImpl.class], file [C:\Users\DELL\IdeaProjects\Production_ERP\target\classes\com\cskaoyan\service\deviceManagement\DeviceFaultServiceImpl.class], file [C:\Users\DELL\IdeaProjects\Production_ERP\target\classes\com\cskaoyan\service\deviceManagement\DeviceListServiceImpl.class], file [C:\Users\DELL\IdeaProjects\Production_ERP\target\classes\com\cskaoyan\service\deviceManagement\DeviceMaintainServiceImpl.class], file [C:\Users\DELL\IdeaProjects\Production_ERP\target\classes\com\cskaoyan\service\deviceManagement\DeviceTypeServiceImpl.class], file [C:\Users\DELL\IdeaProjects\Production_ERP\target\classes\com\cskaoyan\service\deviceManagement\interfaces\DeviceCheckService.class], file [C:\Users\DELL\IdeaProjects\Production_ERP\target\classes\com\cskaoyan\service\deviceManagement\interfaces\DeviceFaultService.class], file [C:\Users\DELL\IdeaProjects\Production_ERP\target\classes\com\cskaoyan\service\deviceManagement\interfaces\DeviceListService.class], file [C:\Users\DELL\IdeaProjects\Production_ERP\target\classes\com\cskaoyan\service\deviceManagement\interfaces\DeviceMaintainService.class], file [C:\Users\DELL\IdeaProjects\Production_ERP\target\classes\com\cskaoyan\service\deviceManagement\interfaces\DeviceTypeService.class], file [C:\Users\DELL\IdeaProjects\Production_ERP\target\classes\com\cskaoyan\service\person\DepartmentService.class], file [C:\Users\DELL\IdeaProjects\Production_ERP\target\classes\com\cskaoyan\service\person\EmployeeService.class], file [C:\Users\DELL\IdeaProjects\Production_ERP\target\classes\com\cskaoyan\service\person\imp\DepartmentServiceimp.class], file [C:\Users\DELL\IdeaProjects\Production_ERP\target\classes\com\cskaoyan\service\person\imp\EmployeeServiceimp.class], file [C:\Users\DELL\IdeaProjects\Production_ERP\target\classes\com\cskaoyan\service\qualifyMonitor\FinalCountCheckService.class], file [C:\Users\DELL\IdeaProjects\Production_ERP\target\classes\com\cskaoyan\service\qualifyMonitor\FinishmeasureService.class], file [C:\Users\DELL\IdeaProjects\Production_ERP\target\classes\com\cskaoyan\service\qualifyMonitor\Impl\FinalCountCheckServiceImpl.class], file [C:\Users\DELL\IdeaProjects\Production_ERP\target\classes\com\cskaoyan\service\qualifyMonitor\Impl\FinishmeasureServiceImpl.class], file [C:\Users\DELL\IdeaProjects\Production_ERP\target\classes\com\cskaoyan\service\qualifyMonitor\Impl\ProcessCountCheckServiceImpl.class], file [C:\Users\DELL\IdeaProjects\Production_ERP\target\classes\com\cskaoyan\service\qualifyMonitor\Impl\ProcessMeasureCheckServiceImpl.class], file [C:\Users\DELL\IdeaProjects\Production_ERP\target\classes\com\cskaoyan\service\qualifyMonitor\Impl\UnqualifyServiceImpl.class], file [C:\Users\DELL\IdeaProjects\Production_ERP\target\classes\com\cskaoyan\service\qualifyMonitor\ProcessCountCheckService.class], file [C:\Users\DELL\IdeaProjects\Production_ERP\target\classes\com\cskaoyan\service\qualifyMonitor\ProcessMeasureCheckService.class], file [C:\Users\DELL\IdeaProjects\Production_ERP\target\classes\com\cskaoyan\service\qualifyMonitor\UnqualifyService.class], file [C:\Users\DELL\IdeaProjects\Production_ERP\target\classes\com\cskaoyan\service\technologyMonitor\Impl\ProcessServiceImpl.class], file [C:\Users\DELL\IdeaProjects\Production_ERP\target\classes\com\cskaoyan\service\technologyMonitor\Impl\TechnologyPlanServiceImpl.class], file [C:\Users\DELL\IdeaProjects\Production_ERP\target\classes\com\cskaoyan\service\technologyMonitor\Impl\TechnologyRequirementServiceImpl.class], file [C:\Users\DELL\IdeaProjects\Production_ERP\target\classes\com\cskaoyan\service\technologyMonitor\Impl\TechnologyServiceImpl.class], file [C:\Users\DELL\IdeaProjects\Production_ERP\target\classes\com\cskaoyan\service\technologyMonitor\ProcessService.class], file [C:\Users\DELL\IdeaProjects\Production_ERP\target\classes\com\cskaoyan\service\technologyMonitor\TechnologyPlanService.class], file [C:\Users\DELL\IdeaProjects\Production_ERP\target\classes\com\cskaoyan\service\technologyMonitor\TechnologyRequirementService.class], file [C:\Users\DELL\IdeaProjects\Production_ERP\target\classes\com\cskaoyan\service\technologyMonitor\TechnologyService.class]]
17:41:14,150 DEBUG ClassPathBeanDefinitionScanner:437 - Identified candidate component class: file [C:\Users\DELL\IdeaProjects\Production_ERP\target\classes\com\cskaoyan\controller\designSchedule\CustomController.class]
17:41:14,165 DEBUG ClassPathBeanDefinitionScanner:437 - Identified candidate component class: file [C:\Users\DELL\IdeaProjects\Production_ERP\target\classes\com\cskaoyan\controller\designSchedule\ManufactureController.class]
17:41:14,181 DEBUG ClassPathBeanDefinitionScanner:437 - Identified candidate component class: file [C:\Users\DELL\IdeaProjects\Production_ERP\target\classes\com\cskaoyan\controller\designSchedule\OrderController.class]
17:41:14,181 DEBUG ClassPathBeanDefinitionScanner:437 - Identified candidate component class: file [C:\Users\DELL\IdeaProjects\Production_ERP\target\classes\com\cskaoyan\controller\designSchedule\ProductController.class]
17:41:14,181 DEBUG ClassPathBeanDefinitionScanner:437 - Identified candidate component class: file [C:\Users\DELL\IdeaProjects\Production_ERP\target\classes\com\cskaoyan\controller\designSchedule\TaskController.class]
17:41:14,197 DEBUG ClassPathBeanDefinitionScanner:437 - Identified candidate component class: file [C:\Users\DELL\IdeaProjects\Production_ERP\target\classes\com\cskaoyan\controller\designSchedule\WorkController.class]
17:41:14,197 DEBUG ClassPathBeanDefinitionScanner:437 - Identified candidate component class: file [C:\Users\DELL\IdeaProjects\Production_ERP\target\classes\com\cskaoyan\controller\deviceManagement\DeviceCheckController.class]
17:41:14,197 DEBUG ClassPathBeanDefinitionScanner:437 - Identified candidate component class: file [C:\Users\DELL\IdeaProjects\Production_ERP\target\classes\com\cskaoyan\controller\deviceManagement\DeviceController.class]
17:41:14,197 DEBUG ClassPathBeanDefinitionScanner:437 - Identified candidate component class: file [C:\Users\DELL\IdeaProjects\Production_ERP\target\classes\com\cskaoyan\controller\deviceManagement\DeviceFaultController.class]
17:41:14,212 DEBUG ClassPathBeanDefinitionScanner:437 - Identified candidate component class: file [C:\Users\DELL\IdeaProjects\Production_ERP\target\classes\com\cskaoyan\controller\deviceManagement\DeviceJsonController.class]
17:41:14,212 DEBUG ClassPathBeanDefinitionScanner:437 - Identified candidate component class: file [C:\Users\DELL\IdeaProjects\Production_ERP\target\classes\com\cskaoyan\controller\deviceManagement\DeviceListController.class]
17:41:14,212 DEBUG ClassPathBeanDefinitionScanner:437 - Identified candidate component class: file [C:\Users\DELL\IdeaProjects\Production_ERP\target\classes\com\cskaoyan\controller\deviceManagement\DeviceMaintainController.class]
17:41:14,230 DEBUG ClassPathBeanDefinitionScanner:437 - Identified candidate component class: file [C:\Users\DELL\IdeaProjects\Production_ERP\target\classes\com\cskaoyan\controller\deviceManagement\DeviceTypeController.class]
17:41:14,233 DEBUG ClassPathBeanDefinitionScanner:437 - Identified candidate component class: file [C:\Users\DELL\IdeaProjects\Production_ERP\target\classes\com\cskaoyan\controller\FileControl.class]
17:41:14,233 DEBUG ClassPathBeanDefinitionScanner:437 - Identified candidate component class: file [C:\Users\DELL\IdeaProjects\Production_ERP\target\classes\com\cskaoyan\controller\FormController.class]
17:41:14,233 DEBUG ClassPathBeanDefinitionScanner:437 - Identified candidate component class: file [C:\Users\DELL\IdeaProjects\Production_ERP\target\classes\com\cskaoyan\controller\person\DepartmentController.class]
17:41:14,233 DEBUG ClassPathBeanDefinitionScanner:437 - Identified candidate component class: file [C:\Users\DELL\IdeaProjects\Production_ERP\target\classes\com\cskaoyan\controller\person\EmployeeController.class]
17:41:14,248 DEBUG ClassPathBeanDefinitionScanner:437 - Identified candidate component class: file [C:\Users\DELL\IdeaProjects\Production_ERP\target\classes\com\cskaoyan\controller\PicControl.class]
17:41:14,248 DEBUG ClassPathBeanDefinitionScanner:437 - Identified candidate component class: file [C:\Users\DELL\IdeaProjects\Production_ERP\target\classes\com\cskaoyan\controller\qualifyMonitor\FinalCountCheckController.class]
17:41:14,248 DEBUG ClassPathBeanDefinitionScanner:437 - Identified candidate component class: file [C:\Users\DELL\IdeaProjects\Production_ERP\target\classes\com\cskaoyan\controller\qualifyMonitor\FinishmeasureController.class]
17:41:14,248 DEBUG ClassPathBeanDefinitionScanner:437 - Identified candidate component class: file [C:\Users\DELL\IdeaProjects\Production_ERP\target\classes\com\cskaoyan\controller\qualifyMonitor\ProcessCountCheckController.class]
17:41:14,264 DEBUG ClassPathBeanDefinitionScanner:437 - Identified candidate component class: file [C:\Users\DELL\IdeaProjects\Production_ERP\target\classes\com\cskaoyan\controller\qualifyMonitor\ProcessMeasureCheckController.class]
17:41:14,264 DEBUG ClassPathBeanDefinitionScanner:437 - Identified candidate component class: file [C:\Users\DELL\IdeaProjects\Production_ERP\target\classes\com\cskaoyan\controller\qualifyMonitor\UnqualifyController.class]
17:41:14,279 DEBUG ClassPathBeanDefinitionScanner:437 - Identified candidate component class: file [C:\Users\DELL\IdeaProjects\Production_ERP\target\classes\com\cskaoyan\controller\technologyMonitor\ProcessController.class]
17:41:14,279 DEBUG ClassPathBeanDefinitionScanner:437 - Identified candidate component class: file [C:\Users\DELL\IdeaProjects\Production_ERP\target\classes\com\cskaoyan\controller\technologyMonitor\TechnologyController.class]
17:41:14,279 DEBUG ClassPathBeanDefinitionScanner:437 - Identified candidate component class: file [C:\Users\DELL\IdeaProjects\Production_ERP\target\classes\com\cskaoyan\controller\technologyMonitor\TechnologyPlanController.class]
17:41:14,295 DEBUG ClassPathBeanDefinitionScanner:437 - Identified candidate component class: file [C:\Users\DELL\IdeaProjects\Production_ERP\target\classes\com\cskaoyan\controller\technologyMonitor\TechnologyRequirementController.class]
17:41:14,326 DEBUG ClassPathBeanDefinitionScanner:437 - Identified candidate component class: file [C:\Users\DELL\IdeaProjects\Production_ERP\target\classes\com\cskaoyan\domain\technologyMonitor\ProcessExample.class]
17:41:14,342 DEBUG ClassPathBeanDefinitionScanner:437 - Identified candidate component class: file [C:\Users\DELL\IdeaProjects\Production_ERP\target\classes\com\cskaoyan\domain\technologyMonitor\TechnologyExample.class]
17:41:14,342 DEBUG ClassPathBeanDefinitionScanner:437 - Identified candidate component class: file [C:\Users\DELL\IdeaProjects\Production_ERP\target\classes\com\cskaoyan\domain\technologyMonitor\TechnologyPlanExample.class]
17:41:14,358 DEBUG ClassPathBeanDefinitionScanner:437 - Identified candidate component class: file [C:\Users\DELL\IdeaProjects\Production_ERP\target\classes\com\cskaoyan\domain\technologyMonitor\TechnologyRequirementExample.class]
17:41:14,373 DEBUG ClassPathBeanDefinitionScanner:437 - Identified candidate component class: file [C:\Users\DELL\IdeaProjects\Production_ERP\target\classes\com\cskaoyan\service\designSchedule\imp\CustomServiecimp.class]
17:41:14,373 DEBUG ClassPathBeanDefinitionScanner:437 - Identified candidate component class: file [C:\Users\DELL\IdeaProjects\Production_ERP\target\classes\com\cskaoyan\service\designSchedule\imp\ManufactureServiceimp.class]
17:41:14,373 DEBUG ClassPathBeanDefinitionScanner:437 - Identified candidate component class: file [C:\Users\DELL\IdeaProjects\Production_ERP\target\classes\com\cskaoyan\service\designSchedule\imp\OrderServiceimp.class]
17:41:14,373 DEBUG ClassPathBeanDefinitionScanner:437 - Identified candidate component class: file [C:\Users\DELL\IdeaProjects\Production_ERP\target\classes\com\cskaoyan\service\designSchedule\imp\ProductServiceimp.class]
17:41:14,373 DEBUG ClassPathBeanDefinitionScanner:437 - Identified candidate component class: file [C:\Users\DELL\IdeaProjects\Production_ERP\target\classes\com\cskaoyan\service\designSchedule\imp\TaskServiceimp.class]
17:41:14,389 DEBUG ClassPathBeanDefinitionScanner:437 - Identified candidate component class: file [C:\Users\DELL\IdeaProjects\Production_ERP\target\classes\com\cskaoyan\service\designSchedule\imp\WorkServiceimp.class]
17:41:14,389 DEBUG ClassPathBeanDefinitionScanner:437 - Identified candidate component class: file [C:\Users\DELL\IdeaProjects\Production_ERP\target\classes\com\cskaoyan\service\deviceManagement\DeviceCheckServiceImpl.class]
17:41:14,389 DEBUG ClassPathBeanDefinitionScanner:437 - Identified candidate component class: file [C:\Users\DELL\IdeaProjects\Production_ERP\target\classes\com\cskaoyan\service\deviceManagement\DeviceFaultServiceImpl.class]
17:41:14,389 DEBUG ClassPathBeanDefinitionScanner:437 - Identified candidate component class: file [C:\Users\DELL\IdeaProjects\Production_ERP\target\classes\com\cskaoyan\service\deviceManagement\DeviceListServiceImpl.class]
17:41:14,389 DEBUG ClassPathBeanDefinitionScanner:437 - Identified candidate component class: file [C:\Users\DELL\IdeaProjects\Production_ERP\target\classes\com\cskaoyan\service\deviceManagement\DeviceMaintainServiceImpl.class]
17:41:14,389 DEBUG ClassPathBeanDefinitionScanner:437 - Identified candidate component class: file [C:\Users\DELL\IdeaProjects\Production_ERP\target\classes\com\cskaoyan\service\deviceManagement\DeviceTypeServiceImpl.class]
17:41:14,404 DEBUG ClassPathBeanDefinitionScanner:437 - Identified candidate component class: file [C:\Users\DELL\IdeaProjects\Production_ERP\target\classes\com\cskaoyan\service\person\imp\DepartmentServiceimp.class]
17:41:14,404 DEBUG ClassPathBeanDefinitionScanner:437 - Identified candidate component class: file [C:\Users\DELL\IdeaProjects\Production_ERP\target\classes\com\cskaoyan\service\person\imp\EmployeeServiceimp.class]
17:41:14,404 DEBUG ClassPathBeanDefinitionScanner:437 - Identified candidate component class: file [C:\Users\DELL\IdeaProjects\Production_ERP\target\classes\com\cskaoyan\service\qualifyMonitor\Impl\FinalCountCheckServiceImpl.class]
17:41:14,404 DEBUG ClassPathBeanDefinitionScanner:437 - Identified candidate component class: file [C:\Users\DELL\IdeaProjects\Production_ERP\target\classes\com\cskaoyan\service\qualifyMonitor\Impl\FinishmeasureServiceImpl.class]
17:41:14,420 DEBUG ClassPathBeanDefinitionScanner:437 - Identified candidate component class: file [C:\Users\DELL\IdeaProjects\Production_ERP\target\classes\com\cskaoyan\service\qualifyMonitor\Impl\ProcessCountCheckServiceImpl.class]
17:41:14,420 DEBUG ClassPathBeanDefinitionScanner:437 - Identified candidate component class: file [C:\Users\DELL\IdeaProjects\Production_ERP\target\classes\com\cskaoyan\service\qualifyMonitor\Impl\ProcessMeasureCheckServiceImpl.class]
17:41:14,420 DEBUG ClassPathBeanDefinitionScanner:437 - Identified candidate component class: file [C:\Users\DELL\IdeaProjects\Production_ERP\target\classes\com\cskaoyan\service\qualifyMonitor\Impl\UnqualifyServiceImpl.class]
17:41:14,420 DEBUG ClassPathBeanDefinitionScanner:437 - Identified candidate component class: file [C:\Users\DELL\IdeaProjects\Production_ERP\target\classes\com\cskaoyan\service\technologyMonitor\Impl\ProcessServiceImpl.class]
17:41:14,420 DEBUG ClassPathBeanDefinitionScanner:437 - Identified candidate component class: file [C:\Users\DELL\IdeaProjects\Production_ERP\target\classes\com\cskaoyan\service\technologyMonitor\Impl\TechnologyPlanServiceImpl.class]
17:41:14,420 DEBUG ClassPathBeanDefinitionScanner:437 - Identified candidate component class: file [C:\Users\DELL\IdeaProjects\Production_ERP\target\classes\com\cskaoyan\service\technologyMonitor\Impl\TechnologyRequirementServiceImpl.class]
17:41:14,436 DEBUG ClassPathBeanDefinitionScanner:437 - Identified candidate component class: file [C:\Users\DELL\IdeaProjects\Production_ERP\target\classes\com\cskaoyan\service\technologyMonitor\Impl\TechnologyServiceImpl.class]
17:41:14,670 DEBUG BeanDefinitionParserDelegate:458 - Neither XML &apos;id&apos; nor &apos;name&apos; specified - using generated bean name [com.cskaoyan.controller.Convert#4c402120]
17:41:14,670 DEBUG XmlBeanDefinitionReader:230 - Loaded 91 bean definitions from location pattern [classpath:spring/applicationContext.xml]
17:41:14,670  INFO GenericApplicationContext:589 - Refreshing org.springframework.context.support.GenericApplicationContext@26a7b76d: startup date [Mon Dec 10 17:41:14 CST 2018]; root of context hierarchy
17:41:14,670 DEBUG GenericApplicationContext:623 - Bean factory for org.springframework.context.support.GenericApplicationContext@26a7b76d: org.springframework.beans.factory.support.DefaultListableBeanFactory@5b12b668: defining beans [customController,manufactureController,orderController,productController,taskController,workController,deviceCheckController,deviceController,deviceFaultController,deviceJsonController,deviceListController,deviceMaintainController,deviceTypeController,fileControl,formController,departmentController,employeeController,picControl,finalCountCheckController,finishmeasureController,processCountCheckController,processMeasureCheckController,unqualifyController,processController,technologyController,technologyPlanController,technologyRequirementController,processExample,technologyExample,technologyPlanExample,technologyRequirementExample,custom,manufactureServiceimp,orderServiceimp,productServiceimp,taskServiceimp,workServiceimp,deviceCheckServiceImpl,deviceFaultServiceImpl,deviceListServiceImpl,deviceMaintainServiceImpl,deviceTypeServiceImpl,departmentServiceimp,employeeServiceimp,finalCountCheckServiceImpl,finishmeasureServiceImpl,processCountCheckServiceImpl,processMeasureCheckServiceImpl,unqualifyServiceImpl,processServiceImpl,technologyPlanServiceImpl,technologyRequirementServiceImpl,technologyServiceImpl,org.springframework.context.annotation.internalConfigurationAnnotationProcessor,org.springframework.context.annotation.internalAutowiredAnnotationProcessor,org.springframework.context.annotation.internalRequiredAnnotationProcessor,org.springframework.context.annotation.internalCommonAnnotationProcessor,org.springframework.context.event.internalEventListenerProcessor,org.springframework.context.event.internalEventListenerFactory,mvcContentNegotiationManager,org.springframework.web.servlet.mvc.method.annotation.RequestMappingHandlerMapping,mvcCorsConfigurations,org.springframework.web.servlet.mvc.method.annotation.RequestMappingHandlerAdapter,mvcUriComponentsContributor,org.springframework.web.servlet.handler.MappedInterceptor#0,org.springframework.web.servlet.mvc.method.annotation.ExceptionHandlerExceptionResolver#0,org.springframework.web.servlet.mvc.annotation.ResponseStatusExceptionResolver#0,org.springframework.web.servlet.mvc.support.DefaultHandlerExceptionResolver#0,org.springframework.web.servlet.handler.BeanNameUrlHandlerMapping,org.springframework.web.servlet.mvc.HttpRequestHandlerAdapter,org.springframework.web.servlet.mvc.SimpleControllerHandlerAdapter,mvcHandlerMappingIntrospector,validator,viewResolver,multipartResolver,sqlSessionFactory,mapperScannerConfigurer,datasource,org.springframework.transaction.config.internalTransactionalEventListenerFactory,org.springframework.aop.config.internalAutoProxyCreator,org.springframework.transaction.annotation.AnnotationTransactionAttributeSource#0,org.springframework.transaction.interceptor.TransactionInterceptor#0,org.springframework.transaction.config.internalTransactionAdvisor,transactionManager,mvcResourceUrlProvider,org.springframework.web.servlet.handler.MappedInterceptor#1,mvcPathMatcher,mvcUrlPathHelper,org.springframework.web.servlet.resource.ResourceHttpRequestHandler#0,org.springframework.web.servlet.handler.SimpleUrlHandlerMapping#0,service]; root of factory hierarchy
17:41:14,826 DEBUG DefaultListableBeanFactory:219 - Creating shared instance of singleton bean &apos;org.springframework.context.annotation.internalConfigurationAnnotationProcessor&apos;
17:41:14,826 DEBUG DefaultListableBeanFactory:467 - Creating instance of bean &apos;org.springframework.context.annotation.internalConfigurationAnnotationProcessor&apos;
17:41:14,842 DEBUG DefaultListableBeanFactory:573 - Eagerly caching bean &apos;org.springframework.context.annotation.internalConfigurationAnnotationProcessor&apos; to allow for resolving potential circular references
17:41:14,857 DEBUG DefaultListableBeanFactory:504 - Finished creating instance of bean &apos;org.springframework.context.annotation.internalConfigurationAnnotationProcessor&apos;
17:41:15,092 DEBUG DefaultListableBeanFactory:219 - Creating shared instance of singleton bean &apos;mapperScannerConfigurer&apos;
17:41:15,092 DEBUG DefaultListableBeanFactory:467 - Creating instance of bean &apos;mapperScannerConfigurer&apos;
17:41:15,092 DEBUG DefaultListableBeanFactory:573 - Eagerly caching bean &apos;mapperScannerConfigurer&apos; to allow for resolving potential circular references
17:41:15,123 DEBUG DefaultListableBeanFactory:1755 - Invoking afterPropertiesSet() on bean with name &apos;mapperScannerConfigurer&apos;
17:41:15,123 DEBUG DefaultListableBeanFactory:504 - Finished creating instance of bean &apos;mapperScannerConfigurer&apos;
17:41:15,123 DEBUG StandardEnvironment:109 - Adding PropertySource &apos;systemProperties&apos; with lowest search precedence
17:41:15,123 DEBUG StandardEnvironment:109 - Adding PropertySource &apos;systemEnvironment&apos; with lowest search precedence
17:41:15,123 DEBUG StandardEnvironment:125 - Initialized StandardEnvironment with PropertySources [MapPropertySource@1236444285 {name=&apos;systemProperties&apos;, properties={idea.version=2018.2.4, java.runtime.name=Java(TM) SE Runtime Environment, sun.boot.library.path=C:\Program Files\Java\jdk1.8.0_181\jre\bin, java.vm.version=25.181-b13, java.vm.vendor=Oracle Corporation, java.vendor.url=http://java.oracle.com/, path.separator=;, java.vm.name=Java HotSpot(TM) 64-Bit Server VM, file.encoding.pkg=sun.io, user.country=CN, user.script=, sun.java.launcher=SUN_STANDARD, sun.os.patch.level=, java.vm.specification.name=Java Virtual Machine Specification, user.dir=C:\Users\DELL\IdeaProjects\Production_ERP, java.runtime.version=1.8.0_181-b13, basedir=C:\Users\DELL\IdeaProjects\Production_ERP, java.awt.graphicsenv=sun.awt.Win32GraphicsEnvironment, java.endorsed.dirs=C:\Program Files\Java\jdk1.8.0_181\jre\lib\endorsed, os.arch=amd64, surefire.real.class.path=C:\Users\DELL\IdeaProjects\Production_ERP\target\surefire\surefirebooter6637566884203790206.jar, java.io.tmpdir=C:\Users\DELL\AppData\Local\Temp\, line.separator=
, java.vm.specification.vendor=Oracle Corporation, user.variant=, os.name=Windows 10, sun.jnu.encoding=GBK, java.library.path=C:\Program Files\Java\jdk1.8.0_181\jre\bin;C:\WINDOWS\Sun\Java\bin;C:\WINDOWS\system32;C:\WINDOWS;C:\Program Files\Java\jdk1.8.0_181\bin;C:\Program Files (x86)\Common Files\Oracle\Java\javapath;C:\Program Files (x86)\apache-maven-3.5.3\bin;C:\Program Files\MySQL\MySQL Server 5.7\bin;C:\ProgramData\Oracle\Java\javapath;C:\Program Files (x86)\Intel\iCLS Client\;C:\Program Files\Intel\iCLS Client\;C:\WINDOWS\system32;C:\WINDOWS;C:\WINDOWS\System32\Wbem;C:\WINDOWS\System32\WindowsPowerShell\v1.0\;C:\Program Files (x86)\Intel\Intel(R) Management Engine Components\DAL;C:\Program Files\Intel\Intel(R) Management Engine Components\DAL;C:\Program Files (x86)\Intel\Intel(R) Management Engine Components\IPT;C:\Program Files\Intel\Intel(R) Management Engine Components\IPT;C:\Program Files\MySQL\MySQL Utilities 1.6\;C:\Program Files\PuTTY\;C:\WINDOWS\System32\OpenSSH\;C:\WINDOWS\system32\config\systemprofile\.dnx\bin;C:\Program Files\Microsoft DNX\Dnvm\;C:\Program Files (x86)\Windows Kits\8.1\Windows Performance Toolkit\;C:\Program Files\Microsoft SQL Server\130\Tools\Binn\;C:\Program Files\Intel\WiFi\bin\;C:\Program Files\Common Files\Intel\WirelessCommon\;C:\Users\DELL\AppData\Local\Microsoft\WindowsApps;;C:\Program Files\Microsoft VS Code\bin;., surefire.test.class.path=C:\Users\DELL\IdeaProjects\Production_ERP\target\test-classes;C:\Users\DELL\IdeaProjects\Production_ERP\target\classes;C:\Users\DELL\.m2\repository\junit\junit\4.12\junit-4.12.jar;C:\Users\DELL\.m2\repository\org\hamcrest\hamcrest-core\1.3\hamcrest-core-1.3.jar;C:\Users\DELL\.m2\repository\org\springframework\spring-webmvc\5.0.4.RELEASE\spring-webmvc-5.0.4.RELEASE.jar;C:\Users\DELL\.m2\repository\org\springframework\spring-aop\5.0.4.RELEASE\spring-aop-5.0.4.RELEASE.jar;C:\Users\DELL\.m2\repository\org\springframework\spring-beans\5.0.4.RELEASE\spring-beans-5.0.4.RELEASE.jar;C:\Users\DELL\.m2\repository\org\springframework\spring-context\5.0.4.RELEASE\spring-context-5.0.4.RELEASE.jar;C:\Users\DELL\.m2\repository\org\springframework\spring-core\5.0.4.RELEASE\spring-core-5.0.4.RELEASE.jar;C:\Users\DELL\.m2\repository\org\springframework\spring-jcl\5.0.4.RELEASE\spring-jcl-5.0.4.RELEASE.jar;C:\Users\DELL\.m2\repository\org\springframework\spring-expression\5.0.4.RELEASE\spring-expression-5.0.4.RELEASE.jar;C:\Users\DELL\.m2\repository\org\springframework\spring-web\5.0.4.RELEASE\spring-web-5.0.4.RELEASE.jar;C:\Users\DELL\.m2\repository\mysql\mysql-connector-java\8.0.11\mysql-connector-java-8.0.11.jar;C:\Users\DELL\.m2\repository\com\google\protobuf\protobuf-java\2.6.0\protobuf-java-2.6.0.jar;C:\Users\DELL\.m2\repository\org\springframework\spring-tx\5.0.4.RELEASE\spring-tx-5.0.4.RELEASE.jar;C:\Users\DELL\.m2\repository\commons-logging\commons-logging\1.2\commons-logging-1.2.jar;C:\Users\DELL\.m2\repository\org\mybatis\mybatis\3.4.4\mybatis-3.4.4.jar;C:\Users\DELL\.m2\repository\org\mybatis\mybatis-spring\1.3.2\mybatis-spring-1.3.2.jar;C:\Users\DELL\.m2\repository\org\slf4j\slf4j-log4j12\1.6.4\slf4j-log4j12-1.6.4.jar;C:\Users\DELL\.m2\repository\org\slf4j\slf4j-api\1.6.4\slf4j-api-1.6.4.jar;C:\Users\DELL\.m2\repository\log4j\log4j\1.2.16\log4j-1.2.16.jar;C:\Users\DELL\.m2\repository\com\alibaba\druid\1.1.8\druid-1.1.8.jar;C:\Users\DELL\.m2\repository\commons-fileupload\commons-fileupload\1.3.1\commons-fileupload-1.3.1.jar;C:\Users\DELL\.m2\repository\commons-io\commons-io\2.2\commons-io-2.2.jar;C:\Users\DELL\.m2\repository\org\springframework\spring-aspects\5.0.4.RELEASE\spring-aspects-5.0.4.RELEASE.jar;C:\Users\DELL\.m2\repository\org\aspectj\aspectjweaver\1.9.0\aspectjweaver-1.9.0.jar;C:\Users\DELL\.m2\repository\org\glassfish\web\javax.servlet.jsp.jstl\1.2.4\javax.servlet.jsp.jstl-1.2.4.jar;C:\Users\DELL\.m2\repository\javax\servlet\jsp\jstl\jstl-api\1.2\jstl-api-1.2.jar;C:\Users\DELL\.m2\repository\javax\servlet\servlet-api\2.5\servlet-api-2.5.jar;C:\Users\DELL\.m2\repository\javax\servlet\jsp\jsp-api\2.1\jsp-api-2.1.jar;C:\Users\DELL\.m2\repository\org\springframework\spring-test\4.3.7.RELEASE\spring-test-4.3.7.RELEASE.jar;C:\Users\DELL\.m2\repository\org\springframework\spring-jdbc\5.0.4.RELEASE\spring-jdbc-5.0.4.RELEASE.jar;C:\Users\DELL\.m2\repository\jsptags\pager-taglib\2.0\pager-taglib-2.0.jar;C:\Users\DELL\.m2\repository\com\fasterxml\jackson\core\jackson-core\2.9.4\jackson-core-2.9.4.jar;C:\Users\DELL\.m2\repository\com\fasterxml\jackson\core\jackson-databind\2.9.4\jackson-databind-2.9.4.jar;C:\Users\DELL\.m2\repository\com\fasterxml\jackson\core\jackson-annotations\2.9.0\jackson-annotations-2.9.0.jar;C:\Users\DELL\.m2\repository\org\apache\shiro\shiro-web\1.2.6\shiro-web-1.2.6.jar;C:\Users\DELL\.m2\repository\org\apache\shiro\shiro-core\1.2.6\shiro-core-1.2.6.jar;C:\Users\DELL\.m2\repository\commons-beanutils\commons-beanutils\1.8.3\commons-beanutils-1.8.3.jar;C:\Users\DELL\.m2\repository\org\hibernate\hibernate-validator\5.1.0.Final\hibernate-validator-5.1.0.Final.jar;C:\Users\DELL\.m2\repository\org\jboss\logging\jboss-logging\3.1.3.GA\jboss-logging-3.1.3.GA.jar;C:\Users\DELL\.m2\repository\com\fasterxml\classmate\1.0.0\classmate-1.0.0.jar;C:\Users\DELL\.m2\repository\javax\validation\validation-api\1.1.0.Final\validation-api-1.1.0.Final.jar;C:\Users\DELL\.m2\repository\com\github\pagehelper\pagehelper\5.1.8\pagehelper-5.1.8.jar;C:\Users\DELL\.m2\repository\com\github\jsqlparser\jsqlparser\1.2\jsqlparser-1.2.jar;, java.specification.name=Java Platform API Specification, java.class.version=52.0, sun.management.compiler=HotSpot 64-Bit Tiered Compilers, os.version=10.0, user.home=C:\Users\DELL, user.timezone=Asia/Shanghai, java.awt.printerjob=sun.awt.windows.WPrinterJob, file.encoding=GBK, java.specification.version=1.8, java.class.path=C:\Users\DELL\IdeaProjects\Production_ERP\target\test-classes;C:\Users\DELL\IdeaProjects\Production_ERP\target\classes;C:\Users\DELL\.m2\repository\junit\junit\4.12\junit-4.12.jar;C:\Users\DELL\.m2\repository\org\hamcrest\hamcrest-core\1.3\hamcrest-core-1.3.jar;C:\Users\DELL\.m2\repository\org\springframework\spring-webmvc\5.0.4.RELEASE\spring-webmvc-5.0.4.RELEASE.jar;C:\Users\DELL\.m2\repository\org\springframework\spring-aop\5.0.4.RELEASE\spring-aop-5.0.4.RELEASE.jar;C:\Users\DELL\.m2\repository\org\springframework\spring-beans\5.0.4.RELEASE\spring-beans-5.0.4.RELEASE.jar;C:\Users\DELL\.m2\repository\org\springframework\spring-context\5.0.4.RELEASE\spring-context-5.0.4.RELEASE.jar;C:\Users\DELL\.m2\repository\org\springframework\spring-core\5.0.4.RELEASE\spring-core-5.0.4.RELEASE.jar;C:\Users\DELL\.m2\repository\org\springframework\spring-jcl\5.0.4.RELEASE\spring-jcl-5.0.4.RELEASE.jar;C:\Users\DELL\.m2\repository\org\springframework\spring-expression\5.0.4.RELEASE\spring-expression-5.0.4.RELEASE.jar;C:\Users\DELL\.m2\repository\org\springframework\spring-web\5.0.4.RELEASE\spring-web-5.0.4.RELEASE.jar;C:\Users\DELL\.m2\repository\mysql\mysql-connector-java\8.0.11\mysql-connector-java-8.0.11.jar;C:\Users\DELL\.m2\repository\com\google\protobuf\protobuf-java\2.6.0\protobuf-java-2.6.0.jar;C:\Users\DELL\.m2\repository\org\springframework\spring-tx\5.0.4.RELEASE\spring-tx-5.0.4.RELEASE.jar;C:\Users\DELL\.m2\repository\commons-logging\commons-logging\1.2\commons-logging-1.2.jar;C:\Users\DELL\.m2\repository\org\mybatis\mybatis\3.4.4\mybatis-3.4.4.jar;C:\Users\DELL\.m2\repository\org\mybatis\mybatis-spring\1.3.2\mybatis-spring-1.3.2.jar;C:\Users\DELL\.m2\repository\org\slf4j\slf4j-log4j12\1.6.4\slf4j-log4j12-1.6.4.jar;C:\Users\DELL\.m2\repository\org\slf4j\slf4j-api\1.6.4\slf4j-api-1.6.4.jar;C:\Users\DELL\.m2\repository\log4j\log4j\1.2.16\log4j-1.2.16.jar;C:\Users\DELL\.m2\repository\com\alibaba\druid\1.1.8\druid-1.1.8.jar;C:\Users\DELL\.m2\repository\commons-fileupload\commons-fileupload\1.3.1\commons-fileupload-1.3.1.jar;C:\Users\DELL\.m2\repository\commons-io\commons-io\2.2\commons-io-2.2.jar;C:\Users\DELL\.m2\repository\org\springframework\spring-aspects\5.0.4.RELEASE\spring-aspects-5.0.4.RELEASE.jar;C:\Users\DELL\.m2\repository\org\aspectj\aspectjweaver\1.9.0\aspectjweaver-1.9.0.jar;C:\Users\DELL\.m2\repository\org\glassfish\web\javax.servlet.jsp.jstl\1.2.4\javax.servlet.jsp.jstl-1.2.4.jar;C:\Users\DELL\.m2\repository\javax\servlet\jsp\jstl\jstl-api\1.2\jstl-api-1.2.jar;C:\Users\DELL\.m2\repository\javax\servlet\servlet-api\2.5\servlet-api-2.5.jar;C:\Users\DELL\.m2\repository\javax\servlet\jsp\jsp-api\2.1\jsp-api-2.1.jar;C:\Users\DELL\.m2\repository\org\springframework\spring-test\4.3.7.RELEASE\spring-test-4.3.7.RELEASE.jar;C:\Users\DELL\.m2\repository\org\springframework\spring-jdbc\5.0.4.RELEASE\spring-jdbc-5.0.4.RELEASE.jar;C:\Users\DELL\.m2\repository\jsptags\pager-taglib\2.0\pager-taglib-2.0.jar;C:\Users\DELL\.m2\repository\com\fasterxml\jackson\core\jackson-core\2.9.4\jackson-core-2.9.4.jar;C:\Users\DELL\.m2\repository\com\fasterxml\jackson\core\jackson-databind\2.9.4\jackson-databind-2.9.4.jar;C:\Users\DELL\.m2\repository\com\fasterxml\jackson\core\jackson-annotations\2.9.0\jackson-annotations-2.9.0.jar;C:\Users\DELL\.m2\repository\org\apache\shiro\shiro-web\1.2.6\shiro-web-1.2.6.jar;C:\Users\DELL\.m2\repository\org\apache\shiro\shiro-core\1.2.6\shiro-core-1.2.6.jar;C:\Users\DELL\.m2\repository\commons-beanutils\commons-beanutils\1.8.3\commons-beanutils-1.8.3.jar;C:\Users\DELL\.m2\repository\org\hibernate\hibernate-validator\5.1.0.Final\hibernate-validator-5.1.0.Final.jar;C:\Users\DELL\.m2\repository\org\jboss\logging\jboss-logging\3.1.3.GA\jboss-logging-3.1.3.GA.jar;C:\Users\DELL\.m2\repository\com\fasterxml\classmate\1.0.0\classmate-1.0.0.jar;C:\Users\DELL\.m2\repository\javax\validation\validation-api\1.1.0.Final\validation-api-1.1.0.Final.jar;C:\Users\DELL\.m2\repository\com\github\pagehelper\pagehelper\5.1.8\pagehelper-5.1.8.jar;C:\Users\DELL\.m2\repository\com\github\jsqlparser\jsqlparser\1.2\jsqlparser-1.2.jar;, user.name=DELL, java.vm.specification.version=1.8, sun.java.command=C:\Users\DELL\IdeaProjects\Production_ERP\target\surefire\surefirebooter6637566884203790206.jar C:\Users\DELL\IdeaProjects\Production_ERP\target\surefire\surefire1716814721053629152tmp C:\Users\DELL\IdeaProjects\Production_ERP\target\surefire\surefire_06265196878877750406tmp, java.home=C:\Program Files\Java\jdk1.8.0_181\jre, sun.arch.data.model=64, user.language=zh, java.specification.vendor=Oracle Corporation, awt.toolkit=sun.awt.windows.WToolkit, java.vm.info=mixed mode, java.version=1.8.0_181, java.ext.dirs=C:\Program Files\Java\jdk1.8.0_181\jre\lib\ext;C:\WINDOWS\Sun\Java\lib\ext, sun.boot.class.path=C:\Program Files\Java\jdk1.8.0_181\jre\lib\resources.jar;C:\Program Files\Java\jdk1.8.0_181\jre\lib\rt.jar;C:\Program Files\Java\jdk1.8.0_181\jre\lib\sunrsasign.jar;C:\Program Files\Java\jdk1.8.0_181\jre\lib\jsse.jar;C:\Program Files\Java\jdk1.8.0_181\jre\lib\jce.jar;C:\Program Files\Java\jdk1.8.0_181\jre\lib\charsets.jar;C:\Program Files\Java\jdk1.8.0_181\jre\lib\jfr.jar;C:\Program Files\Java\jdk1.8.0_181\jre\classes, java.vendor=Oracle Corporation, localRepository=C:\Users\DELL\.m2\repository, file.separator=\, java.vendor.url.bug=http://bugreport.sun.com/bugreport/, sun.io.unicode.encoding=UnicodeLittle, sun.cpu.endian=little, sun.desktop=windows, sun.cpu.isalist=amd64}}, SystemEnvironmentPropertySource@1541525668 {name=&apos;systemEnvironment&apos;, properties={PATH=C:\Program Files\Java\jdk1.8.0_181\bin;C:\Program Files (x86)\Common Files\Oracle\Java\javapath;C:\Program Files (x86)\apache-maven-3.5.3\bin;C:\Program Files\MySQL\MySQL Server 5.7\bin;C:\ProgramData\Oracle\Java\javapath;C:\Program Files (x86)\Intel\iCLS Client\;C:\Program Files\Intel\iCLS Client\;C:\WINDOWS\system32;C:\WINDOWS;C:\WINDOWS\System32\Wbem;C:\WINDOWS\System32\WindowsPowerShell\v1.0\;C:\Program Files (x86)\Intel\Intel(R) Management Engine Components\DAL;C:\Program Files\Intel\Intel(R) Management Engine Components\DAL;C:\Program Files (x86)\Intel\Intel(R) Management Engine Components\IPT;C:\Program Files\Intel\Intel(R) Management Engine Components\IPT;C:\Program Files\MySQL\MySQL Utilities 1.6\;C:\Program Files\PuTTY\;C:\WINDOWS\System32\OpenSSH\;C:\WINDOWS\system32\config\systemprofile\.dnx\bin;C:\Program Files\Microsoft DNX\Dnvm\;C:\Program Files (x86)\Windows Kits\8.1\Windows Performance Toolkit\;C:\Program Files\Microsoft SQL Server\130\Tools\Binn\;C:\Program Files\Intel\WiFi\bin\;C:\Program Files\Common Files\Intel\WirelessCommon\;C:\Users\DELL\AppData\Local\Microsoft\WindowsApps;;C:\Program Files\Microsoft VS Code\bin, USERDOMAIN_ROAMINGPROFILE=LZH, PROCESSOR_LEVEL=6, SYSTEMDRIVE=C:, VS140COMNTOOLS=C:\Program Files (x86)\Microsoft Visual Studio 14.0\Common7\Tools\, SESSIONNAME=Console, ALLUSERSPROFILE=C:\ProgramData, PROCESSOR_ARCHITECTURE=AMD64, DRIVERDATA=C:\Windows\System32\Drivers\DriverData, PROGRAMFILES=C:\Program Files, PSMODULEPATH=C:\Program Files\WindowsPowerShell\Modules;C:\WINDOWS\system32\WindowsPowerShell\v1.0\Modules, PROGRAMDATA=C:\ProgramData, USERNAME=DELL, GPU_USE_SYNC_OBJECTS=1, GPU_MAX_ALLOC_PERCENT=100, FPS_BROWSER_USER_PROFILE_STRING=Default, ONEDRIVE=C:\Users\DELL\OneDrive, PATHEXT=.COM;.EXE;.BAT;.CMD;.VBS;.VBE;.JS;.JSE;.WSF;.WSH;.MSC, WINDIR=C:\WINDOWS, HOMEPATH=\Users\DELL, PROCESSOR_IDENTIFIER=Intel64 Family 6 Model 142 Stepping 9, GenuineIntel, PUBLIC=C:\Users\Public, =::=::\, GPU_MAX_HEAP_SIZE=100, LOCALAPPDATA=C:\Users\DELL\AppData\Local, GPU_SINGLE_ALLOC_PERCENT=100, COMMONPROGRAMFILES(X86)=C:\Program Files (x86)\Common Files, GPU_FORCE_64BIT_PTR=0, USERDOMAIN=LZH, FPS_BROWSER_APP_PROFILE_STRING=Internet Explorer, LOGONSERVER=\\LZH, JAVA_HOME=C:\Program Files\Java\jdk1.8.0_181, PROMPT=$P$G, PROGRAMFILES(X86)=C:\Program Files (x86), =C:=C:\Users\DELL\IdeaProjects\Production_ERP, APPDATA=C:\Users\DELL\AppData\Roaming, PROGRAMW6432=C:\Program Files, SYSTEMROOT=C:\WINDOWS, OS=Windows_NT, COMMONPROGRAMW6432=C:\Program Files\Common Files, COMPUTERNAME=LZH, COMMONPROGRAMFILES=C:\Program Files\Common Files, COMSPEC=C:\WINDOWS\system32\cmd.exe, PROCESSOR_REVISION=8e09, CLASSPATH=C:\Program Files\Java\jdk1.8.0_181\lib, TEMP=C:\Users\DELL\AppData\Local\Temp, HOMEDRIVE=C:, USERPROFILE=C:\Users\DELL, TMP=C:\Users\DELL\AppData\Local\Temp, NUMBER_OF_PROCESSORS=4}}]
17:41:15,139 DEBUG PathMatchingResourcePatternResolver:321 - Resolved classpath location [com/cskaoyan/dao/] to resources [URL [file:/C:/Users/DELL/IdeaProjects/Production_ERP/target/classes/com/cskaoyan/dao/]]
17:41:15,139 DEBUG PathMatchingResourcePatternResolver:723 - Looking for matching resources in directory tree [C:\Users\DELL\IdeaProjects\Production_ERP\target\classes\com\cskaoyan\dao]
17:41:15,170 DEBUG PathMatchingResourcePatternResolver:785 - Searching directory [C:\Users\DELL\IdeaProjects\Production_ERP\target\classes\com\cskaoyan\dao] for files matching pattern [C:/Users/DELL/IdeaProjects/Production_ERP/target/classes/com/cskaoyan/dao/**/*.class]
17:41:15,170 DEBUG PathMatchingResourcePatternResolver:785 - Searching directory [C:\Users\DELL\IdeaProjects\Production_ERP\target\classes\com\cskaoyan\dao\designSchedule] for files matching pattern [C:/Users/DELL/IdeaProjects/Production_ERP/target/classes/com/cskaoyan/dao/**/*.class]
17:41:15,170 DEBUG PathMatchingResourcePatternResolver:785 - Searching directory [C:\Users\DELL\IdeaProjects\Production_ERP\target\classes\com\cskaoyan\dao\deviceManagement] for files matching pattern [C:/Users/DELL/IdeaProjects/Production_ERP/target/classes/com/cskaoyan/dao/**/*.class]
17:41:15,185 DEBUG PathMatchingResourcePatternResolver:785 - Searching directory [C:\Users\DELL\IdeaProjects\Production_ERP\target\classes\com\cskaoyan\dao\person] for files matching pattern [C:/Users/DELL/IdeaProjects/Production_ERP/target/classes/com/cskaoyan/dao/**/*.class]
17:41:15,185 DEBUG PathMatchingResourcePatternResolver:785 - Searching directory [C:\Users\DELL\IdeaProjects\Production_ERP\target\classes\com\cskaoyan\dao\qualifyMonitor] for files matching pattern [C:/Users/DELL/IdeaProjects/Production_ERP/target/classes/com/cskaoyan/dao/**/*.class]
17:41:15,201 DEBUG PathMatchingResourcePatternResolver:785 - Searching directory [C:\Users\DELL\IdeaProjects\Production_ERP\target\classes\com\cskaoyan\dao\technologyMonitor] for files matching pattern [C:/Users/DELL/IdeaProjects/Production_ERP/target/classes/com/cskaoyan/dao/**/*.class]
17:41:15,201 DEBUG PathMatchingResourcePatternResolver:516 - Resolved location pattern [classpath*:com/cskaoyan/dao/**/*.class] to resources [file [C:\Users\DELL\IdeaProjects\Production_ERP\target\classes\com\cskaoyan\dao\designSchedule\CustomMapper.class], file [C:\Users\DELL\IdeaProjects\Production_ERP\target\classes\com\cskaoyan\dao\designSchedule\ManufactureMapper.class], file [C:\Users\DELL\IdeaProjects\Production_ERP\target\classes\com\cskaoyan\dao\designSchedule\OrderMapper.class], file [C:\Users\DELL\IdeaProjects\Production_ERP\target\classes\com\cskaoyan\dao\designSchedule\ProductMapper.class], file [C:\Users\DELL\IdeaProjects\Production_ERP\target\classes\com\cskaoyan\dao\designSchedule\TaskMapper.class], file [C:\Users\DELL\IdeaProjects\Production_ERP\target\classes\com\cskaoyan\dao\designSchedule\WorkMapper.class], file [C:\Users\DELL\IdeaProjects\Production_ERP\target\classes\com\cskaoyan\dao\deviceManagement\Device_checkMapper.class], file [C:\Users\DELL\IdeaProjects\Production_ERP\target\classes\com\cskaoyan\dao\deviceManagement\Device_faultMapper.class], file [C:\Users\DELL\IdeaProjects\Production_ERP\target\classes\com\cskaoyan\dao\deviceManagement\Device_maintainMapper.class], file [C:\Users\DELL\IdeaProjects\Production_ERP\target\classes\com\cskaoyan\dao\deviceManagement\Device_typeMapper.class], file [C:\Users\DELL\IdeaProjects\Production_ERP\target\classes\com\cskaoyan\dao\deviceManagement\DeviceMapper.class], file [C:\Users\DELL\IdeaProjects\Production_ERP\target\classes\com\cskaoyan\dao\person\DepartmentMapper.class], file [C:\Users\DELL\IdeaProjects\Production_ERP\target\classes\com\cskaoyan\dao\person\EmployeeMapper.class], file [C:\Users\DELL\IdeaProjects\Production_ERP\target\classes\com\cskaoyan\dao\qualifyMonitor\FinalCountCheckMapper.class], file [C:\Users\DELL\IdeaProjects\Production_ERP\target\classes\com\cskaoyan\dao\qualifyMonitor\FinalMeasuretCheckMapper.class], file [C:\Users\DELL\IdeaProjects\Production_ERP\target\classes\com\cskaoyan\dao\qualifyMonitor\ProcessCountCheckMapper.class], file [C:\Users\DELL\IdeaProjects\Production_ERP\target\classes\com\cskaoyan\dao\qualifyMonitor\ProcessMeasureCheckMapper.class], file [C:\Users\DELL\IdeaProjects\Production_ERP\target\classes\com\cskaoyan\dao\qualifyMonitor\UnqualifyApplyMapper.class], file [C:\Users\DELL\IdeaProjects\Production_ERP\target\classes\com\cskaoyan\dao\technologyMonitor\ProcessMapper.class], file [C:\Users\DELL\IdeaProjects\Production_ERP\target\classes\com\cskaoyan\dao\technologyMonitor\TechnologyMapper.class], file [C:\Users\DELL\IdeaProjects\Production_ERP\target\classes\com\cskaoyan\dao\technologyMonitor\TechnologyPlanMapper.class], file [C:\Users\DELL\IdeaProjects\Production_ERP\target\classes\com\cskaoyan\dao\technologyMonitor\TechnologyRequirementMapper.class]]
17:41:15,201 DEBUG ClassPathMapperScanner:437 - Identified candidate component class: file [C:\Users\DELL\IdeaProjects\Production_ERP\target\classes\com\cskaoyan\dao\designSchedule\CustomMapper.class]
17:41:15,201 DEBUG ClassPathMapperScanner:437 - Identified candidate component class: file [C:\Users\DELL\IdeaProjects\Production_ERP\target\classes\com\cskaoyan\dao\designSchedule\ManufactureMapper.class]
17:41:15,201 DEBUG ClassPathMapperScanner:437 - Identified candidate component class: file [C:\Users\DELL\IdeaProjects\Production_ERP\target\classes\com\cskaoyan\dao\designSchedule\OrderMapper.class]
17:41:15,201 DEBUG ClassPathMapperScanner:437 - Identified candidate component class: file [C:\Users\DELL\IdeaProjects\Production_ERP\target\classes\com\cskaoyan\dao\designSchedule\ProductMapper.class]
17:41:15,201 DEBUG ClassPathMapperScanner:437 - Identified candidate component class: file [C:\Users\DELL\IdeaProjects\Production_ERP\target\classes\com\cskaoyan\dao\designSchedule\TaskMapper.class]
17:41:15,201 DEBUG ClassPathMapperScanner:437 - Identified candidate component class: file [C:\Users\DELL\IdeaProjects\Production_ERP\target\classes\com\cskaoyan\dao\designSchedule\WorkMapper.class]
17:41:15,201 DEBUG ClassPathMapperScanner:437 - Identified candidate component class: file [C:\Users\DELL\IdeaProjects\Production_ERP\target\classes\com\cskaoyan\dao\deviceManagement\Device_checkMapper.class]
17:41:15,201 DEBUG ClassPathMapperScanner:437 - Identified candidate component class: file [C:\Users\DELL\IdeaProjects\Production_ERP\target\classes\com\cskaoyan\dao\deviceManagement\Device_faultMapper.class]
17:41:15,201 DEBUG ClassPathMapperScanner:437 - Identified candidate component class: file [C:\Users\DELL\IdeaProjects\Production_ERP\target\classes\com\cskaoyan\dao\deviceManagement\Device_maintainMapper.class]
17:41:15,201 DEBUG ClassPathMapperScanner:437 - Identified candidate component class: file [C:\Users\DELL\IdeaProjects\Production_ERP\target\classes\com\cskaoyan\dao\deviceManagement\Device_typeMapper.class]
17:41:15,201 DEBUG ClassPathMapperScanner:437 - Identified candidate component class: file [C:\Users\DELL\IdeaProjects\Production_ERP\target\classes\com\cskaoyan\dao\deviceManagement\DeviceMapper.class]
17:41:15,201 DEBUG ClassPathMapperScanner:437 - Identified candidate component class: file [C:\Users\DELL\IdeaProjects\Production_ERP\target\classes\com\cskaoyan\dao\person\DepartmentMapper.class]
17:41:15,201 DEBUG ClassPathMapperScanner:437 - Identified candidate component class: file [C:\Users\DELL\IdeaProjects\Production_ERP\target\classes\com\cskaoyan\dao\person\EmployeeMapper.class]
17:41:15,201 DEBUG ClassPathMapperScanner:437 - Identified candidate component class: file [C:\Users\DELL\IdeaProjects\Production_ERP\target\classes\com\cskaoyan\dao\qualifyMonitor\FinalCountCheckMapper.class]
17:41:15,201 DEBUG ClassPathMapperScanner:437 - Identified candidate component class: file [C:\Users\DELL\IdeaProjects\Production_ERP\target\classes\com\cskaoyan\dao\qualifyMonitor\FinalMeasuretCheckMapper.class]
17:41:15,201 DEBUG ClassPathMapperScanner:437 - Identified candidate component class: file [C:\Users\DELL\IdeaProjects\Production_ERP\target\classes\com\cskaoyan\dao\qualifyMonitor\ProcessCountCheckMapper.class]
17:41:15,201 DEBUG ClassPathMapperScanner:437 - Identified candidate component class: file [C:\Users\DELL\IdeaProjects\Production_ERP\target\classes\com\cskaoyan\dao\qualifyMonitor\ProcessMeasureCheckMapper.class]
17:41:15,201 DEBUG ClassPathMapperScanner:437 - Identified candidate component class: file [C:\Users\DELL\IdeaProjects\Production_ERP\target\classes\com\cskaoyan\dao\qualifyMonitor\UnqualifyApplyMapper.class]
17:41:15,217 DEBUG ClassPathMapperScanner:437 - Identified candidate component class: file [C:\Users\DELL\IdeaProjects\Production_ERP\target\classes\com\cskaoyan\dao\technologyMonitor\ProcessMapper.class]
17:41:15,217 DEBUG ClassPathMapperScanner:437 - Identified candidate component class: file [C:\Users\DELL\IdeaProjects\Production_ERP\target\classes\com\cskaoyan\dao\technologyMonitor\TechnologyMapper.class]
17:41:15,217 DEBUG ClassPathMapperScanner:437 - Identified candidate component class: file [C:\Users\DELL\IdeaProjects\Production_ERP\target\classes\com\cskaoyan\dao\technologyMonitor\TechnologyPlanMapper.class]
17:41:15,217 DEBUG ClassPathMapperScanner:437 - Identified candidate component class: file [C:\Users\DELL\IdeaProjects\Production_ERP\target\classes\com\cskaoyan\dao\technologyMonitor\TechnologyRequirementMapper.class]
17:41:15,217 DEBUG ClassPathMapperScanner:180 - Creating MapperFactoryBean with name &apos;customMapper&apos; and &apos;com.cskaoyan.dao.designSchedule.CustomMapper&apos; mapperInterface
17:41:15,217 DEBUG ClassPathMapperScanner:180 - Creating MapperFactoryBean with name &apos;manufactureMapper&apos; and &apos;com.cskaoyan.dao.designSchedule.ManufactureMapper&apos; mapperInterface
17:41:15,217 DEBUG ClassPathMapperScanner:180 - Creating MapperFactoryBean with name &apos;orderMapper&apos; and &apos;com.cskaoyan.dao.designSchedule.OrderMapper&apos; mapperInterface
17:41:15,217 DEBUG ClassPathMapperScanner:180 - Creating MapperFactoryBean with name &apos;productMapper&apos; and &apos;com.cskaoyan.dao.designSchedule.ProductMapper&apos; mapperInterface
17:41:15,217 DEBUG ClassPathMapperScanner:180 - Creating MapperFactoryBean with name &apos;taskMapper&apos; and &apos;com.cskaoyan.dao.designSchedule.TaskMapper&apos; mapperInterface
17:41:15,217 DEBUG ClassPathMapperScanner:180 - Creating MapperFactoryBean with name &apos;workMapper&apos; and &apos;com.cskaoyan.dao.designSchedule.WorkMapper&apos; mapperInterface
17:41:15,217 DEBUG ClassPathMapperScanner:180 - Creating MapperFactoryBean with name &apos;device_checkMapper&apos; and &apos;com.cskaoyan.dao.deviceManagement.Device_checkMapper&apos; mapperInterface
17:41:15,217 DEBUG ClassPathMapperScanner:180 - Creating MapperFactoryBean with name &apos;device_faultMapper&apos; and &apos;com.cskaoyan.dao.deviceManagement.Device_faultMapper&apos; mapperInterface
17:41:15,217 DEBUG ClassPathMapperScanner:180 - Creating MapperFactoryBean with name &apos;device_maintainMapper&apos; and &apos;com.cskaoyan.dao.deviceManagement.Device_maintainMapper&apos; mapperInterface
17:41:15,217 DEBUG ClassPathMapperScanner:180 - Creating MapperFactoryBean with name &apos;device_typeMapper&apos; and &apos;com.cskaoyan.dao.deviceManagement.Device_typeMapper&apos; mapperInterface
17:41:15,217 DEBUG ClassPathMapperScanner:180 - Creating MapperFactoryBean with name &apos;deviceMapper&apos; and &apos;com.cskaoyan.dao.deviceManagement.DeviceMapper&apos; mapperInterface
17:41:15,217 DEBUG ClassPathMapperScanner:180 - Creating MapperFactoryBean with name &apos;departmentMapper&apos; and &apos;com.cskaoyan.dao.person.DepartmentMapper&apos; mapperInterface
17:41:15,217 DEBUG ClassPathMapperScanner:180 - Creating MapperFactoryBean with name &apos;employeeMapper&apos; and &apos;com.cskaoyan.dao.person.EmployeeMapper&apos; mapperInterface
17:41:15,217 DEBUG ClassPathMapperScanner:180 - Creating MapperFactoryBean with name &apos;finalCountCheckMapper&apos; and &apos;com.cskaoyan.dao.qualifyMonitor.FinalCountCheckMapper&apos; mapperInterface
17:41:15,217 DEBUG ClassPathMapperScanner:180 - Creating MapperFactoryBean with name &apos;finalMeasuretCheckMapper&apos; and &apos;com.cskaoyan.dao.qualifyMonitor.FinalMeasuretCheckMapper&apos; mapperInterface
17:41:15,217 DEBUG ClassPathMapperScanner:180 - Creating MapperFactoryBean with name &apos;processCountCheckMapper&apos; and &apos;com.cskaoyan.dao.qualifyMonitor.ProcessCountCheckMapper&apos; mapperInterface
17:41:15,217 DEBUG ClassPathMapperScanner:180 - Creating MapperFactoryBean with name &apos;processMeasureCheckMapper&apos; and &apos;com.cskaoyan.dao.qualifyMonitor.ProcessMeasureCheckMapper&apos; mapperInterface
17:41:15,217 DEBUG ClassPathMapperScanner:180 - Creating MapperFactoryBean with name &apos;unqualifyApplyMapper&apos; and &apos;com.cskaoyan.dao.qualifyMonitor.UnqualifyApplyMapper&apos; mapperInterface
17:41:15,217 DEBUG ClassPathMapperScanner:180 - Creating MapperFactoryBean with name &apos;processMapper&apos; and &apos;com.cskaoyan.dao.technologyMonitor.ProcessMapper&apos; mapperInterface
17:41:15,217 DEBUG ClassPathMapperScanner:180 - Creating MapperFactoryBean with name &apos;technologyMapper&apos; and &apos;com.cskaoyan.dao.technologyMonitor.TechnologyMapper&apos; mapperInterface
17:41:15,217 DEBUG ClassPathMapperScanner:180 - Creating MapperFactoryBean with name &apos;technologyPlanMapper&apos; and &apos;com.cskaoyan.dao.technologyMonitor.TechnologyPlanMapper&apos; mapperInterface
17:41:15,217 DEBUG ClassPathMapperScanner:180 - Creating MapperFactoryBean with name &apos;technologyRequirementMapper&apos; and &apos;com.cskaoyan.dao.technologyMonitor.TechnologyRequirementMapper&apos; mapperInterface
17:41:15,232 DEBUG DefaultListableBeanFactory:219 - Creating shared instance of singleton bean &apos;org.springframework.context.annotation.internalAutowiredAnnotationProcessor&apos;
17:41:15,232 DEBUG DefaultListableBeanFactory:467 - Creating instance of bean &apos;org.springframework.context.annotation.internalAutowiredAnnotationProcessor&apos;
17:41:15,232 DEBUG DefaultListableBeanFactory:573 - Eagerly caching bean &apos;org.springframework.context.annotation.internalAutowiredAnnotationProcessor&apos; to allow for resolving potential circular references
17:41:15,248 DEBUG DefaultListableBeanFactory:504 - Finished creating instance of bean &apos;org.springframework.context.annotation.internalAutowiredAnnotationProcessor&apos;
17:41:15,248 DEBUG DefaultListableBeanFactory:219 - Creating shared instance of singleton bean &apos;org.springframework.context.annotation.internalRequiredAnnotationProcessor&apos;
17:41:15,248 DEBUG DefaultListableBeanFactory:467 - Creating instance of bean &apos;org.springframework.context.annotation.internalRequiredAnnotationProcessor&apos;
17:41:15,248 DEBUG DefaultListableBeanFactory:573 - Eagerly caching bean &apos;org.springframework.context.annotation.internalRequiredAnnotationProcessor&apos; to allow for resolving potential circular references
17:41:15,264 DEBUG DefaultListableBeanFactory:504 - Finished creating instance of bean &apos;org.springframework.context.annotation.internalRequiredAnnotationProcessor&apos;
17:41:15,264 DEBUG DefaultListableBeanFactory:219 - Creating shared instance of singleton bean &apos;org.springframework.context.annotation.internalCommonAnnotationProcessor&apos;
17:41:15,264 DEBUG DefaultListableBeanFactory:467 - Creating instance of bean &apos;org.springframework.context.annotation.internalCommonAnnotationProcessor&apos;
17:41:15,264 DEBUG DefaultListableBeanFactory:573 - Eagerly caching bean &apos;org.springframework.context.annotation.internalCommonAnnotationProcessor&apos; to allow for resolving potential circular references
17:41:15,279 DEBUG DefaultListableBeanFactory:504 - Finished creating instance of bean &apos;org.springframework.context.annotation.internalCommonAnnotationProcessor&apos;
17:41:15,279 DEBUG DefaultListableBeanFactory:219 - Creating shared instance of singleton bean &apos;org.springframework.aop.config.internalAutoProxyCreator&apos;
17:41:15,279 DEBUG DefaultListableBeanFactory:467 - Creating instance of bean &apos;org.springframework.aop.config.internalAutoProxyCreator&apos;
17:41:15,295 DEBUG DefaultListableBeanFactory:573 - Eagerly caching bean &apos;org.springframework.aop.config.internalAutoProxyCreator&apos; to allow for resolving potential circular references
17:41:15,310 DEBUG DefaultListableBeanFactory:504 - Finished creating instance of bean &apos;org.springframework.aop.config.internalAutoProxyCreator&apos;
17:41:15,310 DEBUG GenericApplicationContext:740 - Unable to locate MessageSource with name &apos;messageSource&apos;: using default [org.springframework.context.support.DelegatingMessageSource@2e570ded]
17:41:15,310 DEBUG GenericApplicationContext:764 - Unable to locate ApplicationEventMulticaster with name &apos;applicationEventMulticaster&apos;: using default [org.springframework.context.event.SimpleApplicationEventMulticaster@13df2a8c]
17:41:15,326 DEBUG DefaultListableBeanFactory:729 - Pre-instantiating singletons in org.springframework.beans.factory.support.DefaultListableBeanFactory@5b12b668: defining beans [customController,manufactureController,orderController,productController,taskController,workController,deviceCheckController,deviceController,deviceFaultController,deviceJsonController,deviceListController,deviceMaintainController,deviceTypeController,fileControl,formController,departmentController,employeeController,picControl,finalCountCheckController,finishmeasureController,processCountCheckController,processMeasureCheckController,unqualifyController,processController,technologyController,technologyPlanController,technologyRequirementController,processExample,technologyExample,technologyPlanExample,technologyRequirementExample,custom,manufactureServiceimp,orderServiceimp,productServiceimp,taskServiceimp,workServiceimp,deviceCheckServiceImpl,deviceFaultServiceImpl,deviceListServiceImpl,deviceMaintainServiceImpl,deviceTypeServiceImpl,departmentServiceimp,employeeServiceimp,finalCountCheckServiceImpl,finishmeasureServiceImpl,processCountCheckServiceImpl,processMeasureCheckServiceImpl,unqualifyServiceImpl,processServiceImpl,technologyPlanServiceImpl,technologyRequirementServiceImpl,technologyServiceImpl,org.springframework.context.annotation.internalConfigurationAnnotationProcessor,org.springframework.context.annotation.internalAutowiredAnnotationProcessor,org.springframework.context.annotation.internalRequiredAnnotationProcessor,org.springframework.context.annotation.internalCommonAnnotationProcessor,org.springframework.context.event.internalEventListenerProcessor,org.springframework.context.event.internalEventListenerFactory,mvcContentNegotiationManager,org.springframework.web.servlet.mvc.method.annotation.RequestMappingHandlerMapping,mvcCorsConfigurations,org.springframework.web.servlet.mvc.method.annotation.RequestMappingHandlerAdapter,mvcUriComponentsContributor,org.springframework.web.servlet.handler.MappedInterceptor#0,org.springframework.web.servlet.mvc.method.annotation.ExceptionHandlerExceptionResolver#0,org.springframework.web.servlet.mvc.annotation.ResponseStatusExceptionResolver#0,org.springframework.web.servlet.mvc.support.DefaultHandlerExceptionResolver#0,org.springframework.web.servlet.handler.BeanNameUrlHandlerMapping,org.springframework.web.servlet.mvc.HttpRequestHandlerAdapter,org.springframework.web.servlet.mvc.SimpleControllerHandlerAdapter,mvcHandlerMappingIntrospector,validator,viewResolver,multipartResolver,sqlSessionFactory,mapperScannerConfigurer,datasource,org.springframework.transaction.config.internalTransactionalEventListenerFactory,org.springframework.aop.config.internalAutoProxyCreator,org.springframework.transaction.annotation.AnnotationTransactionAttributeSource#0,org.springframework.transaction.interceptor.TransactionInterceptor#0,org.springframework.transaction.config.internalTransactionAdvisor,transactionManager,mvcResourceUrlProvider,org.springframework.web.servlet.handler.MappedInterceptor#1,mvcPathMatcher,mvcUrlPathHelper,org.springframework.web.servlet.resource.ResourceHttpRequestHandler#0,org.springframework.web.servlet.handler.SimpleUrlHandlerMapping#0,service,customMapper,manufactureMapper,orderMapper,productMapper,taskMapper,workMapper,device_checkMapper,device_faultMapper,device_maintainMapper,device_typeMapper,deviceMapper,departmentMapper,employeeMapper,finalCountCheckMapper,finalMeasuretCheckMapper,processCountCheckMapper,processMeasureCheckMapper,unqualifyApplyMapper,processMapper,technologyMapper,technologyPlanMapper,technologyRequirementMapper]; root of factory hierarchy
17:41:15,326 DEBUG DefaultListableBeanFactory:219 - Creating shared instance of singleton bean &apos;customController&apos;
17:41:15,326 DEBUG DefaultListableBeanFactory:467 - Creating instance of bean &apos;customController&apos;
17:41:15,342 DEBUG InjectionMetadata:74 - Registered injected element on class [com.cskaoyan.controller.designSchedule.CustomController]: AutowiredFieldElement for com.cskaoyan.service.designSchedule.CustomService com.cskaoyan.controller.designSchedule.CustomController.customService
17:41:15,342 DEBUG DefaultListableBeanFactory:573 - Eagerly caching bean &apos;customController&apos; to allow for resolving potential circular references
17:41:15,342 DEBUG InjectionMetadata:89 - Processing injected element of bean &apos;customController&apos;: AutowiredFieldElement for com.cskaoyan.service.designSchedule.CustomService com.cskaoyan.controller.designSchedule.CustomController.customService
17:41:15,342 DEBUG AnnotationUtils:1838 - Failed to meta-introspect annotation [interface org.springframework.beans.factory.annotation.Autowired]: java.lang.NullPointerException
17:41:15,357 DEBUG LogFactory:135 - Logging initialized using &apos;class org.apache.ibatis.logging.slf4j.Slf4jImpl&apos; adapter.
17:41:15,389 DEBUG DefaultListableBeanFactory:219 - Creating shared instance of singleton bean &apos;custom&apos;
17:41:15,389 DEBUG DefaultListableBeanFactory:467 - Creating instance of bean &apos;custom&apos;
17:41:15,404 DEBUG InjectionMetadata:74 - Registered injected element on class [com.cskaoyan.service.designSchedule.imp.CustomServiecimp]: AutowiredFieldElement for com.cskaoyan.dao.designSchedule.CustomMapper com.cskaoyan.service.designSchedule.imp.CustomServiecimp.customMapper
17:41:15,404 DEBUG DefaultListableBeanFactory:573 - Eagerly caching bean &apos;custom&apos; to allow for resolving potential circular references
17:41:15,404 DEBUG InjectionMetadata:89 - Processing injected element of bean &apos;custom&apos;: AutowiredFieldElement for com.cskaoyan.dao.designSchedule.CustomMapper com.cskaoyan.service.designSchedule.imp.CustomServiecimp.customMapper
17:41:15,404 DEBUG AnnotationUtils:1838 - Failed to meta-introspect annotation [interface org.springframework.beans.factory.annotation.Autowired]: java.lang.NullPointerException
17:41:15,404 DEBUG DefaultListableBeanFactory:219 - Creating shared instance of singleton bean &apos;customMapper&apos;
17:41:15,404 DEBUG DefaultListableBeanFactory:467 - Creating instance of bean &apos;customMapper&apos;
17:41:15,404 DEBUG DefaultListableBeanFactory:573 - Eagerly caching bean &apos;customMapper&apos; to allow for resolving potential circular references
17:41:15,420 DEBUG DefaultListableBeanFactory:219 - Creating shared instance of singleton bean &apos;sqlSessionFactory&apos;
17:41:15,420 DEBUG DefaultListableBeanFactory:467 - Creating instance of bean &apos;sqlSessionFactory&apos;
17:41:15,420 DEBUG DefaultListableBeanFactory:573 - Eagerly caching bean &apos;sqlSessionFactory&apos; to allow for resolving potential circular references
17:41:15,435 DEBUG DefaultListableBeanFactory:219 - Creating shared instance of singleton bean &apos;datasource&apos;
17:41:15,435 DEBUG DefaultListableBeanFactory:467 - Creating instance of bean &apos;datasource&apos;
17:41:15,482 DEBUG DefaultListableBeanFactory:573 - Eagerly caching bean &apos;datasource&apos; to allow for resolving potential circular references
17:41:15,576 DEBUG DefaultListableBeanFactory:219 - Creating shared instance of singleton bean &apos;org.springframework.transaction.config.internalTransactionAdvisor&apos;
17:41:15,576 DEBUG DefaultListableBeanFactory:467 - Creating instance of bean &apos;org.springframework.transaction.config.internalTransactionAdvisor&apos;
17:41:15,576 DEBUG DefaultListableBeanFactory:573 - Eagerly caching bean &apos;org.springframework.transaction.config.internalTransactionAdvisor&apos; to allow for resolving potential circular references
17:41:15,592 DEBUG DefaultListableBeanFactory:219 - Creating shared instance of singleton bean &apos;org.springframework.transaction.annotation.AnnotationTransactionAttributeSource#0&apos;
17:41:15,592 DEBUG DefaultListableBeanFactory:467 - Creating instance of bean &apos;org.springframework.transaction.annotation.AnnotationTransactionAttributeSource#0&apos;
17:41:15,592 DEBUG DefaultListableBeanFactory:573 - Eagerly caching bean &apos;org.springframework.transaction.annotation.AnnotationTransactionAttributeSource#0&apos; to allow for resolving potential circular references
17:41:15,592 DEBUG BeanFactoryAdvisorRetrievalHelper:89 - Skipping currently created advisor &apos;org.springframework.transaction.config.internalTransactionAdvisor&apos;
17:41:15,607 DEBUG DefaultListableBeanFactory:504 - Finished creating instance of bean &apos;org.springframework.transaction.annotation.AnnotationTransactionAttributeSource#0&apos;
17:41:15,607 DEBUG DefaultListableBeanFactory:504 - Finished creating instance of bean &apos;org.springframework.transaction.config.internalTransactionAdvisor&apos;
17:41:15,654 DEBUG DefaultListableBeanFactory:504 - Finished creating instance of bean &apos;datasource&apos;
17:41:15,670 DEBUG DefaultListableBeanFactory:1755 - Invoking afterPropertiesSet() on bean with name &apos;sqlSessionFactory&apos;
17:41:15,810 DEBUG VFS:109 - Class not found: org.jboss.vfs.VFS
17:41:15,810 DEBUG JBoss6VFS:142 - JBoss 6 VFS API is not available in this environment.
17:41:15,810 DEBUG VFS:109 - Class not found: org.jboss.vfs.VirtualFile
17:41:15,810 DEBUG VFS:70 - VFS implementation org.apache.ibatis.io.JBoss6VFS is not valid in this environment.
17:41:15,810 DEBUG VFS:84 - Using VFS adapter org.apache.ibatis.io.DefaultVFS
17:41:15,810 DEBUG DefaultVFS:222 - Find JAR URL: file:/C:/Users/DELL/IdeaProjects/Production_ERP/target/classes/com/cskaoyan/domain
17:41:15,810 DEBUG DefaultVFS:248 - Not a JAR: file:/C:/Users/DELL/IdeaProjects/Production_ERP/target/classes/com/cskaoyan/domain
17:41:15,873 DEBUG DefaultVFS:102 - Reader entry: designScheduleDomain
17:41:15,873 DEBUG DefaultVFS:102 - Reader entry: deviceManagement
17:41:15,873 DEBUG DefaultVFS:102 - Reader entry: person
17:41:15,873 DEBUG DefaultVFS:102 - Reader entry: qualifyMonitor
17:41:15,873 DEBUG DefaultVFS:102 - Reader entry: technologyMonitor
17:41:15,873 DEBUG DefaultVFS:113 - Listing file:/C:/Users/DELL/IdeaProjects/Production_ERP/target/classes/com/cskaoyan/domain
17:41:15,873 DEBUG DefaultVFS:222 - Find JAR URL: file:/C:/Users/DELL/IdeaProjects/Production_ERP/target/classes/com/cskaoyan/domain/designScheduleDomain
17:41:15,873 DEBUG DefaultVFS:248 - Not a JAR: file:/C:/Users/DELL/IdeaProjects/Production_ERP/target/classes/com/cskaoyan/domain/designScheduleDomain
17:41:15,873 DEBUG DefaultVFS:102 - Reader entry: Custom.class
17:41:15,888 DEBUG DefaultVFS:102 - Reader entry: Manufacture.class
17:41:15,888 DEBUG DefaultVFS:102 - Reader entry: ManufactureVo.class
17:41:15,888 DEBUG DefaultVFS:102 - Reader entry: Order.class
17:41:15,888 DEBUG DefaultVFS:102 - Reader entry: OrderVo.class
17:41:15,888 DEBUG DefaultVFS:102 - Reader entry: Product.class
17:41:15,888 DEBUG DefaultVFS:102 - Reader entry: Task.class
17:41:15,888 DEBUG DefaultVFS:102 - Reader entry: Work.class
17:41:15,888 DEBUG DefaultVFS:102 - Reader entry: WorkVo.class
17:41:15,888 DEBUG DefaultVFS:113 - Listing file:/C:/Users/DELL/IdeaProjects/Production_ERP/target/classes/com/cskaoyan/domain/designScheduleDomain
17:41:15,888 DEBUG DefaultVFS:222 - Find JAR URL: file:/C:/Users/DELL/IdeaProjects/Production_ERP/target/classes/com/cskaoyan/domain/designScheduleDomain/Custom.class
17:41:15,888 DEBUG DefaultVFS:248 - Not a JAR: file:/C:/Users/DELL/IdeaProjects/Production_ERP/target/classes/com/cskaoyan/domain/designScheduleDomain/Custom.class
17:41:15,888 DEBUG DefaultVFS:102 - Reader entry: ����&amp;#0;&amp;#0;&amp;#0;3&amp;#0;v
17:41:15,904 DEBUG DefaultVFS:222 - Find JAR URL: file:/C:/Users/DELL/IdeaProjects/Production_ERP/target/classes/com/cskaoyan/domain/designScheduleDomain/Manufacture.class
17:41:15,904 DEBUG DefaultVFS:248 - Not a JAR: file:/C:/Users/DELL/IdeaProjects/Production_ERP/target/classes/com/cskaoyan/domain/designScheduleDomain/Manufacture.class
17:41:15,904 DEBUG DefaultVFS:102 - Reader entry: ����&amp;#0;&amp;#0;&amp;#0;3&amp;#0;?
17:41:15,904 DEBUG DefaultVFS:222 - Find JAR URL: file:/C:/Users/DELL/IdeaProjects/Production_ERP/target/classes/com/cskaoyan/domain/designScheduleDomain/ManufactureVo.class
17:41:15,904 DEBUG DefaultVFS:248 - Not a JAR: file:/C:/Users/DELL/IdeaProjects/Production_ERP/target/classes/com/cskaoyan/domain/designScheduleDomain/ManufactureVo.class
17:41:15,904 DEBUG DefaultVFS:102 - Reader entry: ����&amp;#0;&amp;#0;&amp;#0;3&amp;#0; 
17:41:15,904 DEBUG DefaultVFS:222 - Find JAR URL: file:/C:/Users/DELL/IdeaProjects/Production_ERP/target/classes/com/cskaoyan/domain/designScheduleDomain/Order.class
17:41:15,904 DEBUG DefaultVFS:248 - Not a JAR: file:/C:/Users/DELL/IdeaProjects/Production_ERP/target/classes/com/cskaoyan/domain/designScheduleDomain/Order.class
17:41:15,904 DEBUG DefaultVFS:102 - Reader entry: ����&amp;#0;&amp;#0;&amp;#0;3&amp;#0;b
17:41:15,904 DEBUG DefaultVFS:222 - Find JAR URL: file:/C:/Users/DELL/IdeaProjects/Production_ERP/target/classes/com/cskaoyan/domain/designScheduleDomain/OrderVo.class
17:41:15,904 DEBUG DefaultVFS:248 - Not a JAR: file:/C:/Users/DELL/IdeaProjects/Production_ERP/target/classes/com/cskaoyan/domain/designScheduleDomain/OrderVo.class
17:41:15,904 DEBUG DefaultVFS:102 - Reader entry: ����&amp;#0;&amp;#0;&amp;#0;3&amp;#0; 
17:41:15,904 DEBUG DefaultVFS:222 - Find JAR URL: file:/C:/Users/DELL/IdeaProjects/Production_ERP/target/classes/com/cskaoyan/domain/designScheduleDomain/Product.class
17:41:15,904 DEBUG DefaultVFS:248 - Not a JAR: file:/C:/Users/DELL/IdeaProjects/Production_ERP/target/classes/com/cskaoyan/domain/designScheduleDomain/Product.class
17:41:15,920 DEBUG DefaultVFS:102 - Reader entry: ����&amp;#0;&amp;#0;&amp;#0;3&amp;#0;&gt;
17:41:15,920 DEBUG DefaultVFS:222 - Find JAR URL: file:/C:/Users/DELL/IdeaProjects/Production_ERP/target/classes/com/cskaoyan/domain/designScheduleDomain/Task.class
17:41:15,920 DEBUG DefaultVFS:248 - Not a JAR: file:/C:/Users/DELL/IdeaProjects/Production_ERP/target/classes/com/cskaoyan/domain/designScheduleDomain/Task.class
17:41:15,920 DEBUG DefaultVFS:102 - Reader entry: ����&amp;#0;&amp;#0;&amp;#0;3&amp;#0;:
17:41:15,920 DEBUG DefaultVFS:222 - Find JAR URL: file:/C:/Users/DELL/IdeaProjects/Production_ERP/target/classes/com/cskaoyan/domain/designScheduleDomain/Work.class
17:41:15,920 DEBUG DefaultVFS:248 - Not a JAR: file:/C:/Users/DELL/IdeaProjects/Production_ERP/target/classes/com/cskaoyan/domain/designScheduleDomain/Work.class
17:41:15,920 DEBUG DefaultVFS:102 - Reader entry: ����&amp;#0;&amp;#0;&amp;#0;3&amp;#0;&gt;
17:41:15,920 DEBUG DefaultVFS:222 - Find JAR URL: file:/C:/Users/DELL/IdeaProjects/Production_ERP/target/classes/com/cskaoyan/domain/designScheduleDomain/WorkVo.class
17:41:15,920 DEBUG DefaultVFS:248 - Not a JAR: file:/C:/Users/DELL/IdeaProjects/Production_ERP/target/classes/com/cskaoyan/domain/designScheduleDomain/WorkVo.class
17:41:15,920 DEBUG DefaultVFS:102 - Reader entry: ����&amp;#0;&amp;#0;&amp;#0;3&amp;#0;(
17:41:15,920 DEBUG DefaultVFS:222 - Find JAR URL: file:/C:/Users/DELL/IdeaProjects/Production_ERP/target/classes/com/cskaoyan/domain/deviceManagement
17:41:15,920 DEBUG DefaultVFS:248 - Not a JAR: file:/C:/Users/DELL/IdeaProjects/Production_ERP/target/classes/com/cskaoyan/domain/deviceManagement
17:41:15,920 DEBUG DefaultVFS:102 - Reader entry: Device_check.class
17:41:15,920 DEBUG DefaultVFS:102 - Reader entry: Device_fault.class
17:41:15,935 DEBUG DefaultVFS:102 - Reader entry: Device_maintain.class
17:41:15,935 DEBUG DefaultVFS:102 - Reader entry: Device_type.class
17:41:15,935 DEBUG DefaultVFS:102 - Reader entry: Device.class
17:41:15,935 DEBUG DefaultVFS:102 - Reader entry: vo
17:41:15,935 DEBUG DefaultVFS:113 - Listing file:/C:/Users/DELL/IdeaProjects/Production_ERP/target/classes/com/cskaoyan/domain/deviceManagement
17:41:15,935 DEBUG DefaultVFS:222 - Find JAR URL: file:/C:/Users/DELL/IdeaProjects/Production_ERP/target/classes/com/cskaoyan/domain/deviceManagement/Device_check.class
17:41:15,935 DEBUG DefaultVFS:248 - Not a JAR: file:/C:/Users/DELL/IdeaProjects/Production_ERP/target/classes/com/cskaoyan/domain/deviceManagement/Device_check.class
17:41:15,935 DEBUG DefaultVFS:102 - Reader entry: ����&amp;#0;&amp;#0;&amp;#0;3&amp;#0;@
17:41:15,935 DEBUG DefaultVFS:222 - Find JAR URL: file:/C:/Users/DELL/IdeaProjects/Production_ERP/target/classes/com/cskaoyan/domain/deviceManagement/Device_fault.class
17:41:15,935 DEBUG DefaultVFS:248 - Not a JAR: file:/C:/Users/DELL/IdeaProjects/Production_ERP/target/classes/com/cskaoyan/domain/deviceManagement/Device_fault.class
17:41:15,935 DEBUG DefaultVFS:102 - Reader entry: ����&amp;#0;&amp;#0;&amp;#0;3&amp;#0;@
17:41:15,951 DEBUG DefaultVFS:222 - Find JAR URL: file:/C:/Users/DELL/IdeaProjects/Production_ERP/target/classes/com/cskaoyan/domain/deviceManagement/Device_maintain.class
17:41:15,951 DEBUG DefaultVFS:248 - Not a JAR: file:/C:/Users/DELL/IdeaProjects/Production_ERP/target/classes/com/cskaoyan/domain/deviceManagement/Device_maintain.class
17:41:15,951 DEBUG DefaultVFS:102 - Reader entry: ����&amp;#0;&amp;#0;&amp;#0;3&amp;#0;H
17:41:15,951 DEBUG DefaultVFS:222 - Find JAR URL: file:/C:/Users/DELL/IdeaProjects/Production_ERP/target/classes/com/cskaoyan/domain/deviceManagement/Device_type.class
17:41:15,951 DEBUG DefaultVFS:248 - Not a JAR: file:/C:/Users/DELL/IdeaProjects/Production_ERP/target/classes/com/cskaoyan/domain/deviceManagement/Device_type.class
17:41:15,951 DEBUG DefaultVFS:102 - Reader entry: ����&amp;#0;&amp;#0;&amp;#0;3&amp;#0;M
17:41:15,951 DEBUG DefaultVFS:222 - Find JAR URL: file:/C:/Users/DELL/IdeaProjects/Production_ERP/target/classes/com/cskaoyan/domain/deviceManagement/Device.class
17:41:15,951 DEBUG DefaultVFS:248 - Not a JAR: file:/C:/Users/DELL/IdeaProjects/Production_ERP/target/classes/com/cskaoyan/domain/deviceManagement/Device.class
17:41:15,951 DEBUG DefaultVFS:102 - Reader entry: ����&amp;#0;&amp;#0;&amp;#0;3&amp;#0;?
17:41:15,951 DEBUG DefaultVFS:222 - Find JAR URL: file:/C:/Users/DELL/IdeaProjects/Production_ERP/target/classes/com/cskaoyan/domain/deviceManagement/vo
17:41:15,951 DEBUG DefaultVFS:248 - Not a JAR: file:/C:/Users/DELL/IdeaProjects/Production_ERP/target/classes/com/cskaoyan/domain/deviceManagement/vo
17:41:15,951 DEBUG DefaultVFS:102 - Reader entry: ChangeResult.class
17:41:15,967 DEBUG DefaultVFS:102 - Reader entry: Device_checkVo.class
17:41:15,967 DEBUG DefaultVFS:102 - Reader entry: Device_faultVo.class
17:41:15,967 DEBUG DefaultVFS:102 - Reader entry: Device_maintainVo.class
17:41:15,967 DEBUG DefaultVFS:102 - Reader entry: DeviceVo.class
17:41:15,967 DEBUG DefaultVFS:113 - Listing file:/C:/Users/DELL/IdeaProjects/Production_ERP/target/classes/com/cskaoyan/domain/deviceManagement/vo
17:41:15,967 DEBUG DefaultVFS:222 - Find JAR URL: file:/C:/Users/DELL/IdeaProjects/Production_ERP/target/classes/com/cskaoyan/domain/deviceManagement/vo/ChangeResult.class
17:41:15,967 DEBUG DefaultVFS:248 - Not a JAR: file:/C:/Users/DELL/IdeaProjects/Production_ERP/target/classes/com/cskaoyan/domain/deviceManagement/vo/ChangeResult.class
17:41:15,967 DEBUG DefaultVFS:102 - Reader entry: ����&amp;#0;&amp;#0;&amp;#0;3&amp;#0;#
17:41:15,967 DEBUG DefaultVFS:222 - Find JAR URL: file:/C:/Users/DELL/IdeaProjects/Production_ERP/target/classes/com/cskaoyan/domain/deviceManagement/vo/Device_checkVo.class
17:41:15,967 DEBUG DefaultVFS:248 - Not a JAR: file:/C:/Users/DELL/IdeaProjects/Production_ERP/target/classes/com/cskaoyan/domain/deviceManagement/vo/Device_checkVo.class
17:41:15,967 DEBUG DefaultVFS:102 - Reader entry: ����&amp;#0;&amp;#0;&amp;#0;3&amp;#0;%
17:41:15,967 DEBUG DefaultVFS:222 - Find JAR URL: file:/C:/Users/DELL/IdeaProjects/Production_ERP/target/classes/com/cskaoyan/domain/deviceManagement/vo/Device_faultVo.class
17:41:15,967 DEBUG DefaultVFS:248 - Not a JAR: file:/C:/Users/DELL/IdeaProjects/Production_ERP/target/classes/com/cskaoyan/domain/deviceManagement/vo/Device_faultVo.class
17:41:15,967 DEBUG DefaultVFS:102 - Reader entry: ����&amp;#0;&amp;#0;&amp;#0;3&amp;#0; 
17:41:15,967 DEBUG DefaultVFS:222 - Find JAR URL: file:/C:/Users/DELL/IdeaProjects/Production_ERP/target/classes/com/cskaoyan/domain/deviceManagement/vo/Device_maintainVo.class
17:41:15,967 DEBUG DefaultVFS:248 - Not a JAR: file:/C:/Users/DELL/IdeaProjects/Production_ERP/target/classes/com/cskaoyan/domain/deviceManagement/vo/Device_maintainVo.class
17:41:15,967 DEBUG DefaultVFS:102 - Reader entry: ����&amp;#0;&amp;#0;&amp;#0;3&amp;#0;&amp;#24;
17:41:15,967 DEBUG DefaultVFS:222 - Find JAR URL: file:/C:/Users/DELL/IdeaProjects/Production_ERP/target/classes/com/cskaoyan/domain/deviceManagement/vo/DeviceVo.class
17:41:15,967 DEBUG DefaultVFS:248 - Not a JAR: file:/C:/Users/DELL/IdeaProjects/Production_ERP/target/classes/com/cskaoyan/domain/deviceManagement/vo/DeviceVo.class
17:41:15,967 DEBUG DefaultVFS:102 - Reader entry: ����&amp;#0;&amp;#0;&amp;#0;3&amp;#0;6
17:41:15,967 DEBUG DefaultVFS:222 - Find JAR URL: file:/C:/Users/DELL/IdeaProjects/Production_ERP/target/classes/com/cskaoyan/domain/person
17:41:15,967 DEBUG DefaultVFS:248 - Not a JAR: file:/C:/Users/DELL/IdeaProjects/Production_ERP/target/classes/com/cskaoyan/domain/person
17:41:15,967 DEBUG DefaultVFS:102 - Reader entry: Department.class
17:41:15,967 DEBUG DefaultVFS:102 - Reader entry: Employee.class
17:41:15,982 DEBUG DefaultVFS:102 - Reader entry: EmployeeVo.class
17:41:15,982 DEBUG DefaultVFS:113 - Listing file:/C:/Users/DELL/IdeaProjects/Production_ERP/target/classes/com/cskaoyan/domain/person
17:41:15,982 DEBUG DefaultVFS:222 - Find JAR URL: file:/C:/Users/DELL/IdeaProjects/Production_ERP/target/classes/com/cskaoyan/domain/person/Department.class
17:41:15,982 DEBUG DefaultVFS:248 - Not a JAR: file:/C:/Users/DELL/IdeaProjects/Production_ERP/target/classes/com/cskaoyan/domain/person/Department.class
17:41:15,982 DEBUG DefaultVFS:102 - Reader entry: ����&amp;#0;&amp;#0;&amp;#0;3&amp;#0;.
17:41:15,982 DEBUG DefaultVFS:222 - Find JAR URL: file:/C:/Users/DELL/IdeaProjects/Production_ERP/target/classes/com/cskaoyan/domain/person/Employee.class
17:41:15,982 DEBUG DefaultVFS:248 - Not a JAR: file:/C:/Users/DELL/IdeaProjects/Production_ERP/target/classes/com/cskaoyan/domain/person/Employee.class
17:41:15,982 DEBUG DefaultVFS:102 - Reader entry: ����&amp;#0;&amp;#0;&amp;#0;3&amp;#0;o
17:41:15,982 DEBUG DefaultVFS:222 - Find JAR URL: file:/C:/Users/DELL/IdeaProjects/Production_ERP/target/classes/com/cskaoyan/domain/person/EmployeeVo.class
17:41:15,982 DEBUG DefaultVFS:248 - Not a JAR: file:/C:/Users/DELL/IdeaProjects/Production_ERP/target/classes/com/cskaoyan/domain/person/EmployeeVo.class
17:41:15,982 DEBUG DefaultVFS:102 - Reader entry: ����&amp;#0;&amp;#0;&amp;#0;3&amp;#0;&amp;#24;
17:41:15,982 DEBUG DefaultVFS:222 - Find JAR URL: file:/C:/Users/DELL/IdeaProjects/Production_ERP/target/classes/com/cskaoyan/domain/qualifyMonitor
17:41:15,982 DEBUG DefaultVFS:248 - Not a JAR: file:/C:/Users/DELL/IdeaProjects/Production_ERP/target/classes/com/cskaoyan/domain/qualifyMonitor
17:41:15,982 DEBUG DefaultVFS:102 - Reader entry: FinalCountCheck.class
17:41:15,982 DEBUG DefaultVFS:102 - Reader entry: FinalMeasuretCheck.class
17:41:15,982 DEBUG DefaultVFS:102 - Reader entry: ProcessCountCheck.class
17:41:15,982 DEBUG DefaultVFS:102 - Reader entry: ProcessMeasureCheck.class
17:41:15,982 DEBUG DefaultVFS:102 - Reader entry: UnqualifyApply.class
17:41:15,982 DEBUG DefaultVFS:113 - Listing file:/C:/Users/DELL/IdeaProjects/Production_ERP/target/classes/com/cskaoyan/domain/qualifyMonitor
17:41:15,982 DEBUG DefaultVFS:222 - Find JAR URL: file:/C:/Users/DELL/IdeaProjects/Production_ERP/target/classes/com/cskaoyan/domain/qualifyMonitor/FinalCountCheck.class
17:41:15,982 DEBUG DefaultVFS:248 - Not a JAR: file:/C:/Users/DELL/IdeaProjects/Production_ERP/target/classes/com/cskaoyan/domain/qualifyMonitor/FinalCountCheck.class
17:41:15,998 DEBUG DefaultVFS:102 - Reader entry: ����&amp;#0;&amp;#0;&amp;#0;3&amp;#0;?
17:41:15,998 DEBUG DefaultVFS:222 - Find JAR URL: file:/C:/Users/DELL/IdeaProjects/Production_ERP/target/classes/com/cskaoyan/domain/qualifyMonitor/FinalMeasuretCheck.class
17:41:15,998 DEBUG DefaultVFS:248 - Not a JAR: file:/C:/Users/DELL/IdeaProjects/Production_ERP/target/classes/com/cskaoyan/domain/qualifyMonitor/FinalMeasuretCheck.class
17:41:15,998 DEBUG DefaultVFS:102 - Reader entry: ����&amp;#0;&amp;#0;&amp;#0;3&amp;#0;o
17:41:15,998 DEBUG DefaultVFS:222 - Find JAR URL: file:/C:/Users/DELL/IdeaProjects/Production_ERP/target/classes/com/cskaoyan/domain/qualifyMonitor/ProcessCountCheck.class
17:41:15,998 DEBUG DefaultVFS:248 - Not a JAR: file:/C:/Users/DELL/IdeaProjects/Production_ERP/target/classes/com/cskaoyan/domain/qualifyMonitor/ProcessCountCheck.class
17:41:15,998 DEBUG DefaultVFS:102 - Reader entry: ����&amp;#0;&amp;#0;&amp;#0;3&amp;#0;?
17:41:15,998 DEBUG DefaultVFS:222 - Find JAR URL: file:/C:/Users/DELL/IdeaProjects/Production_ERP/target/classes/com/cskaoyan/domain/qualifyMonitor/ProcessMeasureCheck.class
17:41:15,998 DEBUG DefaultVFS:248 - Not a JAR: file:/C:/Users/DELL/IdeaProjects/Production_ERP/target/classes/com/cskaoyan/domain/qualifyMonitor/ProcessMeasureCheck.class
17:41:15,998 DEBUG DefaultVFS:102 - Reader entry: ����&amp;#0;&amp;#0;&amp;#0;3&amp;#0;q
17:41:15,998 DEBUG DefaultVFS:222 - Find JAR URL: file:/C:/Users/DELL/IdeaProjects/Production_ERP/target/classes/com/cskaoyan/domain/qualifyMonitor/UnqualifyApply.class
17:41:15,998 DEBUG DefaultVFS:248 - Not a JAR: file:/C:/Users/DELL/IdeaProjects/Production_ERP/target/classes/com/cskaoyan/domain/qualifyMonitor/UnqualifyApply.class
17:41:15,998 DEBUG DefaultVFS:102 - Reader entry: ����&amp;#0;&amp;#0;&amp;#0;3&amp;#0;?
17:41:15,998 DEBUG DefaultVFS:222 - Find JAR URL: file:/C:/Users/DELL/IdeaProjects/Production_ERP/target/classes/com/cskaoyan/domain/technologyMonitor
17:41:15,998 DEBUG DefaultVFS:248 - Not a JAR: file:/C:/Users/DELL/IdeaProjects/Production_ERP/target/classes/com/cskaoyan/domain/technologyMonitor
17:41:15,998 DEBUG DefaultVFS:102 - Reader entry: PageVO.class
17:41:15,998 DEBUG DefaultVFS:102 - Reader entry: Process.class
17:41:16,013 DEBUG DefaultVFS:102 - Reader entry: ProcessExample.class
17:41:16,013 DEBUG DefaultVFS:102 - Reader entry: ProcessExample$Criteria.class
17:41:16,013 DEBUG DefaultVFS:102 - Reader entry: ProcessExample$Criterion.class
17:41:16,013 DEBUG DefaultVFS:102 - Reader entry: ProcessExample$GeneratedCriteria.class
17:41:16,013 DEBUG DefaultVFS:102 - Reader entry: Technology.class
17:41:16,013 DEBUG DefaultVFS:102 - Reader entry: TechnologyExample.class
17:41:16,013 DEBUG DefaultVFS:102 - Reader entry: TechnologyExample$Criteria.class
17:41:16,013 DEBUG DefaultVFS:102 - Reader entry: TechnologyExample$Criterion.class
17:41:16,013 DEBUG DefaultVFS:102 - Reader entry: TechnologyExample$GeneratedCriteria.class
17:41:16,013 DEBUG DefaultVFS:102 - Reader entry: TechnologyPlan.class
17:41:16,013 DEBUG DefaultVFS:102 - Reader entry: TechnologyPlanExample.class
17:41:16,013 DEBUG DefaultVFS:102 - Reader entry: TechnologyPlanExample$Criteria.class
17:41:16,013 DEBUG DefaultVFS:102 - Reader entry: TechnologyPlanExample$Criterion.class
17:41:16,013 DEBUG DefaultVFS:102 - Reader entry: TechnologyPlanExample$GeneratedCriteria.class
17:41:16,013 DEBUG DefaultVFS:102 - Reader entry: TechnologyRequirement.class
17:41:16,013 DEBUG DefaultVFS:102 - Reader entry: TechnologyRequirementExample.class
17:41:16,013 DEBUG DefaultVFS:102 - Reader entry: TechnologyRequirementExample$Criteria.class
17:41:16,029 DEBUG DefaultVFS:102 - Reader entry: TechnologyRequirementExample$Criterion.class
17:41:16,029 DEBUG DefaultVFS:102 - Reader entry: TechnologyRequirementExample$GeneratedCriteria.class
17:41:16,029 DEBUG DefaultVFS:113 - Listing file:/C:/Users/DELL/IdeaProjects/Production_ERP/target/classes/com/cskaoyan/domain/technologyMonitor
17:41:16,029 DEBUG DefaultVFS:222 - Find JAR URL: file:/C:/Users/DELL/IdeaProjects/Production_ERP/target/classes/com/cskaoyan/domain/technologyMonitor/PageVO.class
17:41:16,029 DEBUG DefaultVFS:248 - Not a JAR: file:/C:/Users/DELL/IdeaProjects/Production_ERP/target/classes/com/cskaoyan/domain/technologyMonitor/PageVO.class
17:41:16,029 DEBUG DefaultVFS:102 - Reader entry: ����&amp;#0;&amp;#0;&amp;#0;3&amp;#0;&quot;
17:41:16,029 DEBUG DefaultVFS:222 - Find JAR URL: file:/C:/Users/DELL/IdeaProjects/Production_ERP/target/classes/com/cskaoyan/domain/technologyMonitor/Process.class
17:41:16,029 DEBUG DefaultVFS:248 - Not a JAR: file:/C:/Users/DELL/IdeaProjects/Production_ERP/target/classes/com/cskaoyan/domain/technologyMonitor/Process.class
17:41:16,029 DEBUG DefaultVFS:102 - Reader entry: ����&amp;#0;&amp;#0;&amp;#0;3&amp;#0;2
17:41:16,045 DEBUG DefaultVFS:222 - Find JAR URL: file:/C:/Users/DELL/IdeaProjects/Production_ERP/target/classes/com/cskaoyan/domain/technologyMonitor/ProcessExample.class
17:41:16,045 DEBUG DefaultVFS:248 - Not a JAR: file:/C:/Users/DELL/IdeaProjects/Production_ERP/target/classes/com/cskaoyan/domain/technologyMonitor/ProcessExample.class
17:41:16,045 DEBUG DefaultVFS:102 - Reader entry: ����&amp;#0;&amp;#0;&amp;#0;3&amp;#0;a	&amp;#0;&amp;#15;&amp;#0;K	&amp;#0;&amp;#15;&amp;#0;L
17:41:16,045 DEBUG DefaultVFS:222 - Find JAR URL: file:/C:/Users/DELL/IdeaProjects/Production_ERP/target/classes/com/cskaoyan/domain/technologyMonitor/ProcessExample$Criteria.class
17:41:16,045 DEBUG DefaultVFS:248 - Not a JAR: file:/C:/Users/DELL/IdeaProjects/Production_ERP/target/classes/com/cskaoyan/domain/technologyMonitor/ProcessExample$Criteria.class
17:41:16,045 DEBUG DefaultVFS:102 - Reader entry: ����&amp;#0;&amp;#0;&amp;#0;3&amp;#0;?
17:41:16,045 DEBUG DefaultVFS:222 - Find JAR URL: file:/C:/Users/DELL/IdeaProjects/Production_ERP/target/classes/com/cskaoyan/domain/technologyMonitor/ProcessExample$Criterion.class
17:41:16,045 DEBUG DefaultVFS:248 - Not a JAR: file:/C:/Users/DELL/IdeaProjects/Production_ERP/target/classes/com/cskaoyan/domain/technologyMonitor/ProcessExample$Criterion.class
17:41:16,045 DEBUG DefaultVFS:102 - Reader entry: ����&amp;#0;&amp;#0;&amp;#0;3&amp;#0;J	&amp;#0;
17:41:16,045 DEBUG DefaultVFS:222 - Find JAR URL: file:/C:/Users/DELL/IdeaProjects/Production_ERP/target/classes/com/cskaoyan/domain/technologyMonitor/ProcessExample$GeneratedCriteria.class
17:41:16,045 DEBUG DefaultVFS:248 - Not a JAR: file:/C:/Users/DELL/IdeaProjects/Production_ERP/target/classes/com/cskaoyan/domain/technologyMonitor/ProcessExample$GeneratedCriteria.class
17:41:16,045 DEBUG DefaultVFS:102 - Reader entry: ����&amp;#0;&amp;#0;&amp;#0;3&amp;#1;&amp;#20;
17:41:16,045 DEBUG DefaultVFS:222 - Find JAR URL: file:/C:/Users/DELL/IdeaProjects/Production_ERP/target/classes/com/cskaoyan/domain/technologyMonitor/Technology.class
17:41:16,045 DEBUG DefaultVFS:248 - Not a JAR: file:/C:/Users/DELL/IdeaProjects/Production_ERP/target/classes/com/cskaoyan/domain/technologyMonitor/Technology.class
17:41:16,045 DEBUG DefaultVFS:102 - Reader entry: ����&amp;#0;&amp;#0;&amp;#0;3&amp;#0;N
17:41:16,045 DEBUG DefaultVFS:222 - Find JAR URL: file:/C:/Users/DELL/IdeaProjects/Production_ERP/target/classes/com/cskaoyan/domain/technologyMonitor/TechnologyExample.class
17:41:16,045 DEBUG DefaultVFS:248 - Not a JAR: file:/C:/Users/DELL/IdeaProjects/Production_ERP/target/classes/com/cskaoyan/domain/technologyMonitor/TechnologyExample.class
17:41:16,045 DEBUG DefaultVFS:102 - Reader entry: ����&amp;#0;&amp;#0;&amp;#0;3&amp;#0;a	&amp;#0;&amp;#15;&amp;#0;K	&amp;#0;&amp;#15;&amp;#0;L
17:41:16,045 DEBUG DefaultVFS:222 - Find JAR URL: file:/C:/Users/DELL/IdeaProjects/Production_ERP/target/classes/com/cskaoyan/domain/technologyMonitor/TechnologyExample$Criteria.class
17:41:16,045 DEBUG DefaultVFS:248 - Not a JAR: file:/C:/Users/DELL/IdeaProjects/Production_ERP/target/classes/com/cskaoyan/domain/technologyMonitor/TechnologyExample$Criteria.class
17:41:16,045 DEBUG DefaultVFS:102 - Reader entry: ����&amp;#0;&amp;#0;&amp;#0;3&amp;#1;~
17:41:16,045 DEBUG DefaultVFS:222 - Find JAR URL: file:/C:/Users/DELL/IdeaProjects/Production_ERP/target/classes/com/cskaoyan/domain/technologyMonitor/TechnologyExample$Criterion.class
17:41:16,060 DEBUG DefaultVFS:248 - Not a JAR: file:/C:/Users/DELL/IdeaProjects/Production_ERP/target/classes/com/cskaoyan/domain/technologyMonitor/TechnologyExample$Criterion.class
17:41:16,060 DEBUG DefaultVFS:102 - Reader entry: ����&amp;#0;&amp;#0;&amp;#0;3&amp;#0;J	&amp;#0;
17:41:16,060 DEBUG DefaultVFS:222 - Find JAR URL: file:/C:/Users/DELL/IdeaProjects/Production_ERP/target/classes/com/cskaoyan/domain/technologyMonitor/TechnologyExample$GeneratedCriteria.class
17:41:16,060 DEBUG DefaultVFS:248 - Not a JAR: file:/C:/Users/DELL/IdeaProjects/Production_ERP/target/classes/com/cskaoyan/domain/technologyMonitor/TechnologyExample$GeneratedCriteria.class
17:41:16,060 DEBUG DefaultVFS:102 - Reader entry: ����&amp;#0;&amp;#0;&amp;#0;3&amp;#1;?
17:41:16,060 DEBUG DefaultVFS:222 - Find JAR URL: file:/C:/Users/DELL/IdeaProjects/Production_ERP/target/classes/com/cskaoyan/domain/technologyMonitor/TechnologyPlan.class
17:41:16,060 DEBUG DefaultVFS:248 - Not a JAR: file:/C:/Users/DELL/IdeaProjects/Production_ERP/target/classes/com/cskaoyan/domain/technologyMonitor/TechnologyPlan.class
17:41:16,060 DEBUG DefaultVFS:102 - Reader entry: ����&amp;#0;&amp;#0;&amp;#0;3&amp;#0;R
17:41:16,060 DEBUG DefaultVFS:222 - Find JAR URL: file:/C:/Users/DELL/IdeaProjects/Production_ERP/target/classes/com/cskaoyan/domain/technologyMonitor/TechnologyPlanExample.class
17:41:16,060 DEBUG DefaultVFS:248 - Not a JAR: file:/C:/Users/DELL/IdeaProjects/Production_ERP/target/classes/com/cskaoyan/domain/technologyMonitor/TechnologyPlanExample.class
17:41:16,060 DEBUG DefaultVFS:102 - Reader entry: ����&amp;#0;&amp;#0;&amp;#0;3&amp;#0;k	&amp;#0;&amp;#17;&amp;#0;S	&amp;#0;&amp;#17;&amp;#0;T	&amp;#0;&amp;#17;&amp;#0;U	&amp;#0;&amp;#17;&amp;#0;V
17:41:16,060 DEBUG DefaultVFS:222 - Find JAR URL: file:/C:/Users/DELL/IdeaProjects/Production_ERP/target/classes/com/cskaoyan/domain/technologyMonitor/TechnologyPlanExample$Criteria.class
17:41:16,060 DEBUG DefaultVFS:248 - Not a JAR: file:/C:/Users/DELL/IdeaProjects/Production_ERP/target/classes/com/cskaoyan/domain/technologyMonitor/TechnologyPlanExample$Criteria.class
17:41:16,060 DEBUG DefaultVFS:102 - Reader entry: ����&amp;#0;&amp;#0;&amp;#0;3&amp;#1;T
17:41:16,060 DEBUG DefaultVFS:222 - Find JAR URL: file:/C:/Users/DELL/IdeaProjects/Production_ERP/target/classes/com/cskaoyan/domain/technologyMonitor/TechnologyPlanExample$Criterion.class
17:41:16,060 DEBUG DefaultVFS:248 - Not a JAR: file:/C:/Users/DELL/IdeaProjects/Production_ERP/target/classes/com/cskaoyan/domain/technologyMonitor/TechnologyPlanExample$Criterion.class
17:41:16,060 DEBUG DefaultVFS:102 - Reader entry: ����&amp;#0;&amp;#0;&amp;#0;3&amp;#0;J	&amp;#0;
17:41:16,060 DEBUG DefaultVFS:222 - Find JAR URL: file:/C:/Users/DELL/IdeaProjects/Production_ERP/target/classes/com/cskaoyan/domain/technologyMonitor/TechnologyPlanExample$GeneratedCriteria.class
17:41:16,060 DEBUG DefaultVFS:248 - Not a JAR: file:/C:/Users/DELL/IdeaProjects/Production_ERP/target/classes/com/cskaoyan/domain/technologyMonitor/TechnologyPlanExample$GeneratedCriteria.class
17:41:16,076 DEBUG DefaultVFS:102 - Reader entry: ����&amp;#0;&amp;#0;&amp;#0;3&amp;#1;?
17:41:16,076 DEBUG DefaultVFS:222 - Find JAR URL: file:/C:/Users/DELL/IdeaProjects/Production_ERP/target/classes/com/cskaoyan/domain/technologyMonitor/TechnologyRequirement.class
17:41:16,076 DEBUG DefaultVFS:248 - Not a JAR: file:/C:/Users/DELL/IdeaProjects/Production_ERP/target/classes/com/cskaoyan/domain/technologyMonitor/TechnologyRequirement.class
17:41:16,076 DEBUG DefaultVFS:102 - Reader entry: ����&amp;#0;&amp;#0;&amp;#0;3&amp;#0;@
17:41:16,076 DEBUG DefaultVFS:222 - Find JAR URL: file:/C:/Users/DELL/IdeaProjects/Production_ERP/target/classes/com/cskaoyan/domain/technologyMonitor/TechnologyRequirementExample.class
17:41:16,076 DEBUG DefaultVFS:248 - Not a JAR: file:/C:/Users/DELL/IdeaProjects/Production_ERP/target/classes/com/cskaoyan/domain/technologyMonitor/TechnologyRequirementExample.class
17:41:16,076 DEBUG DefaultVFS:102 - Reader entry: ����&amp;#0;&amp;#0;&amp;#0;3&amp;#0;k	&amp;#0;&amp;#17;&amp;#0;S	&amp;#0;&amp;#17;&amp;#0;T	&amp;#0;&amp;#17;&amp;#0;U	&amp;#0;&amp;#17;&amp;#0;V
17:41:16,091 DEBUG DefaultVFS:222 - Find JAR URL: file:/C:/Users/DELL/IdeaProjects/Production_ERP/target/classes/com/cskaoyan/domain/technologyMonitor/TechnologyRequirementExample$Criteria.class
17:41:16,091 DEBUG DefaultVFS:248 - Not a JAR: file:/C:/Users/DELL/IdeaProjects/Production_ERP/target/classes/com/cskaoyan/domain/technologyMonitor/TechnologyRequirementExample$Criteria.class
17:41:16,091 DEBUG DefaultVFS:102 - Reader entry: ����&amp;#0;&amp;#0;&amp;#0;3&amp;#0;?
17:41:16,091 DEBUG DefaultVFS:222 - Find JAR URL: file:/C:/Users/DELL/IdeaProjects/Production_ERP/target/classes/com/cskaoyan/domain/technologyMonitor/TechnologyRequirementExample$Criterion.class
17:41:16,091 DEBUG DefaultVFS:248 - Not a JAR: file:/C:/Users/DELL/IdeaProjects/Production_ERP/target/classes/com/cskaoyan/domain/technologyMonitor/TechnologyRequirementExample$Criterion.class
17:41:16,091 DEBUG DefaultVFS:102 - Reader entry: ����&amp;#0;&amp;#0;&amp;#0;3&amp;#0;J	&amp;#0;
17:41:16,091 DEBUG DefaultVFS:222 - Find JAR URL: file:/C:/Users/DELL/IdeaProjects/Production_ERP/target/classes/com/cskaoyan/domain/technologyMonitor/TechnologyRequirementExample$GeneratedCriteria.class
17:41:16,091 DEBUG DefaultVFS:248 - Not a JAR: file:/C:/Users/DELL/IdeaProjects/Production_ERP/target/classes/com/cskaoyan/domain/technologyMonitor/TechnologyRequirementExample$GeneratedCriteria.class
17:41:16,091 DEBUG DefaultVFS:102 - Reader entry: ����&amp;#0;&amp;#0;&amp;#0;3&amp;#1;@
17:41:16,091 DEBUG ResolverUtil:256 - Checking to see if class com.cskaoyan.domain.designScheduleDomain.Custom matches criteria [is assignable to Object]
17:41:16,107 DEBUG ResolverUtil:256 - Checking to see if class com.cskaoyan.domain.designScheduleDomain.Manufacture matches criteria [is assignable to Object]
17:41:16,107 DEBUG ResolverUtil:256 - Checking to see if class com.cskaoyan.domain.designScheduleDomain.ManufactureVo matches criteria [is assignable to Object]
17:41:16,107 DEBUG ResolverUtil:256 - Checking to see if class com.cskaoyan.domain.designScheduleDomain.Order matches criteria [is assignable to Object]
17:41:16,107 DEBUG ResolverUtil:256 - Checking to see if class com.cskaoyan.domain.designScheduleDomain.OrderVo matches criteria [is assignable to Object]
17:41:16,107 DEBUG ResolverUtil:256 - Checking to see if class com.cskaoyan.domain.designScheduleDomain.Product matches criteria [is assignable to Object]
17:41:16,107 DEBUG ResolverUtil:256 - Checking to see if class com.cskaoyan.domain.designScheduleDomain.Task matches criteria [is assignable to Object]
17:41:16,107 DEBUG ResolverUtil:256 - Checking to see if class com.cskaoyan.domain.designScheduleDomain.Work matches criteria [is assignable to Object]
17:41:16,107 DEBUG ResolverUtil:256 - Checking to see if class com.cskaoyan.domain.designScheduleDomain.WorkVo matches criteria [is assignable to Object]
17:41:16,107 DEBUG ResolverUtil:256 - Checking to see if class com.cskaoyan.domain.deviceManagement.Device_check matches criteria [is assignable to Object]
17:41:16,123 DEBUG ResolverUtil:256 - Checking to see if class com.cskaoyan.domain.deviceManagement.Device_fault matches criteria [is assignable to Object]
17:41:16,123 DEBUG ResolverUtil:256 - Checking to see if class com.cskaoyan.domain.deviceManagement.Device_maintain matches criteria [is assignable to Object]
17:41:16,123 DEBUG ResolverUtil:256 - Checking to see if class com.cskaoyan.domain.deviceManagement.Device_type matches criteria [is assignable to Object]
17:41:16,123 DEBUG ResolverUtil:256 - Checking to see if class com.cskaoyan.domain.deviceManagement.Device matches criteria [is assignable to Object]
17:41:16,123 DEBUG ResolverUtil:256 - Checking to see if class com.cskaoyan.domain.deviceManagement.vo.ChangeResult matches criteria [is assignable to Object]
17:41:16,123 DEBUG ResolverUtil:256 - Checking to see if class com.cskaoyan.domain.deviceManagement.vo.Device_checkVo matches criteria [is assignable to Object]
17:41:16,123 DEBUG ResolverUtil:256 - Checking to see if class com.cskaoyan.domain.deviceManagement.vo.Device_faultVo matches criteria [is assignable to Object]
17:41:16,123 DEBUG ResolverUtil:256 - Checking to see if class com.cskaoyan.domain.deviceManagement.vo.Device_maintainVo matches criteria [is assignable to Object]
17:41:16,123 DEBUG ResolverUtil:256 - Checking to see if class com.cskaoyan.domain.deviceManagement.vo.DeviceVo matches criteria [is assignable to Object]
17:41:16,123 DEBUG ResolverUtil:256 - Checking to see if class com.cskaoyan.domain.person.Department matches criteria [is assignable to Object]
17:41:16,123 DEBUG ResolverUtil:256 - Checking to see if class com.cskaoyan.domain.person.Employee matches criteria [is assignable to Object]
17:41:16,123 DEBUG ResolverUtil:256 - Checking to see if class com.cskaoyan.domain.person.EmployeeVo matches criteria [is assignable to Object]
17:41:16,123 DEBUG ResolverUtil:256 - Checking to see if class com.cskaoyan.domain.qualifyMonitor.FinalCountCheck matches criteria [is assignable to Object]
17:41:16,123 DEBUG ResolverUtil:256 - Checking to see if class com.cskaoyan.domain.qualifyMonitor.FinalMeasuretCheck matches criteria [is assignable to Object]
17:41:16,123 DEBUG ResolverUtil:256 - Checking to see if class com.cskaoyan.domain.qualifyMonitor.ProcessCountCheck matches criteria [is assignable to Object]
17:41:16,123 DEBUG ResolverUtil:256 - Checking to see if class com.cskaoyan.domain.qualifyMonitor.ProcessMeasureCheck matches criteria [is assignable to Object]
17:41:16,138 DEBUG ResolverUtil:256 - Checking to see if class com.cskaoyan.domain.qualifyMonitor.UnqualifyApply matches criteria [is assignable to Object]
17:41:16,138 DEBUG ResolverUtil:256 - Checking to see if class com.cskaoyan.domain.technologyMonitor.PageVO matches criteria [is assignable to Object]
17:41:16,138 DEBUG ResolverUtil:256 - Checking to see if class com.cskaoyan.domain.technologyMonitor.Process matches criteria [is assignable to Object]
17:41:16,138 DEBUG ResolverUtil:256 - Checking to see if class com.cskaoyan.domain.technologyMonitor.ProcessExample matches criteria [is assignable to Object]
17:41:16,138 DEBUG ResolverUtil:256 - Checking to see if class com.cskaoyan.domain.technologyMonitor.ProcessExample$Criteria matches criteria [is assignable to Object]
17:41:16,138 DEBUG ResolverUtil:256 - Checking to see if class com.cskaoyan.domain.technologyMonitor.ProcessExample$Criterion matches criteria [is assignable to Object]
17:41:16,138 DEBUG ResolverUtil:256 - Checking to see if class com.cskaoyan.domain.technologyMonitor.ProcessExample$GeneratedCriteria matches criteria [is assignable to Object]
17:41:16,138 DEBUG ResolverUtil:256 - Checking to see if class com.cskaoyan.domain.technologyMonitor.Technology matches criteria [is assignable to Object]
17:41:16,138 DEBUG ResolverUtil:256 - Checking to see if class com.cskaoyan.domain.technologyMonitor.TechnologyExample matches criteria [is assignable to Object]
17:41:16,138 DEBUG ResolverUtil:256 - Checking to see if class com.cskaoyan.domain.technologyMonitor.TechnologyExample$Criteria matches criteria [is assignable to Object]
17:41:16,138 DEBUG ResolverUtil:256 - Checking to see if class com.cskaoyan.domain.technologyMonitor.TechnologyExample$Criterion matches criteria [is assignable to Object]
17:41:16,138 DEBUG ResolverUtil:256 - Checking to see if class com.cskaoyan.domain.technologyMonitor.TechnologyExample$GeneratedCriteria matches criteria [is assignable to Object]
17:41:16,138 DEBUG ResolverUtil:256 - Checking to see if class com.cskaoyan.domain.technologyMonitor.TechnologyPlan matches criteria [is assignable to Object]
17:41:16,138 DEBUG ResolverUtil:256 - Checking to see if class com.cskaoyan.domain.technologyMonitor.TechnologyPlanExample matches criteria [is assignable to Object]
17:41:16,138 DEBUG ResolverUtil:256 - Checking to see if class com.cskaoyan.domain.technologyMonitor.TechnologyPlanExample$Criteria matches criteria [is assignable to Object]
17:41:16,138 DEBUG ResolverUtil:256 - Checking to see if class com.cskaoyan.domain.technologyMonitor.TechnologyPlanExample$Criterion matches criteria [is assignable to Object]
17:41:16,138 DEBUG ResolverUtil:256 - Checking to see if class com.cskaoyan.domain.technologyMonitor.TechnologyPlanExample$GeneratedCriteria matches criteria [is assignable to Object]
17:41:16,138 DEBUG ResolverUtil:256 - Checking to see if class com.cskaoyan.domain.technologyMonitor.TechnologyRequirement matches criteria [is assignable to Object]
17:41:16,154 DEBUG ResolverUtil:256 - Checking to see if class com.cskaoyan.domain.technologyMonitor.TechnologyRequirementExample matches criteria [is assignable to Object]
17:41:16,154 DEBUG ResolverUtil:256 - Checking to see if class com.cskaoyan.domain.technologyMonitor.TechnologyRequirementExample$Criteria matches criteria [is assignable to Object]
17:41:16,154 DEBUG ResolverUtil:256 - Checking to see if class com.cskaoyan.domain.technologyMonitor.TechnologyRequirementExample$Criterion matches criteria [is assignable to Object]
17:41:16,154 DEBUG ResolverUtil:256 - Checking to see if class com.cskaoyan.domain.technologyMonitor.TechnologyRequirementExample$GeneratedCriteria matches criteria [is assignable to Object]
17:41:16,185 DEBUG DefaultVFS:222 - Find JAR URL: file:/C:/Users/DELL/IdeaProjects/Production_ERP/target/classes/com/cskaoyan/dao
17:41:16,185 DEBUG DefaultVFS:248 - Not a JAR: file:/C:/Users/DELL/IdeaProjects/Production_ERP/target/classes/com/cskaoyan/dao
17:41:16,185 DEBUG DefaultVFS:102 - Reader entry: designSchedule
17:41:16,185 DEBUG DefaultVFS:102 - Reader entry: deviceManagement
17:41:16,185 DEBUG DefaultVFS:102 - Reader entry: person
17:41:16,185 DEBUG DefaultVFS:102 - Reader entry: qualifyMonitor
17:41:16,185 DEBUG DefaultVFS:102 - Reader entry: technologyMonitor
17:41:16,185 DEBUG DefaultVFS:113 - Listing file:/C:/Users/DELL/IdeaProjects/Production_ERP/target/classes/com/cskaoyan/dao
17:41:16,185 DEBUG DefaultVFS:222 - Find JAR URL: file:/C:/Users/DELL/IdeaProjects/Production_ERP/target/classes/com/cskaoyan/dao/designSchedule
17:41:16,185 DEBUG DefaultVFS:248 - Not a JAR: file:/C:/Users/DELL/IdeaProjects/Production_ERP/target/classes/com/cskaoyan/dao/designSchedule
17:41:16,185 DEBUG DefaultVFS:102 - Reader entry: CustomMapper.class
17:41:16,185 DEBUG DefaultVFS:102 - Reader entry: CustomMapper.xml
17:41:16,185 DEBUG DefaultVFS:102 - Reader entry: ManufactureMapper.class
17:41:16,201 DEBUG DefaultVFS:102 - Reader entry: ManufactureMapper.xml
17:41:16,201 DEBUG DefaultVFS:102 - Reader entry: OrderMapper.class
17:41:16,201 DEBUG DefaultVFS:102 - Reader entry: OrderMapper.xml
17:41:16,201 DEBUG DefaultVFS:102 - Reader entry: ProductMapper.class
17:41:16,201 DEBUG DefaultVFS:102 - Reader entry: ProductMapper.xml
17:41:16,201 DEBUG DefaultVFS:102 - Reader entry: TaskMapper.class
17:41:16,201 DEBUG DefaultVFS:102 - Reader entry: TaskMapper.xml
17:41:16,201 DEBUG DefaultVFS:102 - Reader entry: WorkMapper.class
17:41:16,201 DEBUG DefaultVFS:102 - Reader entry: WorkMapper.xml
17:41:16,201 DEBUG DefaultVFS:113 - Listing file:/C:/Users/DELL/IdeaProjects/Production_ERP/target/classes/com/cskaoyan/dao/designSchedule
17:41:16,201 DEBUG DefaultVFS:222 - Find JAR URL: file:/C:/Users/DELL/IdeaProjects/Production_ERP/target/classes/com/cskaoyan/dao/designSchedule/CustomMapper.class
17:41:16,201 DEBUG DefaultVFS:248 - Not a JAR: file:/C:/Users/DELL/IdeaProjects/Production_ERP/target/classes/com/cskaoyan/dao/designSchedule/CustomMapper.class
17:41:16,201 DEBUG DefaultVFS:102 - Reader entry: ����&amp;#0;&amp;#0;&amp;#0;3&amp;#0; &amp;#7;&amp;#0;&amp;#30;&amp;#7;&amp;#0;&amp;#31;&amp;#1;&amp;#0;&amp;#18;deleteByPrimaryKey&amp;#1;&amp;#0;&amp;#21;(Ljava/lang/String;)I&amp;#1;&amp;#0;&amp;#6;insert&amp;#1;&amp;#0;4(Lcom/cskaoyan/domain/designScheduleDomain/Custom;)I&amp;#1;&amp;#0;&amp;#15;insertSelective&amp;#1;&amp;#0;&amp;#18;selectByPrimaryKey&amp;#1;&amp;#0;E(Ljava/lang/String;)Lcom/cskaoyan/domain/designScheduleDomain/Custom;&amp;#1;&amp;#0;&amp;#27;updateByPrimaryKeySelective&amp;#1;&amp;#0;&amp;#18;updateByPrimaryKey&amp;#1;&amp;#0;&amp;#7;findall&amp;#1;&amp;#0;&amp;#18;()Ljava/util/List;&amp;#1;&amp;#0;	Signature&amp;#1;&amp;#0;E()Ljava/util/List&lt;Lcom/cskaoyan/domain/designScheduleDomain/Custom;&gt;;&amp;#1;&amp;#0;&amp;#5;count&amp;#1;&amp;#0;&amp;#18;(Ljava/util/Map;)I&amp;#1;&amp;#0;&quot;RuntimeVisibleParameterAnnotations&amp;#1;&amp;#0;%Lorg/apache/ibatis/annotations/Param;&amp;#1;&amp;#0;&amp;#5;value&amp;#1;&amp;#0;&amp;#6;search&amp;#1;&amp;#0;&amp;#12;selectByPage&amp;#1;&amp;#0;G(Ljava/lang/Integer;Ljava/lang/Integer;Ljava/util/Map;)Ljava/util/List;&amp;#1;&amp;#0;z(Ljava/lang/Integer;Ljava/lang/Integer;Ljava/util/Map;)Ljava/util/List&lt;Lcom/cskaoyan/domain/designScheduleDomain/Custom;&gt;;&amp;#1;&amp;#0;&amp;#6;param1&amp;#1;&amp;#0;&amp;#6;param2&amp;#1;&amp;#0;&amp;#6;param3&amp;#1;&amp;#0;
17:41:16,201 DEBUG DefaultVFS:222 - Find JAR URL: file:/C:/Users/DELL/IdeaProjects/Production_ERP/target/classes/com/cskaoyan/dao/designSchedule/CustomMapper.xml
17:41:16,201 DEBUG DefaultVFS:248 - Not a JAR: file:/C:/Users/DELL/IdeaProjects/Production_ERP/target/classes/com/cskaoyan/dao/designSchedule/CustomMapper.xml
17:41:16,201 DEBUG DefaultVFS:102 - Reader entry: &lt;?xml version=&quot;1.0&quot; encoding=&quot;UTF-8&quot;?&gt;
17:41:16,201 DEBUG DefaultVFS:222 - Find JAR URL: file:/C:/Users/DELL/IdeaProjects/Production_ERP/target/classes/com/cskaoyan/dao/designSchedule/ManufactureMapper.class
17:41:16,201 DEBUG DefaultVFS:248 - Not a JAR: file:/C:/Users/DELL/IdeaProjects/Production_ERP/target/classes/com/cskaoyan/dao/designSchedule/ManufactureMapper.class
17:41:16,201 DEBUG DefaultVFS:102 - Reader entry: ����&amp;#0;&amp;#0;&amp;#0;3&amp;#0;&amp;#29;&amp;#7;&amp;#0;&amp;#27;&amp;#7;&amp;#0;&amp;#28;&amp;#1;&amp;#0;&amp;#18;deleteByPrimaryKey&amp;#1;&amp;#0;&amp;#21;(Ljava/lang/String;)I&amp;#1;&amp;#0;&amp;#6;insert&amp;#1;&amp;#0;9(Lcom/cskaoyan/domain/designScheduleDomain/Manufacture;)I&amp;#1;&amp;#0;&amp;#15;insertSelective&amp;#1;&amp;#0;&amp;#18;selectByPrimaryKey&amp;#1;&amp;#0;J(Ljava/lang/String;)Lcom/cskaoyan/domain/designScheduleDomain/Manufacture;&amp;#1;&amp;#0;&amp;#27;updateByPrimaryKeySelective&amp;#1;&amp;#0;&amp;#18;updateByPrimaryKey&amp;#1;&amp;#0;&amp;#12;selectByPage&amp;#1;&amp;#0;&amp;(IILjava/lang/Object;)Ljava/util/List;&amp;#1;&amp;#0;	Signature&amp;#1;&amp;#0;`(IILjava/lang/Object;)Ljava/util/List&lt;Lcom/cskaoyan/domain/designScheduleDomain/ManufactureVo;&gt;;&amp;#1;&amp;#0;&amp;#5;count&amp;#1;&amp;#0;&amp;#21;(Ljava/lang/Object;)I&amp;#1;&amp;#0;&quot;RuntimeVisibleParameterAnnotations&amp;#1;&amp;#0;%Lorg/apache/ibatis/annotations/Param;&amp;#1;&amp;#0;&amp;#5;value&amp;#1;&amp;#0;&amp;#6;param3&amp;#1;&amp;#0;&amp;#7;findAll&amp;#1;&amp;#0;&amp;#18;()Ljava/util/List;&amp;#1;&amp;#0;J()Ljava/util/List&lt;Lcom/cskaoyan/domain/designScheduleDomain/Manufacture;&gt;;&amp;#1;&amp;#0;
17:41:16,201 DEBUG DefaultVFS:222 - Find JAR URL: file:/C:/Users/DELL/IdeaProjects/Production_ERP/target/classes/com/cskaoyan/dao/designSchedule/ManufactureMapper.xml
17:41:16,201 DEBUG DefaultVFS:248 - Not a JAR: file:/C:/Users/DELL/IdeaProjects/Production_ERP/target/classes/com/cskaoyan/dao/designSchedule/ManufactureMapper.xml
17:41:16,201 DEBUG DefaultVFS:102 - Reader entry: &lt;?xml version=&quot;1.0&quot; encoding=&quot;UTF-8&quot;?&gt;
17:41:16,201 DEBUG DefaultVFS:222 - Find JAR URL: file:/C:/Users/DELL/IdeaProjects/Production_ERP/target/classes/com/cskaoyan/dao/designSchedule/OrderMapper.class
17:41:16,201 DEBUG DefaultVFS:248 - Not a JAR: file:/C:/Users/DELL/IdeaProjects/Production_ERP/target/classes/com/cskaoyan/dao/designSchedule/OrderMapper.class
17:41:16,201 DEBUG DefaultVFS:102 - Reader entry: ����&amp;#0;&amp;#0;&amp;#0;3&amp;#0;&amp;#29;&amp;#7;&amp;#0;&amp;#27;&amp;#7;&amp;#0;&amp;#28;&amp;#1;&amp;#0;&amp;#18;deleteByPrimaryKey&amp;#1;&amp;#0;&amp;#21;(Ljava/lang/String;)I&amp;#1;&amp;#0;&amp;#6;insert&amp;#1;&amp;#0;3(Lcom/cskaoyan/domain/designScheduleDomain/Order;)I&amp;#1;&amp;#0;&amp;#15;insertSelective&amp;#1;&amp;#0;&amp;#18;selectByPrimaryKey&amp;#1;&amp;#0;D(Ljava/lang/String;)Lcom/cskaoyan/domain/designScheduleDomain/Order;&amp;#1;&amp;#0;&amp;#27;updateByPrimaryKeySelective&amp;#1;&amp;#0;&amp;#18;updateByPrimaryKey&amp;#1;&amp;#0;&amp;#12;selectByPage&amp;#1;&amp;#0;5(ILjava/lang/Integer;Ljava/util/Map;)Ljava/util/List;&amp;#1;&amp;#0;	Signature&amp;#1;&amp;#0;i(ILjava/lang/Integer;Ljava/util/Map;)Ljava/util/List&lt;Lcom/cskaoyan/domain/designScheduleDomain/OrderVo;&gt;;&amp;#1;&amp;#0;&amp;#5;count&amp;#1;&amp;#0;&amp;#18;(Ljava/util/Map;)I&amp;#1;&amp;#0;&quot;RuntimeVisibleParameterAnnotations&amp;#1;&amp;#0;%Lorg/apache/ibatis/annotations/Param;&amp;#1;&amp;#0;&amp;#5;value&amp;#1;&amp;#0;&amp;#6;param3&amp;#1;&amp;#0;&amp;#7;findAll&amp;#1;&amp;#0;&amp;#18;()Ljava/util/List;&amp;#1;&amp;#0;D()Ljava/util/List&lt;Lcom/cskaoyan/domain/designScheduleDomain/Order;&gt;;&amp;#1;&amp;#0;
17:41:16,201 DEBUG DefaultVFS:222 - Find JAR URL: file:/C:/Users/DELL/IdeaProjects/Production_ERP/target/classes/com/cskaoyan/dao/designSchedule/OrderMapper.xml
17:41:16,201 DEBUG DefaultVFS:248 - Not a JAR: file:/C:/Users/DELL/IdeaProjects/Production_ERP/target/classes/com/cskaoyan/dao/designSchedule/OrderMapper.xml
17:41:16,201 DEBUG DefaultVFS:102 - Reader entry: &lt;?xml version=&quot;1.0&quot; encoding=&quot;UTF-8&quot;?&gt;
17:41:16,201 DEBUG DefaultVFS:222 - Find JAR URL: file:/C:/Users/DELL/IdeaProjects/Production_ERP/target/classes/com/cskaoyan/dao/designSchedule/ProductMapper.class
17:41:16,201 DEBUG DefaultVFS:248 - Not a JAR: file:/C:/Users/DELL/IdeaProjects/Production_ERP/target/classes/com/cskaoyan/dao/designSchedule/ProductMapper.class
17:41:16,216 DEBUG DefaultVFS:102 - Reader entry: ����&amp;#0;&amp;#0;&amp;#0;3&amp;#0;&amp;#25;&amp;#7;&amp;#0;&amp;#23;&amp;#7;&amp;#0;&amp;#24;&amp;#1;&amp;#0;&amp;#18;deleteByPrimaryKey&amp;#1;&amp;#0;&amp;#21;(Ljava/lang/String;)I&amp;#1;&amp;#0;&amp;#6;insert&amp;#1;&amp;#0;5(Lcom/cskaoyan/domain/designScheduleDomain/Product;)I&amp;#1;&amp;#0;&amp;#15;insertSelective&amp;#1;&amp;#0;&amp;#18;selectByPrimaryKey&amp;#1;&amp;#0;F(Ljava/lang/String;)Lcom/cskaoyan/domain/designScheduleDomain/Product;&amp;#1;&amp;#0;&amp;#27;updateByPrimaryKeySelective&amp;#1;&amp;#0;&amp;#18;updateByPrimaryKey&amp;#1;&amp;#0;&amp;#7;findall&amp;#1;&amp;#0;&amp;#18;()Ljava/util/List;&amp;#1;&amp;#0;	Signature&amp;#1;&amp;#0;F()Ljava/util/List&lt;Lcom/cskaoyan/domain/designScheduleDomain/Product;&gt;;&amp;#1;&amp;#0;&amp;#5;count&amp;#1;&amp;#0;&amp;#18;(Ljava/util/Map;)I&amp;#1;&amp;#0;&amp;#12;selectByPage&amp;#1;&amp;#0;G(Ljava/lang/Integer;Ljava/lang/Integer;Ljava/util/Map;)Ljava/util/List;&amp;#1;&amp;#0;{(Ljava/lang/Integer;Ljava/lang/Integer;Ljava/util/Map;)Ljava/util/List&lt;Lcom/cskaoyan/domain/designScheduleDomain/Product;&gt;;&amp;#1;&amp;#0;
17:41:16,216 DEBUG DefaultVFS:222 - Find JAR URL: file:/C:/Users/DELL/IdeaProjects/Production_ERP/target/classes/com/cskaoyan/dao/designSchedule/ProductMapper.xml
17:41:16,216 DEBUG DefaultVFS:248 - Not a JAR: file:/C:/Users/DELL/IdeaProjects/Production_ERP/target/classes/com/cskaoyan/dao/designSchedule/ProductMapper.xml
17:41:16,216 DEBUG DefaultVFS:102 - Reader entry: &lt;?xml version=&quot;1.0&quot; encoding=&quot;UTF-8&quot;?&gt;
17:41:16,216 DEBUG DefaultVFS:222 - Find JAR URL: file:/C:/Users/DELL/IdeaProjects/Production_ERP/target/classes/com/cskaoyan/dao/designSchedule/TaskMapper.class
17:41:16,216 DEBUG DefaultVFS:248 - Not a JAR: file:/C:/Users/DELL/IdeaProjects/Production_ERP/target/classes/com/cskaoyan/dao/designSchedule/TaskMapper.class
17:41:16,216 DEBUG DefaultVFS:102 - Reader entry: ����&amp;#0;&amp;#0;&amp;#0;3&amp;#0;&amp;#26;&amp;#7;&amp;#0;&amp;#24;&amp;#7;&amp;#0;&amp;#25;&amp;#1;&amp;#0;&amp;#18;deleteByPrimaryKey&amp;#1;&amp;#0;&amp;#21;(Ljava/lang/String;)I&amp;#1;&amp;#0;&amp;#6;insert&amp;#1;&amp;#0;2(Lcom/cskaoyan/domain/designScheduleDomain/Task;)I&amp;#1;&amp;#0;&amp;#15;insertSelective&amp;#1;&amp;#0;&amp;#18;selectByPrimaryKey&amp;#1;&amp;#0;C(Ljava/lang/String;)Lcom/cskaoyan/domain/designScheduleDomain/Task;&amp;#1;&amp;#0;&amp;#27;updateByPrimaryKeySelective&amp;#1;&amp;#0;&amp;#18;updateByPrimaryKey&amp;#1;&amp;#0;&amp;#12;selectByPage&amp;#1;&amp;#0;#(IILjava/util/Map;)Ljava/util/List;&amp;#1;&amp;#0;	Signature&amp;#1;&amp;#0;T(IILjava/util/Map;)Ljava/util/List&lt;Lcom/cskaoyan/domain/designScheduleDomain/Task;&gt;;&amp;#1;&amp;#0;&amp;#5;count&amp;#1;&amp;#0;&amp;#18;(Ljava/util/Map;)I&amp;#1;&amp;#0;&quot;RuntimeVisibleParameterAnnotations&amp;#1;&amp;#0;%Lorg/apache/ibatis/annotations/Param;&amp;#1;&amp;#0;&amp;#5;value&amp;#1;&amp;#0;&amp;#6;param3&amp;#1;&amp;#0;
17:41:16,216 DEBUG DefaultVFS:222 - Find JAR URL: file:/C:/Users/DELL/IdeaProjects/Production_ERP/target/classes/com/cskaoyan/dao/designSchedule/TaskMapper.xml
17:41:16,216 DEBUG DefaultVFS:248 - Not a JAR: file:/C:/Users/DELL/IdeaProjects/Production_ERP/target/classes/com/cskaoyan/dao/designSchedule/TaskMapper.xml
17:41:16,216 DEBUG DefaultVFS:102 - Reader entry: &lt;?xml version=&quot;1.0&quot; encoding=&quot;UTF-8&quot;?&gt;
17:41:16,216 DEBUG DefaultVFS:222 - Find JAR URL: file:/C:/Users/DELL/IdeaProjects/Production_ERP/target/classes/com/cskaoyan/dao/designSchedule/WorkMapper.class
17:41:16,216 DEBUG DefaultVFS:248 - Not a JAR: file:/C:/Users/DELL/IdeaProjects/Production_ERP/target/classes/com/cskaoyan/dao/designSchedule/WorkMapper.class
17:41:16,216 DEBUG DefaultVFS:102 - Reader entry: ����&amp;#0;&amp;#0;&amp;#0;3&amp;#0;&amp;#29;&amp;#7;&amp;#0;&amp;#27;&amp;#7;&amp;#0;&amp;#28;&amp;#1;&amp;#0;&amp;#18;deleteByPrimaryKey&amp;#1;&amp;#0;&amp;#21;(Ljava/lang/String;)I&amp;#1;&amp;#0;&amp;#6;insert&amp;#1;&amp;#0;2(Lcom/cskaoyan/domain/designScheduleDomain/Work;)I&amp;#1;&amp;#0;&amp;#15;insertSelective&amp;#1;&amp;#0;&amp;#18;selectByPrimaryKey&amp;#1;&amp;#0;C(Ljava/lang/String;)Lcom/cskaoyan/domain/designScheduleDomain/Work;&amp;#1;&amp;#0;&amp;#27;updateByPrimaryKeySelective&amp;#1;&amp;#0;&amp;#18;updateByPrimaryKey&amp;#1;&amp;#0;&amp;#5;count&amp;#1;&amp;#0;&amp;#18;(Ljava/util/Map;)I&amp;#1;&amp;#0;&quot;RuntimeVisibleParameterAnnotations&amp;#1;&amp;#0;%Lorg/apache/ibatis/annotations/Param;&amp;#1;&amp;#0;&amp;#5;value&amp;#1;&amp;#0;&amp;#6;param3&amp;#1;&amp;#0;&amp;#12;selectByPage&amp;#1;&amp;#0;5(ILjava/lang/Integer;Ljava/util/Map;)Ljava/util/List;&amp;#1;&amp;#0;	Signature&amp;#1;&amp;#0;f(ILjava/lang/Integer;Ljava/util/Map;)Ljava/util/List&lt;Lcom/cskaoyan/domain/designScheduleDomain/Work;&gt;;&amp;#1;&amp;#0;&amp;#7;findAll&amp;#1;&amp;#0;&amp;#18;()Ljava/util/List;&amp;#1;&amp;#0;C()Ljava/util/List&lt;Lcom/cskaoyan/domain/designScheduleDomain/Work;&gt;;&amp;#1;&amp;#0;
17:41:16,216 DEBUG DefaultVFS:222 - Find JAR URL: file:/C:/Users/DELL/IdeaProjects/Production_ERP/target/classes/com/cskaoyan/dao/designSchedule/WorkMapper.xml
17:41:16,216 DEBUG DefaultVFS:248 - Not a JAR: file:/C:/Users/DELL/IdeaProjects/Production_ERP/target/classes/com/cskaoyan/dao/designSchedule/WorkMapper.xml
17:41:16,216 DEBUG DefaultVFS:102 - Reader entry: &lt;?xml version=&quot;1.0&quot; encoding=&quot;UTF-8&quot;?&gt;
17:41:16,216 DEBUG DefaultVFS:222 - Find JAR URL: file:/C:/Users/DELL/IdeaProjects/Production_ERP/target/classes/com/cskaoyan/dao/deviceManagement
17:41:16,216 DEBUG DefaultVFS:248 - Not a JAR: file:/C:/Users/DELL/IdeaProjects/Production_ERP/target/classes/com/cskaoyan/dao/deviceManagement
17:41:16,232 DEBUG DefaultVFS:102 - Reader entry: Device_checkMapper.class
17:41:16,232 DEBUG DefaultVFS:102 - Reader entry: Device_checkMapper.xml
17:41:16,232 DEBUG DefaultVFS:102 - Reader entry: Device_faultMapper.class
17:41:16,232 DEBUG DefaultVFS:102 - Reader entry: Device_faultMapper.xml
17:41:16,232 DEBUG DefaultVFS:102 - Reader entry: Device_maintainMapper.class
17:41:16,232 DEBUG DefaultVFS:102 - Reader entry: Device_maintainMapper.xml
17:41:16,232 DEBUG DefaultVFS:102 - Reader entry: Device_typeMapper.class
17:41:16,232 DEBUG DefaultVFS:102 - Reader entry: Device_typeMapper.xml
17:41:16,232 DEBUG DefaultVFS:102 - Reader entry: DeviceMapper.class
17:41:16,232 DEBUG DefaultVFS:102 - Reader entry: DeviceMapper.xml
17:41:16,263 DEBUG DefaultVFS:113 - Listing file:/C:/Users/DELL/IdeaProjects/Production_ERP/target/classes/com/cskaoyan/dao/deviceManagement
17:41:16,263 DEBUG DefaultVFS:222 - Find JAR URL: file:/C:/Users/DELL/IdeaProjects/Production_ERP/target/classes/com/cskaoyan/dao/deviceManagement/Device_checkMapper.class
17:41:16,263 DEBUG DefaultVFS:248 - Not a JAR: file:/C:/Users/DELL/IdeaProjects/Production_ERP/target/classes/com/cskaoyan/dao/deviceManagement/Device_checkMapper.class
17:41:16,263 DEBUG DefaultVFS:102 - Reader entry: ����&amp;#0;&amp;#0;&amp;#0;3&amp;#0;$&amp;#7;&amp;#0;&quot;&amp;#7;&amp;#0;#&amp;#1;&amp;#0;&amp;#18;deleteByPrimaryKey&amp;#1;&amp;#0;&amp;#21;(Ljava/lang/String;)I&amp;#1;&amp;#0;&amp;#6;insert&amp;#1;&amp;#0;6(Lcom/cskaoyan/domain/deviceManagement/Device_check;)I&amp;#1;&amp;#0;&amp;#15;insertSelective&amp;#1;&amp;#0;&amp;#18;selectByPrimaryKey&amp;#1;&amp;#0;G(Ljava/lang/String;)Lcom/cskaoyan/domain/deviceManagement/Device_check;&amp;#1;&amp;#0;&amp;#27;updateByPrimaryKeySelective&amp;#1;&amp;#0;&amp;#18;updateByPrimaryKey&amp;#1;&amp;#0;&amp;#17;selectTableAmount&amp;#1;&amp;#0;&amp;#20;()Ljava/lang/String;&amp;#1;&amp;#0;&amp;#19;selectByLimitOffset&amp;#1;&amp;#0;&amp;#20;(II)Ljava/util/List;&amp;#1;&amp;#0;	Signature&amp;#1;&amp;#0;N(II)Ljava/util/List&lt;Lcom/cskaoyan/domain/deviceManagement/vo/Device_checkVo;&gt;;&amp;#1;&amp;#0;&quot;RuntimeVisibleParameterAnnotations&amp;#1;&amp;#0;%Lorg/apache/ibatis/annotations/Param;&amp;#1;&amp;#0;&amp;#5;value&amp;#1;&amp;#0;&amp;#5;limit&amp;#1;&amp;#0;&amp;#6;offset&amp;#1;&amp;#0;&amp;#16;getIdMappingName&amp;#1;&amp;#0;&amp;#18;()Ljava/util/List;&amp;#1;&amp;#0;G()Ljava/util/List&lt;Lcom/cskaoyan/domain/deviceManagement/Device_check;&gt;;&amp;#1;&amp;#0;&amp;#22;selectByMultiCondition&amp;#1;&amp;#0;L(IILcom/cskaoyan/domain/deviceManagement/vo/Device_checkVo;)Ljava/util/List;&amp;#1;&amp;#0;?(IILcom/cskaoyan/domain/deviceManagement/vo/Device_checkVo;)Ljava/util/List&lt;Lcom/cskaoyan/domain/deviceManagement/vo/Device_checkVo;&gt;;&amp;#1;&amp;#0;&amp;#8;SearchVo&amp;#1;&amp;#0;!selectTableAmountByMultiCondition&amp;#1;&amp;#0;L(Lcom/cskaoyan/domain/deviceManagement/vo/Device_checkVo;)Ljava/lang/String;&amp;#1;&amp;#0;
17:41:16,279 DEBUG DefaultVFS:222 - Find JAR URL: file:/C:/Users/DELL/IdeaProjects/Production_ERP/target/classes/com/cskaoyan/dao/deviceManagement/Device_checkMapper.xml
17:41:16,279 DEBUG DefaultVFS:248 - Not a JAR: file:/C:/Users/DELL/IdeaProjects/Production_ERP/target/classes/com/cskaoyan/dao/deviceManagement/Device_checkMapper.xml
17:41:16,279 DEBUG DefaultVFS:102 - Reader entry: &lt;?xml version=&quot;1.0&quot; encoding=&quot;UTF-8&quot;?&gt;
17:41:16,279 DEBUG DefaultVFS:222 - Find JAR URL: file:/C:/Users/DELL/IdeaProjects/Production_ERP/target/classes/com/cskaoyan/dao/deviceManagement/Device_faultMapper.class
17:41:16,279 DEBUG DefaultVFS:248 - Not a JAR: file:/C:/Users/DELL/IdeaProjects/Production_ERP/target/classes/com/cskaoyan/dao/deviceManagement/Device_faultMapper.class
17:41:16,279 DEBUG DefaultVFS:102 - Reader entry: ����&amp;#0;&amp;#0;&amp;#0;3&amp;#0;$&amp;#7;&amp;#0;&quot;&amp;#7;&amp;#0;#&amp;#1;&amp;#0;&amp;#18;deleteByPrimaryKey&amp;#1;&amp;#0;&amp;#21;(Ljava/lang/String;)I&amp;#1;&amp;#0;&amp;#6;insert&amp;#1;&amp;#0;6(Lcom/cskaoyan/domain/deviceManagement/Device_fault;)I&amp;#1;&amp;#0;&amp;#15;insertSelective&amp;#1;&amp;#0;&amp;#18;selectByPrimaryKey&amp;#1;&amp;#0;G(Ljava/lang/String;)Lcom/cskaoyan/domain/deviceManagement/Device_fault;&amp;#1;&amp;#0;&amp;#27;updateByPrimaryKeySelective&amp;#1;&amp;#0;&amp;#18;updateByPrimaryKey&amp;#1;&amp;#0;&amp;#17;selectTableAmount&amp;#1;&amp;#0;&amp;#20;()Ljava/lang/String;&amp;#1;&amp;#0;&amp;#19;selectByLimitOffset&amp;#1;&amp;#0;&amp;#20;(II)Ljava/util/List;&amp;#1;&amp;#0;	Signature&amp;#1;&amp;#0;N(II)Ljava/util/List&lt;Lcom/cskaoyan/domain/deviceManagement/vo/Device_faultVo;&gt;;&amp;#1;&amp;#0;&quot;RuntimeVisibleParameterAnnotations&amp;#1;&amp;#0;%Lorg/apache/ibatis/annotations/Param;&amp;#1;&amp;#0;&amp;#5;value&amp;#1;&amp;#0;&amp;#5;limit&amp;#1;&amp;#0;&amp;#6;offset&amp;#1;&amp;#0;&amp;#16;getIdMappingName&amp;#1;&amp;#0;&amp;#18;()Ljava/util/List;&amp;#1;&amp;#0;G()Ljava/util/List&lt;Lcom/cskaoyan/domain/deviceManagement/Device_fault;&gt;;&amp;#1;&amp;#0;&amp;#22;selectByMultiCondition&amp;#1;&amp;#0;L(IILcom/cskaoyan/domain/deviceManagement/vo/Device_faultVo;)Ljava/util/List;&amp;#1;&amp;#0;?(IILcom/cskaoyan/domain/deviceManagement/vo/Device_faultVo;)Ljava/util/List&lt;Lcom/cskaoyan/domain/deviceManagement/vo/Device_faultVo;&gt;;&amp;#1;&amp;#0;&amp;#8;SearchVo&amp;#1;&amp;#0;!selectTableAmountByMultiCondition&amp;#1;&amp;#0;L(Lcom/cskaoyan/domain/deviceManagement/vo/Device_faultVo;)Ljava/lang/String;&amp;#1;&amp;#0;
17:41:16,279 DEBUG DefaultVFS:222 - Find JAR URL: file:/C:/Users/DELL/IdeaProjects/Production_ERP/target/classes/com/cskaoyan/dao/deviceManagement/Device_faultMapper.xml
17:41:16,279 DEBUG DefaultVFS:248 - Not a JAR: file:/C:/Users/DELL/IdeaProjects/Production_ERP/target/classes/com/cskaoyan/dao/deviceManagement/Device_faultMapper.xml
17:41:16,279 DEBUG DefaultVFS:102 - Reader entry: &lt;?xml version=&quot;1.0&quot; encoding=&quot;UTF-8&quot;?&gt;
17:41:16,279 DEBUG DefaultVFS:222 - Find JAR URL: file:/C:/Users/DELL/IdeaProjects/Production_ERP/target/classes/com/cskaoyan/dao/deviceManagement/Device_maintainMapper.class
17:41:16,279 DEBUG DefaultVFS:248 - Not a JAR: file:/C:/Users/DELL/IdeaProjects/Production_ERP/target/classes/com/cskaoyan/dao/deviceManagement/Device_maintainMapper.class
17:41:16,279 DEBUG DefaultVFS:102 - Reader entry: ����&amp;#0;&amp;#0;&amp;#0;3&amp;#0;$&amp;#7;&amp;#0;&quot;&amp;#7;&amp;#0;#&amp;#1;&amp;#0;&amp;#18;deleteByPrimaryKey&amp;#1;&amp;#0;&amp;#21;(Ljava/lang/String;)I&amp;#1;&amp;#0;&amp;#6;insert&amp;#1;&amp;#0;9(Lcom/cskaoyan/domain/deviceManagement/Device_maintain;)I&amp;#1;&amp;#0;&amp;#15;insertSelective&amp;#1;&amp;#0;&amp;#18;selectByPrimaryKey&amp;#1;&amp;#0;J(Ljava/lang/String;)Lcom/cskaoyan/domain/deviceManagement/Device_maintain;&amp;#1;&amp;#0;&amp;#27;updateByPrimaryKeySelective&amp;#1;&amp;#0;&amp;#18;updateByPrimaryKey&amp;#1;&amp;#0;&amp;#17;selectTableAmount&amp;#1;&amp;#0;&amp;#20;()Ljava/lang/String;&amp;#1;&amp;#0;&amp;#19;selectByLimitOffset&amp;#1;&amp;#0;&amp;#20;(II)Ljava/util/List;&amp;#1;&amp;#0;	Signature&amp;#1;&amp;#0;Q(II)Ljava/util/List&lt;Lcom/cskaoyan/domain/deviceManagement/vo/Device_maintainVo;&gt;;&amp;#1;&amp;#0;&quot;RuntimeVisibleParameterAnnotations&amp;#1;&amp;#0;%Lorg/apache/ibatis/annotations/Param;&amp;#1;&amp;#0;&amp;#5;value&amp;#1;&amp;#0;&amp;#5;limit&amp;#1;&amp;#0;&amp;#6;offset&amp;#1;&amp;#0;&amp;#16;getIdMappingName&amp;#1;&amp;#0;&amp;#18;()Ljava/util/List;&amp;#1;&amp;#0;J()Ljava/util/List&lt;Lcom/cskaoyan/domain/deviceManagement/Device_maintain;&gt;;&amp;#1;&amp;#0;&amp;#22;selectByMultiCondition&amp;#1;&amp;#0;O(IILcom/cskaoyan/domain/deviceManagement/vo/Device_maintainVo;)Ljava/util/List;&amp;#1;&amp;#0;?(IILcom/cskaoyan/domain/deviceManagement/vo/Device_maintainVo;)Ljava/util/List&lt;Lcom/cskaoyan/domain/deviceManagement/vo/Device_maintainVo;&gt;;&amp;#1;&amp;#0;&amp;#8;SearchVo&amp;#1;&amp;#0;!selectTableAmountByMultiCondition&amp;#1;&amp;#0;O(Lcom/cskaoyan/domain/deviceManagement/vo/Device_maintainVo;)Ljava/lang/String;&amp;#1;&amp;#0;
17:41:16,279 DEBUG DefaultVFS:222 - Find JAR URL: file:/C:/Users/DELL/IdeaProjects/Production_ERP/target/classes/com/cskaoyan/dao/deviceManagement/Device_maintainMapper.xml
17:41:16,279 DEBUG DefaultVFS:248 - Not a JAR: file:/C:/Users/DELL/IdeaProjects/Production_ERP/target/classes/com/cskaoyan/dao/deviceManagement/Device_maintainMapper.xml
17:41:16,279 DEBUG DefaultVFS:102 - Reader entry: &lt;?xml version=&quot;1.0&quot; encoding=&quot;UTF-8&quot;?&gt;
17:41:16,279 DEBUG DefaultVFS:222 - Find JAR URL: file:/C:/Users/DELL/IdeaProjects/Production_ERP/target/classes/com/cskaoyan/dao/deviceManagement/Device_typeMapper.class
17:41:16,279 DEBUG DefaultVFS:248 - Not a JAR: file:/C:/Users/DELL/IdeaProjects/Production_ERP/target/classes/com/cskaoyan/dao/deviceManagement/Device_typeMapper.class
17:41:16,279 DEBUG DefaultVFS:102 - Reader entry: ����&amp;#0;&amp;#0;&amp;#0;3&amp;#0;$&amp;#7;&amp;#0;&quot;&amp;#7;&amp;#0;#&amp;#1;&amp;#0;&amp;#18;deleteByPrimaryKey&amp;#1;&amp;#0;&amp;#21;(Ljava/lang/String;)I&amp;#1;&amp;#0;&amp;#6;insert&amp;#1;&amp;#0;5(Lcom/cskaoyan/domain/deviceManagement/Device_type;)I&amp;#1;&amp;#0;&amp;#15;insertSelective&amp;#1;&amp;#0;&amp;#18;selectByPrimaryKey&amp;#1;&amp;#0;F(Ljava/lang/String;)Lcom/cskaoyan/domain/deviceManagement/Device_type;&amp;#1;&amp;#0;&amp;#27;updateByPrimaryKeySelective&amp;#1;&amp;#0;&amp;#18;updateByPrimaryKey&amp;#1;&amp;#0;&amp;#17;selectTableAmount&amp;#1;&amp;#0;&amp;#20;()Ljava/lang/String;&amp;#1;&amp;#0;&amp;#19;selectByLimitOffset&amp;#1;&amp;#0;&amp;#20;(II)Ljava/util/List;&amp;#1;&amp;#0;	Signature&amp;#1;&amp;#0;H(II)Ljava/util/List&lt;Lcom/cskaoyan/domain/deviceManagement/Device_type;&gt;;&amp;#1;&amp;#0;&quot;RuntimeVisibleParameterAnnotations&amp;#1;&amp;#0;%Lorg/apache/ibatis/annotations/Param;&amp;#1;&amp;#0;&amp;#5;value&amp;#1;&amp;#0;&amp;#5;limit&amp;#1;&amp;#0;&amp;#6;offset&amp;#1;&amp;#0;&amp;#16;getIdMappingName&amp;#1;&amp;#0;&amp;#18;()Ljava/util/List;&amp;#1;&amp;#0;F()Ljava/util/List&lt;Lcom/cskaoyan/domain/deviceManagement/Device_type;&gt;;&amp;#1;&amp;#0;&amp;#22;selectByMultiCondition&amp;#1;&amp;#0;F(IILcom/cskaoyan/domain/deviceManagement/Device_type;)Ljava/util/List;&amp;#1;&amp;#0;z(IILcom/cskaoyan/domain/deviceManagement/Device_type;)Ljava/util/List&lt;Lcom/cskaoyan/domain/deviceManagement/Device_type;&gt;;&amp;#1;&amp;#0;&amp;#8;SearchVo&amp;#1;&amp;#0;!selectTableAmountByMultiCondition&amp;#1;&amp;#0;F(Lcom/cskaoyan/domain/deviceManagement/Device_type;)Ljava/lang/String;&amp;#1;&amp;#0;
17:41:16,279 DEBUG DefaultVFS:222 - Find JAR URL: file:/C:/Users/DELL/IdeaProjects/Production_ERP/target/classes/com/cskaoyan/dao/deviceManagement/Device_typeMapper.xml
17:41:16,295 DEBUG DefaultVFS:248 - Not a JAR: file:/C:/Users/DELL/IdeaProjects/Production_ERP/target/classes/com/cskaoyan/dao/deviceManagement/Device_typeMapper.xml
17:41:16,295 DEBUG DefaultVFS:102 - Reader entry: &lt;?xml version=&quot;1.0&quot; encoding=&quot;UTF-8&quot;?&gt;
17:41:16,295 DEBUG DefaultVFS:222 - Find JAR URL: file:/C:/Users/DELL/IdeaProjects/Production_ERP/target/classes/com/cskaoyan/dao/deviceManagement/DeviceMapper.class
17:41:16,295 DEBUG DefaultVFS:248 - Not a JAR: file:/C:/Users/DELL/IdeaProjects/Production_ERP/target/classes/com/cskaoyan/dao/deviceManagement/DeviceMapper.class
17:41:16,295 DEBUG DefaultVFS:102 - Reader entry: ����&amp;#0;&amp;#0;&amp;#0;3&amp;#0;$&amp;#7;&amp;#0;&quot;&amp;#7;&amp;#0;#&amp;#1;&amp;#0;&amp;#18;deleteByPrimaryKey&amp;#1;&amp;#0;&amp;#21;(Ljava/lang/String;)I&amp;#1;&amp;#0;&amp;#6;insert&amp;#1;&amp;#0;0(Lcom/cskaoyan/domain/deviceManagement/Device;)I&amp;#1;&amp;#0;&amp;#15;insertSelective&amp;#1;&amp;#0;&amp;#18;selectByPrimaryKey&amp;#1;&amp;#0;A(Ljava/lang/String;)Lcom/cskaoyan/domain/deviceManagement/Device;&amp;#1;&amp;#0;&amp;#27;updateByPrimaryKeySelective&amp;#1;&amp;#0;&amp;#18;updateByPrimaryKey&amp;#1;&amp;#0;&amp;#17;selectTableAmount&amp;#1;&amp;#0;&amp;#20;()Ljava/lang/String;&amp;#1;&amp;#0;&amp;#19;selectByLimitOffset&amp;#1;&amp;#0;&amp;#20;(II)Ljava/util/List;&amp;#1;&amp;#0;	Signature&amp;#1;&amp;#0;H(II)Ljava/util/List&lt;Lcom/cskaoyan/domain/deviceManagement/vo/DeviceVo;&gt;;&amp;#1;&amp;#0;&quot;RuntimeVisibleParameterAnnotations&amp;#1;&amp;#0;%Lorg/apache/ibatis/annotations/Param;&amp;#1;&amp;#0;&amp;#5;value&amp;#1;&amp;#0;&amp;#5;limit&amp;#1;&amp;#0;&amp;#6;offset&amp;#1;&amp;#0;&amp;#16;getIdMappingName&amp;#1;&amp;#0;&amp;#18;()Ljava/util/List;&amp;#1;&amp;#0;A()Ljava/util/List&lt;Lcom/cskaoyan/domain/deviceManagement/Device;&gt;;&amp;#1;&amp;#0;&amp;#22;selectByMultiCondition&amp;#1;&amp;#0;F(IILcom/cskaoyan/domain/deviceManagement/vo/DeviceVo;)Ljava/util/List;&amp;#1;&amp;#0;z(IILcom/cskaoyan/domain/deviceManagement/vo/DeviceVo;)Ljava/util/List&lt;Lcom/cskaoyan/domain/deviceManagement/vo/DeviceVo;&gt;;&amp;#1;&amp;#0;&amp;#8;SearchVo&amp;#1;&amp;#0;!selectTableAmountByMultiCondition&amp;#1;&amp;#0;F(Lcom/cskaoyan/domain/deviceManagement/vo/DeviceVo;)Ljava/lang/String;&amp;#1;&amp;#0;
17:41:16,295 DEBUG DefaultVFS:222 - Find JAR URL: file:/C:/Users/DELL/IdeaProjects/Production_ERP/target/classes/com/cskaoyan/dao/deviceManagement/DeviceMapper.xml
17:41:16,295 DEBUG DefaultVFS:248 - Not a JAR: file:/C:/Users/DELL/IdeaProjects/Production_ERP/target/classes/com/cskaoyan/dao/deviceManagement/DeviceMapper.xml
17:41:16,295 DEBUG DefaultVFS:102 - Reader entry: &lt;?xml version=&quot;1.0&quot; encoding=&quot;UTF-8&quot;?&gt;
17:41:16,295 DEBUG DefaultVFS:222 - Find JAR URL: file:/C:/Users/DELL/IdeaProjects/Production_ERP/target/classes/com/cskaoyan/dao/person
17:41:16,295 DEBUG DefaultVFS:248 - Not a JAR: file:/C:/Users/DELL/IdeaProjects/Production_ERP/target/classes/com/cskaoyan/dao/person
17:41:16,295 DEBUG DefaultVFS:102 - Reader entry: DepartmentMapper.class
17:41:16,295 DEBUG DefaultVFS:102 - Reader entry: DepartmentMapper.xml
17:41:16,295 DEBUG DefaultVFS:102 - Reader entry: EmployeeMapper.class
17:41:16,295 DEBUG DefaultVFS:102 - Reader entry: EmployeeMapper.xml
17:41:16,295 DEBUG DefaultVFS:113 - Listing file:/C:/Users/DELL/IdeaProjects/Production_ERP/target/classes/com/cskaoyan/dao/person
17:41:16,295 DEBUG DefaultVFS:222 - Find JAR URL: file:/C:/Users/DELL/IdeaProjects/Production_ERP/target/classes/com/cskaoyan/dao/person/DepartmentMapper.class
17:41:16,295 DEBUG DefaultVFS:248 - Not a JAR: file:/C:/Users/DELL/IdeaProjects/Production_ERP/target/classes/com/cskaoyan/dao/person/DepartmentMapper.class
17:41:16,295 DEBUG DefaultVFS:102 - Reader entry: ����&amp;#0;&amp;#0;&amp;#0;3&amp;#0;$&amp;#7;&amp;#0;&quot;&amp;#7;&amp;#0;#&amp;#1;&amp;#0;&amp;#18;deleteByPrimaryKey&amp;#1;&amp;#0;&amp;#21;(Ljava/lang/String;)I&amp;#1;&amp;#0;&amp;#6;insert&amp;#1;&amp;#0;*(Lcom/cskaoyan/domain/person/Department;)I&amp;#1;&amp;#0;&amp;#15;insertSelective&amp;#1;&amp;#0;&amp;#18;selectByPrimaryKey&amp;#1;&amp;#0;$(Ljava/lang/String;)Ljava/util/List;&amp;#1;&amp;#0;	Signature&amp;#1;&amp;#0;M(Ljava/lang/String;)Ljava/util/List&lt;Lcom/cskaoyan/domain/person/Department;&gt;;&amp;#1;&amp;#0;&amp;#6;select&amp;#1;&amp;#0;&amp;#18;()Ljava/util/List;&amp;#1;&amp;#0;;()Ljava/util/List&lt;Lcom/cskaoyan/domain/person/Department;&gt;;&amp;#1;&amp;#0;&amp;#27;updateByPrimaryKeySelective&amp;#1;&amp;#0;&amp;#18;updateByPrimaryKey&amp;#1;&amp;#0;&amp;#20;selectDepartmentList&amp;#1;&amp;#0;&amp;#20;(II)Ljava/util/List;&amp;#1;&amp;#0;=(II)Ljava/util/List&lt;Lcom/cskaoyan/domain/person/Department;&gt;;&amp;#1;&amp;#0;&quot;RuntimeVisibleParameterAnnotations&amp;#1;&amp;#0;%Lorg/apache/ibatis/annotations/Param;&amp;#1;&amp;#0;&amp;#5;value&amp;#1;&amp;#0;&amp;#5;limit&amp;#1;&amp;#0;&amp;#6;offset&amp;#1;&amp;#0;&amp;#5;count&amp;#1;&amp;#0;&amp;#20;()Ljava/lang/String;&amp;#1;&amp;#0;&amp;#22;selectBydepartmentName&amp;#1;&amp;#0;&amp;#14;departmentName&amp;#1;&amp;#0;&amp;#20;selectBydepartmentId&amp;#1;&amp;#0;;(Ljava/lang/String;)Lcom/cskaoyan/domain/person/Department;&amp;#1;&amp;#0;&amp;#12;departmentId&amp;#1;&amp;#0;
17:41:16,295 DEBUG DefaultVFS:222 - Find JAR URL: file:/C:/Users/DELL/IdeaProjects/Production_ERP/target/classes/com/cskaoyan/dao/person/DepartmentMapper.xml
17:41:16,310 DEBUG DefaultVFS:248 - Not a JAR: file:/C:/Users/DELL/IdeaProjects/Production_ERP/target/classes/com/cskaoyan/dao/person/DepartmentMapper.xml
17:41:16,310 DEBUG DefaultVFS:102 - Reader entry: &lt;?xml version=&quot;1.0&quot; encoding=&quot;UTF-8&quot;?&gt;
17:41:16,310 DEBUG DefaultVFS:222 - Find JAR URL: file:/C:/Users/DELL/IdeaProjects/Production_ERP/target/classes/com/cskaoyan/dao/person/EmployeeMapper.class
17:41:16,310 DEBUG DefaultVFS:248 - Not a JAR: file:/C:/Users/DELL/IdeaProjects/Production_ERP/target/classes/com/cskaoyan/dao/person/EmployeeMapper.class
17:41:16,310 DEBUG DefaultVFS:102 - Reader entry: ����&amp;#0;&amp;#0;&amp;#0;3&amp;#0;&apos;&amp;#7;&amp;#0;%&amp;#7;&amp;#0;&amp;&amp;#1;&amp;#0;&amp;#18;deleteByPrimaryKey&amp;#1;&amp;#0;&amp;#21;(Ljava/lang/String;)I&amp;#1;&amp;#0;&amp;#6;insert&amp;#1;&amp;#0;((Lcom/cskaoyan/domain/person/Employee;)I&amp;#1;&amp;#0;&amp;#15;insertSelective&amp;#1;&amp;#0;&amp;#18;selectByPrimaryKey&amp;#1;&amp;#0;9(Ljava/lang/String;)Lcom/cskaoyan/domain/person/Employee;&amp;#1;&amp;#0;&amp;#27;updateByPrimaryKeySelective&amp;#1;&amp;#0;&amp;#18;updateByPrimaryKey&amp;#1;&amp;#0;&amp;#18;selectEmployeeList&amp;#1;&amp;#0;&amp;#20;(II)Ljava/util/List;&amp;#1;&amp;#0;	Signature&amp;#1;&amp;#0;=(II)Ljava/util/List&lt;Lcom/cskaoyan/domain/person/EmployeeVo;&gt;;&amp;#1;&amp;#0;&quot;RuntimeVisibleParameterAnnotations&amp;#1;&amp;#0;%Lorg/apache/ibatis/annotations/Param;&amp;#1;&amp;#0;&amp;#5;value&amp;#1;&amp;#0;&amp;#5;limit&amp;#1;&amp;#0;&amp;#6;offset&amp;#1;&amp;#0;&amp;#5;count&amp;#1;&amp;#0;&amp;#20;()Ljava/lang/String;&amp;#1;&amp;#0;&amp;#19;selectEmployeeList2&amp;#1;&amp;#0;#(Ljava/util/Map;II)Ljava/util/List;&amp;#1;&amp;#0;L(Ljava/util/Map;II)Ljava/util/List&lt;Lcom/cskaoyan/domain/person/EmployeeVo;&gt;;&amp;#1;&amp;#0;&amp;#3;map&amp;#1;&amp;#0;&amp;#6;count2&amp;#1;&amp;#0;#(Ljava/util/Map;)Ljava/lang/String;&amp;#1;&amp;#0;&amp;#14;selectNameById&amp;#1;&amp;#0;&amp;(Ljava/lang/String;)Ljava/lang/String;&amp;#1;&amp;#0;&amp;#2;id&amp;#1;&amp;#0;&amp;#6;select&amp;#1;&amp;#0;&amp;#18;()Ljava/util/List;&amp;#1;&amp;#0;;()Ljava/util/List&lt;Lcom/cskaoyan/domain/person/EmployeeVo;&gt;;&amp;#1;&amp;#0;
17:41:16,310 DEBUG DefaultVFS:222 - Find JAR URL: file:/C:/Users/DELL/IdeaProjects/Production_ERP/target/classes/com/cskaoyan/dao/person/EmployeeMapper.xml
17:41:16,310 DEBUG DefaultVFS:248 - Not a JAR: file:/C:/Users/DELL/IdeaProjects/Production_ERP/target/classes/com/cskaoyan/dao/person/EmployeeMapper.xml
17:41:16,310 DEBUG DefaultVFS:102 - Reader entry: &lt;?xml version=&quot;1.0&quot; encoding=&quot;UTF-8&quot;?&gt;
17:41:16,310 DEBUG DefaultVFS:222 - Find JAR URL: file:/C:/Users/DELL/IdeaProjects/Production_ERP/target/classes/com/cskaoyan/dao/qualifyMonitor
17:41:16,310 DEBUG DefaultVFS:248 - Not a JAR: file:/C:/Users/DELL/IdeaProjects/Production_ERP/target/classes/com/cskaoyan/dao/qualifyMonitor
17:41:16,310 DEBUG DefaultVFS:102 - Reader entry: FinalCountCheckMapper.class
17:41:16,310 DEBUG DefaultVFS:102 - Reader entry: FinalCountCheckMapper.xml
17:41:16,326 DEBUG DefaultVFS:102 - Reader entry: FinalMeasuretCheckMapper.class
17:41:16,341 DEBUG DefaultVFS:102 - Reader entry: FinalMeasuretCheckMapper.xml
17:41:16,341 DEBUG DefaultVFS:102 - Reader entry: ProcessCountCheckMapper.class
17:41:16,341 DEBUG DefaultVFS:102 - Reader entry: ProcessCountCheckMapper.xml
17:41:16,341 DEBUG DefaultVFS:102 - Reader entry: ProcessMeasureCheckMapper.class
17:41:16,341 DEBUG DefaultVFS:102 - Reader entry: ProcessMeasureCheckMapper.xml
17:41:16,341 DEBUG DefaultVFS:102 - Reader entry: UnqualifyApplyMapper.class
17:41:16,341 DEBUG DefaultVFS:102 - Reader entry: UnqualifyApplyMapper.xml
17:41:16,341 DEBUG DefaultVFS:113 - Listing file:/C:/Users/DELL/IdeaProjects/Production_ERP/target/classes/com/cskaoyan/dao/qualifyMonitor
17:41:16,341 DEBUG DefaultVFS:222 - Find JAR URL: file:/C:/Users/DELL/IdeaProjects/Production_ERP/target/classes/com/cskaoyan/dao/qualifyMonitor/FinalCountCheckMapper.class
17:41:16,341 DEBUG DefaultVFS:248 - Not a JAR: file:/C:/Users/DELL/IdeaProjects/Production_ERP/target/classes/com/cskaoyan/dao/qualifyMonitor/FinalCountCheckMapper.class
17:41:16,341 DEBUG DefaultVFS:102 - Reader entry: ����&amp;#0;&amp;#0;&amp;#0;3&amp;#0;&quot;&amp;#7;&amp;#0; &amp;#7;&amp;#0;!&amp;#1;&amp;#0;&amp;#18;deleteByPrimaryKey&amp;#1;&amp;#0;&amp;#21;(Ljava/lang/String;)I&amp;#1;&amp;#0;&amp;#6;insert&amp;#1;&amp;#0;7(Lcom/cskaoyan/domain/qualifyMonitor/FinalCountCheck;)I&amp;#1;&amp;#0;&amp;#15;insertSelective&amp;#1;&amp;#0;&amp;#18;selectByPrimaryKey&amp;#1;&amp;#0;H(Ljava/lang/String;)Lcom/cskaoyan/domain/qualifyMonitor/FinalCountCheck;&amp;#1;&amp;#0;&amp;#27;updateByPrimaryKeySelective&amp;#1;&amp;#0;&amp;#18;updateByPrimaryKey&amp;#1;&amp;#0;&amp;#12;selectByPage&amp;#1;&amp;#0;!(Ljava/util/Map;)Ljava/util/List;&amp;#1;&amp;#0;	Signature&amp;#1;&amp;#0;}(Ljava/util/Map&lt;Ljava/lang/Object;Ljava/lang/Object;&gt;;)Ljava/util/List&lt;Lcom/cskaoyan/domain/qualifyMonitor/FinalCountCheck;&gt;;&amp;#1;&amp;#0;&quot;RuntimeVisibleParameterAnnotations&amp;#1;&amp;#0;%Lorg/apache/ibatis/annotations/Param;&amp;#1;&amp;#0;&amp;#5;value&amp;#1;&amp;#0;&amp;#6;params&amp;#1;&amp;#0;&amp;#5;count&amp;#1;&amp;#0;&amp;#18;(Ljava/util/Map;)I&amp;#1;&amp;#0;8(Ljava/util/Map&lt;Ljava/lang/Object;Ljava/lang/Object;&gt;;)I&amp;#1;&amp;#0;
17:41:16,341 DEBUG DefaultVFS:222 - Find JAR URL: file:/C:/Users/DELL/IdeaProjects/Production_ERP/target/classes/com/cskaoyan/dao/qualifyMonitor/FinalCountCheckMapper.xml
17:41:16,341 DEBUG DefaultVFS:248 - Not a JAR: file:/C:/Users/DELL/IdeaProjects/Production_ERP/target/classes/com/cskaoyan/dao/qualifyMonitor/FinalCountCheckMapper.xml
17:41:16,341 DEBUG DefaultVFS:102 - Reader entry: &lt;?xml version=&quot;1.0&quot; encoding=&quot;UTF-8&quot;?&gt;
17:41:16,341 DEBUG DefaultVFS:222 - Find JAR URL: file:/C:/Users/DELL/IdeaProjects/Production_ERP/target/classes/com/cskaoyan/dao/qualifyMonitor/FinalMeasuretCheckMapper.class
17:41:16,357 DEBUG DefaultVFS:248 - Not a JAR: file:/C:/Users/DELL/IdeaProjects/Production_ERP/target/classes/com/cskaoyan/dao/qualifyMonitor/FinalMeasuretCheckMapper.class
17:41:16,357 DEBUG DefaultVFS:102 - Reader entry: ����&amp;#0;&amp;#0;&amp;#0;3&amp;#0;&quot;&amp;#7;&amp;#0; &amp;#7;&amp;#0;!&amp;#1;&amp;#0;&amp;#18;deleteByPrimaryKey&amp;#1;&amp;#0;&amp;#21;(Ljava/lang/String;)I&amp;#1;&amp;#0;&amp;#6;insert&amp;#1;&amp;#0;:(Lcom/cskaoyan/domain/qualifyMonitor/FinalMeasuretCheck;)I&amp;#1;&amp;#0;&amp;#15;insertSelective&amp;#1;&amp;#0;&amp;#18;selectByPrimaryKey&amp;#1;&amp;#0;K(Ljava/lang/String;)Lcom/cskaoyan/domain/qualifyMonitor/FinalMeasuretCheck;&amp;#1;&amp;#0;&amp;#27;updateByPrimaryKeySelective&amp;#1;&amp;#0;&amp;#18;updateByPrimaryKey&amp;#1;&amp;#0;&amp;#12;selectByPage&amp;#1;&amp;#0;!(Ljava/util/Map;)Ljava/util/List;&amp;#1;&amp;#0;	Signature&amp;#1;&amp;#0;?(Ljava/util/Map&lt;Ljava/lang/Object;Ljava/lang/Object;&gt;;)Ljava/util/List&lt;Lcom/cskaoyan/domain/qualifyMonitor/FinalMeasuretCheck;&gt;;&amp;#1;&amp;#0;&quot;RuntimeVisibleParameterAnnotations&amp;#1;&amp;#0;%Lorg/apache/ibatis/annotations/Param;&amp;#1;&amp;#0;&amp;#5;value&amp;#1;&amp;#0;&amp;#6;params&amp;#1;&amp;#0;&amp;#5;count&amp;#1;&amp;#0;&amp;#18;(Ljava/util/Map;)I&amp;#1;&amp;#0;8(Ljava/util/Map&lt;Ljava/lang/Object;Ljava/lang/Object;&gt;;)I&amp;#1;&amp;#0;
17:41:16,357 DEBUG DefaultVFS:222 - Find JAR URL: file:/C:/Users/DELL/IdeaProjects/Production_ERP/target/classes/com/cskaoyan/dao/qualifyMonitor/FinalMeasuretCheckMapper.xml
17:41:16,357 DEBUG DefaultVFS:248 - Not a JAR: file:/C:/Users/DELL/IdeaProjects/Production_ERP/target/classes/com/cskaoyan/dao/qualifyMonitor/FinalMeasuretCheckMapper.xml
17:41:16,357 DEBUG DefaultVFS:102 - Reader entry: &lt;?xml version=&quot;1.0&quot; encoding=&quot;UTF-8&quot;?&gt;
17:41:16,357 DEBUG DefaultVFS:222 - Find JAR URL: file:/C:/Users/DELL/IdeaProjects/Production_ERP/target/classes/com/cskaoyan/dao/qualifyMonitor/ProcessCountCheckMapper.class
17:41:16,357 DEBUG DefaultVFS:248 - Not a JAR: file:/C:/Users/DELL/IdeaProjects/Production_ERP/target/classes/com/cskaoyan/dao/qualifyMonitor/ProcessCountCheckMapper.class
17:41:16,357 DEBUG DefaultVFS:102 - Reader entry: ����&amp;#0;&amp;#0;&amp;#0;3&amp;#0;&quot;&amp;#7;&amp;#0; &amp;#7;&amp;#0;!&amp;#1;&amp;#0;&amp;#18;deleteByPrimaryKey&amp;#1;&amp;#0;&amp;#21;(Ljava/lang/String;)I&amp;#1;&amp;#0;&amp;#6;insert&amp;#1;&amp;#0;9(Lcom/cskaoyan/domain/qualifyMonitor/ProcessCountCheck;)I&amp;#1;&amp;#0;&amp;#15;insertSelective&amp;#1;&amp;#0;&amp;#18;selectByPrimaryKey&amp;#1;&amp;#0;J(Ljava/lang/String;)Lcom/cskaoyan/domain/qualifyMonitor/ProcessCountCheck;&amp;#1;&amp;#0;&amp;#27;updateByPrimaryKeySelective&amp;#1;&amp;#0;&amp;#18;updateByPrimaryKey&amp;#1;&amp;#0;&amp;#12;selectByPage&amp;#1;&amp;#0;!(Ljava/util/Map;)Ljava/util/List;&amp;#1;&amp;#0;	Signature&amp;#1;&amp;#0;(Ljava/util/Map&lt;Ljava/lang/Object;Ljava/lang/Object;&gt;;)Ljava/util/List&lt;Lcom/cskaoyan/domain/qualifyMonitor/ProcessCountCheck;&gt;;&amp;#1;&amp;#0;&quot;RuntimeVisibleParameterAnnotations&amp;#1;&amp;#0;%Lorg/apache/ibatis/annotations/Param;&amp;#1;&amp;#0;&amp;#5;value&amp;#1;&amp;#0;&amp;#6;params&amp;#1;&amp;#0;&amp;#5;count&amp;#1;&amp;#0;&amp;#18;(Ljava/util/Map;)I&amp;#1;&amp;#0;8(Ljava/util/Map&lt;Ljava/lang/Object;Ljava/lang/Object;&gt;;)I&amp;#1;&amp;#0;
17:41:16,357 DEBUG DefaultVFS:222 - Find JAR URL: file:/C:/Users/DELL/IdeaProjects/Production_ERP/target/classes/com/cskaoyan/dao/qualifyMonitor/ProcessCountCheckMapper.xml
17:41:16,357 DEBUG DefaultVFS:248 - Not a JAR: file:/C:/Users/DELL/IdeaProjects/Production_ERP/target/classes/com/cskaoyan/dao/qualifyMonitor/ProcessCountCheckMapper.xml
17:41:16,357 DEBUG DefaultVFS:102 - Reader entry: &lt;?xml version=&quot;1.0&quot; encoding=&quot;UTF-8&quot;?&gt;
17:41:16,357 DEBUG DefaultVFS:222 - Find JAR URL: file:/C:/Users/DELL/IdeaProjects/Production_ERP/target/classes/com/cskaoyan/dao/qualifyMonitor/ProcessMeasureCheckMapper.class
17:41:16,357 DEBUG DefaultVFS:248 - Not a JAR: file:/C:/Users/DELL/IdeaProjects/Production_ERP/target/classes/com/cskaoyan/dao/qualifyMonitor/ProcessMeasureCheckMapper.class
17:41:16,357 DEBUG DefaultVFS:102 - Reader entry: ����&amp;#0;&amp;#0;&amp;#0;3&amp;#0;&quot;&amp;#7;&amp;#0; &amp;#7;&amp;#0;!&amp;#1;&amp;#0;&amp;#18;deleteByPrimaryKey&amp;#1;&amp;#0;&amp;#21;(Ljava/lang/String;)I&amp;#1;&amp;#0;&amp;#6;insert&amp;#1;&amp;#0;;(Lcom/cskaoyan/domain/qualifyMonitor/ProcessMeasureCheck;)I&amp;#1;&amp;#0;&amp;#15;insertSelective&amp;#1;&amp;#0;&amp;#18;selectByPrimaryKey&amp;#1;&amp;#0;L(Ljava/lang/String;)Lcom/cskaoyan/domain/qualifyMonitor/ProcessMeasureCheck;&amp;#1;&amp;#0;&amp;#27;updateByPrimaryKeySelective&amp;#1;&amp;#0;&amp;#18;updateByPrimaryKey&amp;#1;&amp;#0;&amp;#12;selectByPage&amp;#1;&amp;#0;!(Ljava/util/Map;)Ljava/util/List;&amp;#1;&amp;#0;	Signature&amp;#1;&amp;#0;?(Ljava/util/Map&lt;Ljava/lang/Object;Ljava/lang/Object;&gt;;)Ljava/util/List&lt;Lcom/cskaoyan/domain/qualifyMonitor/ProcessMeasureCheck;&gt;;&amp;#1;&amp;#0;&quot;RuntimeVisibleParameterAnnotations&amp;#1;&amp;#0;%Lorg/apache/ibatis/annotations/Param;&amp;#1;&amp;#0;&amp;#5;value&amp;#1;&amp;#0;&amp;#6;params&amp;#1;&amp;#0;&amp;#5;count&amp;#1;&amp;#0;&amp;#18;(Ljava/util/Map;)I&amp;#1;&amp;#0;8(Ljava/util/Map&lt;Ljava/lang/Object;Ljava/lang/Object;&gt;;)I&amp;#1;&amp;#0;
17:41:16,357 DEBUG DefaultVFS:222 - Find JAR URL: file:/C:/Users/DELL/IdeaProjects/Production_ERP/target/classes/com/cskaoyan/dao/qualifyMonitor/ProcessMeasureCheckMapper.xml
17:41:16,373 DEBUG DefaultVFS:248 - Not a JAR: file:/C:/Users/DELL/IdeaProjects/Production_ERP/target/classes/com/cskaoyan/dao/qualifyMonitor/ProcessMeasureCheckMapper.xml
17:41:16,373 DEBUG DefaultVFS:102 - Reader entry: &lt;?xml version=&quot;1.0&quot; encoding=&quot;UTF-8&quot;?&gt;
17:41:16,373 DEBUG DefaultVFS:222 - Find JAR URL: file:/C:/Users/DELL/IdeaProjects/Production_ERP/target/classes/com/cskaoyan/dao/qualifyMonitor/UnqualifyApplyMapper.class
17:41:16,373 DEBUG DefaultVFS:248 - Not a JAR: file:/C:/Users/DELL/IdeaProjects/Production_ERP/target/classes/com/cskaoyan/dao/qualifyMonitor/UnqualifyApplyMapper.class
17:41:16,373 DEBUG DefaultVFS:102 - Reader entry: ����&amp;#0;&amp;#0;&amp;#0;3&amp;#0;&quot;&amp;#7;&amp;#0; &amp;#7;&amp;#0;!&amp;#1;&amp;#0;&amp;#18;deleteByPrimaryKey&amp;#1;&amp;#0;&amp;#21;(Ljava/lang/String;)I&amp;#1;&amp;#0;&amp;#6;insert&amp;#1;&amp;#0;6(Lcom/cskaoyan/domain/qualifyMonitor/UnqualifyApply;)I&amp;#1;&amp;#0;&amp;#15;insertSelective&amp;#1;&amp;#0;&amp;#18;selectByPrimaryKey&amp;#1;&amp;#0;G(Ljava/lang/String;)Lcom/cskaoyan/domain/qualifyMonitor/UnqualifyApply;&amp;#1;&amp;#0;&amp;#27;updateByPrimaryKeySelective&amp;#1;&amp;#0;&amp;#18;updateByPrimaryKey&amp;#1;&amp;#0;&amp;#12;selectByPage&amp;#1;&amp;#0;!(Ljava/util/Map;)Ljava/util/List;&amp;#1;&amp;#0;	Signature&amp;#1;&amp;#0;|(Ljava/util/Map&lt;Ljava/lang/Object;Ljava/lang/Object;&gt;;)Ljava/util/List&lt;Lcom/cskaoyan/domain/qualifyMonitor/UnqualifyApply;&gt;;&amp;#1;&amp;#0;&quot;RuntimeVisibleParameterAnnotations&amp;#1;&amp;#0;%Lorg/apache/ibatis/annotations/Param;&amp;#1;&amp;#0;&amp;#5;value&amp;#1;&amp;#0;&amp;#6;params&amp;#1;&amp;#0;&amp;#5;count&amp;#1;&amp;#0;&amp;#18;(Ljava/util/Map;)I&amp;#1;&amp;#0;8(Ljava/util/Map&lt;Ljava/lang/Object;Ljava/lang/Object;&gt;;)I&amp;#1;&amp;#0;
17:41:16,373 DEBUG DefaultVFS:222 - Find JAR URL: file:/C:/Users/DELL/IdeaProjects/Production_ERP/target/classes/com/cskaoyan/dao/qualifyMonitor/UnqualifyApplyMapper.xml
17:41:16,373 DEBUG DefaultVFS:248 - Not a JAR: file:/C:/Users/DELL/IdeaProjects/Production_ERP/target/classes/com/cskaoyan/dao/qualifyMonitor/UnqualifyApplyMapper.xml
17:41:16,373 DEBUG DefaultVFS:102 - Reader entry: &lt;?xml version=&quot;1.0&quot; encoding=&quot;UTF-8&quot;?&gt;
17:41:16,373 DEBUG DefaultVFS:222 - Find JAR URL: file:/C:/Users/DELL/IdeaProjects/Production_ERP/target/classes/com/cskaoyan/dao/technologyMonitor
17:41:16,373 DEBUG DefaultVFS:248 - Not a JAR: file:/C:/Users/DELL/IdeaProjects/Production_ERP/target/classes/com/cskaoyan/dao/technologyMonitor
17:41:16,373 DEBUG DefaultVFS:102 - Reader entry: ProcessMapper.class
17:41:16,373 DEBUG DefaultVFS:102 - Reader entry: ProcessMapper.xml
17:41:16,373 DEBUG DefaultVFS:102 - Reader entry: TechnologyMapper.class
17:41:16,373 DEBUG DefaultVFS:102 - Reader entry: TechnologyMapper.xml
17:41:16,373 DEBUG DefaultVFS:102 - Reader entry: TechnologyPlanMapper.class
17:41:16,373 DEBUG DefaultVFS:102 - Reader entry: TechnologyPlanMapper.xml
17:41:16,373 DEBUG DefaultVFS:102 - Reader entry: TechnologyRequirementMapper.class
17:41:16,388 DEBUG DefaultVFS:102 - Reader entry: TechnologyRequirementMapper.xml
17:41:16,388 DEBUG DefaultVFS:113 - Listing file:/C:/Users/DELL/IdeaProjects/Production_ERP/target/classes/com/cskaoyan/dao/technologyMonitor
17:41:16,388 DEBUG DefaultVFS:222 - Find JAR URL: file:/C:/Users/DELL/IdeaProjects/Production_ERP/target/classes/com/cskaoyan/dao/technologyMonitor/ProcessMapper.class
17:41:16,388 DEBUG DefaultVFS:248 - Not a JAR: file:/C:/Users/DELL/IdeaProjects/Production_ERP/target/classes/com/cskaoyan/dao/technologyMonitor/ProcessMapper.class
17:41:16,388 DEBUG DefaultVFS:102 - Reader entry: ����&amp;#0;&amp;#0;&amp;#0;3&amp;#0; &amp;#7;&amp;#0;&amp;#30;&amp;#7;&amp;#0;&amp;#31;&amp;#1;&amp;#0;&amp;#14;countByExample&amp;#1;&amp;#0;9(Lcom/cskaoyan/domain/technologyMonitor/ProcessExample;)J&amp;#1;&amp;#0;&amp;#15;deleteByExample&amp;#1;&amp;#0;9(Lcom/cskaoyan/domain/technologyMonitor/ProcessExample;)I&amp;#1;&amp;#0;&amp;#18;deleteByPrimaryKey&amp;#1;&amp;#0;&amp;#21;(Ljava/lang/String;)I&amp;#1;&amp;#0;&amp;#6;insert&amp;#1;&amp;#0;2(Lcom/cskaoyan/domain/technologyMonitor/Process;)I&amp;#1;&amp;#0;&amp;#15;insertSelective&amp;#1;&amp;#0;&amp;#15;selectByExample&amp;#1;&amp;#0;H(Lcom/cskaoyan/domain/technologyMonitor/ProcessExample;)Ljava/util/List;&amp;#1;&amp;#0;	Signature&amp;#1;&amp;#0;y(Lcom/cskaoyan/domain/technologyMonitor/ProcessExample;)Ljava/util/List&lt;Lcom/cskaoyan/domain/technologyMonitor/Process;&gt;;&amp;#1;&amp;#0;&amp;#18;selectByPrimaryKey&amp;#1;&amp;#0;C(Ljava/lang/String;)Lcom/cskaoyan/domain/technologyMonitor/Process;&amp;#1;&amp;#0;&amp;#24;updateByExampleSelective&amp;#1;&amp;#0;h(Lcom/cskaoyan/domain/technologyMonitor/Process;Lcom/cskaoyan/domain/technologyMonitor/ProcessExample;)I&amp;#1;&amp;#0;&quot;RuntimeVisibleParameterAnnotations&amp;#1;&amp;#0;%Lorg/apache/ibatis/annotations/Param;&amp;#1;&amp;#0;&amp;#5;value&amp;#1;&amp;#0;&amp;#6;record&amp;#1;&amp;#0;&amp;#7;example&amp;#1;&amp;#0;&amp;#15;updateByExample&amp;#1;&amp;#0;&amp;#27;updateByPrimaryKeySelective&amp;#1;&amp;#0;&amp;#18;updateByPrimaryKey&amp;#1;&amp;#0;
17:41:16,388 DEBUG DefaultVFS:222 - Find JAR URL: file:/C:/Users/DELL/IdeaProjects/Production_ERP/target/classes/com/cskaoyan/dao/technologyMonitor/ProcessMapper.xml
17:41:16,388 DEBUG DefaultVFS:248 - Not a JAR: file:/C:/Users/DELL/IdeaProjects/Production_ERP/target/classes/com/cskaoyan/dao/technologyMonitor/ProcessMapper.xml
17:41:16,388 DEBUG DefaultVFS:102 - Reader entry: &lt;?xml version=&quot;1.0&quot; encoding=&quot;UTF-8&quot;?&gt;
17:41:16,388 DEBUG DefaultVFS:222 - Find JAR URL: file:/C:/Users/DELL/IdeaProjects/Production_ERP/target/classes/com/cskaoyan/dao/technologyMonitor/TechnologyMapper.class
17:41:16,388 DEBUG DefaultVFS:248 - Not a JAR: file:/C:/Users/DELL/IdeaProjects/Production_ERP/target/classes/com/cskaoyan/dao/technologyMonitor/TechnologyMapper.class
17:41:16,388 DEBUG DefaultVFS:102 - Reader entry: ����&amp;#0;&amp;#0;&amp;#0;3&amp;#0; &amp;#7;&amp;#0;&amp;#30;&amp;#7;&amp;#0;&amp;#31;&amp;#1;&amp;#0;&amp;#14;countByExample&amp;#1;&amp;#0;&lt;(Lcom/cskaoyan/domain/technologyMonitor/TechnologyExample;)J&amp;#1;&amp;#0;&amp;#15;deleteByExample&amp;#1;&amp;#0;&lt;(Lcom/cskaoyan/domain/technologyMonitor/TechnologyExample;)I&amp;#1;&amp;#0;&amp;#18;deleteByPrimaryKey&amp;#1;&amp;#0;&amp;#21;(Ljava/lang/String;)I&amp;#1;&amp;#0;&amp;#6;insert&amp;#1;&amp;#0;5(Lcom/cskaoyan/domain/technologyMonitor/Technology;)I&amp;#1;&amp;#0;&amp;#15;insertSelective&amp;#1;&amp;#0;&amp;#15;selectByExample&amp;#1;&amp;#0;K(Lcom/cskaoyan/domain/technologyMonitor/TechnologyExample;)Ljava/util/List;&amp;#1;&amp;#0;	Signature&amp;#1;&amp;#0;(Lcom/cskaoyan/domain/technologyMonitor/TechnologyExample;)Ljava/util/List&lt;Lcom/cskaoyan/domain/technologyMonitor/Technology;&gt;;&amp;#1;&amp;#0;&amp;#18;selectByPrimaryKey&amp;#1;&amp;#0;F(Ljava/lang/String;)Lcom/cskaoyan/domain/technologyMonitor/Technology;&amp;#1;&amp;#0;&amp;#24;updateByExampleSelective&amp;#1;&amp;#0;n(Lcom/cskaoyan/domain/technologyMonitor/Technology;Lcom/cskaoyan/domain/technologyMonitor/TechnologyExample;)I&amp;#1;&amp;#0;&quot;RuntimeVisibleParameterAnnotations&amp;#1;&amp;#0;%Lorg/apache/ibatis/annotations/Param;&amp;#1;&amp;#0;&amp;#5;value&amp;#1;&amp;#0;&amp;#6;record&amp;#1;&amp;#0;&amp;#7;example&amp;#1;&amp;#0;&amp;#15;updateByExample&amp;#1;&amp;#0;&amp;#27;updateByPrimaryKeySelective&amp;#1;&amp;#0;&amp;#18;updateByPrimaryKey&amp;#1;&amp;#0;
17:41:16,388 DEBUG DefaultVFS:222 - Find JAR URL: file:/C:/Users/DELL/IdeaProjects/Production_ERP/target/classes/com/cskaoyan/dao/technologyMonitor/TechnologyMapper.xml
17:41:16,388 DEBUG DefaultVFS:248 - Not a JAR: file:/C:/Users/DELL/IdeaProjects/Production_ERP/target/classes/com/cskaoyan/dao/technologyMonitor/TechnologyMapper.xml
17:41:16,388 DEBUG DefaultVFS:102 - Reader entry: &lt;?xml version=&quot;1.0&quot; encoding=&quot;UTF-8&quot;?&gt;
17:41:16,388 DEBUG DefaultVFS:222 - Find JAR URL: file:/C:/Users/DELL/IdeaProjects/Production_ERP/target/classes/com/cskaoyan/dao/technologyMonitor/TechnologyPlanMapper.class
17:41:16,388 DEBUG DefaultVFS:248 - Not a JAR: file:/C:/Users/DELL/IdeaProjects/Production_ERP/target/classes/com/cskaoyan/dao/technologyMonitor/TechnologyPlanMapper.class
17:41:16,388 DEBUG DefaultVFS:102 - Reader entry: ����&amp;#0;&amp;#0;&amp;#0;3&amp;#0;&amp;&amp;#7;&amp;#0;$&amp;#7;&amp;#0;%&amp;#1;&amp;#0;&amp;#14;countByExample&amp;#1;&amp;#0;@(Lcom/cskaoyan/domain/technologyMonitor/TechnologyPlanExample;)J&amp;#1;&amp;#0;&amp;#15;deleteByExample&amp;#1;&amp;#0;@(Lcom/cskaoyan/domain/technologyMonitor/TechnologyPlanExample;)I&amp;#1;&amp;#0;&amp;#18;deleteByPrimaryKey&amp;#1;&amp;#0;&amp;#21;(Ljava/lang/String;)I&amp;#1;&amp;#0;&amp;#6;insert&amp;#1;&amp;#0;9(Lcom/cskaoyan/domain/technologyMonitor/TechnologyPlan;)I&amp;#1;&amp;#0;&amp;#15;insertSelective&amp;#1;&amp;#0;&amp;#15;selectByExample&amp;#1;&amp;#0;O(Lcom/cskaoyan/domain/technologyMonitor/TechnologyPlanExample;)Ljava/util/List;&amp;#1;&amp;#0;	Signature&amp;#1;&amp;#0;?(Lcom/cskaoyan/domain/technologyMonitor/TechnologyPlanExample;)Ljava/util/List&lt;Lcom/cskaoyan/domain/technologyMonitor/TechnologyPlan;&gt;;&amp;#1;&amp;#0;&amp;#18;selectByPrimaryKey&amp;#1;&amp;#0;J(Ljava/lang/String;)Lcom/cskaoyan/domain/technologyMonitor/TechnologyPlan;&amp;#1;&amp;#0;&amp;#24;updateByExampleSelective&amp;#1;&amp;#0;v(Lcom/cskaoyan/domain/technologyMonitor/TechnologyPlan;Lcom/cskaoyan/domain/technologyMonitor/TechnologyPlanExample;)I&amp;#1;&amp;#0;&quot;RuntimeVisibleParameterAnnotations&amp;#1;&amp;#0;%Lorg/apache/ibatis/annotations/Param;&amp;#1;&amp;#0;&amp;#5;value&amp;#1;&amp;#0;&amp;#6;record&amp;#1;&amp;#0;&amp;#7;example&amp;#1;&amp;#0;&amp;#15;updateByExample&amp;#1;&amp;#0;&amp;#27;updateByPrimaryKeySelective&amp;#1;&amp;#0;&amp;#18;updateByPrimaryKey&amp;#1;&amp;#0;&amp;#22;selectByTechnologyName&amp;#1;&amp;#0;J(Ljava/lang/String;Ljava/lang/Integer;Ljava/lang/Integer;)Ljava/util/List;&amp;#1;&amp;#0;?(Ljava/lang/String;Ljava/lang/Integer;Ljava/lang/Integer;)Ljava/util/List&lt;Lcom/cskaoyan/domain/technologyMonitor/TechnologyPlan;&gt;;&amp;#1;&amp;#0;&amp;#14;technologyName&amp;#1;&amp;#0;&amp;#8;startRow&amp;#1;&amp;#0;&amp;#4;rows&amp;#1;&amp;#0;
17:41:16,388 DEBUG DefaultVFS:222 - Find JAR URL: file:/C:/Users/DELL/IdeaProjects/Production_ERP/target/classes/com/cskaoyan/dao/technologyMonitor/TechnologyPlanMapper.xml
17:41:16,388 DEBUG DefaultVFS:248 - Not a JAR: file:/C:/Users/DELL/IdeaProjects/Production_ERP/target/classes/com/cskaoyan/dao/technologyMonitor/TechnologyPlanMapper.xml
17:41:16,388 DEBUG DefaultVFS:102 - Reader entry: &lt;?xml version=&quot;1.0&quot; encoding=&quot;UTF-8&quot;?&gt;
17:41:16,388 DEBUG DefaultVFS:222 - Find JAR URL: file:/C:/Users/DELL/IdeaProjects/Production_ERP/target/classes/com/cskaoyan/dao/technologyMonitor/TechnologyRequirementMapper.class
17:41:16,388 DEBUG DefaultVFS:248 - Not a JAR: file:/C:/Users/DELL/IdeaProjects/Production_ERP/target/classes/com/cskaoyan/dao/technologyMonitor/TechnologyRequirementMapper.class
17:41:16,388 DEBUG DefaultVFS:102 - Reader entry: ����&amp;#0;&amp;#0;&amp;#0;3&amp;#0;&amp;&amp;#7;&amp;#0;$&amp;#7;&amp;#0;%&amp;#1;&amp;#0;&amp;#14;countByExample&amp;#1;&amp;#0;G(Lcom/cskaoyan/domain/technologyMonitor/TechnologyRequirementExample;)J&amp;#1;&amp;#0;&amp;#15;deleteByExample&amp;#1;&amp;#0;G(Lcom/cskaoyan/domain/technologyMonitor/TechnologyRequirementExample;)I&amp;#1;&amp;#0;&amp;#18;deleteByPrimaryKey&amp;#1;&amp;#0;&amp;#21;(Ljava/lang/String;)I&amp;#1;&amp;#0;&amp;#6;insert&amp;#1;&amp;#0;@(Lcom/cskaoyan/domain/technologyMonitor/TechnologyRequirement;)I&amp;#1;&amp;#0;&amp;#15;insertSelective&amp;#1;&amp;#0;&amp;#15;selectByExample&amp;#1;&amp;#0;V(Lcom/cskaoyan/domain/technologyMonitor/TechnologyRequirementExample;)Ljava/util/List;&amp;#1;&amp;#0;	Signature&amp;#1;&amp;#0;?(Lcom/cskaoyan/domain/technologyMonitor/TechnologyRequirementExample;)Ljava/util/List&lt;Lcom/cskaoyan/domain/technologyMonitor/TechnologyRequirement;&gt;;&amp;#1;&amp;#0;&amp;#18;selectByPrimaryKey&amp;#1;&amp;#0;Q(Ljava/lang/String;)Lcom/cskaoyan/domain/technologyMonitor/TechnologyRequirement;&amp;#1;&amp;#0;&amp;#24;updateByExampleSelective&amp;#1;&amp;#0;?(Lcom/cskaoyan/domain/technologyMonitor/TechnologyRequirement;Lcom/cskaoyan/domain/technologyMonitor/TechnologyRequirementExample;)I&amp;#1;&amp;#0;&quot;RuntimeVisibleParameterAnnotations&amp;#1;&amp;#0;%Lorg/apache/ibatis/annotations/Param;&amp;#1;&amp;#0;&amp;#5;value&amp;#1;&amp;#0;&amp;#6;record&amp;#1;&amp;#0;&amp;#7;example&amp;#1;&amp;#0;&amp;#15;updateByExample&amp;#1;&amp;#0;&amp;#27;updateByPrimaryKeySelective&amp;#1;&amp;#0;&amp;#18;updateByPrimaryKey&amp;#1;&amp;#0;&amp;#22;selectByTechnologyName&amp;#1;&amp;#0;J(Ljava/lang/String;Ljava/lang/Integer;Ljava/lang/Integer;)Ljava/util/List;&amp;#1;&amp;#0;?(Ljava/lang/String;Ljava/lang/Integer;Ljava/lang/Integer;)Ljava/util/List&lt;Lcom/cskaoyan/domain/technologyMonitor/TechnologyRequirement;&gt;;&amp;#1;&amp;#0;&amp;#14;technologyName&amp;#1;&amp;#0;&amp;#8;startRow&amp;#1;&amp;#0;&amp;#4;rows&amp;#1;&amp;#0;
17:41:16,388 DEBUG DefaultVFS:222 - Find JAR URL: file:/C:/Users/DELL/IdeaProjects/Production_ERP/target/classes/com/cskaoyan/dao/technologyMonitor/TechnologyRequirementMapper.xml
17:41:16,388 DEBUG DefaultVFS:248 - Not a JAR: file:/C:/Users/DELL/IdeaProjects/Production_ERP/target/classes/com/cskaoyan/dao/technologyMonitor/TechnologyRequirementMapper.xml
17:41:16,404 DEBUG DefaultVFS:102 - Reader entry: &lt;?xml version=&quot;1.0&quot; encoding=&quot;UTF-8&quot;?&gt;
17:41:16,404 DEBUG ResolverUtil:256 - Checking to see if class com.cskaoyan.dao.designSchedule.CustomMapper matches criteria [is assignable to Object]
17:41:16,404 DEBUG ResolverUtil:256 - Checking to see if class com.cskaoyan.dao.designSchedule.ManufactureMapper matches criteria [is assignable to Object]
17:41:16,404 DEBUG ResolverUtil:256 - Checking to see if class com.cskaoyan.dao.designSchedule.OrderMapper matches criteria [is assignable to Object]
17:41:16,404 DEBUG ResolverUtil:256 - Checking to see if class com.cskaoyan.dao.designSchedule.ProductMapper matches criteria [is assignable to Object]
17:41:16,404 DEBUG ResolverUtil:256 - Checking to see if class com.cskaoyan.dao.designSchedule.TaskMapper matches criteria [is assignable to Object]
17:41:16,404 DEBUG ResolverUtil:256 - Checking to see if class com.cskaoyan.dao.designSchedule.WorkMapper matches criteria [is assignable to Object]
17:41:16,404 DEBUG ResolverUtil:256 - Checking to see if class com.cskaoyan.dao.deviceManagement.Device_checkMapper matches criteria [is assignable to Object]
17:41:16,404 DEBUG ResolverUtil:256 - Checking to see if class com.cskaoyan.dao.deviceManagement.Device_faultMapper matches criteria [is assignable to Object]
17:41:16,404 DEBUG ResolverUtil:256 - Checking to see if class com.cskaoyan.dao.deviceManagement.Device_maintainMapper matches criteria [is assignable to Object]
17:41:16,404 DEBUG ResolverUtil:256 - Checking to see if class com.cskaoyan.dao.deviceManagement.Device_typeMapper matches criteria [is assignable to Object]
17:41:16,404 DEBUG ResolverUtil:256 - Checking to see if class com.cskaoyan.dao.deviceManagement.DeviceMapper matches criteria [is assignable to Object]
17:41:16,404 DEBUG ResolverUtil:256 - Checking to see if class com.cskaoyan.dao.person.DepartmentMapper matches criteria [is assignable to Object]
17:41:16,404 DEBUG ResolverUtil:256 - Checking to see if class com.cskaoyan.dao.person.EmployeeMapper matches criteria [is assignable to Object]
17:41:16,404 DEBUG ResolverUtil:256 - Checking to see if class com.cskaoyan.dao.qualifyMonitor.FinalCountCheckMapper matches criteria [is assignable to Object]
17:41:16,404 DEBUG ResolverUtil:256 - Checking to see if class com.cskaoyan.dao.qualifyMonitor.FinalMeasuretCheckMapper matches criteria [is assignable to Object]
17:41:16,404 DEBUG ResolverUtil:256 - Checking to see if class com.cskaoyan.dao.qualifyMonitor.ProcessCountCheckMapper matches criteria [is assignable to Object]
17:41:16,404 DEBUG ResolverUtil:256 - Checking to see if class com.cskaoyan.dao.qualifyMonitor.ProcessMeasureCheckMapper matches criteria [is assignable to Object]
17:41:16,404 DEBUG ResolverUtil:256 - Checking to see if class com.cskaoyan.dao.qualifyMonitor.UnqualifyApplyMapper matches criteria [is assignable to Object]
17:41:16,404 DEBUG ResolverUtil:256 - Checking to see if class com.cskaoyan.dao.technologyMonitor.ProcessMapper matches criteria [is assignable to Object]
17:41:16,404 DEBUG ResolverUtil:256 - Checking to see if class com.cskaoyan.dao.technologyMonitor.TechnologyMapper matches criteria [is assignable to Object]
17:41:16,404 DEBUG ResolverUtil:256 - Checking to see if class com.cskaoyan.dao.technologyMonitor.TechnologyPlanMapper matches criteria [is assignable to Object]
17:41:16,404 DEBUG ResolverUtil:256 - Checking to see if class com.cskaoyan.dao.technologyMonitor.TechnologyRequirementMapper matches criteria [is assignable to Object]
17:41:17,044 DEBUG SqlSessionFactoryBean:497 - Parsed configuration file: &apos;class path resource [conf.xml]&apos;
17:41:17,044 DEBUG SqlSessionFactoryBean:534 - Property &apos;mapperLocations&apos; was not specified or no matching resources found
17:41:17,044 DEBUG DefaultListableBeanFactory:255 - Returning cached instance of singleton bean &apos;org.springframework.transaction.config.internalTransactionAdvisor&apos;
17:41:17,044 DEBUG DefaultListableBeanFactory:504 - Finished creating instance of bean &apos;sqlSessionFactory&apos;
17:41:17,044 DEBUG DefaultListableBeanFactory:255 - Returning cached instance of singleton bean &apos;org.springframework.transaction.config.internalTransactionAdvisor&apos;
17:41:17,060 DEBUG DefaultListableBeanFactory:1755 - Invoking afterPropertiesSet() on bean with name &apos;customMapper&apos;
17:41:17,060 DEBUG DefaultListableBeanFactory:255 - Returning cached instance of singleton bean &apos;org.springframework.transaction.config.internalTransactionAdvisor&apos;
17:41:17,060 DEBUG DefaultListableBeanFactory:504 - Finished creating instance of bean &apos;customMapper&apos;
17:41:17,060 DEBUG DefaultListableBeanFactory:255 - Returning cached instance of singleton bean &apos;org.springframework.transaction.config.internalTransactionAdvisor&apos;
17:41:17,076 DEBUG AutowiredAnnotationBeanPostProcessor:530 - Autowiring by type from bean name &apos;custom&apos; to bean named &apos;customMapper&apos;
17:41:17,076 DEBUG DefaultListableBeanFactory:255 - Returning cached instance of singleton bean &apos;org.springframework.transaction.config.internalTransactionAdvisor&apos;
17:41:17,076 DEBUG DefaultListableBeanFactory:504 - Finished creating instance of bean &apos;custom&apos;
17:41:17,076 DEBUG AutowiredAnnotationBeanPostProcessor:530 - Autowiring by type from bean name &apos;customController&apos; to bean named &apos;custom&apos;
17:41:17,076 DEBUG DefaultListableBeanFactory:255 - Returning cached instance of singleton bean &apos;org.springframework.transaction.config.internalTransactionAdvisor&apos;
17:41:17,076 DEBUG DefaultListableBeanFactory:504 - Finished creating instance of bean &apos;customController&apos;
17:41:17,076 DEBUG DefaultListableBeanFactory:219 - Creating shared instance of singleton bean &apos;manufactureController&apos;
17:41:17,076 DEBUG DefaultListableBeanFactory:467 - Creating instance of bean &apos;manufactureController&apos;
17:41:17,076 DEBUG InjectionMetadata:74 - Registered injected element on class [com.cskaoyan.controller.designSchedule.ManufactureController]: AutowiredFieldElement for com.cskaoyan.service.designSchedule.ManufactureService com.cskaoyan.controller.designSchedule.ManufactureController.manufactureService
17:41:17,076 DEBUG DefaultListableBeanFactory:573 - Eagerly caching bean &apos;manufactureController&apos; to allow for resolving potential circular references
17:41:17,076 DEBUG InjectionMetadata:89 - Processing injected element of bean &apos;manufactureController&apos;: AutowiredFieldElement for com.cskaoyan.service.designSchedule.ManufactureService com.cskaoyan.controller.designSchedule.ManufactureController.manufactureService
17:41:17,076 DEBUG AnnotationUtils:1838 - Failed to meta-introspect annotation [interface org.springframework.beans.factory.annotation.Autowired]: java.lang.NullPointerException
17:41:17,076 DEBUG DefaultListableBeanFactory:219 - Creating shared instance of singleton bean &apos;manufactureServiceimp&apos;
17:41:17,091 DEBUG DefaultListableBeanFactory:467 - Creating instance of bean &apos;manufactureServiceimp&apos;
17:41:17,091 DEBUG InjectionMetadata:74 - Registered injected element on class [com.cskaoyan.service.designSchedule.imp.ManufactureServiceimp]: AutowiredFieldElement for com.cskaoyan.dao.designSchedule.ManufactureMapper com.cskaoyan.service.designSchedule.imp.ManufactureServiceimp.manufactureMapper
17:41:17,091 DEBUG DefaultListableBeanFactory:573 - Eagerly caching bean &apos;manufactureServiceimp&apos; to allow for resolving potential circular references
17:41:17,091 DEBUG InjectionMetadata:89 - Processing injected element of bean &apos;manufactureServiceimp&apos;: AutowiredFieldElement for com.cskaoyan.dao.designSchedule.ManufactureMapper com.cskaoyan.service.designSchedule.imp.ManufactureServiceimp.manufactureMapper
17:41:17,091 DEBUG AnnotationUtils:1838 - Failed to meta-introspect annotation [interface org.springframework.beans.factory.annotation.Autowired]: java.lang.NullPointerException
17:41:17,091 DEBUG DefaultListableBeanFactory:219 - Creating shared instance of singleton bean &apos;manufactureMapper&apos;
17:41:17,091 DEBUG DefaultListableBeanFactory:467 - Creating instance of bean &apos;manufactureMapper&apos;
17:41:17,091 DEBUG DefaultListableBeanFactory:573 - Eagerly caching bean &apos;manufactureMapper&apos; to allow for resolving potential circular references
17:41:17,091 DEBUG DefaultListableBeanFactory:255 - Returning cached instance of singleton bean &apos;sqlSessionFactory&apos;
17:41:17,091 DEBUG DefaultListableBeanFactory:1755 - Invoking afterPropertiesSet() on bean with name &apos;manufactureMapper&apos;
17:41:17,091 DEBUG DefaultListableBeanFactory:255 - Returning cached instance of singleton bean &apos;org.springframework.transaction.config.internalTransactionAdvisor&apos;
17:41:17,091 DEBUG DefaultListableBeanFactory:504 - Finished creating instance of bean &apos;manufactureMapper&apos;
17:41:17,107 DEBUG DefaultListableBeanFactory:255 - Returning cached instance of singleton bean &apos;org.springframework.transaction.config.internalTransactionAdvisor&apos;
17:41:17,107 DEBUG AutowiredAnnotationBeanPostProcessor:530 - Autowiring by type from bean name &apos;manufactureServiceimp&apos; to bean named &apos;manufactureMapper&apos;
17:41:17,107 DEBUG DefaultListableBeanFactory:255 - Returning cached instance of singleton bean &apos;org.springframework.transaction.config.internalTransactionAdvisor&apos;
17:41:17,107 DEBUG DefaultListableBeanFactory:504 - Finished creating instance of bean &apos;manufactureServiceimp&apos;
17:41:17,107 DEBUG AutowiredAnnotationBeanPostProcessor:530 - Autowiring by type from bean name &apos;manufactureController&apos; to bean named &apos;manufactureServiceimp&apos;
17:41:17,107 DEBUG DefaultListableBeanFactory:255 - Returning cached instance of singleton bean &apos;org.springframework.transaction.config.internalTransactionAdvisor&apos;
17:41:17,107 DEBUG DefaultListableBeanFactory:504 - Finished creating instance of bean &apos;manufactureController&apos;
17:41:17,107 DEBUG DefaultListableBeanFactory:219 - Creating shared instance of singleton bean &apos;orderController&apos;
17:41:17,107 DEBUG DefaultListableBeanFactory:467 - Creating instance of bean &apos;orderController&apos;
17:41:17,122 DEBUG InjectionMetadata:74 - Registered injected element on class [com.cskaoyan.controller.designSchedule.OrderController]: AutowiredFieldElement for com.cskaoyan.service.designSchedule.OrderService com.cskaoyan.controller.designSchedule.OrderController.orderService
17:41:17,122 DEBUG DefaultListableBeanFactory:573 - Eagerly caching bean &apos;orderController&apos; to allow for resolving potential circular references
17:41:17,122 DEBUG InjectionMetadata:89 - Processing injected element of bean &apos;orderController&apos;: AutowiredFieldElement for com.cskaoyan.service.designSchedule.OrderService com.cskaoyan.controller.designSchedule.OrderController.orderService
17:41:17,122 DEBUG AnnotationUtils:1838 - Failed to meta-introspect annotation [interface org.springframework.beans.factory.annotation.Autowired]: java.lang.NullPointerException
17:41:17,122 DEBUG DefaultListableBeanFactory:219 - Creating shared instance of singleton bean &apos;orderServiceimp&apos;
17:41:17,122 DEBUG DefaultListableBeanFactory:467 - Creating instance of bean &apos;orderServiceimp&apos;
17:41:17,122 DEBUG InjectionMetadata:74 - Registered injected element on class [com.cskaoyan.service.designSchedule.imp.OrderServiceimp]: AutowiredFieldElement for com.cskaoyan.dao.designSchedule.OrderMapper com.cskaoyan.service.designSchedule.imp.OrderServiceimp.orderMapper
17:41:17,122 DEBUG DefaultListableBeanFactory:573 - Eagerly caching bean &apos;orderServiceimp&apos; to allow for resolving potential circular references
17:41:17,122 DEBUG InjectionMetadata:89 - Processing injected element of bean &apos;orderServiceimp&apos;: AutowiredFieldElement for com.cskaoyan.dao.designSchedule.OrderMapper com.cskaoyan.service.designSchedule.imp.OrderServiceimp.orderMapper
17:41:17,122 DEBUG AnnotationUtils:1838 - Failed to meta-introspect annotation [interface org.springframework.beans.factory.annotation.Autowired]: java.lang.NullPointerException
17:41:17,122 DEBUG DefaultListableBeanFactory:219 - Creating shared instance of singleton bean &apos;orderMapper&apos;
17:41:17,122 DEBUG DefaultListableBeanFactory:467 - Creating instance of bean &apos;orderMapper&apos;
17:41:17,122 DEBUG DefaultListableBeanFactory:573 - Eagerly caching bean &apos;orderMapper&apos; to allow for resolving potential circular references
17:41:17,122 DEBUG DefaultListableBeanFactory:255 - Returning cached instance of singleton bean &apos;sqlSessionFactory&apos;
17:41:17,138 DEBUG DefaultListableBeanFactory:1755 - Invoking afterPropertiesSet() on bean with name &apos;orderMapper&apos;
17:41:17,138 DEBUG DefaultListableBeanFactory:255 - Returning cached instance of singleton bean &apos;org.springframework.transaction.config.internalTransactionAdvisor&apos;
17:41:17,138 DEBUG DefaultListableBeanFactory:504 - Finished creating instance of bean &apos;orderMapper&apos;
17:41:17,138 DEBUG DefaultListableBeanFactory:255 - Returning cached instance of singleton bean &apos;org.springframework.transaction.config.internalTransactionAdvisor&apos;
17:41:17,138 DEBUG AutowiredAnnotationBeanPostProcessor:530 - Autowiring by type from bean name &apos;orderServiceimp&apos; to bean named &apos;orderMapper&apos;
17:41:17,138 DEBUG DefaultListableBeanFactory:255 - Returning cached instance of singleton bean &apos;org.springframework.transaction.config.internalTransactionAdvisor&apos;
17:41:17,138 DEBUG DefaultListableBeanFactory:504 - Finished creating instance of bean &apos;orderServiceimp&apos;
17:41:17,138 DEBUG AutowiredAnnotationBeanPostProcessor:530 - Autowiring by type from bean name &apos;orderController&apos; to bean named &apos;orderServiceimp&apos;
17:41:17,138 DEBUG DefaultListableBeanFactory:255 - Returning cached instance of singleton bean &apos;org.springframework.transaction.config.internalTransactionAdvisor&apos;
17:41:17,138 DEBUG DefaultListableBeanFactory:504 - Finished creating instance of bean &apos;orderController&apos;
17:41:17,138 DEBUG DefaultListableBeanFactory:219 - Creating shared instance of singleton bean &apos;productController&apos;
17:41:17,138 DEBUG DefaultListableBeanFactory:467 - Creating instance of bean &apos;productController&apos;
17:41:17,138 DEBUG InjectionMetadata:74 - Registered injected element on class [com.cskaoyan.controller.designSchedule.ProductController]: AutowiredFieldElement for com.cskaoyan.service.designSchedule.ProductService com.cskaoyan.controller.designSchedule.ProductController.productService
17:41:17,138 DEBUG DefaultListableBeanFactory:573 - Eagerly caching bean &apos;productController&apos; to allow for resolving potential circular references
17:41:17,138 DEBUG InjectionMetadata:89 - Processing injected element of bean &apos;productController&apos;: AutowiredFieldElement for com.cskaoyan.service.designSchedule.ProductService com.cskaoyan.controller.designSchedule.ProductController.productService
17:41:17,138 DEBUG AnnotationUtils:1838 - Failed to meta-introspect annotation [interface org.springframework.beans.factory.annotation.Autowired]: java.lang.NullPointerException
17:41:17,138 DEBUG DefaultListableBeanFactory:219 - Creating shared instance of singleton bean &apos;productServiceimp&apos;
17:41:17,138 DEBUG DefaultListableBeanFactory:467 - Creating instance of bean &apos;productServiceimp&apos;
17:41:17,138 DEBUG InjectionMetadata:74 - Registered injected element on class [com.cskaoyan.service.designSchedule.imp.ProductServiceimp]: AutowiredFieldElement for com.cskaoyan.dao.designSchedule.ProductMapper com.cskaoyan.service.designSchedule.imp.ProductServiceimp.productMapper
17:41:17,138 DEBUG DefaultListableBeanFactory:573 - Eagerly caching bean &apos;productServiceimp&apos; to allow for resolving potential circular references
17:41:17,154 DEBUG InjectionMetadata:89 - Processing injected element of bean &apos;productServiceimp&apos;: AutowiredFieldElement for com.cskaoyan.dao.designSchedule.ProductMapper com.cskaoyan.service.designSchedule.imp.ProductServiceimp.productMapper
17:41:17,154 DEBUG AnnotationUtils:1838 - Failed to meta-introspect annotation [interface org.springframework.beans.factory.annotation.Autowired]: java.lang.NullPointerException
17:41:17,154 DEBUG DefaultListableBeanFactory:219 - Creating shared instance of singleton bean &apos;productMapper&apos;
17:41:17,154 DEBUG DefaultListableBeanFactory:467 - Creating instance of bean &apos;productMapper&apos;
17:41:17,154 DEBUG DefaultListableBeanFactory:573 - Eagerly caching bean &apos;productMapper&apos; to allow for resolving potential circular references
17:41:17,154 DEBUG DefaultListableBeanFactory:255 - Returning cached instance of singleton bean &apos;sqlSessionFactory&apos;
17:41:17,154 DEBUG DefaultListableBeanFactory:1755 - Invoking afterPropertiesSet() on bean with name &apos;productMapper&apos;
17:41:17,154 DEBUG DefaultListableBeanFactory:255 - Returning cached instance of singleton bean &apos;org.springframework.transaction.config.internalTransactionAdvisor&apos;
17:41:17,154 DEBUG DefaultListableBeanFactory:504 - Finished creating instance of bean &apos;productMapper&apos;
17:41:17,154 DEBUG DefaultListableBeanFactory:255 - Returning cached instance of singleton bean &apos;org.springframework.transaction.config.internalTransactionAdvisor&apos;
17:41:17,154 DEBUG AutowiredAnnotationBeanPostProcessor:530 - Autowiring by type from bean name &apos;productServiceimp&apos; to bean named &apos;productMapper&apos;
17:41:17,154 DEBUG DefaultListableBeanFactory:255 - Returning cached instance of singleton bean &apos;org.springframework.transaction.config.internalTransactionAdvisor&apos;
17:41:17,154 DEBUG DefaultListableBeanFactory:504 - Finished creating instance of bean &apos;productServiceimp&apos;
17:41:17,154 DEBUG AutowiredAnnotationBeanPostProcessor:530 - Autowiring by type from bean name &apos;productController&apos; to bean named &apos;productServiceimp&apos;
17:41:17,154 DEBUG DefaultListableBeanFactory:255 - Returning cached instance of singleton bean &apos;org.springframework.transaction.config.internalTransactionAdvisor&apos;
17:41:17,154 DEBUG DefaultListableBeanFactory:504 - Finished creating instance of bean &apos;productController&apos;
17:41:17,154 DEBUG DefaultListableBeanFactory:219 - Creating shared instance of singleton bean &apos;taskController&apos;
17:41:17,154 DEBUG DefaultListableBeanFactory:467 - Creating instance of bean &apos;taskController&apos;
17:41:17,154 DEBUG InjectionMetadata:74 - Registered injected element on class [com.cskaoyan.controller.designSchedule.TaskController]: AutowiredFieldElement for com.cskaoyan.service.designSchedule.TaskService com.cskaoyan.controller.designSchedule.TaskController.taskService
17:41:17,154 DEBUG DefaultListableBeanFactory:573 - Eagerly caching bean &apos;taskController&apos; to allow for resolving potential circular references
17:41:17,154 DEBUG InjectionMetadata:89 - Processing injected element of bean &apos;taskController&apos;: AutowiredFieldElement for com.cskaoyan.service.designSchedule.TaskService com.cskaoyan.controller.designSchedule.TaskController.taskService
17:41:17,154 DEBUG AnnotationUtils:1838 - Failed to meta-introspect annotation [interface org.springframework.beans.factory.annotation.Autowired]: java.lang.NullPointerException
17:41:17,169 DEBUG DefaultListableBeanFactory:219 - Creating shared instance of singleton bean &apos;taskServiceimp&apos;
17:41:17,169 DEBUG DefaultListableBeanFactory:467 - Creating instance of bean &apos;taskServiceimp&apos;
17:41:17,169 DEBUG InjectionMetadata:74 - Registered injected element on class [com.cskaoyan.service.designSchedule.imp.TaskServiceimp]: AutowiredFieldElement for com.cskaoyan.dao.designSchedule.TaskMapper com.cskaoyan.service.designSchedule.imp.TaskServiceimp.taskMapper
17:41:17,169 DEBUG DefaultListableBeanFactory:573 - Eagerly caching bean &apos;taskServiceimp&apos; to allow for resolving potential circular references
17:41:17,169 DEBUG InjectionMetadata:89 - Processing injected element of bean &apos;taskServiceimp&apos;: AutowiredFieldElement for com.cskaoyan.dao.designSchedule.TaskMapper com.cskaoyan.service.designSchedule.imp.TaskServiceimp.taskMapper
17:41:17,169 DEBUG AnnotationUtils:1838 - Failed to meta-introspect annotation [interface org.springframework.beans.factory.annotation.Autowired]: java.lang.NullPointerException
17:41:17,169 DEBUG DefaultListableBeanFactory:219 - Creating shared instance of singleton bean &apos;taskMapper&apos;
17:41:17,169 DEBUG DefaultListableBeanFactory:467 - Creating instance of bean &apos;taskMapper&apos;
17:41:17,169 DEBUG DefaultListableBeanFactory:573 - Eagerly caching bean &apos;taskMapper&apos; to allow for resolving potential circular references
17:41:17,169 DEBUG DefaultListableBeanFactory:255 - Returning cached instance of singleton bean &apos;sqlSessionFactory&apos;
17:41:17,169 DEBUG DefaultListableBeanFactory:1755 - Invoking afterPropertiesSet() on bean with name &apos;taskMapper&apos;
17:41:17,169 DEBUG DefaultListableBeanFactory:255 - Returning cached instance of singleton bean &apos;org.springframework.transaction.config.internalTransactionAdvisor&apos;
17:41:17,169 DEBUG DefaultListableBeanFactory:504 - Finished creating instance of bean &apos;taskMapper&apos;
17:41:17,169 DEBUG DefaultListableBeanFactory:255 - Returning cached instance of singleton bean &apos;org.springframework.transaction.config.internalTransactionAdvisor&apos;
17:41:17,169 DEBUG AutowiredAnnotationBeanPostProcessor:530 - Autowiring by type from bean name &apos;taskServiceimp&apos; to bean named &apos;taskMapper&apos;
17:41:17,169 DEBUG DefaultListableBeanFactory:255 - Returning cached instance of singleton bean &apos;org.springframework.transaction.config.internalTransactionAdvisor&apos;
17:41:17,169 DEBUG DefaultListableBeanFactory:504 - Finished creating instance of bean &apos;taskServiceimp&apos;
17:41:17,169 DEBUG AutowiredAnnotationBeanPostProcessor:530 - Autowiring by type from bean name &apos;taskController&apos; to bean named &apos;taskServiceimp&apos;
17:41:17,169 DEBUG DefaultListableBeanFactory:255 - Returning cached instance of singleton bean &apos;org.springframework.transaction.config.internalTransactionAdvisor&apos;
17:41:17,169 DEBUG DefaultListableBeanFactory:504 - Finished creating instance of bean &apos;taskController&apos;
17:41:17,169 DEBUG DefaultListableBeanFactory:219 - Creating shared instance of singleton bean &apos;workController&apos;
17:41:17,169 DEBUG DefaultListableBeanFactory:467 - Creating instance of bean &apos;workController&apos;
17:41:17,169 DEBUG InjectionMetadata:74 - Registered injected element on class [com.cskaoyan.controller.designSchedule.WorkController]: AutowiredFieldElement for com.cskaoyan.service.designSchedule.WorkService com.cskaoyan.controller.designSchedule.WorkController.workService
17:41:17,169 DEBUG DefaultListableBeanFactory:573 - Eagerly caching bean &apos;workController&apos; to allow for resolving potential circular references
17:41:17,169 DEBUG InjectionMetadata:89 - Processing injected element of bean &apos;workController&apos;: AutowiredFieldElement for com.cskaoyan.service.designSchedule.WorkService com.cskaoyan.controller.designSchedule.WorkController.workService
17:41:17,169 DEBUG AnnotationUtils:1838 - Failed to meta-introspect annotation [interface org.springframework.beans.factory.annotation.Autowired]: java.lang.NullPointerException
17:41:17,185 DEBUG DefaultListableBeanFactory:219 - Creating shared instance of singleton bean &apos;workServiceimp&apos;
17:41:17,185 DEBUG DefaultListableBeanFactory:467 - Creating instance of bean &apos;workServiceimp&apos;
17:41:17,185 DEBUG InjectionMetadata:74 - Registered injected element on class [com.cskaoyan.service.designSchedule.imp.WorkServiceimp]: AutowiredFieldElement for com.cskaoyan.dao.designSchedule.WorkMapper com.cskaoyan.service.designSchedule.imp.WorkServiceimp.workMapper
17:41:17,185 DEBUG DefaultListableBeanFactory:573 - Eagerly caching bean &apos;workServiceimp&apos; to allow for resolving potential circular references
17:41:17,185 DEBUG InjectionMetadata:89 - Processing injected element of bean &apos;workServiceimp&apos;: AutowiredFieldElement for com.cskaoyan.dao.designSchedule.WorkMapper com.cskaoyan.service.designSchedule.imp.WorkServiceimp.workMapper
17:41:17,185 DEBUG AnnotationUtils:1838 - Failed to meta-introspect annotation [interface org.springframework.beans.factory.annotation.Autowired]: java.lang.NullPointerException
17:41:17,185 DEBUG DefaultListableBeanFactory:219 - Creating shared instance of singleton bean &apos;workMapper&apos;
17:41:17,185 DEBUG DefaultListableBeanFactory:467 - Creating instance of bean &apos;workMapper&apos;
17:41:17,185 DEBUG DefaultListableBeanFactory:573 - Eagerly caching bean &apos;workMapper&apos; to allow for resolving potential circular references
17:41:17,185 DEBUG DefaultListableBeanFactory:255 - Returning cached instance of singleton bean &apos;sqlSessionFactory&apos;
17:41:17,185 DEBUG DefaultListableBeanFactory:1755 - Invoking afterPropertiesSet() on bean with name &apos;workMapper&apos;
17:41:17,185 DEBUG DefaultListableBeanFactory:255 - Returning cached instance of singleton bean &apos;org.springframework.transaction.config.internalTransactionAdvisor&apos;
17:41:17,185 DEBUG DefaultListableBeanFactory:504 - Finished creating instance of bean &apos;workMapper&apos;
17:41:17,185 DEBUG DefaultListableBeanFactory:255 - Returning cached instance of singleton bean &apos;org.springframework.transaction.config.internalTransactionAdvisor&apos;
17:41:17,185 DEBUG AutowiredAnnotationBeanPostProcessor:530 - Autowiring by type from bean name &apos;workServiceimp&apos; to bean named &apos;workMapper&apos;
17:41:17,185 DEBUG DefaultListableBeanFactory:255 - Returning cached instance of singleton bean &apos;org.springframework.transaction.config.internalTransactionAdvisor&apos;
17:41:17,185 DEBUG DefaultListableBeanFactory:504 - Finished creating instance of bean &apos;workServiceimp&apos;
17:41:17,185 DEBUG AutowiredAnnotationBeanPostProcessor:530 - Autowiring by type from bean name &apos;workController&apos; to bean named &apos;workServiceimp&apos;
17:41:17,185 DEBUG DefaultListableBeanFactory:255 - Returning cached instance of singleton bean &apos;org.springframework.transaction.config.internalTransactionAdvisor&apos;
17:41:17,185 DEBUG DefaultListableBeanFactory:504 - Finished creating instance of bean &apos;workController&apos;
17:41:17,185 DEBUG DefaultListableBeanFactory:219 - Creating shared instance of singleton bean &apos;deviceCheckController&apos;
17:41:17,185 DEBUG DefaultListableBeanFactory:467 - Creating instance of bean &apos;deviceCheckController&apos;
17:41:17,185 DEBUG InjectionMetadata:74 - Registered injected element on class [com.cskaoyan.controller.deviceManagement.DeviceCheckController]: AutowiredFieldElement for com.cskaoyan.service.deviceManagement.interfaces.DeviceCheckService com.cskaoyan.controller.deviceManagement.DeviceCheckController.deviceCheckService
17:41:17,185 DEBUG DefaultListableBeanFactory:573 - Eagerly caching bean &apos;deviceCheckController&apos; to allow for resolving potential circular references
17:41:17,185 DEBUG InjectionMetadata:89 - Processing injected element of bean &apos;deviceCheckController&apos;: AutowiredFieldElement for com.cskaoyan.service.deviceManagement.interfaces.DeviceCheckService com.cskaoyan.controller.deviceManagement.DeviceCheckController.deviceCheckService
17:41:17,185 DEBUG AnnotationUtils:1838 - Failed to meta-introspect annotation [interface org.springframework.beans.factory.annotation.Autowired]: java.lang.NullPointerException
17:41:17,185 DEBUG DefaultListableBeanFactory:219 - Creating shared instance of singleton bean &apos;deviceCheckServiceImpl&apos;
17:41:17,185 DEBUG DefaultListableBeanFactory:467 - Creating instance of bean &apos;deviceCheckServiceImpl&apos;
17:41:17,185 DEBUG InjectionMetadata:74 - Registered injected element on class [com.cskaoyan.service.deviceManagement.DeviceCheckServiceImpl]: AutowiredFieldElement for com.cskaoyan.dao.deviceManagement.Device_checkMapper com.cskaoyan.service.deviceManagement.DeviceCheckServiceImpl.deviceCheckMapper
17:41:17,185 DEBUG DefaultListableBeanFactory:573 - Eagerly caching bean &apos;deviceCheckServiceImpl&apos; to allow for resolving potential circular references
17:41:17,201 DEBUG InjectionMetadata:89 - Processing injected element of bean &apos;deviceCheckServiceImpl&apos;: AutowiredFieldElement for com.cskaoyan.dao.deviceManagement.Device_checkMapper com.cskaoyan.service.deviceManagement.DeviceCheckServiceImpl.deviceCheckMapper
17:41:17,201 DEBUG AnnotationUtils:1838 - Failed to meta-introspect annotation [interface org.springframework.beans.factory.annotation.Autowired]: java.lang.NullPointerException
17:41:17,201 DEBUG DefaultListableBeanFactory:219 - Creating shared instance of singleton bean &apos;device_checkMapper&apos;
17:41:17,201 DEBUG DefaultListableBeanFactory:467 - Creating instance of bean &apos;device_checkMapper&apos;
17:41:17,201 DEBUG DefaultListableBeanFactory:573 - Eagerly caching bean &apos;device_checkMapper&apos; to allow for resolving potential circular references
17:41:17,201 DEBUG DefaultListableBeanFactory:255 - Returning cached instance of singleton bean &apos;sqlSessionFactory&apos;
17:41:17,201 DEBUG DefaultListableBeanFactory:1755 - Invoking afterPropertiesSet() on bean with name &apos;device_checkMapper&apos;
17:41:17,201 DEBUG DefaultListableBeanFactory:255 - Returning cached instance of singleton bean &apos;org.springframework.transaction.config.internalTransactionAdvisor&apos;
17:41:17,201 DEBUG DefaultListableBeanFactory:504 - Finished creating instance of bean &apos;device_checkMapper&apos;
17:41:17,201 DEBUG DefaultListableBeanFactory:255 - Returning cached instance of singleton bean &apos;org.springframework.transaction.config.internalTransactionAdvisor&apos;
17:41:17,201 DEBUG AutowiredAnnotationBeanPostProcessor:530 - Autowiring by type from bean name &apos;deviceCheckServiceImpl&apos; to bean named &apos;device_checkMapper&apos;
17:41:17,201 DEBUG DefaultListableBeanFactory:255 - Returning cached instance of singleton bean &apos;org.springframework.transaction.config.internalTransactionAdvisor&apos;
17:41:17,201 DEBUG DefaultListableBeanFactory:504 - Finished creating instance of bean &apos;deviceCheckServiceImpl&apos;
17:41:17,201 DEBUG AutowiredAnnotationBeanPostProcessor:530 - Autowiring by type from bean name &apos;deviceCheckController&apos; to bean named &apos;deviceCheckServiceImpl&apos;
17:41:17,201 DEBUG DefaultListableBeanFactory:255 - Returning cached instance of singleton bean &apos;org.springframework.transaction.config.internalTransactionAdvisor&apos;
17:41:17,201 DEBUG DefaultListableBeanFactory:504 - Finished creating instance of bean &apos;deviceCheckController&apos;
17:41:17,201 DEBUG DefaultListableBeanFactory:219 - Creating shared instance of singleton bean &apos;deviceController&apos;
17:41:17,201 DEBUG DefaultListableBeanFactory:467 - Creating instance of bean &apos;deviceController&apos;
17:41:17,201 DEBUG DefaultListableBeanFactory:573 - Eagerly caching bean &apos;deviceController&apos; to allow for resolving potential circular references
17:41:17,201 DEBUG DefaultListableBeanFactory:255 - Returning cached instance of singleton bean &apos;org.springframework.transaction.config.internalTransactionAdvisor&apos;
17:41:17,201 DEBUG DefaultListableBeanFactory:504 - Finished creating instance of bean &apos;deviceController&apos;
17:41:17,201 DEBUG DefaultListableBeanFactory:219 - Creating shared instance of singleton bean &apos;deviceFaultController&apos;
17:41:17,201 DEBUG DefaultListableBeanFactory:467 - Creating instance of bean &apos;deviceFaultController&apos;
17:41:17,201 DEBUG InjectionMetadata:74 - Registered injected element on class [com.cskaoyan.controller.deviceManagement.DeviceFaultController]: AutowiredFieldElement for com.cskaoyan.service.deviceManagement.interfaces.DeviceFaultService com.cskaoyan.controller.deviceManagement.DeviceFaultController.deviceFaultService
17:41:17,201 DEBUG DefaultListableBeanFactory:573 - Eagerly caching bean &apos;deviceFaultController&apos; to allow for resolving potential circular references
17:41:17,216 DEBUG InjectionMetadata:89 - Processing injected element of bean &apos;deviceFaultController&apos;: AutowiredFieldElement for com.cskaoyan.service.deviceManagement.interfaces.DeviceFaultService com.cskaoyan.controller.deviceManagement.DeviceFaultController.deviceFaultService
17:41:17,216 DEBUG AnnotationUtils:1838 - Failed to meta-introspect annotation [interface org.springframework.beans.factory.annotation.Autowired]: java.lang.NullPointerException
17:41:17,216 DEBUG DefaultListableBeanFactory:219 - Creating shared instance of singleton bean &apos;deviceFaultServiceImpl&apos;
17:41:17,216 DEBUG DefaultListableBeanFactory:467 - Creating instance of bean &apos;deviceFaultServiceImpl&apos;
17:41:17,216 DEBUG InjectionMetadata:74 - Registered injected element on class [com.cskaoyan.service.deviceManagement.DeviceFaultServiceImpl]: AutowiredFieldElement for com.cskaoyan.dao.deviceManagement.Device_faultMapper com.cskaoyan.service.deviceManagement.DeviceFaultServiceImpl.deviceFaultMapper
17:41:17,216 DEBUG DefaultListableBeanFactory:573 - Eagerly caching bean &apos;deviceFaultServiceImpl&apos; to allow for resolving potential circular references
17:41:17,216 DEBUG InjectionMetadata:89 - Processing injected element of bean &apos;deviceFaultServiceImpl&apos;: AutowiredFieldElement for com.cskaoyan.dao.deviceManagement.Device_faultMapper com.cskaoyan.service.deviceManagement.DeviceFaultServiceImpl.deviceFaultMapper
17:41:17,216 DEBUG AnnotationUtils:1838 - Failed to meta-introspect annotation [interface org.springframework.beans.factory.annotation.Autowired]: java.lang.NullPointerException
17:41:17,216 DEBUG DefaultListableBeanFactory:219 - Creating shared instance of singleton bean &apos;device_faultMapper&apos;
17:41:17,216 DEBUG DefaultListableBeanFactory:467 - Creating instance of bean &apos;device_faultMapper&apos;
17:41:17,216 DEBUG DefaultListableBeanFactory:573 - Eagerly caching bean &apos;device_faultMapper&apos; to allow for resolving potential circular references
17:41:17,216 DEBUG DefaultListableBeanFactory:255 - Returning cached instance of singleton bean &apos;sqlSessionFactory&apos;
17:41:17,216 DEBUG DefaultListableBeanFactory:1755 - Invoking afterPropertiesSet() on bean with name &apos;device_faultMapper&apos;
17:41:17,216 DEBUG DefaultListableBeanFactory:255 - Returning cached instance of singleton bean &apos;org.springframework.transaction.config.internalTransactionAdvisor&apos;
17:41:17,216 DEBUG DefaultListableBeanFactory:504 - Finished creating instance of bean &apos;device_faultMapper&apos;
17:41:17,216 DEBUG DefaultListableBeanFactory:255 - Returning cached instance of singleton bean &apos;org.springframework.transaction.config.internalTransactionAdvisor&apos;
17:41:17,216 DEBUG AutowiredAnnotationBeanPostProcessor:530 - Autowiring by type from bean name &apos;deviceFaultServiceImpl&apos; to bean named &apos;device_faultMapper&apos;
17:41:17,232 DEBUG DefaultListableBeanFactory:255 - Returning cached instance of singleton bean &apos;org.springframework.transaction.config.internalTransactionAdvisor&apos;
17:41:17,232 DEBUG DefaultListableBeanFactory:504 - Finished creating instance of bean &apos;deviceFaultServiceImpl&apos;
17:41:17,232 DEBUG AutowiredAnnotationBeanPostProcessor:530 - Autowiring by type from bean name &apos;deviceFaultController&apos; to bean named &apos;deviceFaultServiceImpl&apos;
17:41:17,232 DEBUG DefaultListableBeanFactory:255 - Returning cached instance of singleton bean &apos;org.springframework.transaction.config.internalTransactionAdvisor&apos;
17:41:17,232 DEBUG DefaultListableBeanFactory:504 - Finished creating instance of bean &apos;deviceFaultController&apos;
17:41:17,232 DEBUG DefaultListableBeanFactory:219 - Creating shared instance of singleton bean &apos;deviceJsonController&apos;
17:41:17,232 DEBUG DefaultListableBeanFactory:467 - Creating instance of bean &apos;deviceJsonController&apos;
17:41:17,232 DEBUG InjectionMetadata:74 - Registered injected element on class [com.cskaoyan.controller.deviceManagement.DeviceJsonController]: AutowiredFieldElement for com.cskaoyan.service.deviceManagement.interfaces.DeviceListService com.cskaoyan.controller.deviceManagement.DeviceJsonController.deviceListService
17:41:17,232 DEBUG InjectionMetadata:74 - Registered injected element on class [com.cskaoyan.controller.deviceManagement.DeviceJsonController]: AutowiredFieldElement for com.cskaoyan.service.deviceManagement.interfaces.DeviceTypeService com.cskaoyan.controller.deviceManagement.DeviceJsonController.deviceTypeService
17:41:17,232 DEBUG InjectionMetadata:74 - Registered injected element on class [com.cskaoyan.controller.deviceManagement.DeviceJsonController]: AutowiredFieldElement for com.cskaoyan.service.deviceManagement.interfaces.DeviceCheckService com.cskaoyan.controller.deviceManagement.DeviceJsonController.deviceCheckService
17:41:17,232 DEBUG InjectionMetadata:74 - Registered injected element on class [com.cskaoyan.controller.deviceManagement.DeviceJsonController]: AutowiredFieldElement for com.cskaoyan.service.deviceManagement.interfaces.DeviceFaultService com.cskaoyan.controller.deviceManagement.DeviceJsonController.deviceFaultService
17:41:17,232 DEBUG InjectionMetadata:74 - Registered injected element on class [com.cskaoyan.controller.deviceManagement.DeviceJsonController]: AutowiredFieldElement for com.cskaoyan.service.deviceManagement.interfaces.DeviceMaintainService com.cskaoyan.controller.deviceManagement.DeviceJsonController.deviceMaintainService
17:41:17,232 DEBUG DefaultListableBeanFactory:573 - Eagerly caching bean &apos;deviceJsonController&apos; to allow for resolving potential circular references
17:41:17,232 DEBUG InjectionMetadata:89 - Processing injected element of bean &apos;deviceJsonController&apos;: AutowiredFieldElement for com.cskaoyan.service.deviceManagement.interfaces.DeviceListService com.cskaoyan.controller.deviceManagement.DeviceJsonController.deviceListService
17:41:17,232 DEBUG AnnotationUtils:1838 - Failed to meta-introspect annotation [interface org.springframework.beans.factory.annotation.Autowired]: java.lang.NullPointerException
17:41:17,232 DEBUG DefaultListableBeanFactory:219 - Creating shared instance of singleton bean &apos;deviceListServiceImpl&apos;
17:41:17,232 DEBUG DefaultListableBeanFactory:467 - Creating instance of bean &apos;deviceListServiceImpl&apos;
17:41:17,232 DEBUG InjectionMetadata:74 - Registered injected element on class [com.cskaoyan.service.deviceManagement.DeviceListServiceImpl]: AutowiredFieldElement for com.cskaoyan.dao.deviceManagement.DeviceMapper com.cskaoyan.service.deviceManagement.DeviceListServiceImpl.deviceMapper
17:41:17,232 DEBUG DefaultListableBeanFactory:573 - Eagerly caching bean &apos;deviceListServiceImpl&apos; to allow for resolving potential circular references
17:41:17,247 DEBUG InjectionMetadata:89 - Processing injected element of bean &apos;deviceListServiceImpl&apos;: AutowiredFieldElement for com.cskaoyan.dao.deviceManagement.DeviceMapper com.cskaoyan.service.deviceManagement.DeviceListServiceImpl.deviceMapper
17:41:17,247 DEBUG AnnotationUtils:1838 - Failed to meta-introspect annotation [interface org.springframework.beans.factory.annotation.Autowired]: java.lang.NullPointerException
17:41:17,247 DEBUG DefaultListableBeanFactory:219 - Creating shared instance of singleton bean &apos;deviceMapper&apos;
17:41:17,247 DEBUG DefaultListableBeanFactory:467 - Creating instance of bean &apos;deviceMapper&apos;
17:41:17,247 DEBUG DefaultListableBeanFactory:573 - Eagerly caching bean &apos;deviceMapper&apos; to allow for resolving potential circular references
17:41:17,247 DEBUG DefaultListableBeanFactory:255 - Returning cached instance of singleton bean &apos;sqlSessionFactory&apos;
17:41:17,247 DEBUG DefaultListableBeanFactory:1755 - Invoking afterPropertiesSet() on bean with name &apos;deviceMapper&apos;
17:41:17,247 DEBUG DefaultListableBeanFactory:255 - Returning cached instance of singleton bean &apos;org.springframework.transaction.config.internalTransactionAdvisor&apos;
17:41:17,247 DEBUG DefaultListableBeanFactory:504 - Finished creating instance of bean &apos;deviceMapper&apos;
17:41:17,247 DEBUG DefaultListableBeanFactory:255 - Returning cached instance of singleton bean &apos;org.springframework.transaction.config.internalTransactionAdvisor&apos;
17:41:17,247 DEBUG AutowiredAnnotationBeanPostProcessor:530 - Autowiring by type from bean name &apos;deviceListServiceImpl&apos; to bean named &apos;deviceMapper&apos;
17:41:17,247 DEBUG DefaultListableBeanFactory:255 - Returning cached instance of singleton bean &apos;org.springframework.transaction.config.internalTransactionAdvisor&apos;
17:41:17,247 DEBUG DefaultListableBeanFactory:504 - Finished creating instance of bean &apos;deviceListServiceImpl&apos;
17:41:17,247 DEBUG AutowiredAnnotationBeanPostProcessor:530 - Autowiring by type from bean name &apos;deviceJsonController&apos; to bean named &apos;deviceListServiceImpl&apos;
17:41:17,247 DEBUG InjectionMetadata:89 - Processing injected element of bean &apos;deviceJsonController&apos;: AutowiredFieldElement for com.cskaoyan.service.deviceManagement.interfaces.DeviceTypeService com.cskaoyan.controller.deviceManagement.DeviceJsonController.deviceTypeService
17:41:17,247 DEBUG AnnotationUtils:1838 - Failed to meta-introspect annotation [interface org.springframework.beans.factory.annotation.Autowired]: java.lang.NullPointerException
17:41:17,247 DEBUG DefaultListableBeanFactory:219 - Creating shared instance of singleton bean &apos;deviceTypeServiceImpl&apos;
17:41:17,247 DEBUG DefaultListableBeanFactory:467 - Creating instance of bean &apos;deviceTypeServiceImpl&apos;
17:41:17,263 DEBUG InjectionMetadata:74 - Registered injected element on class [com.cskaoyan.service.deviceManagement.DeviceTypeServiceImpl]: AutowiredFieldElement for com.cskaoyan.dao.deviceManagement.Device_typeMapper com.cskaoyan.service.deviceManagement.DeviceTypeServiceImpl.deviceTypeMapper
17:41:17,263 DEBUG DefaultListableBeanFactory:573 - Eagerly caching bean &apos;deviceTypeServiceImpl&apos; to allow for resolving potential circular references
17:41:17,294 DEBUG InjectionMetadata:89 - Processing injected element of bean &apos;deviceTypeServiceImpl&apos;: AutowiredFieldElement for com.cskaoyan.dao.deviceManagement.Device_typeMapper com.cskaoyan.service.deviceManagement.DeviceTypeServiceImpl.deviceTypeMapper
17:41:17,294 DEBUG AnnotationUtils:1838 - Failed to meta-introspect annotation [interface org.springframework.beans.factory.annotation.Autowired]: java.lang.NullPointerException
17:41:17,294 DEBUG DefaultListableBeanFactory:219 - Creating shared instance of singleton bean &apos;device_typeMapper&apos;
17:41:17,294 DEBUG DefaultListableBeanFactory:467 - Creating instance of bean &apos;device_typeMapper&apos;
17:41:17,294 DEBUG DefaultListableBeanFactory:573 - Eagerly caching bean &apos;device_typeMapper&apos; to allow for resolving potential circular references
17:41:17,294 DEBUG DefaultListableBeanFactory:255 - Returning cached instance of singleton bean &apos;sqlSessionFactory&apos;
17:41:17,294 DEBUG DefaultListableBeanFactory:1755 - Invoking afterPropertiesSet() on bean with name &apos;device_typeMapper&apos;
17:41:17,294 DEBUG DefaultListableBeanFactory:255 - Returning cached instance of singleton bean &apos;org.springframework.transaction.config.internalTransactionAdvisor&apos;
17:41:17,294 DEBUG DefaultListableBeanFactory:504 - Finished creating instance of bean &apos;device_typeMapper&apos;
17:41:17,294 DEBUG DefaultListableBeanFactory:255 - Returning cached instance of singleton bean &apos;org.springframework.transaction.config.internalTransactionAdvisor&apos;
17:41:17,294 DEBUG AutowiredAnnotationBeanPostProcessor:530 - Autowiring by type from bean name &apos;deviceTypeServiceImpl&apos; to bean named &apos;device_typeMapper&apos;
17:41:17,294 DEBUG DefaultListableBeanFactory:255 - Returning cached instance of singleton bean &apos;org.springframework.transaction.config.internalTransactionAdvisor&apos;
17:41:17,294 DEBUG DefaultListableBeanFactory:504 - Finished creating instance of bean &apos;deviceTypeServiceImpl&apos;
17:41:17,294 DEBUG AutowiredAnnotationBeanPostProcessor:530 - Autowiring by type from bean name &apos;deviceJsonController&apos; to bean named &apos;deviceTypeServiceImpl&apos;
17:41:17,310 DEBUG InjectionMetadata:89 - Processing injected element of bean &apos;deviceJsonController&apos;: AutowiredFieldElement for com.cskaoyan.service.deviceManagement.interfaces.DeviceCheckService com.cskaoyan.controller.deviceManagement.DeviceJsonController.deviceCheckService
17:41:17,310 DEBUG AnnotationUtils:1838 - Failed to meta-introspect annotation [interface org.springframework.beans.factory.annotation.Autowired]: java.lang.NullPointerException
17:41:17,310 DEBUG DefaultListableBeanFactory:255 - Returning cached instance of singleton bean &apos;deviceCheckServiceImpl&apos;
17:41:17,310 DEBUG AutowiredAnnotationBeanPostProcessor:530 - Autowiring by type from bean name &apos;deviceJsonController&apos; to bean named &apos;deviceCheckServiceImpl&apos;
17:41:17,310 DEBUG InjectionMetadata:89 - Processing injected element of bean &apos;deviceJsonController&apos;: AutowiredFieldElement for com.cskaoyan.service.deviceManagement.interfaces.DeviceFaultService com.cskaoyan.controller.deviceManagement.DeviceJsonController.deviceFaultService
17:41:17,310 DEBUG AnnotationUtils:1838 - Failed to meta-introspect annotation [interface org.springframework.beans.factory.annotation.Autowired]: java.lang.NullPointerException
17:41:17,310 DEBUG DefaultListableBeanFactory:255 - Returning cached instance of singleton bean &apos;deviceFaultServiceImpl&apos;
17:41:17,310 DEBUG AutowiredAnnotationBeanPostProcessor:530 - Autowiring by type from bean name &apos;deviceJsonController&apos; to bean named &apos;deviceFaultServiceImpl&apos;
17:41:17,310 DEBUG InjectionMetadata:89 - Processing injected element of bean &apos;deviceJsonController&apos;: AutowiredFieldElement for com.cskaoyan.service.deviceManagement.interfaces.DeviceMaintainService com.cskaoyan.controller.deviceManagement.DeviceJsonController.deviceMaintainService
17:41:17,310 DEBUG AnnotationUtils:1838 - Failed to meta-introspect annotation [interface org.springframework.beans.factory.annotation.Autowired]: java.lang.NullPointerException
17:41:17,310 DEBUG DefaultListableBeanFactory:219 - Creating shared instance of singleton bean &apos;deviceMaintainServiceImpl&apos;
17:41:17,341 DEBUG DefaultListableBeanFactory:467 - Creating instance of bean &apos;deviceMaintainServiceImpl&apos;
17:41:17,341 DEBUG InjectionMetadata:74 - Registered injected element on class [com.cskaoyan.service.deviceManagement.DeviceMaintainServiceImpl]: AutowiredFieldElement for com.cskaoyan.dao.deviceManagement.Device_maintainMapper com.cskaoyan.service.deviceManagement.DeviceMaintainServiceImpl.deviceMaintainMapper
17:41:17,341 DEBUG DefaultListableBeanFactory:573 - Eagerly caching bean &apos;deviceMaintainServiceImpl&apos; to allow for resolving potential circular references
17:41:17,341 DEBUG InjectionMetadata:89 - Processing injected element of bean &apos;deviceMaintainServiceImpl&apos;: AutowiredFieldElement for com.cskaoyan.dao.deviceManagement.Device_maintainMapper com.cskaoyan.service.deviceManagement.DeviceMaintainServiceImpl.deviceMaintainMapper
17:41:17,341 DEBUG AnnotationUtils:1838 - Failed to meta-introspect annotation [interface org.springframework.beans.factory.annotation.Autowired]: java.lang.NullPointerException
17:41:17,357 DEBUG DefaultListableBeanFactory:219 - Creating shared instance of singleton bean &apos;device_maintainMapper&apos;
17:41:17,357 DEBUG DefaultListableBeanFactory:467 - Creating instance of bean &apos;device_maintainMapper&apos;
17:41:17,357 DEBUG DefaultListableBeanFactory:573 - Eagerly caching bean &apos;device_maintainMapper&apos; to allow for resolving potential circular references
17:41:17,357 DEBUG DefaultListableBeanFactory:255 - Returning cached instance of singleton bean &apos;sqlSessionFactory&apos;
17:41:17,357 DEBUG DefaultListableBeanFactory:1755 - Invoking afterPropertiesSet() on bean with name &apos;device_maintainMapper&apos;
17:41:17,372 DEBUG DefaultListableBeanFactory:255 - Returning cached instance of singleton bean &apos;org.springframework.transaction.config.internalTransactionAdvisor&apos;
17:41:17,372 DEBUG DefaultListableBeanFactory:504 - Finished creating instance of bean &apos;device_maintainMapper&apos;
17:41:17,372 DEBUG DefaultListableBeanFactory:255 - Returning cached instance of singleton bean &apos;org.springframework.transaction.config.internalTransactionAdvisor&apos;
17:41:17,372 DEBUG AutowiredAnnotationBeanPostProcessor:530 - Autowiring by type from bean name &apos;deviceMaintainServiceImpl&apos; to bean named &apos;device_maintainMapper&apos;
17:41:17,372 DEBUG DefaultListableBeanFactory:255 - Returning cached instance of singleton bean &apos;org.springframework.transaction.config.internalTransactionAdvisor&apos;
17:41:17,372 DEBUG DefaultListableBeanFactory:504 - Finished creating instance of bean &apos;deviceMaintainServiceImpl&apos;
17:41:17,372 DEBUG AutowiredAnnotationBeanPostProcessor:530 - Autowiring by type from bean name &apos;deviceJsonController&apos; to bean named &apos;deviceMaintainServiceImpl&apos;
17:41:17,372 DEBUG DefaultListableBeanFactory:255 - Returning cached instance of singleton bean &apos;org.springframework.transaction.config.internalTransactionAdvisor&apos;
17:41:17,372 DEBUG DefaultListableBeanFactory:504 - Finished creating instance of bean &apos;deviceJsonController&apos;
17:41:17,372 DEBUG DefaultListableBeanFactory:219 - Creating shared instance of singleton bean &apos;deviceListController&apos;
17:41:17,372 DEBUG DefaultListableBeanFactory:467 - Creating instance of bean &apos;deviceListController&apos;
17:41:17,388 DEBUG InjectionMetadata:74 - Registered injected element on class [com.cskaoyan.controller.deviceManagement.DeviceListController]: AutowiredFieldElement for com.cskaoyan.service.deviceManagement.interfaces.DeviceListService com.cskaoyan.controller.deviceManagement.DeviceListController.deviceListService
17:41:17,388 DEBUG DefaultListableBeanFactory:573 - Eagerly caching bean &apos;deviceListController&apos; to allow for resolving potential circular references
17:41:17,388 DEBUG InjectionMetadata:89 - Processing injected element of bean &apos;deviceListController&apos;: AutowiredFieldElement for com.cskaoyan.service.deviceManagement.interfaces.DeviceListService com.cskaoyan.controller.deviceManagement.DeviceListController.deviceListService
17:41:17,388 DEBUG AnnotationUtils:1838 - Failed to meta-introspect annotation [interface org.springframework.beans.factory.annotation.Autowired]: java.lang.NullPointerException
17:41:17,388 DEBUG DefaultListableBeanFactory:255 - Returning cached instance of singleton bean &apos;deviceListServiceImpl&apos;
17:41:17,388 DEBUG AutowiredAnnotationBeanPostProcessor:530 - Autowiring by type from bean name &apos;deviceListController&apos; to bean named &apos;deviceListServiceImpl&apos;
17:41:17,388 DEBUG DefaultListableBeanFactory:255 - Returning cached instance of singleton bean &apos;org.springframework.transaction.config.internalTransactionAdvisor&apos;
17:41:17,388 DEBUG DefaultListableBeanFactory:504 - Finished creating instance of bean &apos;deviceListController&apos;
17:41:17,388 DEBUG DefaultListableBeanFactory:219 - Creating shared instance of singleton bean &apos;deviceMaintainController&apos;
17:41:17,388 DEBUG DefaultListableBeanFactory:467 - Creating instance of bean &apos;deviceMaintainController&apos;
17:41:17,388 DEBUG InjectionMetadata:74 - Registered injected element on class [com.cskaoyan.controller.deviceManagement.DeviceMaintainController]: AutowiredFieldElement for com.cskaoyan.service.deviceManagement.interfaces.DeviceMaintainService com.cskaoyan.controller.deviceManagement.DeviceMaintainController.deviceMaintainService
17:41:17,388 DEBUG DefaultListableBeanFactory:573 - Eagerly caching bean &apos;deviceMaintainController&apos; to allow for resolving potential circular references
17:41:17,404 DEBUG InjectionMetadata:89 - Processing injected element of bean &apos;deviceMaintainController&apos;: AutowiredFieldElement for com.cskaoyan.service.deviceManagement.interfaces.DeviceMaintainService com.cskaoyan.controller.deviceManagement.DeviceMaintainController.deviceMaintainService
17:41:17,404 DEBUG AnnotationUtils:1838 - Failed to meta-introspect annotation [interface org.springframework.beans.factory.annotation.Autowired]: java.lang.NullPointerException
17:41:17,404 DEBUG DefaultListableBeanFactory:255 - Returning cached instance of singleton bean &apos;deviceMaintainServiceImpl&apos;
17:41:17,404 DEBUG AutowiredAnnotationBeanPostProcessor:530 - Autowiring by type from bean name &apos;deviceMaintainController&apos; to bean named &apos;deviceMaintainServiceImpl&apos;
17:41:17,404 DEBUG DefaultListableBeanFactory:255 - Returning cached instance of singleton bean &apos;org.springframework.transaction.config.internalTransactionAdvisor&apos;
17:41:17,404 DEBUG DefaultListableBeanFactory:504 - Finished creating instance of bean &apos;deviceMaintainController&apos;
17:41:17,404 DEBUG DefaultListableBeanFactory:219 - Creating shared instance of singleton bean &apos;deviceTypeController&apos;
17:41:17,404 DEBUG DefaultListableBeanFactory:467 - Creating instance of bean &apos;deviceTypeController&apos;
17:41:17,404 DEBUG InjectionMetadata:74 - Registered injected element on class [com.cskaoyan.controller.deviceManagement.DeviceTypeController]: AutowiredFieldElement for com.cskaoyan.service.deviceManagement.interfaces.DeviceTypeService com.cskaoyan.controller.deviceManagement.DeviceTypeController.deviceTypeService
17:41:17,404 DEBUG DefaultListableBeanFactory:573 - Eagerly caching bean &apos;deviceTypeController&apos; to allow for resolving potential circular references
17:41:17,404 DEBUG InjectionMetadata:89 - Processing injected element of bean &apos;deviceTypeController&apos;: AutowiredFieldElement for com.cskaoyan.service.deviceManagement.interfaces.DeviceTypeService com.cskaoyan.controller.deviceManagement.DeviceTypeController.deviceTypeService
17:41:17,404 DEBUG AnnotationUtils:1838 - Failed to meta-introspect annotation [interface org.springframework.beans.factory.annotation.Autowired]: java.lang.NullPointerException
17:41:17,404 DEBUG DefaultListableBeanFactory:255 - Returning cached instance of singleton bean &apos;deviceTypeServiceImpl&apos;
17:41:17,404 DEBUG AutowiredAnnotationBeanPostProcessor:530 - Autowiring by type from bean name &apos;deviceTypeController&apos; to bean named &apos;deviceTypeServiceImpl&apos;
17:41:17,404 DEBUG DefaultListableBeanFactory:255 - Returning cached instance of singleton bean &apos;org.springframework.transaction.config.internalTransactionAdvisor&apos;
17:41:17,404 DEBUG DefaultListableBeanFactory:504 - Finished creating instance of bean &apos;deviceTypeController&apos;
17:41:17,404 DEBUG DefaultListableBeanFactory:219 - Creating shared instance of singleton bean &apos;fileControl&apos;
17:41:17,404 DEBUG DefaultListableBeanFactory:467 - Creating instance of bean &apos;fileControl&apos;
17:41:17,404 DEBUG DefaultListableBeanFactory:573 - Eagerly caching bean &apos;fileControl&apos; to allow for resolving potential circular references
17:41:17,404 DEBUG DefaultListableBeanFactory:255 - Returning cached instance of singleton bean &apos;org.springframework.transaction.config.internalTransactionAdvisor&apos;
17:41:17,404 DEBUG DefaultListableBeanFactory:504 - Finished creating instance of bean &apos;fileControl&apos;
17:41:17,404 DEBUG DefaultListableBeanFactory:219 - Creating shared instance of singleton bean &apos;formController&apos;
17:41:17,404 DEBUG DefaultListableBeanFactory:467 - Creating instance of bean &apos;formController&apos;
17:41:17,404 DEBUG DefaultListableBeanFactory:573 - Eagerly caching bean &apos;formController&apos; to allow for resolving potential circular references
17:41:17,419 DEBUG DefaultListableBeanFactory:255 - Returning cached instance of singleton bean &apos;org.springframework.transaction.config.internalTransactionAdvisor&apos;
17:41:17,419 DEBUG DefaultListableBeanFactory:504 - Finished creating instance of bean &apos;formController&apos;
17:41:17,419 DEBUG DefaultListableBeanFactory:219 - Creating shared instance of singleton bean &apos;departmentController&apos;
17:41:17,419 DEBUG DefaultListableBeanFactory:467 - Creating instance of bean &apos;departmentController&apos;
17:41:17,419 DEBUG InjectionMetadata:74 - Registered injected element on class [com.cskaoyan.controller.person.DepartmentController]: AutowiredFieldElement for com.cskaoyan.service.person.DepartmentService com.cskaoyan.controller.person.DepartmentController.service
17:41:17,419 DEBUG DefaultListableBeanFactory:573 - Eagerly caching bean &apos;departmentController&apos; to allow for resolving potential circular references
17:41:17,419 DEBUG InjectionMetadata:89 - Processing injected element of bean &apos;departmentController&apos;: AutowiredFieldElement for com.cskaoyan.service.person.DepartmentService com.cskaoyan.controller.person.DepartmentController.service
17:41:17,419 DEBUG AnnotationUtils:1838 - Failed to meta-introspect annotation [interface org.springframework.beans.factory.annotation.Autowired]: java.lang.NullPointerException
17:41:17,419 DEBUG DefaultListableBeanFactory:219 - Creating shared instance of singleton bean &apos;departmentServiceimp&apos;
17:41:17,419 DEBUG DefaultListableBeanFactory:467 - Creating instance of bean &apos;departmentServiceimp&apos;
17:41:17,419 DEBUG InjectionMetadata:74 - Registered injected element on class [com.cskaoyan.service.person.imp.DepartmentServiceimp]: AutowiredFieldElement for com.cskaoyan.dao.person.DepartmentMapper com.cskaoyan.service.person.imp.DepartmentServiceimp.departmentMapper
17:41:17,419 DEBUG DefaultListableBeanFactory:573 - Eagerly caching bean &apos;departmentServiceimp&apos; to allow for resolving potential circular references
17:41:17,435 DEBUG InjectionMetadata:89 - Processing injected element of bean &apos;departmentServiceimp&apos;: AutowiredFieldElement for com.cskaoyan.dao.person.DepartmentMapper com.cskaoyan.service.person.imp.DepartmentServiceimp.departmentMapper
17:41:17,435 DEBUG AnnotationUtils:1838 - Failed to meta-introspect annotation [interface org.springframework.beans.factory.annotation.Autowired]: java.lang.NullPointerException
17:41:17,435 DEBUG DefaultListableBeanFactory:219 - Creating shared instance of singleton bean &apos;departmentMapper&apos;
17:41:17,435 DEBUG DefaultListableBeanFactory:467 - Creating instance of bean &apos;departmentMapper&apos;
17:41:17,435 DEBUG DefaultListableBeanFactory:573 - Eagerly caching bean &apos;departmentMapper&apos; to allow for resolving potential circular references
17:41:17,435 DEBUG DefaultListableBeanFactory:255 - Returning cached instance of singleton bean &apos;sqlSessionFactory&apos;
17:41:17,435 DEBUG DefaultListableBeanFactory:1755 - Invoking afterPropertiesSet() on bean with name &apos;departmentMapper&apos;
17:41:17,435 DEBUG DefaultListableBeanFactory:255 - Returning cached instance of singleton bean &apos;org.springframework.transaction.config.internalTransactionAdvisor&apos;
17:41:17,435 DEBUG DefaultListableBeanFactory:504 - Finished creating instance of bean &apos;departmentMapper&apos;
17:41:17,435 DEBUG DefaultListableBeanFactory:255 - Returning cached instance of singleton bean &apos;org.springframework.transaction.config.internalTransactionAdvisor&apos;
17:41:17,435 DEBUG AutowiredAnnotationBeanPostProcessor:530 - Autowiring by type from bean name &apos;departmentServiceimp&apos; to bean named &apos;departmentMapper&apos;
17:41:17,435 DEBUG DefaultListableBeanFactory:255 - Returning cached instance of singleton bean &apos;org.springframework.transaction.config.internalTransactionAdvisor&apos;
17:41:17,435 DEBUG DefaultListableBeanFactory:504 - Finished creating instance of bean &apos;departmentServiceimp&apos;
17:41:17,435 DEBUG AutowiredAnnotationBeanPostProcessor:530 - Autowiring by type from bean name &apos;departmentController&apos; to bean named &apos;departmentServiceimp&apos;
17:41:17,435 DEBUG DefaultListableBeanFactory:255 - Returning cached instance of singleton bean &apos;org.springframework.transaction.config.internalTransactionAdvisor&apos;
17:41:17,435 DEBUG DefaultListableBeanFactory:504 - Finished creating instance of bean &apos;departmentController&apos;
17:41:17,435 DEBUG DefaultListableBeanFactory:219 - Creating shared instance of singleton bean &apos;employeeController&apos;
17:41:17,435 DEBUG DefaultListableBeanFactory:467 - Creating instance of bean &apos;employeeController&apos;
17:41:17,435 DEBUG InjectionMetadata:74 - Registered injected element on class [com.cskaoyan.controller.person.EmployeeController]: AutowiredFieldElement for com.cskaoyan.service.person.EmployeeService com.cskaoyan.controller.person.EmployeeController.service
17:41:17,435 DEBUG InjectionMetadata:74 - Registered injected element on class [com.cskaoyan.controller.person.EmployeeController]: AutowiredFieldElement for com.cskaoyan.dao.person.DepartmentMapper com.cskaoyan.controller.person.EmployeeController.mapper
17:41:17,451 DEBUG DefaultListableBeanFactory:573 - Eagerly caching bean &apos;employeeController&apos; to allow for resolving potential circular references
17:41:17,451 DEBUG InjectionMetadata:89 - Processing injected element of bean &apos;employeeController&apos;: AutowiredFieldElement for com.cskaoyan.service.person.EmployeeService com.cskaoyan.controller.person.EmployeeController.service
17:41:17,451 DEBUG AnnotationUtils:1838 - Failed to meta-introspect annotation [interface org.springframework.beans.factory.annotation.Autowired]: java.lang.NullPointerException
17:41:17,451 DEBUG DefaultListableBeanFactory:219 - Creating shared instance of singleton bean &apos;employeeServiceimp&apos;
17:41:17,451 DEBUG DefaultListableBeanFactory:467 - Creating instance of bean &apos;employeeServiceimp&apos;
17:41:17,451 DEBUG InjectionMetadata:74 - Registered injected element on class [com.cskaoyan.service.person.imp.EmployeeServiceimp]: AutowiredFieldElement for com.cskaoyan.dao.person.EmployeeMapper com.cskaoyan.service.person.imp.EmployeeServiceimp.employeeMapper
17:41:17,451 DEBUG DefaultListableBeanFactory:573 - Eagerly caching bean &apos;employeeServiceimp&apos; to allow for resolving potential circular references
17:41:17,451 DEBUG InjectionMetadata:89 - Processing injected element of bean &apos;employeeServiceimp&apos;: AutowiredFieldElement for com.cskaoyan.dao.person.EmployeeMapper com.cskaoyan.service.person.imp.EmployeeServiceimp.employeeMapper
17:41:17,451 DEBUG AnnotationUtils:1838 - Failed to meta-introspect annotation [interface org.springframework.beans.factory.annotation.Autowired]: java.lang.NullPointerException
17:41:17,451 DEBUG DefaultListableBeanFactory:219 - Creating shared instance of singleton bean &apos;employeeMapper&apos;
17:41:17,451 DEBUG DefaultListableBeanFactory:467 - Creating instance of bean &apos;employeeMapper&apos;
17:41:17,451 DEBUG DefaultListableBeanFactory:573 - Eagerly caching bean &apos;employeeMapper&apos; to allow for resolving potential circular references
17:41:17,451 DEBUG DefaultListableBeanFactory:255 - Returning cached instance of singleton bean &apos;sqlSessionFactory&apos;
17:41:17,451 DEBUG DefaultListableBeanFactory:1755 - Invoking afterPropertiesSet() on bean with name &apos;employeeMapper&apos;
17:41:17,451 DEBUG DefaultListableBeanFactory:255 - Returning cached instance of singleton bean &apos;org.springframework.transaction.config.internalTransactionAdvisor&apos;
17:41:17,451 DEBUG DefaultListableBeanFactory:504 - Finished creating instance of bean &apos;employeeMapper&apos;
17:41:17,451 DEBUG DefaultListableBeanFactory:255 - Returning cached instance of singleton bean &apos;org.springframework.transaction.config.internalTransactionAdvisor&apos;
17:41:17,466 DEBUG AutowiredAnnotationBeanPostProcessor:530 - Autowiring by type from bean name &apos;employeeServiceimp&apos; to bean named &apos;employeeMapper&apos;
17:41:17,466 DEBUG DefaultListableBeanFactory:255 - Returning cached instance of singleton bean &apos;org.springframework.transaction.config.internalTransactionAdvisor&apos;
17:41:17,482 DEBUG DefaultListableBeanFactory:504 - Finished creating instance of bean &apos;employeeServiceimp&apos;
17:41:17,482 DEBUG AutowiredAnnotationBeanPostProcessor:530 - Autowiring by type from bean name &apos;employeeController&apos; to bean named &apos;employeeServiceimp&apos;
17:41:17,482 DEBUG InjectionMetadata:89 - Processing injected element of bean &apos;employeeController&apos;: AutowiredFieldElement for com.cskaoyan.dao.person.DepartmentMapper com.cskaoyan.controller.person.EmployeeController.mapper
17:41:17,482 DEBUG AnnotationUtils:1838 - Failed to meta-introspect annotation [interface org.springframework.beans.factory.annotation.Autowired]: java.lang.NullPointerException
17:41:17,482 DEBUG DefaultListableBeanFactory:255 - Returning cached instance of singleton bean &apos;departmentMapper&apos;
17:41:17,482 DEBUG AutowiredAnnotationBeanPostProcessor:530 - Autowiring by type from bean name &apos;employeeController&apos; to bean named &apos;departmentMapper&apos;
17:41:17,482 DEBUG DefaultListableBeanFactory:255 - Returning cached instance of singleton bean &apos;org.springframework.transaction.config.internalTransactionAdvisor&apos;
17:41:17,482 DEBUG DefaultListableBeanFactory:504 - Finished creating instance of bean &apos;employeeController&apos;
17:41:17,497 DEBUG DefaultListableBeanFactory:219 - Creating shared instance of singleton bean &apos;picControl&apos;
17:41:17,497 DEBUG DefaultListableBeanFactory:467 - Creating instance of bean &apos;picControl&apos;
17:41:17,497 DEBUG DefaultListableBeanFactory:573 - Eagerly caching bean &apos;picControl&apos; to allow for resolving potential circular references
17:41:17,497 DEBUG DefaultListableBeanFactory:255 - Returning cached instance of singleton bean &apos;org.springframework.transaction.config.internalTransactionAdvisor&apos;
17:41:17,497 DEBUG DefaultListableBeanFactory:504 - Finished creating instance of bean &apos;picControl&apos;
17:41:17,497 DEBUG DefaultListableBeanFactory:219 - Creating shared instance of singleton bean &apos;finalCountCheckController&apos;
17:41:17,497 DEBUG DefaultListableBeanFactory:467 - Creating instance of bean &apos;finalCountCheckController&apos;
17:41:17,513 DEBUG InjectionMetadata:74 - Registered injected element on class [com.cskaoyan.controller.qualifyMonitor.FinalCountCheckController]: AutowiredFieldElement for com.cskaoyan.service.qualifyMonitor.FinalCountCheckService com.cskaoyan.controller.qualifyMonitor.FinalCountCheckController.finalCountCheckService
17:41:17,513 DEBUG DefaultListableBeanFactory:573 - Eagerly caching bean &apos;finalCountCheckController&apos; to allow for resolving potential circular references
17:41:17,513 DEBUG InjectionMetadata:89 - Processing injected element of bean &apos;finalCountCheckController&apos;: AutowiredFieldElement for com.cskaoyan.service.qualifyMonitor.FinalCountCheckService com.cskaoyan.controller.qualifyMonitor.FinalCountCheckController.finalCountCheckService
17:41:17,513 DEBUG AnnotationUtils:1838 - Failed to meta-introspect annotation [interface org.springframework.beans.factory.annotation.Autowired]: java.lang.NullPointerException
17:41:17,513 DEBUG DefaultListableBeanFactory:219 - Creating shared instance of singleton bean &apos;finalCountCheckServiceImpl&apos;
17:41:17,513 DEBUG DefaultListableBeanFactory:467 - Creating instance of bean &apos;finalCountCheckServiceImpl&apos;
17:41:17,529 DEBUG InjectionMetadata:74 - Registered injected element on class [com.cskaoyan.service.qualifyMonitor.Impl.FinalCountCheckServiceImpl]: AutowiredFieldElement for com.cskaoyan.dao.qualifyMonitor.FinalCountCheckMapper com.cskaoyan.service.qualifyMonitor.Impl.FinalCountCheckServiceImpl.finalCountCheckMapper
17:41:17,529 DEBUG DefaultListableBeanFactory:573 - Eagerly caching bean &apos;finalCountCheckServiceImpl&apos; to allow for resolving potential circular references
17:41:17,560 DEBUG InjectionMetadata:89 - Processing injected element of bean &apos;finalCountCheckServiceImpl&apos;: AutowiredFieldElement for com.cskaoyan.dao.qualifyMonitor.FinalCountCheckMapper com.cskaoyan.service.qualifyMonitor.Impl.FinalCountCheckServiceImpl.finalCountCheckMapper
17:41:17,560 DEBUG AnnotationUtils:1838 - Failed to meta-introspect annotation [interface org.springframework.beans.factory.annotation.Autowired]: java.lang.NullPointerException
17:41:17,576 DEBUG DefaultListableBeanFactory:219 - Creating shared instance of singleton bean &apos;finalCountCheckMapper&apos;
17:41:17,576 DEBUG DefaultListableBeanFactory:467 - Creating instance of bean &apos;finalCountCheckMapper&apos;
17:41:17,576 DEBUG DefaultListableBeanFactory:573 - Eagerly caching bean &apos;finalCountCheckMapper&apos; to allow for resolving potential circular references
17:41:17,576 DEBUG DefaultListableBeanFactory:255 - Returning cached instance of singleton bean &apos;sqlSessionFactory&apos;
17:41:17,576 DEBUG DefaultListableBeanFactory:1755 - Invoking afterPropertiesSet() on bean with name &apos;finalCountCheckMapper&apos;
17:41:17,576 DEBUG DefaultListableBeanFactory:255 - Returning cached instance of singleton bean &apos;org.springframework.transaction.config.internalTransactionAdvisor&apos;
17:41:17,576 DEBUG DefaultListableBeanFactory:504 - Finished creating instance of bean &apos;finalCountCheckMapper&apos;
17:41:17,591 DEBUG DefaultListableBeanFactory:255 - Returning cached instance of singleton bean &apos;org.springframework.transaction.config.internalTransactionAdvisor&apos;
17:41:17,591 DEBUG AutowiredAnnotationBeanPostProcessor:530 - Autowiring by type from bean name &apos;finalCountCheckServiceImpl&apos; to bean named &apos;finalCountCheckMapper&apos;
17:41:17,591 DEBUG DefaultListableBeanFactory:255 - Returning cached instance of singleton bean &apos;org.springframework.transaction.config.internalTransactionAdvisor&apos;
17:41:17,591 DEBUG AnnotationTransactionAttributeSource:117 - Adding transactional method &apos;com.cskaoyan.service.qualifyMonitor.Impl.FinalCountCheckServiceImpl.delete&apos; with attribute: PROPAGATION_REQUIRED,ISOLATION_DEFAULT; &apos;&apos;
17:41:17,607 DEBUG InfrastructureAdvisorAutoProxyCreator:531 - Creating implicit proxy for bean &apos;finalCountCheckServiceImpl&apos; with 0 common interceptors and 1 specific interceptors
17:41:17,607 DEBUG JdkDynamicAopProxy:119 - Creating JDK dynamic proxy: target source is SingletonTargetSource for target object [com.cskaoyan.service.qualifyMonitor.Impl.FinalCountCheckServiceImpl@4bff64c2]
17:41:17,607 DEBUG DefaultListableBeanFactory:504 - Finished creating instance of bean &apos;finalCountCheckServiceImpl&apos;
17:41:17,607 DEBUG AutowiredAnnotationBeanPostProcessor:530 - Autowiring by type from bean name &apos;finalCountCheckController&apos; to bean named &apos;finalCountCheckServiceImpl&apos;
17:41:17,607 DEBUG DefaultListableBeanFactory:255 - Returning cached instance of singleton bean &apos;org.springframework.transaction.config.internalTransactionAdvisor&apos;
17:41:17,607 DEBUG DefaultListableBeanFactory:504 - Finished creating instance of bean &apos;finalCountCheckController&apos;
17:41:17,607 DEBUG DefaultListableBeanFactory:219 - Creating shared instance of singleton bean &apos;finishmeasureController&apos;
17:41:17,607 DEBUG DefaultListableBeanFactory:467 - Creating instance of bean &apos;finishmeasureController&apos;
17:41:17,607 DEBUG InjectionMetadata:74 - Registered injected element on class [com.cskaoyan.controller.qualifyMonitor.FinishmeasureController]: AutowiredFieldElement for com.cskaoyan.service.qualifyMonitor.FinishmeasureService com.cskaoyan.controller.qualifyMonitor.FinishmeasureController.finishmeasureService
17:41:17,607 DEBUG DefaultListableBeanFactory:573 - Eagerly caching bean &apos;finishmeasureController&apos; to allow for resolving potential circular references
17:41:17,622 DEBUG InjectionMetadata:89 - Processing injected element of bean &apos;finishmeasureController&apos;: AutowiredFieldElement for com.cskaoyan.service.qualifyMonitor.FinishmeasureService com.cskaoyan.controller.qualifyMonitor.FinishmeasureController.finishmeasureService
17:41:17,622 DEBUG AnnotationUtils:1838 - Failed to meta-introspect annotation [interface org.springframework.beans.factory.annotation.Autowired]: java.lang.NullPointerException
17:41:17,622 DEBUG DefaultListableBeanFactory:219 - Creating shared instance of singleton bean &apos;finishmeasureServiceImpl&apos;
17:41:17,622 DEBUG DefaultListableBeanFactory:467 - Creating instance of bean &apos;finishmeasureServiceImpl&apos;
17:41:17,622 DEBUG InjectionMetadata:74 - Registered injected element on class [com.cskaoyan.service.qualifyMonitor.Impl.FinishmeasureServiceImpl]: AutowiredFieldElement for com.cskaoyan.dao.qualifyMonitor.FinalMeasuretCheckMapper com.cskaoyan.service.qualifyMonitor.Impl.FinishmeasureServiceImpl.finalMeasuretCheckMapper
17:41:17,622 DEBUG DefaultListableBeanFactory:573 - Eagerly caching bean &apos;finishmeasureServiceImpl&apos; to allow for resolving potential circular references
17:41:17,622 DEBUG InjectionMetadata:89 - Processing injected element of bean &apos;finishmeasureServiceImpl&apos;: AutowiredFieldElement for com.cskaoyan.dao.qualifyMonitor.FinalMeasuretCheckMapper com.cskaoyan.service.qualifyMonitor.Impl.FinishmeasureServiceImpl.finalMeasuretCheckMapper
17:41:17,622 DEBUG AnnotationUtils:1838 - Failed to meta-introspect annotation [interface org.springframework.beans.factory.annotation.Autowired]: java.lang.NullPointerException
17:41:17,622 DEBUG DefaultListableBeanFactory:219 - Creating shared instance of singleton bean &apos;finalMeasuretCheckMapper&apos;
17:41:17,622 DEBUG DefaultListableBeanFactory:467 - Creating instance of bean &apos;finalMeasuretCheckMapper&apos;
17:41:17,622 DEBUG DefaultListableBeanFactory:573 - Eagerly caching bean &apos;finalMeasuretCheckMapper&apos; to allow for resolving potential circular references
17:41:17,622 DEBUG DefaultListableBeanFactory:255 - Returning cached instance of singleton bean &apos;sqlSessionFactory&apos;
17:41:17,622 DEBUG DefaultListableBeanFactory:1755 - Invoking afterPropertiesSet() on bean with name &apos;finalMeasuretCheckMapper&apos;
17:41:17,622 DEBUG DefaultListableBeanFactory:255 - Returning cached instance of singleton bean &apos;org.springframework.transaction.config.internalTransactionAdvisor&apos;
17:41:17,622 DEBUG DefaultListableBeanFactory:504 - Finished creating instance of bean &apos;finalMeasuretCheckMapper&apos;
17:41:17,622 DEBUG DefaultListableBeanFactory:255 - Returning cached instance of singleton bean &apos;org.springframework.transaction.config.internalTransactionAdvisor&apos;
17:41:17,622 DEBUG AutowiredAnnotationBeanPostProcessor:530 - Autowiring by type from bean name &apos;finishmeasureServiceImpl&apos; to bean named &apos;finalMeasuretCheckMapper&apos;
17:41:17,622 DEBUG DefaultListableBeanFactory:255 - Returning cached instance of singleton bean &apos;org.springframework.transaction.config.internalTransactionAdvisor&apos;
17:41:17,622 DEBUG AnnotationTransactionAttributeSource:117 - Adding transactional method &apos;com.cskaoyan.service.qualifyMonitor.Impl.FinishmeasureServiceImpl.delete&apos; with attribute: PROPAGATION_REQUIRED,ISOLATION_DEFAULT; &apos;&apos;
17:41:17,622 DEBUG InfrastructureAdvisorAutoProxyCreator:531 - Creating implicit proxy for bean &apos;finishmeasureServiceImpl&apos; with 0 common interceptors and 1 specific interceptors
17:41:17,622 DEBUG JdkDynamicAopProxy:119 - Creating JDK dynamic proxy: target source is SingletonTargetSource for target object [com.cskaoyan.service.qualifyMonitor.Impl.FinishmeasureServiceImpl@ec2cc4]
17:41:17,638 DEBUG DefaultListableBeanFactory:504 - Finished creating instance of bean &apos;finishmeasureServiceImpl&apos;
17:41:17,638 DEBUG AutowiredAnnotationBeanPostProcessor:530 - Autowiring by type from bean name &apos;finishmeasureController&apos; to bean named &apos;finishmeasureServiceImpl&apos;
17:41:17,638 DEBUG DefaultListableBeanFactory:255 - Returning cached instance of singleton bean &apos;org.springframework.transaction.config.internalTransactionAdvisor&apos;
17:41:17,638 DEBUG DefaultListableBeanFactory:504 - Finished creating instance of bean &apos;finishmeasureController&apos;
17:41:17,638 DEBUG DefaultListableBeanFactory:219 - Creating shared instance of singleton bean &apos;processCountCheckController&apos;
17:41:17,638 DEBUG DefaultListableBeanFactory:467 - Creating instance of bean &apos;processCountCheckController&apos;
17:41:17,638 DEBUG InjectionMetadata:74 - Registered injected element on class [com.cskaoyan.controller.qualifyMonitor.ProcessCountCheckController]: AutowiredFieldElement for com.cskaoyan.service.qualifyMonitor.ProcessCountCheckService com.cskaoyan.controller.qualifyMonitor.ProcessCountCheckController.processCountCheckService
17:41:17,638 DEBUG DefaultListableBeanFactory:573 - Eagerly caching bean &apos;processCountCheckController&apos; to allow for resolving potential circular references
17:41:17,638 DEBUG InjectionMetadata:89 - Processing injected element of bean &apos;processCountCheckController&apos;: AutowiredFieldElement for com.cskaoyan.service.qualifyMonitor.ProcessCountCheckService com.cskaoyan.controller.qualifyMonitor.ProcessCountCheckController.processCountCheckService
17:41:17,638 DEBUG AnnotationUtils:1838 - Failed to meta-introspect annotation [interface org.springframework.beans.factory.annotation.Autowired]: java.lang.NullPointerException
17:41:17,638 DEBUG DefaultListableBeanFactory:219 - Creating shared instance of singleton bean &apos;processCountCheckServiceImpl&apos;
17:41:17,638 DEBUG DefaultListableBeanFactory:467 - Creating instance of bean &apos;processCountCheckServiceImpl&apos;
17:41:17,638 DEBUG InjectionMetadata:74 - Registered injected element on class [com.cskaoyan.service.qualifyMonitor.Impl.ProcessCountCheckServiceImpl]: AutowiredFieldElement for com.cskaoyan.dao.qualifyMonitor.ProcessCountCheckMapper com.cskaoyan.service.qualifyMonitor.Impl.ProcessCountCheckServiceImpl.processCountCheckMapper
17:41:17,638 DEBUG DefaultListableBeanFactory:573 - Eagerly caching bean &apos;processCountCheckServiceImpl&apos; to allow for resolving potential circular references
17:41:17,654 DEBUG InjectionMetadata:89 - Processing injected element of bean &apos;processCountCheckServiceImpl&apos;: AutowiredFieldElement for com.cskaoyan.dao.qualifyMonitor.ProcessCountCheckMapper com.cskaoyan.service.qualifyMonitor.Impl.ProcessCountCheckServiceImpl.processCountCheckMapper
17:41:17,654 DEBUG AnnotationUtils:1838 - Failed to meta-introspect annotation [interface org.springframework.beans.factory.annotation.Autowired]: java.lang.NullPointerException
17:41:17,654 DEBUG DefaultListableBeanFactory:219 - Creating shared instance of singleton bean &apos;processCountCheckMapper&apos;
17:41:17,654 DEBUG DefaultListableBeanFactory:467 - Creating instance of bean &apos;processCountCheckMapper&apos;
17:41:17,654 DEBUG DefaultListableBeanFactory:573 - Eagerly caching bean &apos;processCountCheckMapper&apos; to allow for resolving potential circular references
17:41:17,654 DEBUG DefaultListableBeanFactory:255 - Returning cached instance of singleton bean &apos;sqlSessionFactory&apos;
17:41:17,654 DEBUG DefaultListableBeanFactory:1755 - Invoking afterPropertiesSet() on bean with name &apos;processCountCheckMapper&apos;
17:41:17,654 DEBUG DefaultListableBeanFactory:255 - Returning cached instance of singleton bean &apos;org.springframework.transaction.config.internalTransactionAdvisor&apos;
17:41:17,654 DEBUG DefaultListableBeanFactory:504 - Finished creating instance of bean &apos;processCountCheckMapper&apos;
17:41:17,654 DEBUG DefaultListableBeanFactory:255 - Returning cached instance of singleton bean &apos;org.springframework.transaction.config.internalTransactionAdvisor&apos;
17:41:17,654 DEBUG AutowiredAnnotationBeanPostProcessor:530 - Autowiring by type from bean name &apos;processCountCheckServiceImpl&apos; to bean named &apos;processCountCheckMapper&apos;
17:41:17,654 DEBUG DefaultListableBeanFactory:255 - Returning cached instance of singleton bean &apos;org.springframework.transaction.config.internalTransactionAdvisor&apos;
17:41:17,654 DEBUG AnnotationTransactionAttributeSource:117 - Adding transactional method &apos;com.cskaoyan.service.qualifyMonitor.Impl.ProcessCountCheckServiceImpl.delete&apos; with attribute: PROPAGATION_REQUIRED,ISOLATION_DEFAULT; &apos;&apos;
17:41:17,654 DEBUG InfrastructureAdvisorAutoProxyCreator:531 - Creating implicit proxy for bean &apos;processCountCheckServiceImpl&apos; with 0 common interceptors and 1 specific interceptors
17:41:17,654 DEBUG JdkDynamicAopProxy:119 - Creating JDK dynamic proxy: target source is SingletonTargetSource for target object [com.cskaoyan.service.qualifyMonitor.Impl.ProcessCountCheckServiceImpl@c055c54]
17:41:17,654 DEBUG DefaultListableBeanFactory:504 - Finished creating instance of bean &apos;processCountCheckServiceImpl&apos;
17:41:17,654 DEBUG AutowiredAnnotationBeanPostProcessor:530 - Autowiring by type from bean name &apos;processCountCheckController&apos; to bean named &apos;processCountCheckServiceImpl&apos;
17:41:17,669 DEBUG DefaultListableBeanFactory:255 - Returning cached instance of singleton bean &apos;org.springframework.transaction.config.internalTransactionAdvisor&apos;
17:41:17,669 DEBUG DefaultListableBeanFactory:504 - Finished creating instance of bean &apos;processCountCheckController&apos;
17:41:17,669 DEBUG DefaultListableBeanFactory:219 - Creating shared instance of singleton bean &apos;processMeasureCheckController&apos;
17:41:17,669 DEBUG DefaultListableBeanFactory:467 - Creating instance of bean &apos;processMeasureCheckController&apos;
17:41:17,669 DEBUG InjectionMetadata:74 - Registered injected element on class [com.cskaoyan.controller.qualifyMonitor.ProcessMeasureCheckController]: AutowiredFieldElement for com.cskaoyan.service.qualifyMonitor.ProcessMeasureCheckService com.cskaoyan.controller.qualifyMonitor.ProcessMeasureCheckController.processMeasureCheckService
17:41:17,669 DEBUG DefaultListableBeanFactory:573 - Eagerly caching bean &apos;processMeasureCheckController&apos; to allow for resolving potential circular references
17:41:17,669 DEBUG InjectionMetadata:89 - Processing injected element of bean &apos;processMeasureCheckController&apos;: AutowiredFieldElement for com.cskaoyan.service.qualifyMonitor.ProcessMeasureCheckService com.cskaoyan.controller.qualifyMonitor.ProcessMeasureCheckController.processMeasureCheckService
17:41:17,669 DEBUG AnnotationUtils:1838 - Failed to meta-introspect annotation [interface org.springframework.beans.factory.annotation.Autowired]: java.lang.NullPointerException
17:41:17,669 DEBUG DefaultListableBeanFactory:219 - Creating shared instance of singleton bean &apos;processMeasureCheckServiceImpl&apos;
17:41:17,669 DEBUG DefaultListableBeanFactory:467 - Creating instance of bean &apos;processMeasureCheckServiceImpl&apos;
17:41:17,669 DEBUG InjectionMetadata:74 - Registered injected element on class [com.cskaoyan.service.qualifyMonitor.Impl.ProcessMeasureCheckServiceImpl]: AutowiredFieldElement for com.cskaoyan.dao.qualifyMonitor.ProcessMeasureCheckMapper com.cskaoyan.service.qualifyMonitor.Impl.ProcessMeasureCheckServiceImpl.processMeasureCheckMapper
17:41:17,669 DEBUG DefaultListableBeanFactory:573 - Eagerly caching bean &apos;processMeasureCheckServiceImpl&apos; to allow for resolving potential circular references
17:41:17,685 DEBUG InjectionMetadata:89 - Processing injected element of bean &apos;processMeasureCheckServiceImpl&apos;: AutowiredFieldElement for com.cskaoyan.dao.qualifyMonitor.ProcessMeasureCheckMapper com.cskaoyan.service.qualifyMonitor.Impl.ProcessMeasureCheckServiceImpl.processMeasureCheckMapper
17:41:17,685 DEBUG AnnotationUtils:1838 - Failed to meta-introspect annotation [interface org.springframework.beans.factory.annotation.Autowired]: java.lang.NullPointerException
17:41:17,685 DEBUG DefaultListableBeanFactory:219 - Creating shared instance of singleton bean &apos;processMeasureCheckMapper&apos;
17:41:17,685 DEBUG DefaultListableBeanFactory:467 - Creating instance of bean &apos;processMeasureCheckMapper&apos;
17:41:17,685 DEBUG DefaultListableBeanFactory:573 - Eagerly caching bean &apos;processMeasureCheckMapper&apos; to allow for resolving potential circular references
17:41:17,685 DEBUG DefaultListableBeanFactory:255 - Returning cached instance of singleton bean &apos;sqlSessionFactory&apos;
17:41:17,685 DEBUG DefaultListableBeanFactory:1755 - Invoking afterPropertiesSet() on bean with name &apos;processMeasureCheckMapper&apos;
17:41:17,685 DEBUG DefaultListableBeanFactory:255 - Returning cached instance of singleton bean &apos;org.springframework.transaction.config.internalTransactionAdvisor&apos;
17:41:17,685 DEBUG DefaultListableBeanFactory:504 - Finished creating instance of bean &apos;processMeasureCheckMapper&apos;
17:41:17,685 DEBUG DefaultListableBeanFactory:255 - Returning cached instance of singleton bean &apos;org.springframework.transaction.config.internalTransactionAdvisor&apos;
17:41:17,685 DEBUG AutowiredAnnotationBeanPostProcessor:530 - Autowiring by type from bean name &apos;processMeasureCheckServiceImpl&apos; to bean named &apos;processMeasureCheckMapper&apos;
17:41:17,685 DEBUG DefaultListableBeanFactory:255 - Returning cached instance of singleton bean &apos;org.springframework.transaction.config.internalTransactionAdvisor&apos;
17:41:17,685 DEBUG AnnotationTransactionAttributeSource:117 - Adding transactional method &apos;com.cskaoyan.service.qualifyMonitor.Impl.ProcessMeasureCheckServiceImpl.delete&apos; with attribute: PROPAGATION_REQUIRED,ISOLATION_DEFAULT; &apos;&apos;
17:41:17,685 DEBUG InfrastructureAdvisorAutoProxyCreator:531 - Creating implicit proxy for bean &apos;processMeasureCheckServiceImpl&apos; with 0 common interceptors and 1 specific interceptors
17:41:17,685 DEBUG JdkDynamicAopProxy:119 - Creating JDK dynamic proxy: target source is SingletonTargetSource for target object [com.cskaoyan.service.qualifyMonitor.Impl.ProcessMeasureCheckServiceImpl@7e276594]
17:41:17,700 DEBUG DefaultListableBeanFactory:504 - Finished creating instance of bean &apos;processMeasureCheckServiceImpl&apos;
17:41:17,700 DEBUG AutowiredAnnotationBeanPostProcessor:530 - Autowiring by type from bean name &apos;processMeasureCheckController&apos; to bean named &apos;processMeasureCheckServiceImpl&apos;
17:41:17,700 DEBUG DefaultListableBeanFactory:255 - Returning cached instance of singleton bean &apos;org.springframework.transaction.config.internalTransactionAdvisor&apos;
17:41:17,700 DEBUG DefaultListableBeanFactory:504 - Finished creating instance of bean &apos;processMeasureCheckController&apos;
17:41:17,700 DEBUG DefaultListableBeanFactory:219 - Creating shared instance of singleton bean &apos;unqualifyController&apos;
17:41:17,700 DEBUG DefaultListableBeanFactory:467 - Creating instance of bean &apos;unqualifyController&apos;
17:41:17,700 DEBUG InjectionMetadata:74 - Registered injected element on class [com.cskaoyan.controller.qualifyMonitor.UnqualifyController]: AutowiredFieldElement for com.cskaoyan.service.qualifyMonitor.UnqualifyService com.cskaoyan.controller.qualifyMonitor.UnqualifyController.unqualifyService
17:41:17,700 DEBUG DefaultListableBeanFactory:573 - Eagerly caching bean &apos;unqualifyController&apos; to allow for resolving potential circular references
17:41:17,700 DEBUG InjectionMetadata:89 - Processing injected element of bean &apos;unqualifyController&apos;: AutowiredFieldElement for com.cskaoyan.service.qualifyMonitor.UnqualifyService com.cskaoyan.controller.qualifyMonitor.UnqualifyController.unqualifyService
17:41:17,700 DEBUG AnnotationUtils:1838 - Failed to meta-introspect annotation [interface org.springframework.beans.factory.annotation.Autowired]: java.lang.NullPointerException
17:41:17,700 DEBUG DefaultListableBeanFactory:219 - Creating shared instance of singleton bean &apos;unqualifyServiceImpl&apos;
17:41:17,700 DEBUG DefaultListableBeanFactory:467 - Creating instance of bean &apos;unqualifyServiceImpl&apos;
17:41:17,700 DEBUG InjectionMetadata:74 - Registered injected element on class [com.cskaoyan.service.qualifyMonitor.Impl.UnqualifyServiceImpl]: AutowiredFieldElement for com.cskaoyan.dao.qualifyMonitor.UnqualifyApplyMapper com.cskaoyan.service.qualifyMonitor.Impl.UnqualifyServiceImpl.unqualifyApplyMapper
17:41:17,700 DEBUG DefaultListableBeanFactory:573 - Eagerly caching bean &apos;unqualifyServiceImpl&apos; to allow for resolving potential circular references
17:41:17,700 DEBUG InjectionMetadata:89 - Processing injected element of bean &apos;unqualifyServiceImpl&apos;: AutowiredFieldElement for com.cskaoyan.dao.qualifyMonitor.UnqualifyApplyMapper com.cskaoyan.service.qualifyMonitor.Impl.UnqualifyServiceImpl.unqualifyApplyMapper
17:41:17,700 DEBUG AnnotationUtils:1838 - Failed to meta-introspect annotation [interface org.springframework.beans.factory.annotation.Autowired]: java.lang.NullPointerException
17:41:17,716 DEBUG DefaultListableBeanFactory:219 - Creating shared instance of singleton bean &apos;unqualifyApplyMapper&apos;
17:41:17,716 DEBUG DefaultListableBeanFactory:467 - Creating instance of bean &apos;unqualifyApplyMapper&apos;
17:41:17,716 DEBUG DefaultListableBeanFactory:573 - Eagerly caching bean &apos;unqualifyApplyMapper&apos; to allow for resolving potential circular references
17:41:17,716 DEBUG DefaultListableBeanFactory:255 - Returning cached instance of singleton bean &apos;sqlSessionFactory&apos;
17:41:17,716 DEBUG DefaultListableBeanFactory:1755 - Invoking afterPropertiesSet() on bean with name &apos;unqualifyApplyMapper&apos;
17:41:17,716 DEBUG DefaultListableBeanFactory:255 - Returning cached instance of singleton bean &apos;org.springframework.transaction.config.internalTransactionAdvisor&apos;
17:41:17,716 DEBUG DefaultListableBeanFactory:504 - Finished creating instance of bean &apos;unqualifyApplyMapper&apos;
17:41:17,716 DEBUG DefaultListableBeanFactory:255 - Returning cached instance of singleton bean &apos;org.springframework.transaction.config.internalTransactionAdvisor&apos;
17:41:17,716 DEBUG AutowiredAnnotationBeanPostProcessor:530 - Autowiring by type from bean name &apos;unqualifyServiceImpl&apos; to bean named &apos;unqualifyApplyMapper&apos;
17:41:17,716 DEBUG DefaultListableBeanFactory:255 - Returning cached instance of singleton bean &apos;org.springframework.transaction.config.internalTransactionAdvisor&apos;
17:41:17,716 DEBUG AnnotationTransactionAttributeSource:117 - Adding transactional method &apos;com.cskaoyan.service.qualifyMonitor.Impl.UnqualifyServiceImpl.delete&apos; with attribute: PROPAGATION_REQUIRED,ISOLATION_DEFAULT; &apos;&apos;
17:41:17,716 DEBUG InfrastructureAdvisorAutoProxyCreator:531 - Creating implicit proxy for bean &apos;unqualifyServiceImpl&apos; with 0 common interceptors and 1 specific interceptors
17:41:17,716 DEBUG JdkDynamicAopProxy:119 - Creating JDK dynamic proxy: target source is SingletonTargetSource for target object [com.cskaoyan.service.qualifyMonitor.Impl.UnqualifyServiceImpl@58ffcbd7]
17:41:17,732 DEBUG DefaultListableBeanFactory:504 - Finished creating instance of bean &apos;unqualifyServiceImpl&apos;
17:41:17,732 DEBUG AutowiredAnnotationBeanPostProcessor:530 - Autowiring by type from bean name &apos;unqualifyController&apos; to bean named &apos;unqualifyServiceImpl&apos;
17:41:17,732 DEBUG DefaultListableBeanFactory:255 - Returning cached instance of singleton bean &apos;org.springframework.transaction.config.internalTransactionAdvisor&apos;
17:41:17,732 DEBUG DefaultListableBeanFactory:504 - Finished creating instance of bean &apos;unqualifyController&apos;
17:41:17,732 DEBUG DefaultListableBeanFactory:219 - Creating shared instance of singleton bean &apos;processController&apos;
17:41:17,732 DEBUG DefaultListableBeanFactory:467 - Creating instance of bean &apos;processController&apos;
17:41:17,732 DEBUG InjectionMetadata:74 - Registered injected element on class [com.cskaoyan.controller.technologyMonitor.ProcessController]: AutowiredFieldElement for com.cskaoyan.service.technologyMonitor.ProcessService com.cskaoyan.controller.technologyMonitor.ProcessController.processService
17:41:17,732 DEBUG DefaultListableBeanFactory:573 - Eagerly caching bean &apos;processController&apos; to allow for resolving potential circular references
17:41:17,732 DEBUG InjectionMetadata:89 - Processing injected element of bean &apos;processController&apos;: AutowiredFieldElement for com.cskaoyan.service.technologyMonitor.ProcessService com.cskaoyan.controller.technologyMonitor.ProcessController.processService
17:41:17,732 DEBUG AnnotationUtils:1838 - Failed to meta-introspect annotation [interface org.springframework.beans.factory.annotation.Autowired]: java.lang.NullPointerException
17:41:17,732 DEBUG DefaultListableBeanFactory:219 - Creating shared instance of singleton bean &apos;processServiceImpl&apos;
17:41:17,732 DEBUG DefaultListableBeanFactory:467 - Creating instance of bean &apos;processServiceImpl&apos;
17:41:17,747 DEBUG InjectionMetadata:74 - Registered injected element on class [com.cskaoyan.service.technologyMonitor.Impl.ProcessServiceImpl]: AutowiredFieldElement for com.cskaoyan.dao.technologyMonitor.ProcessMapper com.cskaoyan.service.technologyMonitor.Impl.ProcessServiceImpl.processMapper
17:41:17,747 DEBUG InjectionMetadata:74 - Registered injected element on class [com.cskaoyan.service.technologyMonitor.Impl.ProcessServiceImpl]: AutowiredFieldElement for com.cskaoyan.domain.technologyMonitor.ProcessExample com.cskaoyan.service.technologyMonitor.Impl.ProcessServiceImpl.processExample
17:41:17,747 DEBUG DefaultListableBeanFactory:573 - Eagerly caching bean &apos;processServiceImpl&apos; to allow for resolving potential circular references
17:41:17,747 DEBUG InjectionMetadata:89 - Processing injected element of bean &apos;processServiceImpl&apos;: AutowiredFieldElement for com.cskaoyan.dao.technologyMonitor.ProcessMapper com.cskaoyan.service.technologyMonitor.Impl.ProcessServiceImpl.processMapper
17:41:17,747 DEBUG AnnotationUtils:1838 - Failed to meta-introspect annotation [interface org.springframework.beans.factory.annotation.Autowired]: java.lang.NullPointerException
17:41:17,747 DEBUG DefaultListableBeanFactory:219 - Creating shared instance of singleton bean &apos;processMapper&apos;
17:41:17,747 DEBUG DefaultListableBeanFactory:467 - Creating instance of bean &apos;processMapper&apos;
17:41:17,763 DEBUG DefaultListableBeanFactory:573 - Eagerly caching bean &apos;processMapper&apos; to allow for resolving potential circular references
17:41:17,763 DEBUG DefaultListableBeanFactory:255 - Returning cached instance of singleton bean &apos;sqlSessionFactory&apos;
17:41:17,763 DEBUG DefaultListableBeanFactory:1755 - Invoking afterPropertiesSet() on bean with name &apos;processMapper&apos;
17:41:17,763 DEBUG DefaultListableBeanFactory:255 - Returning cached instance of singleton bean &apos;org.springframework.transaction.config.internalTransactionAdvisor&apos;
17:41:17,763 DEBUG DefaultListableBeanFactory:504 - Finished creating instance of bean &apos;processMapper&apos;
17:41:17,763 DEBUG DefaultListableBeanFactory:255 - Returning cached instance of singleton bean &apos;org.springframework.transaction.config.internalTransactionAdvisor&apos;
17:41:17,763 DEBUG AutowiredAnnotationBeanPostProcessor:530 - Autowiring by type from bean name &apos;processServiceImpl&apos; to bean named &apos;processMapper&apos;
17:41:17,763 DEBUG InjectionMetadata:89 - Processing injected element of bean &apos;processServiceImpl&apos;: AutowiredFieldElement for com.cskaoyan.domain.technologyMonitor.ProcessExample com.cskaoyan.service.technologyMonitor.Impl.ProcessServiceImpl.processExample
17:41:17,763 DEBUG AnnotationUtils:1838 - Failed to meta-introspect annotation [interface org.springframework.beans.factory.annotation.Autowired]: java.lang.NullPointerException
17:41:17,763 DEBUG DefaultListableBeanFactory:467 - Creating instance of bean &apos;processExample&apos;
17:41:17,779 DEBUG DefaultListableBeanFactory:255 - Returning cached instance of singleton bean &apos;org.springframework.transaction.config.internalTransactionAdvisor&apos;
17:41:17,779 DEBUG DefaultListableBeanFactory:504 - Finished creating instance of bean &apos;processExample&apos;
17:41:17,779 DEBUG AutowiredAnnotationBeanPostProcessor:530 - Autowiring by type from bean name &apos;processServiceImpl&apos; to bean named &apos;processExample&apos;
17:41:17,779 DEBUG DefaultListableBeanFactory:255 - Returning cached instance of singleton bean &apos;org.springframework.transaction.config.internalTransactionAdvisor&apos;
17:41:17,779 DEBUG AnnotationTransactionAttributeSource:117 - Adding transactional method &apos;com.cskaoyan.service.technologyMonitor.Impl.ProcessServiceImpl.deleteProcessByIds&apos; with attribute: PROPAGATION_REQUIRED,ISOLATION_DEFAULT; &apos;&apos;
17:41:17,779 DEBUG InfrastructureAdvisorAutoProxyCreator:531 - Creating implicit proxy for bean &apos;processServiceImpl&apos; with 0 common interceptors and 1 specific interceptors
17:41:17,779 DEBUG JdkDynamicAopProxy:119 - Creating JDK dynamic proxy: target source is SingletonTargetSource for target object [com.cskaoyan.service.technologyMonitor.Impl.ProcessServiceImpl@54e22bdd]
17:41:17,779 DEBUG DefaultListableBeanFactory:504 - Finished creating instance of bean &apos;processServiceImpl&apos;
17:41:17,779 DEBUG AutowiredAnnotationBeanPostProcessor:530 - Autowiring by type from bean name &apos;processController&apos; to bean named &apos;processServiceImpl&apos;
17:41:17,779 DEBUG DefaultListableBeanFactory:255 - Returning cached instance of singleton bean &apos;org.springframework.transaction.config.internalTransactionAdvisor&apos;
17:41:17,779 DEBUG DefaultListableBeanFactory:504 - Finished creating instance of bean &apos;processController&apos;
17:41:17,779 DEBUG DefaultListableBeanFactory:219 - Creating shared instance of singleton bean &apos;technologyController&apos;
17:41:17,794 DEBUG DefaultListableBeanFactory:467 - Creating instance of bean &apos;technologyController&apos;
17:41:17,794 DEBUG InjectionMetadata:74 - Registered injected element on class [com.cskaoyan.controller.technologyMonitor.TechnologyController]: AutowiredFieldElement for com.cskaoyan.service.technologyMonitor.TechnologyService com.cskaoyan.controller.technologyMonitor.TechnologyController.technologyService
17:41:17,794 DEBUG DefaultListableBeanFactory:573 - Eagerly caching bean &apos;technologyController&apos; to allow for resolving potential circular references
17:41:17,794 DEBUG InjectionMetadata:89 - Processing injected element of bean &apos;technologyController&apos;: AutowiredFieldElement for com.cskaoyan.service.technologyMonitor.TechnologyService com.cskaoyan.controller.technologyMonitor.TechnologyController.technologyService
17:41:17,794 DEBUG AnnotationUtils:1838 - Failed to meta-introspect annotation [interface org.springframework.beans.factory.annotation.Autowired]: java.lang.NullPointerException
17:41:17,794 DEBUG DefaultListableBeanFactory:219 - Creating shared instance of singleton bean &apos;technologyServiceImpl&apos;
17:41:17,794 DEBUG DefaultListableBeanFactory:467 - Creating instance of bean &apos;technologyServiceImpl&apos;
17:41:17,794 DEBUG InjectionMetadata:74 - Registered injected element on class [com.cskaoyan.service.technologyMonitor.Impl.TechnologyServiceImpl]: AutowiredFieldElement for com.cskaoyan.dao.technologyMonitor.TechnologyMapper com.cskaoyan.service.technologyMonitor.Impl.TechnologyServiceImpl.technologyMapper
17:41:17,794 DEBUG InjectionMetadata:74 - Registered injected element on class [com.cskaoyan.service.technologyMonitor.Impl.TechnologyServiceImpl]: AutowiredFieldElement for com.cskaoyan.domain.technologyMonitor.TechnologyExample com.cskaoyan.service.technologyMonitor.Impl.TechnologyServiceImpl.technologyExample
17:41:17,794 DEBUG DefaultListableBeanFactory:573 - Eagerly caching bean &apos;technologyServiceImpl&apos; to allow for resolving potential circular references
17:41:17,794 DEBUG InjectionMetadata:89 - Processing injected element of bean &apos;technologyServiceImpl&apos;: AutowiredFieldElement for com.cskaoyan.dao.technologyMonitor.TechnologyMapper com.cskaoyan.service.technologyMonitor.Impl.TechnologyServiceImpl.technologyMapper
17:41:17,794 DEBUG AnnotationUtils:1838 - Failed to meta-introspect annotation [interface org.springframework.beans.factory.annotation.Autowired]: java.lang.NullPointerException
17:41:17,794 DEBUG DefaultListableBeanFactory:219 - Creating shared instance of singleton bean &apos;technologyMapper&apos;
17:41:17,794 DEBUG DefaultListableBeanFactory:467 - Creating instance of bean &apos;technologyMapper&apos;
17:41:17,794 DEBUG DefaultListableBeanFactory:573 - Eagerly caching bean &apos;technologyMapper&apos; to allow for resolving potential circular references
17:41:17,794 DEBUG DefaultListableBeanFactory:255 - Returning cached instance of singleton bean &apos;sqlSessionFactory&apos;
17:41:17,794 DEBUG DefaultListableBeanFactory:1755 - Invoking afterPropertiesSet() on bean with name &apos;technologyMapper&apos;
17:41:17,794 DEBUG DefaultListableBeanFactory:255 - Returning cached instance of singleton bean &apos;org.springframework.transaction.config.internalTransactionAdvisor&apos;
17:41:17,810 DEBUG DefaultListableBeanFactory:504 - Finished creating instance of bean &apos;technologyMapper&apos;
17:41:17,810 DEBUG DefaultListableBeanFactory:255 - Returning cached instance of singleton bean &apos;org.springframework.transaction.config.internalTransactionAdvisor&apos;
17:41:17,810 DEBUG AutowiredAnnotationBeanPostProcessor:530 - Autowiring by type from bean name &apos;technologyServiceImpl&apos; to bean named &apos;technologyMapper&apos;
17:41:17,810 DEBUG InjectionMetadata:89 - Processing injected element of bean &apos;technologyServiceImpl&apos;: AutowiredFieldElement for com.cskaoyan.domain.technologyMonitor.TechnologyExample com.cskaoyan.service.technologyMonitor.Impl.TechnologyServiceImpl.technologyExample
17:41:17,810 DEBUG AnnotationUtils:1838 - Failed to meta-introspect annotation [interface org.springframework.beans.factory.annotation.Autowired]: java.lang.NullPointerException
17:41:17,810 DEBUG DefaultListableBeanFactory:467 - Creating instance of bean &apos;technologyExample&apos;
17:41:17,810 DEBUG DefaultListableBeanFactory:255 - Returning cached instance of singleton bean &apos;org.springframework.transaction.config.internalTransactionAdvisor&apos;
17:41:17,810 DEBUG DefaultListableBeanFactory:504 - Finished creating instance of bean &apos;technologyExample&apos;
17:41:17,810 DEBUG AutowiredAnnotationBeanPostProcessor:530 - Autowiring by type from bean name &apos;technologyServiceImpl&apos; to bean named &apos;technologyExample&apos;
17:41:17,810 DEBUG DefaultListableBeanFactory:255 - Returning cached instance of singleton bean &apos;org.springframework.transaction.config.internalTransactionAdvisor&apos;
17:41:17,810 DEBUG AnnotationTransactionAttributeSource:117 - Adding transactional method &apos;com.cskaoyan.service.technologyMonitor.Impl.TechnologyServiceImpl.deleteTechnologyByID&apos; with attribute: PROPAGATION_REQUIRED,ISOLATION_DEFAULT; &apos;&apos;
17:41:17,810 DEBUG InfrastructureAdvisorAutoProxyCreator:531 - Creating implicit proxy for bean &apos;technologyServiceImpl&apos; with 0 common interceptors and 1 specific interceptors
17:41:17,810 DEBUG JdkDynamicAopProxy:119 - Creating JDK dynamic proxy: target source is SingletonTargetSource for target object [com.cskaoyan.service.technologyMonitor.Impl.TechnologyServiceImpl@e84a8e1]
17:41:17,825 DEBUG DefaultListableBeanFactory:504 - Finished creating instance of bean &apos;technologyServiceImpl&apos;
17:41:17,825 DEBUG AutowiredAnnotationBeanPostProcessor:530 - Autowiring by type from bean name &apos;technologyController&apos; to bean named &apos;technologyServiceImpl&apos;
17:41:17,825 DEBUG DefaultListableBeanFactory:255 - Returning cached instance of singleton bean &apos;org.springframework.transaction.config.internalTransactionAdvisor&apos;
17:41:17,825 DEBUG DefaultListableBeanFactory:504 - Finished creating instance of bean &apos;technologyController&apos;
17:41:17,825 DEBUG DefaultListableBeanFactory:219 - Creating shared instance of singleton bean &apos;technologyPlanController&apos;
17:41:17,825 DEBUG DefaultListableBeanFactory:467 - Creating instance of bean &apos;technologyPlanController&apos;
17:41:17,825 DEBUG InjectionMetadata:74 - Registered injected element on class [com.cskaoyan.controller.technologyMonitor.TechnologyPlanController]: AutowiredFieldElement for com.cskaoyan.service.technologyMonitor.TechnologyPlanService com.cskaoyan.controller.technologyMonitor.TechnologyPlanController.technologyPlanService
17:41:17,825 DEBUG DefaultListableBeanFactory:573 - Eagerly caching bean &apos;technologyPlanController&apos; to allow for resolving potential circular references
17:41:17,825 DEBUG InjectionMetadata:89 - Processing injected element of bean &apos;technologyPlanController&apos;: AutowiredFieldElement for com.cskaoyan.service.technologyMonitor.TechnologyPlanService com.cskaoyan.controller.technologyMonitor.TechnologyPlanController.technologyPlanService
17:41:17,825 DEBUG AnnotationUtils:1838 - Failed to meta-introspect annotation [interface org.springframework.beans.factory.annotation.Autowired]: java.lang.NullPointerException
17:41:17,825 DEBUG DefaultListableBeanFactory:219 - Creating shared instance of singleton bean &apos;technologyPlanServiceImpl&apos;
17:41:17,825 DEBUG DefaultListableBeanFactory:467 - Creating instance of bean &apos;technologyPlanServiceImpl&apos;
17:41:17,825 DEBUG InjectionMetadata:74 - Registered injected element on class [com.cskaoyan.service.technologyMonitor.Impl.TechnologyPlanServiceImpl]: AutowiredFieldElement for com.cskaoyan.dao.technologyMonitor.TechnologyPlanMapper com.cskaoyan.service.technologyMonitor.Impl.TechnologyPlanServiceImpl.technologyPlanMapper
17:41:17,825 DEBUG InjectionMetadata:74 - Registered injected element on class [com.cskaoyan.service.technologyMonitor.Impl.TechnologyPlanServiceImpl]: AutowiredFieldElement for com.cskaoyan.domain.technologyMonitor.TechnologyPlanExample com.cskaoyan.service.technologyMonitor.Impl.TechnologyPlanServiceImpl.technologyPlanExample
17:41:17,825 DEBUG DefaultListableBeanFactory:573 - Eagerly caching bean &apos;technologyPlanServiceImpl&apos; to allow for resolving potential circular references
17:41:17,825 DEBUG InjectionMetadata:89 - Processing injected element of bean &apos;technologyPlanServiceImpl&apos;: AutowiredFieldElement for com.cskaoyan.dao.technologyMonitor.TechnologyPlanMapper com.cskaoyan.service.technologyMonitor.Impl.TechnologyPlanServiceImpl.technologyPlanMapper
17:41:17,825 DEBUG AnnotationUtils:1838 - Failed to meta-introspect annotation [interface org.springframework.beans.factory.annotation.Autowired]: java.lang.NullPointerException
17:41:17,825 DEBUG DefaultListableBeanFactory:219 - Creating shared instance of singleton bean &apos;technologyPlanMapper&apos;
17:41:17,825 DEBUG DefaultListableBeanFactory:467 - Creating instance of bean &apos;technologyPlanMapper&apos;
17:41:17,825 DEBUG DefaultListableBeanFactory:573 - Eagerly caching bean &apos;technologyPlanMapper&apos; to allow for resolving potential circular references
17:41:17,825 DEBUG DefaultListableBeanFactory:255 - Returning cached instance of singleton bean &apos;sqlSessionFactory&apos;
17:41:17,825 DEBUG DefaultListableBeanFactory:1755 - Invoking afterPropertiesSet() on bean with name &apos;technologyPlanMapper&apos;
17:41:17,841 DEBUG DefaultListableBeanFactory:255 - Returning cached instance of singleton bean &apos;org.springframework.transaction.config.internalTransactionAdvisor&apos;
17:41:17,841 DEBUG DefaultListableBeanFactory:504 - Finished creating instance of bean &apos;technologyPlanMapper&apos;
17:41:17,841 DEBUG DefaultListableBeanFactory:255 - Returning cached instance of singleton bean &apos;org.springframework.transaction.config.internalTransactionAdvisor&apos;
17:41:17,841 DEBUG AutowiredAnnotationBeanPostProcessor:530 - Autowiring by type from bean name &apos;technologyPlanServiceImpl&apos; to bean named &apos;technologyPlanMapper&apos;
17:41:17,841 DEBUG InjectionMetadata:89 - Processing injected element of bean &apos;technologyPlanServiceImpl&apos;: AutowiredFieldElement for com.cskaoyan.domain.technologyMonitor.TechnologyPlanExample com.cskaoyan.service.technologyMonitor.Impl.TechnologyPlanServiceImpl.technologyPlanExample
17:41:17,841 DEBUG AnnotationUtils:1838 - Failed to meta-introspect annotation [interface org.springframework.beans.factory.annotation.Autowired]: java.lang.NullPointerException
17:41:17,841 DEBUG DefaultListableBeanFactory:467 - Creating instance of bean &apos;technologyPlanExample&apos;
17:41:17,841 DEBUG DefaultListableBeanFactory:255 - Returning cached instance of singleton bean &apos;org.springframework.transaction.config.internalTransactionAdvisor&apos;
17:41:17,841 DEBUG DefaultListableBeanFactory:504 - Finished creating instance of bean &apos;technologyPlanExample&apos;
17:41:17,841 DEBUG AutowiredAnnotationBeanPostProcessor:530 - Autowiring by type from bean name &apos;technologyPlanServiceImpl&apos; to bean named &apos;technologyPlanExample&apos;
17:41:17,841 DEBUG DefaultListableBeanFactory:255 - Returning cached instance of singleton bean &apos;org.springframework.transaction.config.internalTransactionAdvisor&apos;
17:41:17,841 DEBUG AnnotationTransactionAttributeSource:117 - Adding transactional method &apos;com.cskaoyan.service.technologyMonitor.Impl.TechnologyPlanServiceImpl.deleteTechnologyPlanByID&apos; with attribute: PROPAGATION_REQUIRED,ISOLATION_DEFAULT; &apos;&apos;
17:41:17,841 DEBUG InfrastructureAdvisorAutoProxyCreator:531 - Creating implicit proxy for bean &apos;technologyPlanServiceImpl&apos; with 0 common interceptors and 1 specific interceptors
17:41:17,841 DEBUG JdkDynamicAopProxy:119 - Creating JDK dynamic proxy: target source is SingletonTargetSource for target object [com.cskaoyan.service.technologyMonitor.Impl.TechnologyPlanServiceImpl@5e01a982]
17:41:17,857 DEBUG DefaultListableBeanFactory:504 - Finished creating instance of bean &apos;technologyPlanServiceImpl&apos;
17:41:17,857 DEBUG AutowiredAnnotationBeanPostProcessor:530 - Autowiring by type from bean name &apos;technologyPlanController&apos; to bean named &apos;technologyPlanServiceImpl&apos;
17:41:17,857 DEBUG DefaultListableBeanFactory:255 - Returning cached instance of singleton bean &apos;org.springframework.transaction.config.internalTransactionAdvisor&apos;
17:41:17,857 DEBUG DefaultListableBeanFactory:504 - Finished creating instance of bean &apos;technologyPlanController&apos;
17:41:17,857 DEBUG DefaultListableBeanFactory:219 - Creating shared instance of singleton bean &apos;technologyRequirementController&apos;
17:41:17,857 DEBUG DefaultListableBeanFactory:467 - Creating instance of bean &apos;technologyRequirementController&apos;
17:41:17,857 DEBUG InjectionMetadata:74 - Registered injected element on class [com.cskaoyan.controller.technologyMonitor.TechnologyRequirementController]: AutowiredFieldElement for com.cskaoyan.service.technologyMonitor.TechnologyRequirementService com.cskaoyan.controller.technologyMonitor.TechnologyRequirementController.technologyRequirementService
17:41:17,857 DEBUG DefaultListableBeanFactory:573 - Eagerly caching bean &apos;technologyRequirementController&apos; to allow for resolving potential circular references
17:41:17,857 DEBUG InjectionMetadata:89 - Processing injected element of bean &apos;technologyRequirementController&apos;: AutowiredFieldElement for com.cskaoyan.service.technologyMonitor.TechnologyRequirementService com.cskaoyan.controller.technologyMonitor.TechnologyRequirementController.technologyRequirementService
17:41:17,857 DEBUG AnnotationUtils:1838 - Failed to meta-introspect annotation [interface org.springframework.beans.factory.annotation.Autowired]: java.lang.NullPointerException
17:41:17,857 DEBUG DefaultListableBeanFactory:219 - Creating shared instance of singleton bean &apos;technologyRequirementServiceImpl&apos;
17:41:17,857 DEBUG DefaultListableBeanFactory:467 - Creating instance of bean &apos;technologyRequirementServiceImpl&apos;
17:41:17,857 DEBUG InjectionMetadata:74 - Registered injected element on class [com.cskaoyan.service.technologyMonitor.Impl.TechnologyRequirementServiceImpl]: AutowiredFieldElement for com.cskaoyan.dao.technologyMonitor.TechnologyRequirementMapper com.cskaoyan.service.technologyMonitor.Impl.TechnologyRequirementServiceImpl.technologyRequirementMapper
17:41:17,857 DEBUG InjectionMetadata:74 - Registered injected element on class [com.cskaoyan.service.technologyMonitor.Impl.TechnologyRequirementServiceImpl]: AutowiredFieldElement for com.cskaoyan.domain.technologyMonitor.TechnologyRequirementExample com.cskaoyan.service.technologyMonitor.Impl.TechnologyRequirementServiceImpl.technologyRequirementExample
17:41:17,872 DEBUG DefaultListableBeanFactory:573 - Eagerly caching bean &apos;technologyRequirementServiceImpl&apos; to allow for resolving potential circular references
17:41:17,872 DEBUG InjectionMetadata:89 - Processing injected element of bean &apos;technologyRequirementServiceImpl&apos;: AutowiredFieldElement for com.cskaoyan.dao.technologyMonitor.TechnologyRequirementMapper com.cskaoyan.service.technologyMonitor.Impl.TechnologyRequirementServiceImpl.technologyRequirementMapper
17:41:17,872 DEBUG AnnotationUtils:1838 - Failed to meta-introspect annotation [interface org.springframework.beans.factory.annotation.Autowired]: java.lang.NullPointerException
17:41:17,872 DEBUG DefaultListableBeanFactory:219 - Creating shared instance of singleton bean &apos;technologyRequirementMapper&apos;
17:41:17,872 DEBUG DefaultListableBeanFactory:467 - Creating instance of bean &apos;technologyRequirementMapper&apos;
17:41:17,872 DEBUG DefaultListableBeanFactory:573 - Eagerly caching bean &apos;technologyRequirementMapper&apos; to allow for resolving potential circular references
17:41:17,872 DEBUG DefaultListableBeanFactory:255 - Returning cached instance of singleton bean &apos;sqlSessionFactory&apos;
17:41:17,872 DEBUG DefaultListableBeanFactory:1755 - Invoking afterPropertiesSet() on bean with name &apos;technologyRequirementMapper&apos;
17:41:17,872 DEBUG DefaultListableBeanFactory:255 - Returning cached instance of singleton bean &apos;org.springframework.transaction.config.internalTransactionAdvisor&apos;
17:41:17,872 DEBUG DefaultListableBeanFactory:504 - Finished creating instance of bean &apos;technologyRequirementMapper&apos;
17:41:17,872 DEBUG DefaultListableBeanFactory:255 - Returning cached instance of singleton bean &apos;org.springframework.transaction.config.internalTransactionAdvisor&apos;
17:41:17,872 DEBUG AutowiredAnnotationBeanPostProcessor:530 - Autowiring by type from bean name &apos;technologyRequirementServiceImpl&apos; to bean named &apos;technologyRequirementMapper&apos;
17:41:17,872 DEBUG InjectionMetadata:89 - Processing injected element of bean &apos;technologyRequirementServiceImpl&apos;: AutowiredFieldElement for com.cskaoyan.domain.technologyMonitor.TechnologyRequirementExample com.cskaoyan.service.technologyMonitor.Impl.TechnologyRequirementServiceImpl.technologyRequirementExample
17:41:17,872 DEBUG AnnotationUtils:1838 - Failed to meta-introspect annotation [interface org.springframework.beans.factory.annotation.Autowired]: java.lang.NullPointerException
17:41:17,888 DEBUG DefaultListableBeanFactory:467 - Creating instance of bean &apos;technologyRequirementExample&apos;
17:41:17,888 DEBUG DefaultListableBeanFactory:255 - Returning cached instance of singleton bean &apos;org.springframework.transaction.config.internalTransactionAdvisor&apos;
17:41:17,888 DEBUG DefaultListableBeanFactory:504 - Finished creating instance of bean &apos;technologyRequirementExample&apos;
17:41:17,888 DEBUG AutowiredAnnotationBeanPostProcessor:530 - Autowiring by type from bean name &apos;technologyRequirementServiceImpl&apos; to bean named &apos;technologyRequirementExample&apos;
17:41:17,888 DEBUG DefaultListableBeanFactory:255 - Returning cached instance of singleton bean &apos;org.springframework.transaction.config.internalTransactionAdvisor&apos;
17:41:17,888 DEBUG AnnotationTransactionAttributeSource:117 - Adding transactional method &apos;com.cskaoyan.service.technologyMonitor.Impl.TechnologyRequirementServiceImpl.deleteTechnologyByID&apos; with attribute: PROPAGATION_REQUIRED,ISOLATION_DEFAULT; &apos;&apos;
17:41:17,888 DEBUG InfrastructureAdvisorAutoProxyCreator:531 - Creating implicit proxy for bean &apos;technologyRequirementServiceImpl&apos; with 0 common interceptors and 1 specific interceptors
17:41:17,888 DEBUG JdkDynamicAopProxy:119 - Creating JDK dynamic proxy: target source is SingletonTargetSource for target object [com.cskaoyan.service.technologyMonitor.Impl.TechnologyRequirementServiceImpl@3fb6cf60]
17:41:17,888 DEBUG DefaultListableBeanFactory:504 - Finished creating instance of bean &apos;technologyRequirementServiceImpl&apos;
17:41:17,888 DEBUG AutowiredAnnotationBeanPostProcessor:530 - Autowiring by type from bean name &apos;technologyRequirementController&apos; to bean named &apos;technologyRequirementServiceImpl&apos;
17:41:17,888 DEBUG DefaultListableBeanFactory:255 - Returning cached instance of singleton bean &apos;org.springframework.transaction.config.internalTransactionAdvisor&apos;
17:41:17,888 DEBUG DefaultListableBeanFactory:504 - Finished creating instance of bean &apos;technologyRequirementController&apos;
17:41:17,888 DEBUG DefaultListableBeanFactory:255 - Returning cached instance of singleton bean &apos;custom&apos;
17:41:17,888 DEBUG DefaultListableBeanFactory:255 - Returning cached instance of singleton bean &apos;manufactureServiceimp&apos;
17:41:17,888 DEBUG DefaultListableBeanFactory:255 - Returning cached instance of singleton bean &apos;orderServiceimp&apos;
17:41:17,888 DEBUG DefaultListableBeanFactory:255 - Returning cached instance of singleton bean &apos;productServiceimp&apos;
17:41:17,888 DEBUG DefaultListableBeanFactory:255 - Returning cached instance of singleton bean &apos;taskServiceimp&apos;
17:41:17,888 DEBUG DefaultListableBeanFactory:255 - Returning cached instance of singleton bean &apos;workServiceimp&apos;
17:41:17,904 DEBUG DefaultListableBeanFactory:255 - Returning cached instance of singleton bean &apos;deviceCheckServiceImpl&apos;
17:41:17,904 DEBUG DefaultListableBeanFactory:255 - Returning cached instance of singleton bean &apos;deviceFaultServiceImpl&apos;
17:41:17,904 DEBUG DefaultListableBeanFactory:255 - Returning cached instance of singleton bean &apos;deviceListServiceImpl&apos;
17:41:17,904 DEBUG DefaultListableBeanFactory:255 - Returning cached instance of singleton bean &apos;deviceMaintainServiceImpl&apos;
17:41:17,904 DEBUG DefaultListableBeanFactory:255 - Returning cached instance of singleton bean &apos;deviceTypeServiceImpl&apos;
17:41:17,904 DEBUG DefaultListableBeanFactory:255 - Returning cached instance of singleton bean &apos;departmentServiceimp&apos;
17:41:17,904 DEBUG DefaultListableBeanFactory:255 - Returning cached instance of singleton bean &apos;employeeServiceimp&apos;
17:41:17,904 DEBUG DefaultListableBeanFactory:255 - Returning cached instance of singleton bean &apos;finalCountCheckServiceImpl&apos;
17:41:17,904 DEBUG DefaultListableBeanFactory:255 - Returning cached instance of singleton bean &apos;finishmeasureServiceImpl&apos;
17:41:17,904 DEBUG DefaultListableBeanFactory:255 - Returning cached instance of singleton bean &apos;processCountCheckServiceImpl&apos;
17:41:17,904 DEBUG DefaultListableBeanFactory:255 - Returning cached instance of singleton bean &apos;processMeasureCheckServiceImpl&apos;
17:41:17,904 DEBUG DefaultListableBeanFactory:255 - Returning cached instance of singleton bean &apos;unqualifyServiceImpl&apos;
17:41:17,904 DEBUG DefaultListableBeanFactory:255 - Returning cached instance of singleton bean &apos;processServiceImpl&apos;
17:41:17,904 DEBUG DefaultListableBeanFactory:255 - Returning cached instance of singleton bean &apos;technologyPlanServiceImpl&apos;
17:41:17,904 DEBUG DefaultListableBeanFactory:255 - Returning cached instance of singleton bean &apos;technologyRequirementServiceImpl&apos;
17:41:17,904 DEBUG DefaultListableBeanFactory:255 - Returning cached instance of singleton bean &apos;technologyServiceImpl&apos;
17:41:17,904 DEBUG DefaultListableBeanFactory:255 - Returning cached instance of singleton bean &apos;org.springframework.context.annotation.internalConfigurationAnnotationProcessor&apos;
17:41:17,904 DEBUG DefaultListableBeanFactory:255 - Returning cached instance of singleton bean &apos;org.springframework.context.annotation.internalAutowiredAnnotationProcessor&apos;
17:41:17,904 DEBUG DefaultListableBeanFactory:255 - Returning cached instance of singleton bean &apos;org.springframework.context.annotation.internalRequiredAnnotationProcessor&apos;
17:41:17,904 DEBUG DefaultListableBeanFactory:255 - Returning cached instance of singleton bean &apos;org.springframework.context.annotation.internalCommonAnnotationProcessor&apos;
17:41:17,904 DEBUG DefaultListableBeanFactory:219 - Creating shared instance of singleton bean &apos;org.springframework.context.event.internalEventListenerProcessor&apos;
17:41:17,904 DEBUG DefaultListableBeanFactory:467 - Creating instance of bean &apos;org.springframework.context.event.internalEventListenerProcessor&apos;
17:41:17,919 DEBUG DefaultListableBeanFactory:573 - Eagerly caching bean &apos;org.springframework.context.event.internalEventListenerProcessor&apos; to allow for resolving potential circular references
17:41:17,919 DEBUG DefaultListableBeanFactory:255 - Returning cached instance of singleton bean &apos;org.springframework.transaction.config.internalTransactionAdvisor&apos;
17:41:17,919 DEBUG DefaultListableBeanFactory:504 - Finished creating instance of bean &apos;org.springframework.context.event.internalEventListenerProcessor&apos;
17:41:17,919 DEBUG DefaultListableBeanFactory:219 - Creating shared instance of singleton bean &apos;org.springframework.context.event.internalEventListenerFactory&apos;
17:41:17,919 DEBUG DefaultListableBeanFactory:467 - Creating instance of bean &apos;org.springframework.context.event.internalEventListenerFactory&apos;
17:41:17,919 DEBUG DefaultListableBeanFactory:573 - Eagerly caching bean &apos;org.springframework.context.event.internalEventListenerFactory&apos; to allow for resolving potential circular references
17:41:17,919 DEBUG DefaultListableBeanFactory:255 - Returning cached instance of singleton bean &apos;org.springframework.transaction.config.internalTransactionAdvisor&apos;
17:41:17,919 DEBUG DefaultListableBeanFactory:504 - Finished creating instance of bean &apos;org.springframework.context.event.internalEventListenerFactory&apos;
17:41:17,919 DEBUG DefaultListableBeanFactory:219 - Creating shared instance of singleton bean &apos;mvcContentNegotiationManager&apos;
17:41:17,919 DEBUG DefaultListableBeanFactory:467 - Creating instance of bean &apos;mvcContentNegotiationManager&apos;
17:41:17,919 DEBUG DefaultListableBeanFactory:573 - Eagerly caching bean &apos;mvcContentNegotiationManager&apos; to allow for resolving potential circular references
17:41:17,966 DEBUG DefaultListableBeanFactory:1755 - Invoking afterPropertiesSet() on bean with name &apos;mvcContentNegotiationManager&apos;
17:41:17,966 DEBUG DefaultListableBeanFactory:255 - Returning cached instance of singleton bean &apos;org.springframework.transaction.config.internalTransactionAdvisor&apos;
17:41:17,966 DEBUG DefaultListableBeanFactory:504 - Finished creating instance of bean &apos;mvcContentNegotiationManager&apos;
17:41:17,966 DEBUG DefaultListableBeanFactory:219 - Creating shared instance of singleton bean &apos;org.springframework.web.servlet.mvc.method.annotation.RequestMappingHandlerMapping&apos;
17:41:17,966 DEBUG DefaultListableBeanFactory:467 - Creating instance of bean &apos;org.springframework.web.servlet.mvc.method.annotation.RequestMappingHandlerMapping&apos;
17:41:17,997 DEBUG DefaultListableBeanFactory:573 - Eagerly caching bean &apos;org.springframework.web.servlet.mvc.method.annotation.RequestMappingHandlerMapping&apos; to allow for resolving potential circular references
17:41:18,013 DEBUG DefaultListableBeanFactory:255 - Returning cached instance of singleton bean &apos;mvcContentNegotiationManager&apos;
17:41:18,013 DEBUG DefaultListableBeanFactory:255 - Returning cached instance of singleton bean &apos;org.springframework.transaction.config.internalTransactionAdvisor&apos;
17:41:18,013 DEBUG DefaultListableBeanFactory:219 - Creating shared instance of singleton bean &apos;mvcCorsConfigurations&apos;
17:41:18,013 DEBUG DefaultListableBeanFactory:467 - Creating instance of bean &apos;mvcCorsConfigurations&apos;
17:41:18,013 DEBUG DefaultListableBeanFactory:573 - Eagerly caching bean &apos;mvcCorsConfigurations&apos; to allow for resolving potential circular references
17:41:18,029 DEBUG DefaultListableBeanFactory:255 - Returning cached instance of singleton bean &apos;org.springframework.transaction.config.internalTransactionAdvisor&apos;
17:41:18,044 DEBUG DefaultListableBeanFactory:504 - Finished creating instance of bean &apos;mvcCorsConfigurations&apos;
17:41:18,044 DEBUG DefaultListableBeanFactory:219 - Creating shared instance of singleton bean &apos;org.springframework.web.servlet.handler.MappedInterceptor#0&apos;
17:41:18,044 DEBUG DefaultListableBeanFactory:467 - Creating instance of bean &apos;org.springframework.web.servlet.handler.MappedInterceptor#0&apos;
17:41:18,044 DEBUG DefaultListableBeanFactory:467 - Creating instance of bean &apos;(inner bean)#43aaf813&apos;
17:41:18,044 DEBUG DefaultListableBeanFactory:219 - Creating shared instance of singleton bean &apos;service&apos;
17:41:18,044 DEBUG DefaultListableBeanFactory:467 - Creating instance of bean &apos;service&apos;
17:41:18,044 DEBUG DefaultListableBeanFactory:573 - Eagerly caching bean &apos;service&apos; to allow for resolving potential circular references
17:41:18,060 DEBUG DefaultListableBeanFactory:467 - Creating instance of bean &apos;com.cskaoyan.controller.Convert#4c402120&apos;
17:41:18,060 DEBUG DefaultListableBeanFactory:255 - Returning cached instance of singleton bean &apos;org.springframework.transaction.config.internalTransactionAdvisor&apos;
17:41:18,060 DEBUG DefaultListableBeanFactory:504 - Finished creating instance of bean &apos;com.cskaoyan.controller.Convert#4c402120&apos;
17:41:18,060 DEBUG DefaultListableBeanFactory:1755 - Invoking afterPropertiesSet() on bean with name &apos;service&apos;
17:41:18,200 DEBUG DefaultListableBeanFactory:255 - Returning cached instance of singleton bean &apos;org.springframework.transaction.config.internalTransactionAdvisor&apos;
17:41:18,200 DEBUG DefaultListableBeanFactory:504 - Finished creating instance of bean &apos;service&apos;
17:41:18,200 DEBUG DefaultListableBeanFactory:255 - Returning cached instance of singleton bean &apos;org.springframework.transaction.config.internalTransactionAdvisor&apos;
17:41:18,216 DEBUG DefaultListableBeanFactory:255 - Returning cached instance of singleton bean &apos;org.springframework.transaction.config.internalTransactionAdvisor&apos;
17:41:18,216 DEBUG DefaultListableBeanFactory:504 - Finished creating instance of bean &apos;(inner bean)#43aaf813&apos;
17:41:18,232 DEBUG BeanUtils:510 - No property editor [org.springframework.web.context.request.WebRequestInterceptorEditor] found for type org.springframework.web.context.request.WebRequestInterceptor according to &apos;Editor&apos; suffix convention
17:41:18,232 DEBUG DefaultListableBeanFactory:573 - Eagerly caching bean &apos;org.springframework.web.servlet.handler.MappedInterceptor#0&apos; to allow for resolving potential circular references
17:41:18,232 DEBUG DefaultListableBeanFactory:255 - Returning cached instance of singleton bean &apos;org.springframework.transaction.config.internalTransactionAdvisor&apos;
17:41:18,232 DEBUG DefaultListableBeanFactory:504 - Finished creating instance of bean &apos;org.springframework.web.servlet.handler.MappedInterceptor#0&apos;
17:41:18,232 DEBUG DefaultListableBeanFactory:219 - Creating shared instance of singleton bean &apos;org.springframework.web.servlet.handler.MappedInterceptor#1&apos;
17:41:18,232 DEBUG DefaultListableBeanFactory:467 - Creating instance of bean &apos;org.springframework.web.servlet.handler.MappedInterceptor#1&apos;
17:41:18,232 DEBUG DefaultListableBeanFactory:467 - Creating instance of bean &apos;(inner bean)#3829ac1&apos;
17:41:18,232 DEBUG DefaultListableBeanFactory:467 - Creating instance of bean &apos;(inner bean)#1bb1fde8&apos;
17:41:18,247 DEBUG DefaultListableBeanFactory:255 - Returning cached instance of singleton bean &apos;org.springframework.transaction.config.internalTransactionAdvisor&apos;
17:41:18,247 DEBUG DefaultListableBeanFactory:504 - Finished creating instance of bean &apos;(inner bean)#1bb1fde8&apos;
17:41:18,247 DEBUG DefaultListableBeanFactory:255 - Returning cached instance of singleton bean &apos;org.springframework.transaction.config.internalTransactionAdvisor&apos;
17:41:18,247 DEBUG DefaultListableBeanFactory:504 - Finished creating instance of bean &apos;(inner bean)#3829ac1&apos;
17:41:18,247 DEBUG DefaultListableBeanFactory:573 - Eagerly caching bean &apos;org.springframework.web.servlet.handler.MappedInterceptor#1&apos; to allow for resolving potential circular references
17:41:18,247 DEBUG DefaultListableBeanFactory:255 - Returning cached instance of singleton bean &apos;org.springframework.transaction.config.internalTransactionAdvisor&apos;
17:41:18,247 DEBUG DefaultListableBeanFactory:504 - Finished creating instance of bean &apos;org.springframework.web.servlet.handler.MappedInterceptor#1&apos;
17:41:18,247 DEBUG DefaultListableBeanFactory:1755 - Invoking afterPropertiesSet() on bean with name &apos;org.springframework.web.servlet.mvc.method.annotation.RequestMappingHandlerMapping&apos;
17:41:18,247 DEBUG RequestMappingHandlerMapping:199 - Looking for request mappings in application context: org.springframework.context.support.GenericApplicationContext@26a7b76d: startup date [Mon Dec 10 17:41:14 CST 2018]; root of context hierarchy
17:41:18,278 DEBUG RequestMappingHandlerMapping:246 - 14 request handler methods found on class com.cskaoyan.controller.designSchedule.CustomController: {public java.lang.String com.cskaoyan.controller.designSchedule.CustomController.add()={[/custom/add]}, public java.lang.String com.cskaoyan.controller.designSchedule.CustomController.find(javax.servlet.http.HttpSession)={[/custom/find]}, public java.util.Map com.cskaoyan.controller.designSchedule.CustomController.delete(java.lang.String[])={[/custom/delete_batch]}, public java.util.Map com.cskaoyan.controller.designSchedule.CustomController.list(java.lang.String,java.lang.String)={[/custom/list]}, public java.util.Map com.cskaoyan.controller.designSchedule.CustomController.insert(com.cskaoyan.domain.designScheduleDomain.Custom)={[/custom/insert]}, public java.util.List com.cskaoyan.controller.designSchedule.CustomController.getData()={[/custom/get_data]}, public java.lang.String com.cskaoyan.controller.designSchedule.CustomController.edit()={[/custom/edit]}, public java.util.Map com.cskaoyan.controller.designSchedule.CustomController.search_custom_by_customName(java.lang.String,java.lang.String,java.lang.String)={[/custom/search_custom_by_customName]}, public java.util.Map com.cskaoyan.controller.designSchedule.CustomController.search_custom_by_customId(java.lang.String,java.lang.String,java.lang.String)={[/custom/search_custom_by_customId]}, public java.lang.String com.cskaoyan.controller.designSchedule.CustomController.addJudge()={[/custom/add_judge]}, public java.util.Map com.cskaoyan.controller.designSchedule.CustomController.updateAll(com.cskaoyan.domain.designScheduleDomain.Custom)={[/custom/update_all]}, public java.lang.String com.cskaoyan.controller.designSchedule.CustomController.editJudge()={[/custom/edit_judge]}, public java.lang.String com.cskaoyan.controller.designSchedule.CustomController.deleteJudge()={[/custom/delete_judge]}, public com.cskaoyan.domain.designScheduleDomain.Custom com.cskaoyan.controller.designSchedule.CustomController.getCustomById(java.lang.String)={[/custom/get/{customId}]}}
17:41:18,278  INFO RequestMappingHandlerMapping:548 - Mapped &quot;{[/custom/add]}&quot; onto public java.lang.String com.cskaoyan.controller.designSchedule.CustomController.add()
17:41:18,278  INFO RequestMappingHandlerMapping:548 - Mapped &quot;{[/custom/find]}&quot; onto public java.lang.String com.cskaoyan.controller.designSchedule.CustomController.find(javax.servlet.http.HttpSession)
17:41:18,278  INFO RequestMappingHandlerMapping:548 - Mapped &quot;{[/custom/delete_batch]}&quot; onto public java.util.Map com.cskaoyan.controller.designSchedule.CustomController.delete(java.lang.String[])
17:41:18,278  INFO RequestMappingHandlerMapping:548 - Mapped &quot;{[/custom/list]}&quot; onto public java.util.Map com.cskaoyan.controller.designSchedule.CustomController.list(java.lang.String,java.lang.String)
17:41:18,278  INFO RequestMappingHandlerMapping:548 - Mapped &quot;{[/custom/insert]}&quot; onto public java.util.Map com.cskaoyan.controller.designSchedule.CustomController.insert(com.cskaoyan.domain.designScheduleDomain.Custom)
17:41:18,294  INFO RequestMappingHandlerMapping:548 - Mapped &quot;{[/custom/get_data]}&quot; onto public java.util.List&lt;com.cskaoyan.domain.designScheduleDomain.Custom&gt; com.cskaoyan.controller.designSchedule.CustomController.getData()
17:41:18,294  INFO RequestMappingHandlerMapping:548 - Mapped &quot;{[/custom/edit]}&quot; onto public java.lang.String com.cskaoyan.controller.designSchedule.CustomController.edit()
17:41:18,294  INFO RequestMappingHandlerMapping:548 - Mapped &quot;{[/custom/search_custom_by_customName]}&quot; onto public java.util.Map com.cskaoyan.controller.designSchedule.CustomController.search_custom_by_customName(java.lang.String,java.lang.String,java.lang.String)
17:41:18,294  INFO RequestMappingHandlerMapping:548 - Mapped &quot;{[/custom/search_custom_by_customId]}&quot; onto public java.util.Map com.cskaoyan.controller.designSchedule.CustomController.search_custom_by_customId(java.lang.String,java.lang.String,java.lang.String)
17:41:18,294  INFO RequestMappingHandlerMapping:548 - Mapped &quot;{[/custom/add_judge]}&quot; onto public java.lang.String com.cskaoyan.controller.designSchedule.CustomController.addJudge()
17:41:18,294  INFO RequestMappingHandlerMapping:548 - Mapped &quot;{[/custom/update_all]}&quot; onto public java.util.Map com.cskaoyan.controller.designSchedule.CustomController.updateAll(com.cskaoyan.domain.designScheduleDomain.Custom)
17:41:18,294  INFO RequestMappingHandlerMapping:548 - Mapped &quot;{[/custom/edit_judge]}&quot; onto public java.lang.String com.cskaoyan.controller.designSchedule.CustomController.editJudge()
17:41:18,294  INFO RequestMappingHandlerMapping:548 - Mapped &quot;{[/custom/delete_judge]}&quot; onto public java.lang.String com.cskaoyan.controller.designSchedule.CustomController.deleteJudge()
17:41:18,294  INFO RequestMappingHandlerMapping:548 - Mapped &quot;{[/custom/get/{customId}]}&quot; onto public com.cskaoyan.domain.designScheduleDomain.Custom com.cskaoyan.controller.designSchedule.CustomController.getCustomById(java.lang.String)
17:41:18,310 DEBUG RequestMappingHandlerMapping:246 - 15 request handler methods found on class com.cskaoyan.controller.designSchedule.ManufactureController: {public java.lang.String com.cskaoyan.controller.designSchedule.ManufactureController.add()={[/manufacture/add]}, public java.lang.String com.cskaoyan.controller.designSchedule.ManufactureController.find(javax.servlet.http.HttpSession)={[/manufacture/find]}, public java.util.Map com.cskaoyan.controller.designSchedule.ManufactureController.delete(java.lang.String[])={[/manufacture/delete_batch]}, public java.util.Map com.cskaoyan.controller.designSchedule.ManufactureController.list(java.lang.String,java.lang.String)={[/manufacture/list]}, public java.util.Map com.cskaoyan.controller.designSchedule.ManufactureController.insert(com.cskaoyan.domain.designScheduleDomain.Manufacture)={[/manufacture/insert]}, public java.util.List com.cskaoyan.controller.designSchedule.ManufactureController.getData()={[/manufacture/get_data]}, public java.lang.String com.cskaoyan.controller.designSchedule.ManufactureController.edit()={[/manufacture/edit]}, public java.lang.String com.cskaoyan.controller.designSchedule.ManufactureController.addJudge()={[/manufacture/add_judge]}, public java.util.Map com.cskaoyan.controller.designSchedule.ManufactureController.updateAll(com.cskaoyan.domain.designScheduleDomain.Manufacture)={[/manufacture/update_all]}, public java.lang.String com.cskaoyan.controller.designSchedule.ManufactureController.editJudge()={[/manufacture/edit_judge]}, public java.lang.String com.cskaoyan.controller.designSchedule.ManufactureController.deleteJudge()={[/manufacture/delete_judge]}, public com.cskaoyan.domain.designScheduleDomain.Manufacture com.cskaoyan.controller.designSchedule.ManufactureController.getCustomById(java.lang.String)={[/manufacture/get/{ManufactureId}]}, public java.util.Map com.cskaoyan.controller.designSchedule.ManufactureController.search_manufacture_by_manufactureSn(java.lang.String,java.lang.String,java.lang.String)={[/manufacture/search_manufacture_by_manufactureSn]}, public java.util.Map com.cskaoyan.controller.designSchedule.ManufactureController.search_manufacture_by_manufactureOrderId(java.lang.String,java.lang.String,java.lang.String)={[/manufacture/search_manufacture_by_manufactureOrderId]}, public java.util.Map com.cskaoyan.controller.designSchedule.ManufactureController.searchmManufactureByManufactureOrderId(java.lang.String,java.lang.String,java.lang.String)={[/manufacture/search_manufacture_by_manufactureTechnologyName]}}
17:41:18,310  INFO RequestMappingHandlerMapping:548 - Mapped &quot;{[/manufacture/add]}&quot; onto public java.lang.String com.cskaoyan.controller.designSchedule.ManufactureController.add()
17:41:18,310  INFO RequestMappingHandlerMapping:548 - Mapped &quot;{[/manufacture/find]}&quot; onto public java.lang.String com.cskaoyan.controller.designSchedule.ManufactureController.find(javax.servlet.http.HttpSession)
17:41:18,310  INFO RequestMappingHandlerMapping:548 - Mapped &quot;{[/manufacture/delete_batch]}&quot; onto public java.util.Map com.cskaoyan.controller.designSchedule.ManufactureController.delete(java.lang.String[])
17:41:18,310  INFO RequestMappingHandlerMapping:548 - Mapped &quot;{[/manufacture/list]}&quot; onto public java.util.Map com.cskaoyan.controller.designSchedule.ManufactureController.list(java.lang.String,java.lang.String)
17:41:18,310  INFO RequestMappingHandlerMapping:548 - Mapped &quot;{[/manufacture/insert]}&quot; onto public java.util.Map com.cskaoyan.controller.designSchedule.ManufactureController.insert(com.cskaoyan.domain.designScheduleDomain.Manufacture)
17:41:18,325  INFO RequestMappingHandlerMapping:548 - Mapped &quot;{[/manufacture/get_data]}&quot; onto public java.util.List&lt;com.cskaoyan.domain.designScheduleDomain.Manufacture&gt; com.cskaoyan.controller.designSchedule.ManufactureController.getData()
17:41:18,325  INFO RequestMappingHandlerMapping:548 - Mapped &quot;{[/manufacture/edit]}&quot; onto public java.lang.String com.cskaoyan.controller.designSchedule.ManufactureController.edit()
17:41:18,325  INFO RequestMappingHandlerMapping:548 - Mapped &quot;{[/manufacture/add_judge]}&quot; onto public java.lang.String com.cskaoyan.controller.designSchedule.ManufactureController.addJudge()
17:41:18,325  INFO RequestMappingHandlerMapping:548 - Mapped &quot;{[/manufacture/update_all]}&quot; onto public java.util.Map com.cskaoyan.controller.designSchedule.ManufactureController.updateAll(com.cskaoyan.domain.designScheduleDomain.Manufacture)
17:41:18,325  INFO RequestMappingHandlerMapping:548 - Mapped &quot;{[/manufacture/edit_judge]}&quot; onto public java.lang.String com.cskaoyan.controller.designSchedule.ManufactureController.editJudge()
17:41:18,325  INFO RequestMappingHandlerMapping:548 - Mapped &quot;{[/manufacture/delete_judge]}&quot; onto public java.lang.String com.cskaoyan.controller.designSchedule.ManufactureController.deleteJudge()
17:41:18,325  INFO RequestMappingHandlerMapping:548 - Mapped &quot;{[/manufacture/get/{ManufactureId}]}&quot; onto public com.cskaoyan.domain.designScheduleDomain.Manufacture com.cskaoyan.controller.designSchedule.ManufactureController.getCustomById(java.lang.String)
17:41:18,325  INFO RequestMappingHandlerMapping:548 - Mapped &quot;{[/manufacture/search_manufacture_by_manufactureSn]}&quot; onto public java.util.Map com.cskaoyan.controller.designSchedule.ManufactureController.search_manufacture_by_manufactureSn(java.lang.String,java.lang.String,java.lang.String)
17:41:18,325  INFO RequestMappingHandlerMapping:548 - Mapped &quot;{[/manufacture/search_manufacture_by_manufactureOrderId]}&quot; onto public java.util.Map com.cskaoyan.controller.designSchedule.ManufactureController.search_manufacture_by_manufactureOrderId(java.lang.String,java.lang.String,java.lang.String)
17:41:18,325  INFO RequestMappingHandlerMapping:548 - Mapped &quot;{[/manufacture/search_manufacture_by_manufactureTechnologyName]}&quot; onto public java.util.Map com.cskaoyan.controller.designSchedule.ManufactureController.searchmManufactureByManufactureOrderId(java.lang.String,java.lang.String,java.lang.String)
17:41:18,325 DEBUG RequestMappingHandlerMapping:246 - 15 request handler methods found on class com.cskaoyan.controller.designSchedule.OrderController: {public java.lang.String com.cskaoyan.controller.designSchedule.OrderController.add()={[/order/add]}, public java.lang.String com.cskaoyan.controller.designSchedule.OrderController.find(javax.servlet.http.HttpSession)={[/order/find]}, public java.util.Map com.cskaoyan.controller.designSchedule.OrderController.delete(java.lang.String[])={[/order/delete_batch]}, public java.util.Map com.cskaoyan.controller.designSchedule.OrderController.list(java.lang.String,java.lang.String)={[/order/list]}, public java.util.Map com.cskaoyan.controller.designSchedule.OrderController.insert(com.cskaoyan.domain.designScheduleDomain.Order)={[/order/insert]}, public java.util.List com.cskaoyan.controller.designSchedule.OrderController.getData()={[/order/get_data]}, public java.lang.String com.cskaoyan.controller.designSchedule.OrderController.edit()={[/order/edit]}, public java.lang.String com.cskaoyan.controller.designSchedule.OrderController.addJudge()={[/order/add_judge]}, public java.util.Map com.cskaoyan.controller.designSchedule.OrderController.updateAll(com.cskaoyan.domain.designScheduleDomain.Order)={[/order/update_all]}, public java.lang.String com.cskaoyan.controller.designSchedule.OrderController.editJudge()={[/order/edit_judge]}, public java.lang.String com.cskaoyan.controller.designSchedule.OrderController.deleteJudge()={[/order/delete_judge]}, public com.cskaoyan.domain.designScheduleDomain.Order com.cskaoyan.controller.designSchedule.OrderController.getCustomById(java.lang.String)={[/order/get/{orderId}]}, public java.util.Map com.cskaoyan.controller.designSchedule.OrderController.search_Order_by_OrderProduct(java.lang.String,java.lang.String,java.lang.String)={[/order/search_order_by_orderProduct]}, public java.util.Map com.cskaoyan.controller.designSchedule.OrderController.search_Order_by_CustomName(java.lang.String,java.lang.String,java.lang.String)={[/order/search_order_by_orderCustom]}, public java.util.Map com.cskaoyan.controller.designSchedule.OrderController.search_Order_by_OrderId(java.lang.String,java.lang.String,java.lang.String)={[/order/search_order_by_orderId]}}
17:41:18,325  INFO RequestMappingHandlerMapping:548 - Mapped &quot;{[/order/add]}&quot; onto public java.lang.String com.cskaoyan.controller.designSchedule.OrderController.add()
17:41:18,325  INFO RequestMappingHandlerMapping:548 - Mapped &quot;{[/order/find]}&quot; onto public java.lang.String com.cskaoyan.controller.designSchedule.OrderController.find(javax.servlet.http.HttpSession)
17:41:18,325  INFO RequestMappingHandlerMapping:548 - Mapped &quot;{[/order/delete_batch]}&quot; onto public java.util.Map com.cskaoyan.controller.designSchedule.OrderController.delete(java.lang.String[])
17:41:18,325  INFO RequestMappingHandlerMapping:548 - Mapped &quot;{[/order/list]}&quot; onto public java.util.Map com.cskaoyan.controller.designSchedule.OrderController.list(java.lang.String,java.lang.String)
17:41:18,325  INFO RequestMappingHandlerMapping:548 - Mapped &quot;{[/order/insert]}&quot; onto public java.util.Map com.cskaoyan.controller.designSchedule.OrderController.insert(com.cskaoyan.domain.designScheduleDomain.Order)
17:41:18,341  INFO RequestMappingHandlerMapping:548 - Mapped &quot;{[/order/get_data]}&quot; onto public java.util.List&lt;com.cskaoyan.domain.designScheduleDomain.Order&gt; com.cskaoyan.controller.designSchedule.OrderController.getData()
17:41:18,341  INFO RequestMappingHandlerMapping:548 - Mapped &quot;{[/order/edit]}&quot; onto public java.lang.String com.cskaoyan.controller.designSchedule.OrderController.edit()
17:41:18,341  INFO RequestMappingHandlerMapping:548 - Mapped &quot;{[/order/add_judge]}&quot; onto public java.lang.String com.cskaoyan.controller.designSchedule.OrderController.addJudge()
17:41:18,341  INFO RequestMappingHandlerMapping:548 - Mapped &quot;{[/order/update_all]}&quot; onto public java.util.Map com.cskaoyan.controller.designSchedule.OrderController.updateAll(com.cskaoyan.domain.designScheduleDomain.Order)
17:41:18,341  INFO RequestMappingHandlerMapping:548 - Mapped &quot;{[/order/edit_judge]}&quot; onto public java.lang.String com.cskaoyan.controller.designSchedule.OrderController.editJudge()
17:41:18,341  INFO RequestMappingHandlerMapping:548 - Mapped &quot;{[/order/delete_judge]}&quot; onto public java.lang.String com.cskaoyan.controller.designSchedule.OrderController.deleteJudge()
17:41:18,341  INFO RequestMappingHandlerMapping:548 - Mapped &quot;{[/order/get/{orderId}]}&quot; onto public com.cskaoyan.domain.designScheduleDomain.Order com.cskaoyan.controller.designSchedule.OrderController.getCustomById(java.lang.String)
17:41:18,341  INFO RequestMappingHandlerMapping:548 - Mapped &quot;{[/order/search_order_by_orderProduct]}&quot; onto public java.util.Map com.cskaoyan.controller.designSchedule.OrderController.search_Order_by_OrderProduct(java.lang.String,java.lang.String,java.lang.String)
17:41:18,341  INFO RequestMappingHandlerMapping:548 - Mapped &quot;{[/order/search_order_by_orderCustom]}&quot; onto public java.util.Map com.cskaoyan.controller.designSchedule.OrderController.search_Order_by_CustomName(java.lang.String,java.lang.String,java.lang.String)
17:41:18,341  INFO RequestMappingHandlerMapping:548 - Mapped &quot;{[/order/search_order_by_orderId]}&quot; onto public java.util.Map com.cskaoyan.controller.designSchedule.OrderController.search_Order_by_OrderId(java.lang.String,java.lang.String,java.lang.String)
17:41:18,357 DEBUG RequestMappingHandlerMapping:246 - 15 request handler methods found on class com.cskaoyan.controller.designSchedule.ProductController: {public java.lang.String com.cskaoyan.controller.designSchedule.ProductController.add()={[/product/add]}, public java.lang.String com.cskaoyan.controller.designSchedule.ProductController.find(javax.servlet.http.HttpSession)={[/product/find]}, public java.util.Map com.cskaoyan.controller.designSchedule.ProductController.delete(java.lang.String[])={[/product/delete_batch]}, public java.util.Map com.cskaoyan.controller.designSchedule.ProductController.list(java.lang.String,java.lang.String)={[/product/list]}, public java.util.Map com.cskaoyan.controller.designSchedule.ProductController.insert(com.cskaoyan.domain.designScheduleDomain.Product,org.springframework.validation.BindingResult)={[/product/insert]}, public java.util.List com.cskaoyan.controller.designSchedule.ProductController.getData()={[/product/get_data]}, public java.lang.String com.cskaoyan.controller.designSchedule.ProductController.edit()={[/product/edit]}, public java.lang.String com.cskaoyan.controller.designSchedule.ProductController.addJudge()={[/product/add_judge]}, public java.util.Map com.cskaoyan.controller.designSchedule.ProductController.updateAll(com.cskaoyan.domain.designScheduleDomain.Product)={[/product/update_all]}, public java.lang.String com.cskaoyan.controller.designSchedule.ProductController.editJudge()={[/product/edit_judge]}, public java.lang.String com.cskaoyan.controller.designSchedule.ProductController.deleteJudge()={[/product/delete_judge]}, public com.cskaoyan.domain.designScheduleDomain.Product com.cskaoyan.controller.designSchedule.ProductController.getCustomById(java.lang.String)={[/product/get/{productId}]}, public java.util.Map com.cskaoyan.controller.designSchedule.ProductController.search_product_by_productId(java.lang.String,java.lang.String,java.lang.String)={[/product/search_product_by_productId]}, public java.util.Map com.cskaoyan.controller.designSchedule.ProductController.search_product_by_productName(java.lang.String,java.lang.String,java.lang.String)={[/product/search_product_by_productName]}, public java.util.Map com.cskaoyan.controller.designSchedule.ProductController.search_product_by_productType(java.lang.String,java.lang.String,java.lang.String)={[/product/search_product_by_productType]}}
17:41:18,357  INFO RequestMappingHandlerMapping:548 - Mapped &quot;{[/product/add]}&quot; onto public java.lang.String com.cskaoyan.controller.designSchedule.ProductController.add()
17:41:18,357  INFO RequestMappingHandlerMapping:548 - Mapped &quot;{[/product/find]}&quot; onto public java.lang.String com.cskaoyan.controller.designSchedule.ProductController.find(javax.servlet.http.HttpSession)
17:41:18,357  INFO RequestMappingHandlerMapping:548 - Mapped &quot;{[/product/delete_batch]}&quot; onto public java.util.Map com.cskaoyan.controller.designSchedule.ProductController.delete(java.lang.String[])
17:41:18,357  INFO RequestMappingHandlerMapping:548 - Mapped &quot;{[/product/list]}&quot; onto public java.util.Map com.cskaoyan.controller.designSchedule.ProductController.list(java.lang.String,java.lang.String)
17:41:18,357  INFO RequestMappingHandlerMapping:548 - Mapped &quot;{[/product/insert]}&quot; onto public java.util.Map com.cskaoyan.controller.designSchedule.ProductController.insert(com.cskaoyan.domain.designScheduleDomain.Product,org.springframework.validation.BindingResult)
17:41:18,357  INFO RequestMappingHandlerMapping:548 - Mapped &quot;{[/product/get_data]}&quot; onto public java.util.List&lt;com.cskaoyan.domain.designScheduleDomain.Product&gt; com.cskaoyan.controller.designSchedule.ProductController.getData()
17:41:18,357  INFO RequestMappingHandlerMapping:548 - Mapped &quot;{[/product/edit]}&quot; onto public java.lang.String com.cskaoyan.controller.designSchedule.ProductController.edit()
17:41:18,357  INFO RequestMappingHandlerMapping:548 - Mapped &quot;{[/product/add_judge]}&quot; onto public java.lang.String com.cskaoyan.controller.designSchedule.ProductController.addJudge()
17:41:18,357  INFO RequestMappingHandlerMapping:548 - Mapped &quot;{[/product/update_all]}&quot; onto public java.util.Map com.cskaoyan.controller.designSchedule.ProductController.updateAll(com.cskaoyan.domain.designScheduleDomain.Product)
17:41:18,357  INFO RequestMappingHandlerMapping:548 - Mapped &quot;{[/product/edit_judge]}&quot; onto public java.lang.String com.cskaoyan.controller.designSchedule.ProductController.editJudge()
17:41:18,357  INFO RequestMappingHandlerMapping:548 - Mapped &quot;{[/product/delete_judge]}&quot; onto public java.lang.String com.cskaoyan.controller.designSchedule.ProductController.deleteJudge()
17:41:18,357  INFO RequestMappingHandlerMapping:548 - Mapped &quot;{[/product/get/{productId}]}&quot; onto public com.cskaoyan.domain.designScheduleDomain.Product com.cskaoyan.controller.designSchedule.ProductController.getCustomById(java.lang.String)
17:41:18,357  INFO RequestMappingHandlerMapping:548 - Mapped &quot;{[/product/search_product_by_productId]}&quot; onto public java.util.Map com.cskaoyan.controller.designSchedule.ProductController.search_product_by_productId(java.lang.String,java.lang.String,java.lang.String)
17:41:18,357  INFO RequestMappingHandlerMapping:548 - Mapped &quot;{[/product/search_product_by_productName]}&quot; onto public java.util.Map com.cskaoyan.controller.designSchedule.ProductController.search_product_by_productName(java.lang.String,java.lang.String,java.lang.String)
17:41:18,357  INFO RequestMappingHandlerMapping:548 - Mapped &quot;{[/product/search_product_by_productType]}&quot; onto public java.util.Map com.cskaoyan.controller.designSchedule.ProductController.search_product_by_productType(java.lang.String,java.lang.String,java.lang.String)
17:41:18,372 DEBUG RequestMappingHandlerMapping:246 - 14 request handler methods found on class com.cskaoyan.controller.designSchedule.TaskController: {public java.lang.String com.cskaoyan.controller.designSchedule.TaskController.add()={[/task/add]}, public java.lang.String com.cskaoyan.controller.designSchedule.TaskController.find(javax.servlet.http.HttpSession)={[/task/find]}, public java.util.Map com.cskaoyan.controller.designSchedule.TaskController.delete(java.lang.String[])={[/task/delete_batch]}, public java.util.Map com.cskaoyan.controller.designSchedule.TaskController.list(java.lang.String,java.lang.String)={[/task/list]}, public java.util.Map com.cskaoyan.controller.designSchedule.TaskController.insert(com.cskaoyan.domain.designScheduleDomain.Task)={[/task/insert]}, public java.lang.String com.cskaoyan.controller.designSchedule.TaskController.edit()={[/task/edit]}, public java.lang.String com.cskaoyan.controller.designSchedule.TaskController.addJudge()={[/task/add_judge]}, public java.util.Map com.cskaoyan.controller.designSchedule.TaskController.updateAll(com.cskaoyan.domain.designScheduleDomain.Task)={[/task/update_all]}, public java.lang.String com.cskaoyan.controller.designSchedule.TaskController.editJudge()={[/task/edit_judge]}, public java.lang.String com.cskaoyan.controller.designSchedule.TaskController.deleteJudge()={[/task/delete_judge]}, public com.cskaoyan.domain.designScheduleDomain.Task com.cskaoyan.controller.designSchedule.TaskController.getCustomById(java.lang.String)={[/task/get/{taskId}]}, public java.util.Map com.cskaoyan.controller.designSchedule.TaskController.searchTaskByTaskId(java.lang.String,java.lang.String,java.lang.String)={[/task/search_task_by_taskId]}, public java.util.Map com.cskaoyan.controller.designSchedule.TaskController.searchTaskByTaskWorkId(java.lang.String,java.lang.String,java.lang.String)={[/task/search_task_by_taskWorkId]}, public java.util.Map com.cskaoyan.controller.designSchedule.TaskController.searchTaskByTaskManufactureSn(java.lang.String,java.lang.String,java.lang.String)={[/task/search_task_by_taskManufactureSn]}}
17:41:18,372  INFO RequestMappingHandlerMapping:548 - Mapped &quot;{[/task/add]}&quot; onto public java.lang.String com.cskaoyan.controller.designSchedule.TaskController.add()
17:41:18,372  INFO RequestMappingHandlerMapping:548 - Mapped &quot;{[/task/find]}&quot; onto public java.lang.String com.cskaoyan.controller.designSchedule.TaskController.find(javax.servlet.http.HttpSession)
17:41:18,372  INFO RequestMappingHandlerMapping:548 - Mapped &quot;{[/task/delete_batch]}&quot; onto public java.util.Map com.cskaoyan.controller.designSchedule.TaskController.delete(java.lang.String[])
17:41:18,388  INFO RequestMappingHandlerMapping:548 - Mapped &quot;{[/task/list]}&quot; onto public java.util.Map com.cskaoyan.controller.designSchedule.TaskController.list(java.lang.String,java.lang.String)
17:41:18,388  INFO RequestMappingHandlerMapping:548 - Mapped &quot;{[/task/insert]}&quot; onto public java.util.Map com.cskaoyan.controller.designSchedule.TaskController.insert(com.cskaoyan.domain.designScheduleDomain.Task)
17:41:18,388  INFO RequestMappingHandlerMapping:548 - Mapped &quot;{[/task/edit]}&quot; onto public java.lang.String com.cskaoyan.controller.designSchedule.TaskController.edit()
17:41:18,388  INFO RequestMappingHandlerMapping:548 - Mapped &quot;{[/task/add_judge]}&quot; onto public java.lang.String com.cskaoyan.controller.designSchedule.TaskController.addJudge()
17:41:18,388  INFO RequestMappingHandlerMapping:548 - Mapped &quot;{[/task/update_all]}&quot; onto public java.util.Map com.cskaoyan.controller.designSchedule.TaskController.updateAll(com.cskaoyan.domain.designScheduleDomain.Task)
17:41:18,388  INFO RequestMappingHandlerMapping:548 - Mapped &quot;{[/task/edit_judge]}&quot; onto public java.lang.String com.cskaoyan.controller.designSchedule.TaskController.editJudge()
17:41:18,388  INFO RequestMappingHandlerMapping:548 - Mapped &quot;{[/task/delete_judge]}&quot; onto public java.lang.String com.cskaoyan.controller.designSchedule.TaskController.deleteJudge()
17:41:18,388  INFO RequestMappingHandlerMapping:548 - Mapped &quot;{[/task/get/{taskId}]}&quot; onto public com.cskaoyan.domain.designScheduleDomain.Task com.cskaoyan.controller.designSchedule.TaskController.getCustomById(java.lang.String)
17:41:18,388  INFO RequestMappingHandlerMapping:548 - Mapped &quot;{[/task/search_task_by_taskId]}&quot; onto public java.util.Map com.cskaoyan.controller.designSchedule.TaskController.searchTaskByTaskId(java.lang.String,java.lang.String,java.lang.String)
17:41:18,388  INFO RequestMappingHandlerMapping:548 - Mapped &quot;{[/task/search_task_by_taskWorkId]}&quot; onto public java.util.Map com.cskaoyan.controller.designSchedule.TaskController.searchTaskByTaskWorkId(java.lang.String,java.lang.String,java.lang.String)
17:41:18,388  INFO RequestMappingHandlerMapping:548 - Mapped &quot;{[/task/search_task_by_taskManufactureSn]}&quot; onto public java.util.Map com.cskaoyan.controller.designSchedule.TaskController.searchTaskByTaskManufactureSn(java.lang.String,java.lang.String,java.lang.String)
17:41:18,388 DEBUG RequestMappingHandlerMapping:246 - 16 request handler methods found on class com.cskaoyan.controller.designSchedule.WorkController: {public java.lang.String com.cskaoyan.controller.designSchedule.WorkController.add()={[/work/add]}, public java.lang.String com.cskaoyan.controller.designSchedule.WorkController.find(javax.servlet.http.HttpSession)={[/work/find]}, public java.util.Map com.cskaoyan.controller.designSchedule.WorkController.delete(java.lang.String[])={[/work/delete_batch]}, public java.util.Map com.cskaoyan.controller.designSchedule.WorkController.list(java.lang.String,java.lang.String)={[/work/list]}, public java.util.Map com.cskaoyan.controller.designSchedule.WorkController.insert(com.cskaoyan.domain.designScheduleDomain.Work)={[/work/insert]}, public java.util.List com.cskaoyan.controller.designSchedule.WorkController.getData()={[/work/get_data]}, public java.lang.String com.cskaoyan.controller.designSchedule.WorkController.edit()={[/work/edit]}, public java.lang.String com.cskaoyan.controller.designSchedule.WorkController.addJudge()={[/work/add_judge]}, public java.util.Map com.cskaoyan.controller.designSchedule.WorkController.updateAll(com.cskaoyan.domain.designScheduleDomain.Work)={[/work/update_all ]}, public java.lang.String com.cskaoyan.controller.designSchedule.WorkController.editJudge()={[/work/edit_judge]}, public java.lang.String com.cskaoyan.controller.designSchedule.WorkController.deleteJudge()={[/work/delete_judge]}, public com.cskaoyan.domain.designScheduleDomain.Work com.cskaoyan.controller.designSchedule.WorkController.getCustomById(java.lang.String)={[/work/get/{workId}]}, public java.util.Map com.cskaoyan.controller.designSchedule.WorkController.search_work_by_workProcess(java.lang.String,java.lang.String,java.lang.String)={[/work/search_work_by_workProcess]}, public java.util.Map com.cskaoyan.controller.designSchedule.WorkController.search_work_by_workProduct(java.lang.String,java.lang.String,java.lang.String)={[/work/search_work_by_workProduct]}, public java.util.Map com.cskaoyan.controller.designSchedule.WorkController.search_work_by_workId(java.lang.String,java.lang.String,java.lang.String)={[/work/search_work_by_workId]}, public java.util.Map com.cskaoyan.controller.designSchedule.WorkController.search_work_by_workDevice(java.lang.String,java.lang.String,java.lang.String)={[/work/search_work_by_workDevice]}}
17:41:18,388  INFO RequestMappingHandlerMapping:548 - Mapped &quot;{[/work/add]}&quot; onto public java.lang.String com.cskaoyan.controller.designSchedule.WorkController.add()
17:41:18,388  INFO RequestMappingHandlerMapping:548 - Mapped &quot;{[/work/find]}&quot; onto public java.lang.String com.cskaoyan.controller.designSchedule.WorkController.find(javax.servlet.http.HttpSession)
17:41:18,403  INFO RequestMappingHandlerMapping:548 - Mapped &quot;{[/work/delete_batch]}&quot; onto public java.util.Map com.cskaoyan.controller.designSchedule.WorkController.delete(java.lang.String[])
17:41:18,403  INFO RequestMappingHandlerMapping:548 - Mapped &quot;{[/work/list]}&quot; onto public java.util.Map com.cskaoyan.controller.designSchedule.WorkController.list(java.lang.String,java.lang.String)
17:41:18,403  INFO RequestMappingHandlerMapping:548 - Mapped &quot;{[/work/insert]}&quot; onto public java.util.Map com.cskaoyan.controller.designSchedule.WorkController.insert(com.cskaoyan.domain.designScheduleDomain.Work)
17:41:18,403  INFO RequestMappingHandlerMapping:548 - Mapped &quot;{[/work/get_data]}&quot; onto public java.util.List&lt;com.cskaoyan.domain.designScheduleDomain.Work&gt; com.cskaoyan.controller.designSchedule.WorkController.getData()
17:41:18,403  INFO RequestMappingHandlerMapping:548 - Mapped &quot;{[/work/edit]}&quot; onto public java.lang.String com.cskaoyan.controller.designSchedule.WorkController.edit()
17:41:18,403  INFO RequestMappingHandlerMapping:548 - Mapped &quot;{[/work/add_judge]}&quot; onto public java.lang.String com.cskaoyan.controller.designSchedule.WorkController.addJudge()
17:41:18,403  INFO RequestMappingHandlerMapping:548 - Mapped &quot;{[/work/update_all ]}&quot; onto public java.util.Map com.cskaoyan.controller.designSchedule.WorkController.updateAll(com.cskaoyan.domain.designScheduleDomain.Work)
17:41:18,403  INFO RequestMappingHandlerMapping:548 - Mapped &quot;{[/work/edit_judge]}&quot; onto public java.lang.String com.cskaoyan.controller.designSchedule.WorkController.editJudge()
17:41:18,403  INFO RequestMappingHandlerMapping:548 - Mapped &quot;{[/work/delete_judge]}&quot; onto public java.lang.String com.cskaoyan.controller.designSchedule.WorkController.deleteJudge()
17:41:18,403  INFO RequestMappingHandlerMapping:548 - Mapped &quot;{[/work/get/{workId}]}&quot; onto public com.cskaoyan.domain.designScheduleDomain.Work com.cskaoyan.controller.designSchedule.WorkController.getCustomById(java.lang.String)
17:41:18,403  INFO RequestMappingHandlerMapping:548 - Mapped &quot;{[/work/search_work_by_workProcess]}&quot; onto public java.util.Map com.cskaoyan.controller.designSchedule.WorkController.search_work_by_workProcess(java.lang.String,java.lang.String,java.lang.String)
17:41:18,403  INFO RequestMappingHandlerMapping:548 - Mapped &quot;{[/work/search_work_by_workProduct]}&quot; onto public java.util.Map com.cskaoyan.controller.designSchedule.WorkController.search_work_by_workProduct(java.lang.String,java.lang.String,java.lang.String)
17:41:18,403  INFO RequestMappingHandlerMapping:548 - Mapped &quot;{[/work/search_work_by_workId]}&quot; onto public java.util.Map com.cskaoyan.controller.designSchedule.WorkController.search_work_by_workId(java.lang.String,java.lang.String,java.lang.String)
17:41:18,403  INFO RequestMappingHandlerMapping:548 - Mapped &quot;{[/work/search_work_by_workDevice]}&quot; onto public java.util.Map com.cskaoyan.controller.designSchedule.WorkController.search_work_by_workDevice(java.lang.String,java.lang.String,java.lang.String)
17:41:18,419 DEBUG RequestMappingHandlerMapping:246 - 6 request handler methods found on class com.cskaoyan.controller.deviceManagement.DeviceCheckController: {public com.cskaoyan.domain.deviceManagement.vo.ChangeResult com.cskaoyan.controller.deviceManagement.DeviceCheckController.update(com.cskaoyan.domain.deviceManagement.Device_check,java.lang.String)={[/deviceCheck/update]}, public com.cskaoyan.domain.deviceManagement.vo.ChangeResult com.cskaoyan.controller.deviceManagement.DeviceCheckController.insert(com.cskaoyan.domain.deviceManagement.Device_check,java.lang.String)={[/deviceCheck/insert]}, public java.util.HashMap com.cskaoyan.controller.deviceManagement.DeviceCheckController.searchDeviceByDeviceCheckId(java.lang.String,java.lang.String,java.lang.String)={[/deviceCheck/search_deviceCheck_by_deviceCheckId]}, public com.cskaoyan.domain.deviceManagement.vo.ChangeResult com.cskaoyan.controller.deviceManagement.DeviceCheckController.updateCheckResult(java.lang.String,java.lang.String)={[/deviceCheck/update_note]}, public java.util.HashMap com.cskaoyan.controller.deviceManagement.DeviceCheckController.searchDeviceByDeviceName(java.lang.String,java.lang.String,java.lang.String)={[/deviceCheck/search_deviceCheck_by_deviceName]}, public com.cskaoyan.domain.deviceManagement.vo.ChangeResult com.cskaoyan.controller.deviceManagement.DeviceCheckController.deleteBatch(java.util.List)={[/deviceCheck/delete_batch]}}
17:41:18,419  INFO RequestMappingHandlerMapping:548 - Mapped &quot;{[/deviceCheck/update]}&quot; onto public com.cskaoyan.domain.deviceManagement.vo.ChangeResult com.cskaoyan.controller.deviceManagement.DeviceCheckController.update(com.cskaoyan.domain.deviceManagement.Device_check,java.lang.String)
17:41:18,419  INFO RequestMappingHandlerMapping:548 - Mapped &quot;{[/deviceCheck/insert]}&quot; onto public com.cskaoyan.domain.deviceManagement.vo.ChangeResult com.cskaoyan.controller.deviceManagement.DeviceCheckController.insert(com.cskaoyan.domain.deviceManagement.Device_check,java.lang.String)
17:41:18,419  INFO RequestMappingHandlerMapping:548 - Mapped &quot;{[/deviceCheck/search_deviceCheck_by_deviceCheckId]}&quot; onto public java.util.HashMap&lt;java.lang.String, java.lang.Object&gt; com.cskaoyan.controller.deviceManagement.DeviceCheckController.searchDeviceByDeviceCheckId(java.lang.String,java.lang.String,java.lang.String)
17:41:18,419  INFO RequestMappingHandlerMapping:548 - Mapped &quot;{[/deviceCheck/update_note]}&quot; onto public com.cskaoyan.domain.deviceManagement.vo.ChangeResult com.cskaoyan.controller.deviceManagement.DeviceCheckController.updateCheckResult(java.lang.String,java.lang.String)
17:41:18,419  INFO RequestMappingHandlerMapping:548 - Mapped &quot;{[/deviceCheck/search_deviceCheck_by_deviceName]}&quot; onto public java.util.HashMap&lt;java.lang.String, java.lang.Object&gt; com.cskaoyan.controller.deviceManagement.DeviceCheckController.searchDeviceByDeviceName(java.lang.String,java.lang.String,java.lang.String)
17:41:18,419  INFO RequestMappingHandlerMapping:548 - Mapped &quot;{[/deviceCheck/delete_batch]}&quot; onto public com.cskaoyan.domain.deviceManagement.vo.ChangeResult com.cskaoyan.controller.deviceManagement.DeviceCheckController.deleteBatch(java.util.List&lt;java.lang.String&gt;)
17:41:18,419 DEBUG RequestMappingHandlerMapping:246 - 1 request handler methods found on class com.cskaoyan.controller.deviceManagement.DeviceController: {public java.lang.String com.cskaoyan.controller.deviceManagement.DeviceController.transform(java.lang.String,javax.servlet.http.HttpServletRequest)={[/device/{pageName}]}}
17:41:18,419  INFO RequestMappingHandlerMapping:548 - Mapped &quot;{[/device/{pageName}]}&quot; onto public java.lang.String com.cskaoyan.controller.deviceManagement.DeviceController.transform(java.lang.String,javax.servlet.http.HttpServletRequest)
17:41:18,419 DEBUG RequestMappingHandlerMapping:246 - 7 request handler methods found on class com.cskaoyan.controller.deviceManagement.DeviceFaultController: {public com.cskaoyan.domain.deviceManagement.vo.ChangeResult com.cskaoyan.controller.deviceManagement.DeviceFaultController.update(com.cskaoyan.domain.deviceManagement.Device_fault,java.lang.String)={[/deviceFault/update]}, public com.cskaoyan.domain.deviceManagement.vo.ChangeResult com.cskaoyan.controller.deviceManagement.DeviceFaultController.insert(com.cskaoyan.domain.deviceManagement.Device_fault,java.lang.String)={[/deviceFault/insert]}, public com.cskaoyan.domain.deviceManagement.vo.ChangeResult com.cskaoyan.controller.deviceManagement.DeviceFaultController.updateAll(com.cskaoyan.domain.deviceManagement.Device_fault)={[/deviceFault/update_all]}, public com.cskaoyan.domain.deviceManagement.vo.ChangeResult com.cskaoyan.controller.deviceManagement.DeviceFaultController.updateFaultDetail(java.lang.String,java.lang.String)={[/deviceFault/update_note]}, public java.util.HashMap com.cskaoyan.controller.deviceManagement.DeviceFaultController.searchDeviceByDeviceName(java.lang.String,java.lang.String,java.lang.String)={[/deviceFault/search_deviceFault_by_deviceName]}, public java.util.HashMap com.cskaoyan.controller.deviceManagement.DeviceFaultController.searchDeviceByDeviceFaultId(java.lang.String,java.lang.String,java.lang.String)={[/deviceFault/search_deviceFault_by_deviceFaultId]}, public com.cskaoyan.domain.deviceManagement.vo.ChangeResult com.cskaoyan.controller.deviceManagement.DeviceFaultController.deleteBatch(java.util.List)={[/deviceFault/delete_batch]}}
17:41:18,435  INFO RequestMappingHandlerMapping:548 - Mapped &quot;{[/deviceFault/update]}&quot; onto public com.cskaoyan.domain.deviceManagement.vo.ChangeResult com.cskaoyan.controller.deviceManagement.DeviceFaultController.update(com.cskaoyan.domain.deviceManagement.Device_fault,java.lang.String)
17:41:18,435  INFO RequestMappingHandlerMapping:548 - Mapped &quot;{[/deviceFault/insert]}&quot; onto public com.cskaoyan.domain.deviceManagement.vo.ChangeResult com.cskaoyan.controller.deviceManagement.DeviceFaultController.insert(com.cskaoyan.domain.deviceManagement.Device_fault,java.lang.String)
17:41:18,435  INFO RequestMappingHandlerMapping:548 - Mapped &quot;{[/deviceFault/update_all]}&quot; onto public com.cskaoyan.domain.deviceManagement.vo.ChangeResult com.cskaoyan.controller.deviceManagement.DeviceFaultController.updateAll(com.cskaoyan.domain.deviceManagement.Device_fault)
17:41:18,435  INFO RequestMappingHandlerMapping:548 - Mapped &quot;{[/deviceFault/update_note]}&quot; onto public com.cskaoyan.domain.deviceManagement.vo.ChangeResult com.cskaoyan.controller.deviceManagement.DeviceFaultController.updateFaultDetail(java.lang.String,java.lang.String)
17:41:18,435  INFO RequestMappingHandlerMapping:548 - Mapped &quot;{[/deviceFault/search_deviceFault_by_deviceName]}&quot; onto public java.util.HashMap&lt;java.lang.String, java.lang.Object&gt; com.cskaoyan.controller.deviceManagement.DeviceFaultController.searchDeviceByDeviceName(java.lang.String,java.lang.String,java.lang.String)
17:41:18,435  INFO RequestMappingHandlerMapping:548 - Mapped &quot;{[/deviceFault/search_deviceFault_by_deviceFaultId]}&quot; onto public java.util.HashMap&lt;java.lang.String, java.lang.Object&gt; com.cskaoyan.controller.deviceManagement.DeviceFaultController.searchDeviceByDeviceFaultId(java.lang.String,java.lang.String,java.lang.String)
17:41:18,435  INFO RequestMappingHandlerMapping:548 - Mapped &quot;{[/deviceFault/delete_batch]}&quot; onto public com.cskaoyan.domain.deviceManagement.vo.ChangeResult com.cskaoyan.controller.deviceManagement.DeviceFaultController.deleteBatch(java.util.List&lt;java.lang.String&gt;)
17:41:18,435 DEBUG RequestMappingHandlerMapping:246 - 8 request handler methods found on class com.cskaoyan.controller.deviceManagement.DeviceJsonController: {public java.lang.Object com.cskaoyan.controller.deviceManagement.DeviceJsonController.getData(java.lang.String,java.lang.String)={[/{tableName}/get/{primaryKey}]}, public java.util.HashMap com.cskaoyan.controller.deviceManagement.DeviceJsonController.addJudge(java.lang.String,javax.servlet.http.HttpServletRequest)={[/{oneList}/add_judge]}, public java.util.HashMap com.cskaoyan.controller.deviceManagement.DeviceJsonController.editJudge(java.lang.String,javax.servlet.http.HttpServletRequest)={[/{oneList}/edit_judge]}, public java.util.HashMap com.cskaoyan.controller.deviceManagement.DeviceJsonController.deleteJudge(java.lang.String,javax.servlet.http.HttpServletRequest)={[/{oneList}/delete_judge]}, public java.lang.String com.cskaoyan.controller.deviceManagement.DeviceJsonController.getEditPage(java.lang.String,java.lang.String)={[/{pageName}/edit]}, public java.util.List com.cskaoyan.controller.deviceManagement.DeviceJsonController.getTableData(java.lang.String)={[/{tableName}/get_data]}, public java.lang.String com.cskaoyan.controller.deviceManagement.DeviceJsonController.getAddPage(java.lang.String,java.lang.String)={[/{pageName}/add]}, public java.util.HashMap com.cskaoyan.controller.deviceManagement.DeviceJsonController.getList(java.lang.String,java.lang.String,java.lang.String)={[/{oneList}/list]}}
17:41:18,435  INFO RequestMappingHandlerMapping:548 - Mapped &quot;{[/{tableName}/get/{primaryKey}]}&quot; onto public java.lang.Object com.cskaoyan.controller.deviceManagement.DeviceJsonController.getData(java.lang.String,java.lang.String)
17:41:18,435  INFO RequestMappingHandlerMapping:548 - Mapped &quot;{[/{oneList}/add_judge]}&quot; onto public java.util.HashMap&lt;java.lang.String, java.lang.Object&gt; com.cskaoyan.controller.deviceManagement.DeviceJsonController.addJudge(java.lang.String,javax.servlet.http.HttpServletRequest)
17:41:18,435  INFO RequestMappingHandlerMapping:548 - Mapped &quot;{[/{oneList}/edit_judge]}&quot; onto public java.util.HashMap&lt;java.lang.String, java.lang.Object&gt; com.cskaoyan.controller.deviceManagement.DeviceJsonController.editJudge(java.lang.String,javax.servlet.http.HttpServletRequest)
17:41:18,450  INFO RequestMappingHandlerMapping:548 - Mapped &quot;{[/{oneList}/delete_judge]}&quot; onto public java.util.HashMap&lt;java.lang.String, java.lang.Object&gt; com.cskaoyan.controller.deviceManagement.DeviceJsonController.deleteJudge(java.lang.String,javax.servlet.http.HttpServletRequest)
17:41:18,450  INFO RequestMappingHandlerMapping:548 - Mapped &quot;{[/{pageName}/edit]}&quot; onto public java.lang.String com.cskaoyan.controller.deviceManagement.DeviceJsonController.getEditPage(java.lang.String,java.lang.String)
17:41:18,450  INFO RequestMappingHandlerMapping:548 - Mapped &quot;{[/{tableName}/get_data]}&quot; onto public java.util.List com.cskaoyan.controller.deviceManagement.DeviceJsonController.getTableData(java.lang.String)
17:41:18,450  INFO RequestMappingHandlerMapping:548 - Mapped &quot;{[/{pageName}/add]}&quot; onto public java.lang.String com.cskaoyan.controller.deviceManagement.DeviceJsonController.getAddPage(java.lang.String,java.lang.String)
17:41:18,450  INFO RequestMappingHandlerMapping:548 - Mapped &quot;{[/{oneList}/list]}&quot; onto public java.util.HashMap&lt;java.lang.String, java.lang.Object&gt; com.cskaoyan.controller.deviceManagement.DeviceJsonController.getList(java.lang.String,java.lang.String,java.lang.String)
17:41:18,450 DEBUG RequestMappingHandlerMapping:246 - 8 request handler methods found on class com.cskaoyan.controller.deviceManagement.DeviceListController: {public com.cskaoyan.domain.deviceManagement.vo.ChangeResult com.cskaoyan.controller.deviceManagement.DeviceListController.update(com.cskaoyan.domain.deviceManagement.Device,java.lang.String)={[/deviceList/update]}, public com.cskaoyan.domain.deviceManagement.vo.ChangeResult com.cskaoyan.controller.deviceManagement.DeviceListController.insert(com.cskaoyan.domain.deviceManagement.Device,java.lang.String)={[/deviceList/insert]}, public com.cskaoyan.domain.deviceManagement.vo.ChangeResult com.cskaoyan.controller.deviceManagement.DeviceListController.updateAll(com.cskaoyan.domain.deviceManagement.Device)={[/deviceList/update_all]}, public java.util.HashMap com.cskaoyan.controller.deviceManagement.DeviceListController.searchDeviceByDeviceName(java.lang.String,java.lang.String,java.lang.String)={[/deviceList/search_device_by_deviceName]}, public java.util.HashMap com.cskaoyan.controller.deviceManagement.DeviceListController.searchDeviceByDeviceId(java.lang.String,java.lang.String,java.lang.String)={[/deviceList/search_device_by_deviceId]}, public java.util.HashMap com.cskaoyan.controller.deviceManagement.DeviceListController.searchDeviceByDeviceTypeName(java.lang.String,java.lang.String,java.lang.String)={[/deviceList/search_device_by_deviceTypeName]}, public com.cskaoyan.domain.deviceManagement.vo.ChangeResult com.cskaoyan.controller.deviceManagement.DeviceListController.deleteBatch(java.util.List)={[/deviceList/delete_batch]}, public com.cskaoyan.domain.deviceManagement.vo.ChangeResult com.cskaoyan.controller.deviceManagement.DeviceListController.updateNote(java.lang.String,java.lang.String)={[/deviceList/update_note]}}
17:41:18,450  INFO RequestMappingHandlerMapping:548 - Mapped &quot;{[/deviceList/update]}&quot; onto public com.cskaoyan.domain.deviceManagement.vo.ChangeResult com.cskaoyan.controller.deviceManagement.DeviceListController.update(com.cskaoyan.domain.deviceManagement.Device,java.lang.String)
17:41:18,450  INFO RequestMappingHandlerMapping:548 - Mapped &quot;{[/deviceList/insert]}&quot; onto public com.cskaoyan.domain.deviceManagement.vo.ChangeResult com.cskaoyan.controller.deviceManagement.DeviceListController.insert(com.cskaoyan.domain.deviceManagement.Device,java.lang.String)
17:41:18,450  INFO RequestMappingHandlerMapping:548 - Mapped &quot;{[/deviceList/update_all]}&quot; onto public com.cskaoyan.domain.deviceManagement.vo.ChangeResult com.cskaoyan.controller.deviceManagement.DeviceListController.updateAll(com.cskaoyan.domain.deviceManagement.Device)
17:41:18,450  INFO RequestMappingHandlerMapping:548 - Mapped &quot;{[/deviceList/search_device_by_deviceName]}&quot; onto public java.util.HashMap&lt;java.lang.String, java.lang.Object&gt; com.cskaoyan.controller.deviceManagement.DeviceListController.searchDeviceByDeviceName(java.lang.String,java.lang.String,java.lang.String)
17:41:18,450  INFO RequestMappingHandlerMapping:548 - Mapped &quot;{[/deviceList/search_device_by_deviceId]}&quot; onto public java.util.HashMap&lt;java.lang.String, java.lang.Object&gt; com.cskaoyan.controller.deviceManagement.DeviceListController.searchDeviceByDeviceId(java.lang.String,java.lang.String,java.lang.String)
17:41:18,466  INFO RequestMappingHandlerMapping:548 - Mapped &quot;{[/deviceList/search_device_by_deviceTypeName]}&quot; onto public java.util.HashMap&lt;java.lang.String, java.lang.Object&gt; com.cskaoyan.controller.deviceManagement.DeviceListController.searchDeviceByDeviceTypeName(java.lang.String,java.lang.String,java.lang.String)
17:41:18,466  INFO RequestMappingHandlerMapping:548 - Mapped &quot;{[/deviceList/delete_batch]}&quot; onto public com.cskaoyan.domain.deviceManagement.vo.ChangeResult com.cskaoyan.controller.deviceManagement.DeviceListController.deleteBatch(java.util.List&lt;java.lang.String&gt;)
17:41:18,466  INFO RequestMappingHandlerMapping:548 - Mapped &quot;{[/deviceList/update_note]}&quot; onto public com.cskaoyan.domain.deviceManagement.vo.ChangeResult com.cskaoyan.controller.deviceManagement.DeviceListController.updateNote(java.lang.String,java.lang.String)
17:41:18,466 DEBUG RequestMappingHandlerMapping:246 - 6 request handler methods found on class com.cskaoyan.controller.deviceManagement.DeviceMaintainController: {public com.cskaoyan.domain.deviceManagement.vo.ChangeResult com.cskaoyan.controller.deviceManagement.DeviceMaintainController.update(com.cskaoyan.domain.deviceManagement.Device_maintain,java.lang.String)={[/deviceMaintain/update]}, public com.cskaoyan.domain.deviceManagement.vo.ChangeResult com.cskaoyan.controller.deviceManagement.DeviceMaintainController.insert(com.cskaoyan.domain.deviceManagement.Device_maintain,java.lang.String)={[/deviceMaintain/insert]}, public java.util.HashMap com.cskaoyan.controller.deviceManagement.DeviceMaintainController.searchDeviceByDeviceMaintainId(java.lang.String,java.lang.String,java.lang.String)={[/deviceMaintain/search_deviceMaintain_by_deviceMaintainId]}, public java.util.HashMap com.cskaoyan.controller.deviceManagement.DeviceMaintainController.searchDeviceByDeviceFaultId(java.lang.String,java.lang.String,java.lang.String)={[/deviceMaintain/search_deviceMaintain_by_deviceFaultId]}, public com.cskaoyan.domain.deviceManagement.vo.ChangeResult com.cskaoyan.controller.deviceManagement.DeviceMaintainController.deleteBatch(java.util.List)={[/deviceMaintain/delete_batch]}, public com.cskaoyan.domain.deviceManagement.vo.ChangeResult com.cskaoyan.controller.deviceManagement.DeviceMaintainController.updateNote(java.lang.String,java.lang.String)={[/deviceMaintain/update_note]}}
17:41:18,466  INFO RequestMappingHandlerMapping:548 - Mapped &quot;{[/deviceMaintain/update]}&quot; onto public com.cskaoyan.domain.deviceManagement.vo.ChangeResult com.cskaoyan.controller.deviceManagement.DeviceMaintainController.update(com.cskaoyan.domain.deviceManagement.Device_maintain,java.lang.String)
17:41:18,466  INFO RequestMappingHandlerMapping:548 - Mapped &quot;{[/deviceMaintain/insert]}&quot; onto public com.cskaoyan.domain.deviceManagement.vo.ChangeResult com.cskaoyan.controller.deviceManagement.DeviceMaintainController.insert(com.cskaoyan.domain.deviceManagement.Device_maintain,java.lang.String)
17:41:18,482  INFO RequestMappingHandlerMapping:548 - Mapped &quot;{[/deviceMaintain/search_deviceMaintain_by_deviceMaintainId]}&quot; onto public java.util.HashMap&lt;java.lang.String, java.lang.Object&gt; com.cskaoyan.controller.deviceManagement.DeviceMaintainController.searchDeviceByDeviceMaintainId(java.lang.String,java.lang.String,java.lang.String)
17:41:18,482  INFO RequestMappingHandlerMapping:548 - Mapped &quot;{[/deviceMaintain/search_deviceMaintain_by_deviceFaultId]}&quot; onto public java.util.HashMap&lt;java.lang.String, java.lang.Object&gt; com.cskaoyan.controller.deviceManagement.DeviceMaintainController.searchDeviceByDeviceFaultId(java.lang.String,java.lang.String,java.lang.String)
17:41:18,482  INFO RequestMappingHandlerMapping:548 - Mapped &quot;{[/deviceMaintain/delete_batch]}&quot; onto public com.cskaoyan.domain.deviceManagement.vo.ChangeResult com.cskaoyan.controller.deviceManagement.DeviceMaintainController.deleteBatch(java.util.List&lt;java.lang.String&gt;)
17:41:18,482  INFO RequestMappingHandlerMapping:548 - Mapped &quot;{[/deviceMaintain/update_note]}&quot; onto public com.cskaoyan.domain.deviceManagement.vo.ChangeResult com.cskaoyan.controller.deviceManagement.DeviceMaintainController.updateNote(java.lang.String,java.lang.String)
17:41:18,497 DEBUG RequestMappingHandlerMapping:246 - 6 request handler methods found on class com.cskaoyan.controller.deviceManagement.DeviceTypeController: {public com.cskaoyan.domain.deviceManagement.vo.ChangeResult com.cskaoyan.controller.deviceManagement.DeviceTypeController.update(com.cskaoyan.domain.deviceManagement.Device_type,java.lang.String)={[/deviceType/update]}, public com.cskaoyan.domain.deviceManagement.vo.ChangeResult com.cskaoyan.controller.deviceManagement.DeviceTypeController.insert(com.cskaoyan.domain.deviceManagement.Device_type,java.lang.String)={[/deviceType/insert]}, public com.cskaoyan.domain.deviceManagement.vo.ChangeResult com.cskaoyan.controller.deviceManagement.DeviceTypeController.updateAll(com.cskaoyan.domain.deviceManagement.Device_type)={[/deviceType/update_all]}, public java.util.HashMap com.cskaoyan.controller.deviceManagement.DeviceTypeController.searchDeviceByDeviceTypeId(java.lang.String,java.lang.String,java.lang.String)={[/deviceType/search_deviceType_by_deviceTypeId]}, public java.util.HashMap com.cskaoyan.controller.deviceManagement.DeviceTypeController.searchDeviceByDeviceTypeName(java.lang.String,java.lang.String,java.lang.String)={[/deviceType/search_deviceType_by_deviceTypeName]}, public com.cskaoyan.domain.deviceManagement.vo.ChangeResult com.cskaoyan.controller.deviceManagement.DeviceTypeController.deleteBatch(java.util.List)={[/deviceType/delete_batch]}}
17:41:18,497  INFO RequestMappingHandlerMapping:548 - Mapped &quot;{[/deviceType/update]}&quot; onto public com.cskaoyan.domain.deviceManagement.vo.ChangeResult com.cskaoyan.controller.deviceManagement.DeviceTypeController.update(com.cskaoyan.domain.deviceManagement.Device_type,java.lang.String)
17:41:18,497  INFO RequestMappingHandlerMapping:548 - Mapped &quot;{[/deviceType/insert]}&quot; onto public com.cskaoyan.domain.deviceManagement.vo.ChangeResult com.cskaoyan.controller.deviceManagement.DeviceTypeController.insert(com.cskaoyan.domain.deviceManagement.Device_type,java.lang.String)
17:41:18,497  INFO RequestMappingHandlerMapping:548 - Mapped &quot;{[/deviceType/update_all]}&quot; onto public com.cskaoyan.domain.deviceManagement.vo.ChangeResult com.cskaoyan.controller.deviceManagement.DeviceTypeController.updateAll(com.cskaoyan.domain.deviceManagement.Device_type)
17:41:18,497  INFO RequestMappingHandlerMapping:548 - Mapped &quot;{[/deviceType/search_deviceType_by_deviceTypeId]}&quot; onto public java.util.HashMap&lt;java.lang.String, java.lang.Object&gt; com.cskaoyan.controller.deviceManagement.DeviceTypeController.searchDeviceByDeviceTypeId(java.lang.String,java.lang.String,java.lang.String)
17:41:18,513  INFO RequestMappingHandlerMapping:548 - Mapped &quot;{[/deviceType/search_deviceType_by_deviceTypeName]}&quot; onto public java.util.HashMap&lt;java.lang.String, java.lang.Object&gt; com.cskaoyan.controller.deviceManagement.DeviceTypeController.searchDeviceByDeviceTypeName(java.lang.String,java.lang.String,java.lang.String)
17:41:18,513  INFO RequestMappingHandlerMapping:548 - Mapped &quot;{[/deviceType/delete_batch]}&quot; onto public com.cskaoyan.domain.deviceManagement.vo.ChangeResult com.cskaoyan.controller.deviceManagement.DeviceTypeController.deleteBatch(java.util.List&lt;java.lang.String&gt;)
17:41:18,513 DEBUG RequestMappingHandlerMapping:246 - 3 request handler methods found on class com.cskaoyan.controller.FileControl: {public java.util.Map com.cskaoyan.controller.FileControl.delete(java.lang.String,javax.servlet.http.HttpServletRequest)={[/file/delete]}, public void com.cskaoyan.controller.FileControl.download(java.lang.String,javax.servlet.http.HttpServletResponse,javax.servlet.http.HttpServletRequest) throws java.io.FileNotFoundException={[/file/download]}, public java.util.Map com.cskaoyan.controller.FileControl.upload(org.springframework.web.multipart.MultipartFile,javax.servlet.http.HttpServletRequest)={[/file/upload]}}
17:41:18,513  INFO RequestMappingHandlerMapping:548 - Mapped &quot;{[/file/delete]}&quot; onto public java.util.Map com.cskaoyan.controller.FileControl.delete(java.lang.String,javax.servlet.http.HttpServletRequest)
17:41:18,513  INFO RequestMappingHandlerMapping:548 - Mapped &quot;{[/file/download]}&quot; onto public void com.cskaoyan.controller.FileControl.download(java.lang.String,javax.servlet.http.HttpServletResponse,javax.servlet.http.HttpServletRequest) throws java.io.FileNotFoundException
17:41:18,513  INFO RequestMappingHandlerMapping:548 - Mapped &quot;{[/file/upload]}&quot; onto public java.util.Map com.cskaoyan.controller.FileControl.upload(org.springframework.web.multipart.MultipartFile,javax.servlet.http.HttpServletRequest)
17:41:18,513 DEBUG RequestMappingHandlerMapping:246 - 1 request handler methods found on class com.cskaoyan.controller.FormController: {public java.lang.String com.cskaoyan.controller.FormController.loginForm(java.lang.String)={[/{formName}]}}
17:41:18,513  INFO RequestMappingHandlerMapping:548 - Mapped &quot;{[/{formName}]}&quot; onto public java.lang.String com.cskaoyan.controller.FormController.loginForm(java.lang.String)
17:41:18,528 DEBUG RequestMappingHandlerMapping:246 - 14 request handler methods found on class com.cskaoyan.controller.person.DepartmentController: {public java.lang.String com.cskaoyan.controller.person.DepartmentController.add()={[/department/add]}, public com.cskaoyan.domain.person.Department com.cskaoyan.controller.person.DepartmentController.get(java.lang.String)={[/department/get/{departmentId}]}, public java.lang.String com.cskaoyan.controller.person.DepartmentController.find(javax.servlet.http.HttpSession)={[/department/find]}, public java.util.Map com.cskaoyan.controller.person.DepartmentController.delete(java.lang.String[])={[/department/delete_batch]}, public java.util.Map com.cskaoyan.controller.person.DepartmentController.list(java.lang.String,java.lang.String)={[/department/list]}, public java.util.Map com.cskaoyan.controller.person.DepartmentController.insert(com.cskaoyan.domain.person.Department,org.springframework.validation.BindingResult,org.springframework.ui.Model)={[/department/insert]}, public java.lang.String com.cskaoyan.controller.person.DepartmentController.edit()={[/department/edit]}, public java.lang.String com.cskaoyan.controller.person.DepartmentController.edit_judge()={[/department/edit_judge]}, public java.lang.String com.cskaoyan.controller.person.DepartmentController.delete_judge()={[/department/delete_judge]}, public java.lang.String com.cskaoyan.controller.person.DepartmentController.add_judge()={[/department/add_judge]}, public java.util.Map com.cskaoyan.controller.person.DepartmentController.updateAll(com.cskaoyan.domain.person.Department)={[/department/update_all]}, public java.util.List com.cskaoyan.controller.person.DepartmentController.get_data()={[/department/get_data]}, public java.util.Map com.cskaoyan.controller.person.DepartmentController.search_department_by_departmentId(java.lang.String,java.lang.String,java.lang.String)={[/department/search_department_by_departmentId]}, public java.util.Map com.cskaoyan.controller.person.DepartmentController.search_department_by_departmentName(java.lang.String,java.lang.String,java.lang.String)={[/department/search_department_by_departmentName]}}
17:41:18,528  INFO RequestMappingHandlerMapping:548 - Mapped &quot;{[/department/add]}&quot; onto public java.lang.String com.cskaoyan.controller.person.DepartmentController.add()
17:41:18,528  INFO RequestMappingHandlerMapping:548 - Mapped &quot;{[/department/get/{departmentId}]}&quot; onto public com.cskaoyan.domain.person.Department com.cskaoyan.controller.person.DepartmentController.get(java.lang.String)
17:41:18,528  INFO RequestMappingHandlerMapping:548 - Mapped &quot;{[/department/find]}&quot; onto public java.lang.String com.cskaoyan.controller.person.DepartmentController.find(javax.servlet.http.HttpSession)
17:41:18,528  INFO RequestMappingHandlerMapping:548 - Mapped &quot;{[/department/delete_batch]}&quot; onto public java.util.Map com.cskaoyan.controller.person.DepartmentController.delete(java.lang.String[])
17:41:18,528  INFO RequestMappingHandlerMapping:548 - Mapped &quot;{[/department/list]}&quot; onto public java.util.Map com.cskaoyan.controller.person.DepartmentController.list(java.lang.String,java.lang.String)
17:41:18,528  INFO RequestMappingHandlerMapping:548 - Mapped &quot;{[/department/insert]}&quot; onto public java.util.Map com.cskaoyan.controller.person.DepartmentController.insert(com.cskaoyan.domain.person.Department,org.springframework.validation.BindingResult,org.springframework.ui.Model)
17:41:18,528  INFO RequestMappingHandlerMapping:548 - Mapped &quot;{[/department/edit]}&quot; onto public java.lang.String com.cskaoyan.controller.person.DepartmentController.edit()
17:41:18,528  INFO RequestMappingHandlerMapping:548 - Mapped &quot;{[/department/edit_judge]}&quot; onto public java.lang.String com.cskaoyan.controller.person.DepartmentController.edit_judge()
17:41:18,528  INFO RequestMappingHandlerMapping:548 - Mapped &quot;{[/department/delete_judge]}&quot; onto public java.lang.String com.cskaoyan.controller.person.DepartmentController.delete_judge()
17:41:18,528  INFO RequestMappingHandlerMapping:548 - Mapped &quot;{[/department/add_judge]}&quot; onto public java.lang.String com.cskaoyan.controller.person.DepartmentController.add_judge()
17:41:18,528  INFO RequestMappingHandlerMapping:548 - Mapped &quot;{[/department/update_all]}&quot; onto public java.util.Map com.cskaoyan.controller.person.DepartmentController.updateAll(com.cskaoyan.domain.person.Department)
17:41:18,528  INFO RequestMappingHandlerMapping:548 - Mapped &quot;{[/department/get_data]}&quot; onto public java.util.List com.cskaoyan.controller.person.DepartmentController.get_data()
17:41:18,544  INFO RequestMappingHandlerMapping:548 - Mapped &quot;{[/department/search_department_by_departmentId]}&quot; onto public java.util.Map com.cskaoyan.controller.person.DepartmentController.search_department_by_departmentId(java.lang.String,java.lang.String,java.lang.String)
17:41:18,544  INFO RequestMappingHandlerMapping:548 - Mapped &quot;{[/department/search_department_by_departmentName]}&quot; onto public java.util.Map com.cskaoyan.controller.person.DepartmentController.search_department_by_departmentName(java.lang.String,java.lang.String,java.lang.String)
17:41:18,544 DEBUG RequestMappingHandlerMapping:246 - 14 request handler methods found on class com.cskaoyan.controller.person.EmployeeController: {public java.lang.String com.cskaoyan.controller.person.EmployeeController.add()={[/employee/add]}, public java.lang.String com.cskaoyan.controller.person.EmployeeController.find(javax.servlet.http.HttpSession)={[/employee/find]}, public java.util.Map com.cskaoyan.controller.person.EmployeeController.delete(java.lang.String[])={[/employee/delete_batch]}, public java.util.Map com.cskaoyan.controller.person.EmployeeController.list(java.lang.String,java.lang.String)={[/employee/list]}, public java.util.Map com.cskaoyan.controller.person.EmployeeController.insert(com.cskaoyan.domain.person.Employee,org.springframework.validation.BindingResult,org.springframework.ui.Model)={[/employee/insert]}, public java.lang.String com.cskaoyan.controller.person.EmployeeController.edit()={[/employee/edit]}, public java.lang.String com.cskaoyan.controller.person.EmployeeController.edit_judge()={[/employee/edit_judge]}, public java.lang.String com.cskaoyan.controller.person.EmployeeController.delete_judge()={[/employee/delete_judge]}, public java.lang.String com.cskaoyan.controller.person.EmployeeController.add_judge()={[/employee/add_judge]}, public java.util.Map com.cskaoyan.controller.person.EmployeeController.updateAll(com.cskaoyan.domain.person.Employee)={[/employee/update_all]}, public java.util.List com.cskaoyan.controller.person.EmployeeController.get_data()={[/employee/get_data]}, public java.util.Map com.cskaoyan.controller.person.EmployeeController.search_department_by_employeeName(java.lang.String,java.lang.String,java.lang.String)={[/employee/search_employee_by_employeeName]}, public java.util.Map com.cskaoyan.controller.person.EmployeeController.search_department_by_departmentName(java.lang.String,java.lang.String,java.lang.String)={[/employee/search_employee_by_departmentName]}, public java.util.Map com.cskaoyan.controller.person.EmployeeController.search_department_by_employeeId(java.lang.String,java.lang.String,java.lang.String)={[/employee/search_employee_by_employeeId]}}
17:41:18,544  INFO RequestMappingHandlerMapping:548 - Mapped &quot;{[/employee/add]}&quot; onto public java.lang.String com.cskaoyan.controller.person.EmployeeController.add()
17:41:18,544  INFO RequestMappingHandlerMapping:548 - Mapped &quot;{[/employee/find]}&quot; onto public java.lang.String com.cskaoyan.controller.person.EmployeeController.find(javax.servlet.http.HttpSession)
17:41:18,544  INFO RequestMappingHandlerMapping:548 - Mapped &quot;{[/employee/delete_batch]}&quot; onto public java.util.Map com.cskaoyan.controller.person.EmployeeController.delete(java.lang.String[])
17:41:18,544  INFO RequestMappingHandlerMapping:548 - Mapped &quot;{[/employee/list]}&quot; onto public java.util.Map com.cskaoyan.controller.person.EmployeeController.list(java.lang.String,java.lang.String)
17:41:18,544  INFO RequestMappingHandlerMapping:548 - Mapped &quot;{[/employee/insert]}&quot; onto public java.util.Map com.cskaoyan.controller.person.EmployeeController.insert(com.cskaoyan.domain.person.Employee,org.springframework.validation.BindingResult,org.springframework.ui.Model)
17:41:18,544  INFO RequestMappingHandlerMapping:548 - Mapped &quot;{[/employee/edit]}&quot; onto public java.lang.String com.cskaoyan.controller.person.EmployeeController.edit()
17:41:18,544  INFO RequestMappingHandlerMapping:548 - Mapped &quot;{[/employee/edit_judge]}&quot; onto public java.lang.String com.cskaoyan.controller.person.EmployeeController.edit_judge()
17:41:18,544  INFO RequestMappingHandlerMapping:548 - Mapped &quot;{[/employee/delete_judge]}&quot; onto public java.lang.String com.cskaoyan.controller.person.EmployeeController.delete_judge()
17:41:18,544  INFO RequestMappingHandlerMapping:548 - Mapped &quot;{[/employee/add_judge]}&quot; onto public java.lang.String com.cskaoyan.controller.person.EmployeeController.add_judge()
17:41:18,560  INFO RequestMappingHandlerMapping:548 - Mapped &quot;{[/employee/update_all]}&quot; onto public java.util.Map com.cskaoyan.controller.person.EmployeeController.updateAll(com.cskaoyan.domain.person.Employee)
17:41:18,560  INFO RequestMappingHandlerMapping:548 - Mapped &quot;{[/employee/get_data]}&quot; onto public java.util.List com.cskaoyan.controller.person.EmployeeController.get_data()
17:41:18,560  INFO RequestMappingHandlerMapping:548 - Mapped &quot;{[/employee/search_employee_by_employeeName]}&quot; onto public java.util.Map com.cskaoyan.controller.person.EmployeeController.search_department_by_employeeName(java.lang.String,java.lang.String,java.lang.String)
17:41:18,560  INFO RequestMappingHandlerMapping:548 - Mapped &quot;{[/employee/search_employee_by_departmentName]}&quot; onto public java.util.Map com.cskaoyan.controller.person.EmployeeController.search_department_by_departmentName(java.lang.String,java.lang.String,java.lang.String)
17:41:18,560  INFO RequestMappingHandlerMapping:548 - Mapped &quot;{[/employee/search_employee_by_employeeId]}&quot; onto public java.util.Map com.cskaoyan.controller.person.EmployeeController.search_department_by_employeeId(java.lang.String,java.lang.String,java.lang.String)
17:41:18,560 DEBUG RequestMappingHandlerMapping:246 - 2 request handler methods found on class com.cskaoyan.controller.PicControl: {public java.util.Map com.cskaoyan.controller.PicControl.delete(java.lang.String,javax.servlet.http.HttpServletRequest)={[/pic/delete]}, public java.util.Map com.cskaoyan.controller.PicControl.upload(org.springframework.web.multipart.MultipartFile,javax.servlet.http.HttpServletRequest,java.lang.String)={[/pic/upload]}}
17:41:18,560  INFO RequestMappingHandlerMapping:548 - Mapped &quot;{[/pic/delete]}&quot; onto public java.util.Map com.cskaoyan.controller.PicControl.delete(java.lang.String,javax.servlet.http.HttpServletRequest)
17:41:18,560  INFO RequestMappingHandlerMapping:548 - Mapped &quot;{[/pic/upload]}&quot; onto public java.util.Map com.cskaoyan.controller.PicControl.upload(org.springframework.web.multipart.MultipartFile,javax.servlet.http.HttpServletRequest,java.lang.String)
17:41:18,575 DEBUG RequestMappingHandlerMapping:246 - 13 request handler methods found on class com.cskaoyan.controller.qualifyMonitor.FinalCountCheckController: {public java.lang.String com.cskaoyan.controller.qualifyMonitor.FinalCountCheckController.add()={[/f_count_check/add_judge || /fCountCheck/add_judge]}, public java.util.Map com.cskaoyan.controller.qualifyMonitor.FinalCountCheckController.update(com.cskaoyan.domain.qualifyMonitor.FinalCountCheck)={[/f_count_check/update_all || /fCountCheck/update_all]}, public java.lang.String com.cskaoyan.controller.qualifyMonitor.FinalCountCheckController.find(javax.servlet.http.HttpSession)={[/f_count_check/find || /fCountCheck/find]}, public java.lang.String com.cskaoyan.controller.qualifyMonitor.FinalCountCheckController.delete()={[/f_count_check/delete_judge || /fCountCheck/delete_judge]}, public java.util.Map com.cskaoyan.controller.qualifyMonitor.FinalCountCheckController.insert(com.cskaoyan.domain.qualifyMonitor.FinalCountCheck)={[/f_count_check/insert || /fCountCheck/insert]}, public java.lang.String com.cskaoyan.controller.qualifyMonitor.FinalCountCheckController.edit()={[/f_count_check/edit_judge || /fCountCheck/edit_judge]}, public java.util.Map com.cskaoyan.controller.qualifyMonitor.FinalCountCheckController.SearchByfCountCheckId(java.lang.String,int,int)={[/f_count_check/search_fCountCheck_by_fCountCheckId || /fCountCheck/search_fCountCheck_by_fCountCheckId]}, public java.util.Map com.cskaoyan.controller.qualifyMonitor.FinalCountCheckController.updateNote(java.lang.String,java.lang.String)={[/f_count_check/update_note || /fCountCheck/update_note]}, public java.util.Map com.cskaoyan.controller.qualifyMonitor.FinalCountCheckController.SearchByorderId(java.lang.String,int,int)={[/f_count_check/search_fCountCheck_by_orderId || /fCountCheck/search_fCountCheck_by_orderId]}, public java.util.Map com.cskaoyan.controller.qualifyMonitor.FinalCountCheckController.deleteById(java.lang.String[])={[/f_count_check/delete_batch || /fCountCheck/delete_batch]}, public java.lang.String com.cskaoyan.controller.qualifyMonitor.FinalCountCheckController.editPage()={[/f_count_check/edit || /fCountCheck/edit]}, public java.util.Map com.cskaoyan.controller.qualifyMonitor.FinalCountCheckController.SelectByPage(int,int)={[/f_count_check/list || /fCountCheck/list]}, public java.lang.String com.cskaoyan.controller.qualifyMonitor.FinalCountCheckController.addPage()={[/f_count_check/add || /fCountCheck/add]}}
17:41:18,575  INFO RequestMappingHandlerMapping:548 - Mapped &quot;{[/f_count_check/add_judge || /fCountCheck/add_judge]}&quot; onto public java.lang.String com.cskaoyan.controller.qualifyMonitor.FinalCountCheckController.add()
17:41:18,575  INFO RequestMappingHandlerMapping:548 - Mapped &quot;{[/f_count_check/update_all || /fCountCheck/update_all]}&quot; onto public java.util.Map com.cskaoyan.controller.qualifyMonitor.FinalCountCheckController.update(com.cskaoyan.domain.qualifyMonitor.FinalCountCheck)
17:41:18,575  INFO RequestMappingHandlerMapping:548 - Mapped &quot;{[/f_count_check/find || /fCountCheck/find]}&quot; onto public java.lang.String com.cskaoyan.controller.qualifyMonitor.FinalCountCheckController.find(javax.servlet.http.HttpSession)
17:41:18,575  INFO RequestMappingHandlerMapping:548 - Mapped &quot;{[/f_count_check/delete_judge || /fCountCheck/delete_judge]}&quot; onto public java.lang.String com.cskaoyan.controller.qualifyMonitor.FinalCountCheckController.delete()
17:41:18,575  INFO RequestMappingHandlerMapping:548 - Mapped &quot;{[/f_count_check/insert || /fCountCheck/insert]}&quot; onto public java.util.Map com.cskaoyan.controller.qualifyMonitor.FinalCountCheckController.insert(com.cskaoyan.domain.qualifyMonitor.FinalCountCheck)
17:41:18,575  INFO RequestMappingHandlerMapping:548 - Mapped &quot;{[/f_count_check/edit_judge || /fCountCheck/edit_judge]}&quot; onto public java.lang.String com.cskaoyan.controller.qualifyMonitor.FinalCountCheckController.edit()
17:41:18,575  INFO RequestMappingHandlerMapping:548 - Mapped &quot;{[/f_count_check/search_fCountCheck_by_fCountCheckId || /fCountCheck/search_fCountCheck_by_fCountCheckId]}&quot; onto public java.util.Map com.cskaoyan.controller.qualifyMonitor.FinalCountCheckController.SearchByfCountCheckId(java.lang.String,int,int)
17:41:18,575  INFO RequestMappingHandlerMapping:548 - Mapped &quot;{[/f_count_check/update_note || /fCountCheck/update_note]}&quot; onto public java.util.Map com.cskaoyan.controller.qualifyMonitor.FinalCountCheckController.updateNote(java.lang.String,java.lang.String)
17:41:18,575  INFO RequestMappingHandlerMapping:548 - Mapped &quot;{[/f_count_check/search_fCountCheck_by_orderId || /fCountCheck/search_fCountCheck_by_orderId]}&quot; onto public java.util.Map com.cskaoyan.controller.qualifyMonitor.FinalCountCheckController.SearchByorderId(java.lang.String,int,int)
17:41:18,575  INFO RequestMappingHandlerMapping:548 - Mapped &quot;{[/f_count_check/delete_batch || /fCountCheck/delete_batch]}&quot; onto public java.util.Map com.cskaoyan.controller.qualifyMonitor.FinalCountCheckController.deleteById(java.lang.String[])
17:41:18,575  INFO RequestMappingHandlerMapping:548 - Mapped &quot;{[/f_count_check/edit || /fCountCheck/edit]}&quot; onto public java.lang.String com.cskaoyan.controller.qualifyMonitor.FinalCountCheckController.editPage()
17:41:18,575  INFO RequestMappingHandlerMapping:548 - Mapped &quot;{[/f_count_check/list || /fCountCheck/list]}&quot; onto public java.util.Map com.cskaoyan.controller.qualifyMonitor.FinalCountCheckController.SelectByPage(int,int)
17:41:18,575  INFO RequestMappingHandlerMapping:548 - Mapped &quot;{[/f_count_check/add || /fCountCheck/add]}&quot; onto public java.lang.String com.cskaoyan.controller.qualifyMonitor.FinalCountCheckController.addPage()
17:41:18,591 DEBUG RequestMappingHandlerMapping:246 - 13 request handler methods found on class com.cskaoyan.controller.qualifyMonitor.FinishmeasureController: {public java.lang.String com.cskaoyan.controller.qualifyMonitor.FinishmeasureController.add()={[/measure/add_judge || /fMeasureCheck/add_judge]}, public java.util.Map com.cskaoyan.controller.qualifyMonitor.FinishmeasureController.update(com.cskaoyan.domain.qualifyMonitor.FinalMeasuretCheck)={[/measure/update_all || /fMeasureCheck/update_all]}, public java.lang.String com.cskaoyan.controller.qualifyMonitor.FinishmeasureController.find(javax.servlet.http.HttpSession)={[/measure/find || /fMeasureCheck/find]}, public java.lang.String com.cskaoyan.controller.qualifyMonitor.FinishmeasureController.delete()={[/measure/delete_judge || /fMeasureCheck/delete_judge]}, public java.util.Map com.cskaoyan.controller.qualifyMonitor.FinishmeasureController.insert(com.cskaoyan.domain.qualifyMonitor.FinalMeasuretCheck)={[/measure/insert || /fMeasureCheck/insert]}, public java.lang.String com.cskaoyan.controller.qualifyMonitor.FinishmeasureController.edit()={[/measure/edit_judge || /fMeasureCheck/edit_judge]}, public java.util.Map com.cskaoyan.controller.qualifyMonitor.FinishmeasureController.SearchByfCountCheckId(java.lang.String,int,int)={[/measure/search_fMeasureCheck_by_fMeasureCheckId || /fMeasureCheck/search_fMeasureCheck_by_fMeasureCheckId]}, public java.util.Map com.cskaoyan.controller.qualifyMonitor.FinishmeasureController.updateNote(java.lang.String,java.lang.String)={[/measure/update_note || /fMeasureCheck/update_note]}, public java.util.Map com.cskaoyan.controller.qualifyMonitor.FinishmeasureController.SearchByorderId(java.lang.String,int,int)={[/measure/search_fMeasureCheck_by_orderId || /fMeasureCheck/search_fMeasureCheck_by_orderId]}, public java.util.Map com.cskaoyan.controller.qualifyMonitor.FinishmeasureController.deleteById(java.lang.String[])={[/measure/delete_batch || /fMeasureCheck/delete_batch]}, public java.lang.String com.cskaoyan.controller.qualifyMonitor.FinishmeasureController.editPage()={[/measure/edit || /fMeasureCheck/edit]}, public java.util.Map com.cskaoyan.controller.qualifyMonitor.FinishmeasureController.SelectByPage(int,int)={[/measure/list || /fMeasureCheck/list]}, public java.lang.String com.cskaoyan.controller.qualifyMonitor.FinishmeasureController.addPage()={[/measure/add || /fMeasureCheck/add]}}
17:41:18,591  INFO RequestMappingHandlerMapping:548 - Mapped &quot;{[/measure/add_judge || /fMeasureCheck/add_judge]}&quot; onto public java.lang.String com.cskaoyan.controller.qualifyMonitor.FinishmeasureController.add()
17:41:18,591  INFO RequestMappingHandlerMapping:548 - Mapped &quot;{[/measure/update_all || /fMeasureCheck/update_all]}&quot; onto public java.util.Map com.cskaoyan.controller.qualifyMonitor.FinishmeasureController.update(com.cskaoyan.domain.qualifyMonitor.FinalMeasuretCheck)
17:41:18,591  INFO RequestMappingHandlerMapping:548 - Mapped &quot;{[/measure/find || /fMeasureCheck/find]}&quot; onto public java.lang.String com.cskaoyan.controller.qualifyMonitor.FinishmeasureController.find(javax.servlet.http.HttpSession)
17:41:18,591  INFO RequestMappingHandlerMapping:548 - Mapped &quot;{[/measure/delete_judge || /fMeasureCheck/delete_judge]}&quot; onto public java.lang.String com.cskaoyan.controller.qualifyMonitor.FinishmeasureController.delete()
17:41:18,591  INFO RequestMappingHandlerMapping:548 - Mapped &quot;{[/measure/insert || /fMeasureCheck/insert]}&quot; onto public java.util.Map com.cskaoyan.controller.qualifyMonitor.FinishmeasureController.insert(com.cskaoyan.domain.qualifyMonitor.FinalMeasuretCheck)
17:41:18,591  INFO RequestMappingHandlerMapping:548 - Mapped &quot;{[/measure/edit_judge || /fMeasureCheck/edit_judge]}&quot; onto public java.lang.String com.cskaoyan.controller.qualifyMonitor.FinishmeasureController.edit()
17:41:18,591  INFO RequestMappingHandlerMapping:548 - Mapped &quot;{[/measure/search_fMeasureCheck_by_fMeasureCheckId || /fMeasureCheck/search_fMeasureCheck_by_fMeasureCheckId]}&quot; onto public java.util.Map com.cskaoyan.controller.qualifyMonitor.FinishmeasureController.SearchByfCountCheckId(java.lang.String,int,int)
17:41:18,591  INFO RequestMappingHandlerMapping:548 - Mapped &quot;{[/measure/update_note || /fMeasureCheck/update_note]}&quot; onto public java.util.Map com.cskaoyan.controller.qualifyMonitor.FinishmeasureController.updateNote(java.lang.String,java.lang.String)
17:41:18,591  INFO RequestMappingHandlerMapping:548 - Mapped &quot;{[/measure/search_fMeasureCheck_by_orderId || /fMeasureCheck/search_fMeasureCheck_by_orderId]}&quot; onto public java.util.Map com.cskaoyan.controller.qualifyMonitor.FinishmeasureController.SearchByorderId(java.lang.String,int,int)
17:41:18,591  INFO RequestMappingHandlerMapping:548 - Mapped &quot;{[/measure/delete_batch || /fMeasureCheck/delete_batch]}&quot; onto public java.util.Map com.cskaoyan.controller.qualifyMonitor.FinishmeasureController.deleteById(java.lang.String[])
17:41:18,591  INFO RequestMappingHandlerMapping:548 - Mapped &quot;{[/measure/edit || /fMeasureCheck/edit]}&quot; onto public java.lang.String com.cskaoyan.controller.qualifyMonitor.FinishmeasureController.editPage()
17:41:18,591  INFO RequestMappingHandlerMapping:548 - Mapped &quot;{[/measure/list || /fMeasureCheck/list]}&quot; onto public java.util.Map com.cskaoyan.controller.qualifyMonitor.FinishmeasureController.SelectByPage(int,int)
17:41:18,591  INFO RequestMappingHandlerMapping:548 - Mapped &quot;{[/measure/add || /fMeasureCheck/add]}&quot; onto public java.lang.String com.cskaoyan.controller.qualifyMonitor.FinishmeasureController.addPage()
17:41:18,591 DEBUG RequestMappingHandlerMapping:246 - 12 request handler methods found on class com.cskaoyan.controller.qualifyMonitor.ProcessCountCheckController: {public java.lang.String com.cskaoyan.controller.qualifyMonitor.ProcessCountCheckController.add()={[/p_count_check/add_judge || /pCountCheck/add_judge]}, public java.util.Map com.cskaoyan.controller.qualifyMonitor.ProcessCountCheckController.update(com.cskaoyan.domain.qualifyMonitor.ProcessCountCheck)={[/p_count_check/update_all || /pCountCheck/update_all]}, public java.lang.String com.cskaoyan.controller.qualifyMonitor.ProcessCountCheckController.find(javax.servlet.http.HttpSession)={[/p_count_check/find || /pCountCheck/find]}, public java.lang.String com.cskaoyan.controller.qualifyMonitor.ProcessCountCheckController.delete()={[/p_count_check/delete_judge || /pCountCheck/delete_judge]}, public java.util.Map com.cskaoyan.controller.qualifyMonitor.ProcessCountCheckController.insert(com.cskaoyan.domain.qualifyMonitor.ProcessCountCheck)={[/p_count_check/insert || /pCountCheck/insert]}, public java.lang.String com.cskaoyan.controller.qualifyMonitor.ProcessCountCheckController.edit()={[/p_count_check/edit_judge || /pCountCheck/edit_judge]}, public java.util.Map com.cskaoyan.controller.qualifyMonitor.ProcessCountCheckController.SearchByfCountCheckId(java.lang.String,int,int)={[/p_count_check/search_pCountCheck_by_pCountCheckId || /pCountCheck/search_pCountCheck_by_pCountCheckId]}, public java.util.Map com.cskaoyan.controller.qualifyMonitor.ProcessCountCheckController.updateNote(java.lang.String,java.lang.String)={[/p_count_check/update_note || /pCountCheck/update_note]}, public java.util.Map com.cskaoyan.controller.qualifyMonitor.ProcessCountCheckController.deleteById(java.lang.String[])={[/p_count_check/delete_batch || /pCountCheck/delete_batch]}, public java.lang.String com.cskaoyan.controller.qualifyMonitor.ProcessCountCheckController.editPage()={[/p_count_check/edit || /pCountCheck/edit]}, public java.util.Map com.cskaoyan.controller.qualifyMonitor.ProcessCountCheckController.SelectByPage(int,int)={[/p_count_check/list || /pCountCheck/list]}, public java.lang.String com.cskaoyan.controller.qualifyMonitor.ProcessCountCheckController.addPage()={[/p_count_check/add || /pCountCheck/add]}}
17:41:18,607  INFO RequestMappingHandlerMapping:548 - Mapped &quot;{[/p_count_check/add_judge || /pCountCheck/add_judge]}&quot; onto public java.lang.String com.cskaoyan.controller.qualifyMonitor.ProcessCountCheckController.add()
17:41:18,607  INFO RequestMappingHandlerMapping:548 - Mapped &quot;{[/p_count_check/update_all || /pCountCheck/update_all]}&quot; onto public java.util.Map com.cskaoyan.controller.qualifyMonitor.ProcessCountCheckController.update(com.cskaoyan.domain.qualifyMonitor.ProcessCountCheck)
17:41:18,607  INFO RequestMappingHandlerMapping:548 - Mapped &quot;{[/p_count_check/find || /pCountCheck/find]}&quot; onto public java.lang.String com.cskaoyan.controller.qualifyMonitor.ProcessCountCheckController.find(javax.servlet.http.HttpSession)
17:41:18,607  INFO RequestMappingHandlerMapping:548 - Mapped &quot;{[/p_count_check/delete_judge || /pCountCheck/delete_judge]}&quot; onto public java.lang.String com.cskaoyan.controller.qualifyMonitor.ProcessCountCheckController.delete()
17:41:18,607  INFO RequestMappingHandlerMapping:548 - Mapped &quot;{[/p_count_check/insert || /pCountCheck/insert]}&quot; onto public java.util.Map com.cskaoyan.controller.qualifyMonitor.ProcessCountCheckController.insert(com.cskaoyan.domain.qualifyMonitor.ProcessCountCheck)
17:41:18,607  INFO RequestMappingHandlerMapping:548 - Mapped &quot;{[/p_count_check/edit_judge || /pCountCheck/edit_judge]}&quot; onto public java.lang.String com.cskaoyan.controller.qualifyMonitor.ProcessCountCheckController.edit()
17:41:18,607  INFO RequestMappingHandlerMapping:548 - Mapped &quot;{[/p_count_check/search_pCountCheck_by_pCountCheckId || /pCountCheck/search_pCountCheck_by_pCountCheckId]}&quot; onto public java.util.Map com.cskaoyan.controller.qualifyMonitor.ProcessCountCheckController.SearchByfCountCheckId(java.lang.String,int,int)
17:41:18,607  INFO RequestMappingHandlerMapping:548 - Mapped &quot;{[/p_count_check/update_note || /pCountCheck/update_note]}&quot; onto public java.util.Map com.cskaoyan.controller.qualifyMonitor.ProcessCountCheckController.updateNote(java.lang.String,java.lang.String)
17:41:18,607  INFO RequestMappingHandlerMapping:548 - Mapped &quot;{[/p_count_check/delete_batch || /pCountCheck/delete_batch]}&quot; onto public java.util.Map com.cskaoyan.controller.qualifyMonitor.ProcessCountCheckController.deleteById(java.lang.String[])
17:41:18,607  INFO RequestMappingHandlerMapping:548 - Mapped &quot;{[/p_count_check/edit || /pCountCheck/edit]}&quot; onto public java.lang.String com.cskaoyan.controller.qualifyMonitor.ProcessCountCheckController.editPage()
17:41:18,607  INFO RequestMappingHandlerMapping:548 - Mapped &quot;{[/p_count_check/list || /pCountCheck/list]}&quot; onto public java.util.Map com.cskaoyan.controller.qualifyMonitor.ProcessCountCheckController.SelectByPage(int,int)
17:41:18,607  INFO RequestMappingHandlerMapping:548 - Mapped &quot;{[/p_count_check/add || /pCountCheck/add]}&quot; onto public java.lang.String com.cskaoyan.controller.qualifyMonitor.ProcessCountCheckController.addPage()
17:41:18,607 DEBUG RequestMappingHandlerMapping:246 - 12 request handler methods found on class com.cskaoyan.controller.qualifyMonitor.ProcessMeasureCheckController: {public java.lang.String com.cskaoyan.controller.qualifyMonitor.ProcessMeasureCheckController.add()={[/p_measure_check/add_judge || /pMeasureCheck/add_judge]}, public java.util.Map com.cskaoyan.controller.qualifyMonitor.ProcessMeasureCheckController.update(com.cskaoyan.domain.qualifyMonitor.ProcessMeasureCheck)={[/p_measure_check/update_all || /pMeasureCheck/update_all]}, public java.lang.String com.cskaoyan.controller.qualifyMonitor.ProcessMeasureCheckController.find(javax.servlet.http.HttpSession)={[/p_measure_check/find || /pMeasureCheck/find]}, public java.lang.String com.cskaoyan.controller.qualifyMonitor.ProcessMeasureCheckController.delete()={[/p_measure_check/delete_judge || /pMeasureCheck/delete_judge]}, public java.util.Map com.cskaoyan.controller.qualifyMonitor.ProcessMeasureCheckController.insert(com.cskaoyan.domain.qualifyMonitor.ProcessMeasureCheck)={[/p_measure_check/insert || /pMeasureCheck/insert]}, public java.lang.String com.cskaoyan.controller.qualifyMonitor.ProcessMeasureCheckController.edit()={[/p_measure_check/edit_judge || /pMeasureCheck/edit_judge]}, public java.util.Map com.cskaoyan.controller.qualifyMonitor.ProcessMeasureCheckController.SearchByfCountCheckId(java.lang.String,int,int)={[/p_measure_check/search_pMeasureCheck_by_pMeasureCheckId || /pMeasureCheck/search_pMeasureCheck_by_pMeasureCheckId]}, public java.util.Map com.cskaoyan.controller.qualifyMonitor.ProcessMeasureCheckController.updateNote(java.lang.String,java.lang.String)={[/p_measure_check/update_note || /pMeasureCheck/update_note]}, public java.util.Map com.cskaoyan.controller.qualifyMonitor.ProcessMeasureCheckController.deleteById(java.lang.String[])={[/p_measure_check/delete_batch || /pMeasureCheck/delete_batch]}, public java.lang.String com.cskaoyan.controller.qualifyMonitor.ProcessMeasureCheckController.editPage()={[/p_measure_check/edit || /pMeasureCheck/edit]}, public java.util.Map com.cskaoyan.controller.qualifyMonitor.ProcessMeasureCheckController.SelectByPage(int,int)={[/p_measure_check/list || /pMeasureCheck/list]}, public java.lang.String com.cskaoyan.controller.qualifyMonitor.ProcessMeasureCheckController.addPage()={[/p_measure_check/add || /pMeasureCheck/add]}}
17:41:18,607  INFO RequestMappingHandlerMapping:548 - Mapped &quot;{[/p_measure_check/add_judge || /pMeasureCheck/add_judge]}&quot; onto public java.lang.String com.cskaoyan.controller.qualifyMonitor.ProcessMeasureCheckController.add()
17:41:18,607  INFO RequestMappingHandlerMapping:548 - Mapped &quot;{[/p_measure_check/update_all || /pMeasureCheck/update_all]}&quot; onto public java.util.Map com.cskaoyan.controller.qualifyMonitor.ProcessMeasureCheckController.update(com.cskaoyan.domain.qualifyMonitor.ProcessMeasureCheck)
17:41:18,607  INFO RequestMappingHandlerMapping:548 - Mapped &quot;{[/p_measure_check/find || /pMeasureCheck/find]}&quot; onto public java.lang.String com.cskaoyan.controller.qualifyMonitor.ProcessMeasureCheckController.find(javax.servlet.http.HttpSession)
17:41:18,607  INFO RequestMappingHandlerMapping:548 - Mapped &quot;{[/p_measure_check/delete_judge || /pMeasureCheck/delete_judge]}&quot; onto public java.lang.String com.cskaoyan.controller.qualifyMonitor.ProcessMeasureCheckController.delete()
17:41:18,607  INFO RequestMappingHandlerMapping:548 - Mapped &quot;{[/p_measure_check/insert || /pMeasureCheck/insert]}&quot; onto public java.util.Map com.cskaoyan.controller.qualifyMonitor.ProcessMeasureCheckController.insert(com.cskaoyan.domain.qualifyMonitor.ProcessMeasureCheck)
17:41:18,607  INFO RequestMappingHandlerMapping:548 - Mapped &quot;{[/p_measure_check/edit_judge || /pMeasureCheck/edit_judge]}&quot; onto public java.lang.String com.cskaoyan.controller.qualifyMonitor.ProcessMeasureCheckController.edit()
17:41:18,607  INFO RequestMappingHandlerMapping:548 - Mapped &quot;{[/p_measure_check/search_pMeasureCheck_by_pMeasureCheckId || /pMeasureCheck/search_pMeasureCheck_by_pMeasureCheckId]}&quot; onto public java.util.Map com.cskaoyan.controller.qualifyMonitor.ProcessMeasureCheckController.SearchByfCountCheckId(java.lang.String,int,int)
17:41:18,607  INFO RequestMappingHandlerMapping:548 - Mapped &quot;{[/p_measure_check/update_note || /pMeasureCheck/update_note]}&quot; onto public java.util.Map com.cskaoyan.controller.qualifyMonitor.ProcessMeasureCheckController.updateNote(java.lang.String,java.lang.String)
17:41:18,607  INFO RequestMappingHandlerMapping:548 - Mapped &quot;{[/p_measure_check/delete_batch || /pMeasureCheck/delete_batch]}&quot; onto public java.util.Map com.cskaoyan.controller.qualifyMonitor.ProcessMeasureCheckController.deleteById(java.lang.String[])
17:41:18,607  INFO RequestMappingHandlerMapping:548 - Mapped &quot;{[/p_measure_check/edit || /pMeasureCheck/edit]}&quot; onto public java.lang.String com.cskaoyan.controller.qualifyMonitor.ProcessMeasureCheckController.editPage()
17:41:18,607  INFO RequestMappingHandlerMapping:548 - Mapped &quot;{[/p_measure_check/list || /pMeasureCheck/list]}&quot; onto public java.util.Map com.cskaoyan.controller.qualifyMonitor.ProcessMeasureCheckController.SelectByPage(int,int)
17:41:18,607  INFO RequestMappingHandlerMapping:548 - Mapped &quot;{[/p_measure_check/add || /pMeasureCheck/add]}&quot; onto public java.lang.String com.cskaoyan.controller.qualifyMonitor.ProcessMeasureCheckController.addPage()
17:41:18,638 DEBUG RequestMappingHandlerMapping:246 - 13 request handler methods found on class com.cskaoyan.controller.qualifyMonitor.UnqualifyController: {public java.lang.String com.cskaoyan.controller.qualifyMonitor.UnqualifyController.add()={[/unqualify/add_judge]}, public java.util.Map com.cskaoyan.controller.qualifyMonitor.UnqualifyController.update(com.cskaoyan.domain.qualifyMonitor.UnqualifyApply)={[/unqualify/update_all]}, public java.lang.String com.cskaoyan.controller.qualifyMonitor.UnqualifyController.find(javax.servlet.http.HttpSession)={[/unqualify/find]}, public java.lang.String com.cskaoyan.controller.qualifyMonitor.UnqualifyController.delete()={[/unqualify/delete_judge]}, public java.util.Map com.cskaoyan.controller.qualifyMonitor.UnqualifyController.insert(com.cskaoyan.domain.qualifyMonitor.UnqualifyApply,org.springframework.validation.BindingResult)={[/unqualify/insert]}, public java.lang.String com.cskaoyan.controller.qualifyMonitor.UnqualifyController.edit()={[/unqualify/edit_judge]}, public java.util.Map com.cskaoyan.controller.qualifyMonitor.UnqualifyController.SearchByfCountCheckId(java.lang.String,int,int)={[/unqualify/search_unqualify_by_unqualifyId]}, public java.util.Map com.cskaoyan.controller.qualifyMonitor.UnqualifyController.updateNote(java.lang.String,java.lang.String)={[/unqualify/update_note]}, public java.util.Map com.cskaoyan.controller.qualifyMonitor.UnqualifyController.SearchByorderId(java.lang.String,int,int)={[/unqualify/search_unqualify_by_productName]}, public java.util.Map com.cskaoyan.controller.qualifyMonitor.UnqualifyController.deleteById(java.lang.String[])={[/unqualify/delete_batch]}, public java.lang.String com.cskaoyan.controller.qualifyMonitor.UnqualifyController.editPage()={[/unqualify/edit]}, public java.util.Map com.cskaoyan.controller.qualifyMonitor.UnqualifyController.SelectByPage(int,int)={[/unqualify/list]}, public java.lang.String com.cskaoyan.controller.qualifyMonitor.UnqualifyController.addPage()={[/unqualify/add]}}
17:41:18,638  INFO RequestMappingHandlerMapping:548 - Mapped &quot;{[/unqualify/add_judge]}&quot; onto public java.lang.String com.cskaoyan.controller.qualifyMonitor.UnqualifyController.add()
17:41:18,638  INFO RequestMappingHandlerMapping:548 - Mapped &quot;{[/unqualify/update_all]}&quot; onto public java.util.Map com.cskaoyan.controller.qualifyMonitor.UnqualifyController.update(com.cskaoyan.domain.qualifyMonitor.UnqualifyApply)
17:41:18,638  INFO RequestMappingHandlerMapping:548 - Mapped &quot;{[/unqualify/find]}&quot; onto public java.lang.String com.cskaoyan.controller.qualifyMonitor.UnqualifyController.find(javax.servlet.http.HttpSession)
17:41:18,638  INFO RequestMappingHandlerMapping:548 - Mapped &quot;{[/unqualify/delete_judge]}&quot; onto public java.lang.String com.cskaoyan.controller.qualifyMonitor.UnqualifyController.delete()
17:41:18,638  INFO RequestMappingHandlerMapping:548 - Mapped &quot;{[/unqualify/insert]}&quot; onto public java.util.Map com.cskaoyan.controller.qualifyMonitor.UnqualifyController.insert(com.cskaoyan.domain.qualifyMonitor.UnqualifyApply,org.springframework.validation.BindingResult)
17:41:18,638  INFO RequestMappingHandlerMapping:548 - Mapped &quot;{[/unqualify/edit_judge]}&quot; onto public java.lang.String com.cskaoyan.controller.qualifyMonitor.UnqualifyController.edit()
17:41:18,638  INFO RequestMappingHandlerMapping:548 - Mapped &quot;{[/unqualify/search_unqualify_by_unqualifyId]}&quot; onto public java.util.Map com.cskaoyan.controller.qualifyMonitor.UnqualifyController.SearchByfCountCheckId(java.lang.String,int,int)
17:41:18,638  INFO RequestMappingHandlerMapping:548 - Mapped &quot;{[/unqualify/update_note]}&quot; onto public java.util.Map com.cskaoyan.controller.qualifyMonitor.UnqualifyController.updateNote(java.lang.String,java.lang.String)
17:41:18,638  INFO RequestMappingHandlerMapping:548 - Mapped &quot;{[/unqualify/search_unqualify_by_productName]}&quot; onto public java.util.Map com.cskaoyan.controller.qualifyMonitor.UnqualifyController.SearchByorderId(java.lang.String,int,int)
17:41:18,638  INFO RequestMappingHandlerMapping:548 - Mapped &quot;{[/unqualify/delete_batch]}&quot; onto public java.util.Map com.cskaoyan.controller.qualifyMonitor.UnqualifyController.deleteById(java.lang.String[])
17:41:18,638  INFO RequestMappingHandlerMapping:548 - Mapped &quot;{[/unqualify/edit]}&quot; onto public java.lang.String com.cskaoyan.controller.qualifyMonitor.UnqualifyController.editPage()
17:41:18,638  INFO RequestMappingHandlerMapping:548 - Mapped &quot;{[/unqualify/list]}&quot; onto public java.util.Map com.cskaoyan.controller.qualifyMonitor.UnqualifyController.SelectByPage(int,int)
17:41:18,638  INFO RequestMappingHandlerMapping:548 - Mapped &quot;{[/unqualify/add]}&quot; onto public java.lang.String com.cskaoyan.controller.qualifyMonitor.UnqualifyController.addPage()
17:41:18,653 DEBUG RequestMappingHandlerMapping:246 - 13 request handler methods found on class com.cskaoyan.controller.technologyMonitor.ProcessController: {public java.util.Map com.cskaoyan.controller.technologyMonitor.ProcessController.addJudge()={[/process/add_judge]}, public java.util.Map com.cskaoyan.controller.technologyMonitor.ProcessController.editJudge()={[/process/edit_judge]}, public java.util.Map com.cskaoyan.controller.technologyMonitor.ProcessController.deleteJudge()={[/process/delete_judge]}, public java.util.Map com.cskaoyan.controller.technologyMonitor.ProcessController.updateProcessByID(com.cskaoyan.domain.technologyMonitor.Process)={[/process/update_all]}, public java.lang.String com.cskaoyan.controller.technologyMonitor.ProcessController.findTechnologyJSP(javax.servlet.http.HttpSession)={[/process/find]}, public java.util.Map com.cskaoyan.controller.technologyMonitor.ProcessController.searchProcess(java.lang.String,java.lang.String,java.lang.Integer,java.lang.Integer)={[/process/{param}]}, public com.cskaoyan.domain.technologyMonitor.Process com.cskaoyan.controller.technologyMonitor.ProcessController.getProcessById(java.lang.String)={[/process/get/{id}]}, public java.util.Map com.cskaoyan.controller.technologyMonitor.ProcessController.deleteProcess(java.lang.String[])={[/process/delete_batch]}, public java.lang.String com.cskaoyan.controller.technologyMonitor.ProcessController.formEditPage()={[/process/edit]}, public java.util.Map com.cskaoyan.controller.technologyMonitor.ProcessController.insertTechnology(com.cskaoyan.domain.technologyMonitor.Process)={[/process/insert]}, public java.util.List com.cskaoyan.controller.technologyMonitor.ProcessController.selectProcessAll()={[/process/get_data]}, public java.lang.String com.cskaoyan.controller.technologyMonitor.ProcessController.formAddPage()={[/process/add]}, public java.util.Map com.cskaoyan.controller.technologyMonitor.ProcessController.selectProcess(java.lang.Integer,java.lang.Integer)={[/process/list]}}
17:41:18,653  INFO RequestMappingHandlerMapping:548 - Mapped &quot;{[/process/add_judge]}&quot; onto public java.util.Map com.cskaoyan.controller.technologyMonitor.ProcessController.addJudge()
17:41:18,653  INFO RequestMappingHandlerMapping:548 - Mapped &quot;{[/process/edit_judge]}&quot; onto public java.util.Map com.cskaoyan.controller.technologyMonitor.ProcessController.editJudge()
17:41:18,653  INFO RequestMappingHandlerMapping:548 - Mapped &quot;{[/process/delete_judge]}&quot; onto public java.util.Map com.cskaoyan.controller.technologyMonitor.ProcessController.deleteJudge()
17:41:18,653  INFO RequestMappingHandlerMapping:548 - Mapped &quot;{[/process/update_all]}&quot; onto public java.util.Map com.cskaoyan.controller.technologyMonitor.ProcessController.updateProcessByID(com.cskaoyan.domain.technologyMonitor.Process)
17:41:18,653  INFO RequestMappingHandlerMapping:548 - Mapped &quot;{[/process/find]}&quot; onto public java.lang.String com.cskaoyan.controller.technologyMonitor.ProcessController.findTechnologyJSP(javax.servlet.http.HttpSession)
17:41:18,653  INFO RequestMappingHandlerMapping:548 - Mapped &quot;{[/process/{param}]}&quot; onto public java.util.Map com.cskaoyan.controller.technologyMonitor.ProcessController.searchProcess(java.lang.String,java.lang.String,java.lang.Integer,java.lang.Integer)
17:41:18,653  INFO RequestMappingHandlerMapping:548 - Mapped &quot;{[/process/get/{id}]}&quot; onto public com.cskaoyan.domain.technologyMonitor.Process com.cskaoyan.controller.technologyMonitor.ProcessController.getProcessById(java.lang.String)
17:41:18,653  INFO RequestMappingHandlerMapping:548 - Mapped &quot;{[/process/delete_batch]}&quot; onto public java.util.Map com.cskaoyan.controller.technologyMonitor.ProcessController.deleteProcess(java.lang.String[])
17:41:18,653  INFO RequestMappingHandlerMapping:548 - Mapped &quot;{[/process/edit]}&quot; onto public java.lang.String com.cskaoyan.controller.technologyMonitor.ProcessController.formEditPage()
17:41:18,653  INFO RequestMappingHandlerMapping:548 - Mapped &quot;{[/process/insert]}&quot; onto public java.util.Map com.cskaoyan.controller.technologyMonitor.ProcessController.insertTechnology(com.cskaoyan.domain.technologyMonitor.Process)
17:41:18,653  INFO RequestMappingHandlerMapping:548 - Mapped &quot;{[/process/get_data]}&quot; onto public java.util.List com.cskaoyan.controller.technologyMonitor.ProcessController.selectProcessAll()
17:41:18,669  INFO RequestMappingHandlerMapping:548 - Mapped &quot;{[/process/add]}&quot; onto public java.lang.String com.cskaoyan.controller.technologyMonitor.ProcessController.formAddPage()
17:41:18,669  INFO RequestMappingHandlerMapping:548 - Mapped &quot;{[/process/list]}&quot; onto public java.util.Map com.cskaoyan.controller.technologyMonitor.ProcessController.selectProcess(java.lang.Integer,java.lang.Integer)
17:41:18,669 DEBUG RequestMappingHandlerMapping:246 - 11 request handler methods found on class com.cskaoyan.controller.technologyMonitor.TechnologyController: {public java.util.Map com.cskaoyan.controller.technologyMonitor.TechnologyController.addJudge()={[/technology/add_judge]}, public java.util.Map com.cskaoyan.controller.technologyMonitor.TechnologyController.editJudge()={[/technology/edit_judge]}, public java.util.Map com.cskaoyan.controller.technologyMonitor.TechnologyController.deleteJudge()={[/technology/delete_judge]}, public java.lang.String com.cskaoyan.controller.technologyMonitor.TechnologyController.findTechnologyJSP(javax.servlet.http.HttpSession)={[/technology/find]}, public java.util.List com.cskaoyan.controller.technologyMonitor.TechnologyController.selectTechnologyAll()={[/technology/get_data]}, public java.util.Map com.cskaoyan.controller.technologyMonitor.TechnologyController.updateTechnologyByID(com.cskaoyan.domain.technologyMonitor.Technology)={[/technology/update_all]}, public java.util.Map com.cskaoyan.controller.technologyMonitor.TechnologyController.selectTechnology(com.cskaoyan.domain.technologyMonitor.PageVO)={[/technology/list]}, public java.lang.String com.cskaoyan.controller.technologyMonitor.TechnologyController.formEditPage()={[/technology/edit]}, public java.util.Map com.cskaoyan.controller.technologyMonitor.TechnologyController.searchTechnology(java.lang.String,java.lang.String,java.lang.Integer,java.lang.Integer)={[/technology/{param}]}, public java.lang.String com.cskaoyan.controller.technologyMonitor.TechnologyController.formAddPage()={[/technology/add]}, public java.util.Map com.cskaoyan.controller.technologyMonitor.TechnologyController.deleteTechnology(java.lang.String[])={[/technology/delete_batch]}}
17:41:18,669  INFO RequestMappingHandlerMapping:548 - Mapped &quot;{[/technology/add_judge]}&quot; onto public java.util.Map com.cskaoyan.controller.technologyMonitor.TechnologyController.addJudge()
17:41:18,669  INFO RequestMappingHandlerMapping:548 - Mapped &quot;{[/technology/edit_judge]}&quot; onto public java.util.Map com.cskaoyan.controller.technologyMonitor.TechnologyController.editJudge()
17:41:18,669  INFO RequestMappingHandlerMapping:548 - Mapped &quot;{[/technology/delete_judge]}&quot; onto public java.util.Map com.cskaoyan.controller.technologyMonitor.TechnologyController.deleteJudge()
17:41:18,669  INFO RequestMappingHandlerMapping:548 - Mapped &quot;{[/technology/find]}&quot; onto public java.lang.String com.cskaoyan.controller.technologyMonitor.TechnologyController.findTechnologyJSP(javax.servlet.http.HttpSession)
17:41:18,669  INFO RequestMappingHandlerMapping:548 - Mapped &quot;{[/technology/get_data]}&quot; onto public java.util.List com.cskaoyan.controller.technologyMonitor.TechnologyController.selectTechnologyAll()
17:41:18,669  INFO RequestMappingHandlerMapping:548 - Mapped &quot;{[/technology/update_all]}&quot; onto public java.util.Map com.cskaoyan.controller.technologyMonitor.TechnologyController.updateTechnologyByID(com.cskaoyan.domain.technologyMonitor.Technology)
17:41:18,669  INFO RequestMappingHandlerMapping:548 - Mapped &quot;{[/technology/list]}&quot; onto public java.util.Map com.cskaoyan.controller.technologyMonitor.TechnologyController.selectTechnology(com.cskaoyan.domain.technologyMonitor.PageVO)
17:41:18,669  INFO RequestMappingHandlerMapping:548 - Mapped &quot;{[/technology/edit]}&quot; onto public java.lang.String com.cskaoyan.controller.technologyMonitor.TechnologyController.formEditPage()
17:41:18,669  INFO RequestMappingHandlerMapping:548 - Mapped &quot;{[/technology/{param}]}&quot; onto public java.util.Map com.cskaoyan.controller.technologyMonitor.TechnologyController.searchTechnology(java.lang.String,java.lang.String,java.lang.Integer,java.lang.Integer)
17:41:18,669  INFO RequestMappingHandlerMapping:548 - Mapped &quot;{[/technology/add]}&quot; onto public java.lang.String com.cskaoyan.controller.technologyMonitor.TechnologyController.formAddPage()
17:41:18,669  INFO RequestMappingHandlerMapping:548 - Mapped &quot;{[/technology/delete_batch]}&quot; onto public java.util.Map com.cskaoyan.controller.technologyMonitor.TechnologyController.deleteTechnology(java.lang.String[])
17:41:18,685 DEBUG RequestMappingHandlerMapping:246 - 12 request handler methods found on class com.cskaoyan.controller.technologyMonitor.TechnologyPlanController: {public java.util.Map com.cskaoyan.controller.technologyMonitor.TechnologyPlanController.addJudge()={[/technologyPlan/add_judge]}, public java.util.Map com.cskaoyan.controller.technologyMonitor.TechnologyPlanController.editJudge()={[/technologyPlan/edit_judge]}, public java.util.Map com.cskaoyan.controller.technologyMonitor.TechnologyPlanController.deleteJudge()={[/technologyPlan/delete_judge]}, public java.util.Map com.cskaoyan.controller.technologyMonitor.TechnologyPlanController.updateTechnologyPlanByID(com.cskaoyan.domain.technologyMonitor.TechnologyPlan)={[/technologyPlan/update_all]}, public java.util.Map com.cskaoyan.controller.technologyMonitor.TechnologyPlanController.insertTechnologyPlan(com.cskaoyan.domain.technologyMonitor.TechnologyPlan)={[/technologyPlan/insert]}, public java.util.Map com.cskaoyan.controller.technologyMonitor.TechnologyPlanController.searchTechnologyPlan(java.lang.String,java.lang.String,java.lang.Integer,java.lang.Integer)={[/technologyPlan/{param}]}, public java.util.Map com.cskaoyan.controller.technologyMonitor.TechnologyPlanController.deleteTechnologyPlan(java.lang.String[])={[/technologyPlan/delete_batch]}, public java.lang.String com.cskaoyan.controller.technologyMonitor.TechnologyPlanController.findTechnologyJSP(javax.servlet.http.HttpSession)={[/technologyPlan/find]}, public java.util.List com.cskaoyan.controller.technologyMonitor.TechnologyPlanController.selectTechnologyPlanAll()={[/technologyPlan/get_data]}, public java.util.Map com.cskaoyan.controller.technologyMonitor.TechnologyPlanController.selectTechnology(java.lang.Integer,java.lang.Integer)={[/technologyPlan/list]}, public java.lang.String com.cskaoyan.controller.technologyMonitor.TechnologyPlanController.formEditPage()={[/technologyPlan/edit]}, public java.lang.String com.cskaoyan.controller.technologyMonitor.TechnologyPlanController.formAddPage()={[/technologyPlan/add]}}
17:41:18,685  INFO RequestMappingHandlerMapping:548 - Mapped &quot;{[/technologyPlan/add_judge]}&quot; onto public java.util.Map com.cskaoyan.controller.technologyMonitor.TechnologyPlanController.addJudge()
17:41:18,685  INFO RequestMappingHandlerMapping:548 - Mapped &quot;{[/technologyPlan/edit_judge]}&quot; onto public java.util.Map com.cskaoyan.controller.technologyMonitor.TechnologyPlanController.editJudge()
17:41:18,685  INFO RequestMappingHandlerMapping:548 - Mapped &quot;{[/technologyPlan/delete_judge]}&quot; onto public java.util.Map com.cskaoyan.controller.technologyMonitor.TechnologyPlanController.deleteJudge()
17:41:18,685  INFO RequestMappingHandlerMapping:548 - Mapped &quot;{[/technologyPlan/update_all]}&quot; onto public java.util.Map com.cskaoyan.controller.technologyMonitor.TechnologyPlanController.updateTechnologyPlanByID(com.cskaoyan.domain.technologyMonitor.TechnologyPlan)
17:41:18,685  INFO RequestMappingHandlerMapping:548 - Mapped &quot;{[/technologyPlan/insert]}&quot; onto public java.util.Map com.cskaoyan.controller.technologyMonitor.TechnologyPlanController.insertTechnologyPlan(com.cskaoyan.domain.technologyMonitor.TechnologyPlan)
17:41:18,685  INFO RequestMappingHandlerMapping:548 - Mapped &quot;{[/technologyPlan/{param}]}&quot; onto public java.util.Map com.cskaoyan.controller.technologyMonitor.TechnologyPlanController.searchTechnologyPlan(java.lang.String,java.lang.String,java.lang.Integer,java.lang.Integer)
17:41:18,685  INFO RequestMappingHandlerMapping:548 - Mapped &quot;{[/technologyPlan/delete_batch]}&quot; onto public java.util.Map com.cskaoyan.controller.technologyMonitor.TechnologyPlanController.deleteTechnologyPlan(java.lang.String[])
17:41:18,685  INFO RequestMappingHandlerMapping:548 - Mapped &quot;{[/technologyPlan/find]}&quot; onto public java.lang.String com.cskaoyan.controller.technologyMonitor.TechnologyPlanController.findTechnologyJSP(javax.servlet.http.HttpSession)
17:41:18,685  INFO RequestMappingHandlerMapping:548 - Mapped &quot;{[/technologyPlan/get_data]}&quot; onto public java.util.List com.cskaoyan.controller.technologyMonitor.TechnologyPlanController.selectTechnologyPlanAll()
17:41:18,685  INFO RequestMappingHandlerMapping:548 - Mapped &quot;{[/technologyPlan/list]}&quot; onto public java.util.Map com.cskaoyan.controller.technologyMonitor.TechnologyPlanController.selectTechnology(java.lang.Integer,java.lang.Integer)
17:41:18,685  INFO RequestMappingHandlerMapping:548 - Mapped &quot;{[/technologyPlan/edit]}&quot; onto public java.lang.String com.cskaoyan.controller.technologyMonitor.TechnologyPlanController.formEditPage()
17:41:18,700  INFO RequestMappingHandlerMapping:548 - Mapped &quot;{[/technologyPlan/add]}&quot; onto public java.lang.String com.cskaoyan.controller.technologyMonitor.TechnologyPlanController.formAddPage()
17:41:18,700 DEBUG RequestMappingHandlerMapping:246 - 12 request handler methods found on class com.cskaoyan.controller.technologyMonitor.TechnologyRequirementController: {public java.util.Map com.cskaoyan.controller.technologyMonitor.TechnologyRequirementController.addJudge()={[/technologyRequirement/add_judge]}, public java.util.Map com.cskaoyan.controller.technologyMonitor.TechnologyRequirementController.editJudge()={[/technologyRequirement/edit_judge]}, public java.util.Map com.cskaoyan.controller.technologyMonitor.TechnologyRequirementController.deleteJudge()={[/technologyRequirement/delete_judge]}, public java.util.List com.cskaoyan.controller.technologyMonitor.TechnologyRequirementController.selectTechnologyAll()={[/technologyRequirement/get_data]}, public java.util.Map com.cskaoyan.controller.technologyMonitor.TechnologyRequirementController.updateTechnologyByID(com.cskaoyan.domain.technologyMonitor.TechnologyRequirement)={[/technologyRequirement/update_all]}, public java.lang.String com.cskaoyan.controller.technologyMonitor.TechnologyRequirementController.findTechnologyRequirementJSP(javax.servlet.http.HttpSession)={[/technologyRequirement/find]}, public java.util.Map com.cskaoyan.controller.technologyMonitor.TechnologyRequirementController.selectTechnologyRequirement(java.lang.Integer,java.lang.Integer)={[/technologyRequirement/list]}, public java.lang.String com.cskaoyan.controller.technologyMonitor.TechnologyRequirementController.formEditPage()={[/technologyRequirement/edit]}, public java.util.Map com.cskaoyan.controller.technologyMonitor.TechnologyRequirementController.insertTechnology(com.cskaoyan.domain.technologyMonitor.TechnologyRequirement)={[/technologyRequirement/insert]}, public java.util.Map com.cskaoyan.controller.technologyMonitor.TechnologyRequirementController.searchTechnology(java.lang.String,java.lang.String,java.lang.Integer,java.lang.Integer)={[/technologyRequirement/{param}]}, public java.lang.String com.cskaoyan.controller.technologyMonitor.TechnologyRequirementController.formAddPage()={[/technologyRequirement/add]}, public java.util.Map com.cskaoyan.controller.technologyMonitor.TechnologyRequirementController.deleteTechnology(java.lang.String[])={[/technologyRequirement/delete_batch]}}
17:41:18,700  INFO RequestMappingHandlerMapping:548 - Mapped &quot;{[/technologyRequirement/add_judge]}&quot; onto public java.util.Map com.cskaoyan.controller.technologyMonitor.TechnologyRequirementController.addJudge()
17:41:18,700  INFO RequestMappingHandlerMapping:548 - Mapped &quot;{[/technologyRequirement/edit_judge]}&quot; onto public java.util.Map com.cskaoyan.controller.technologyMonitor.TechnologyRequirementController.editJudge()
17:41:18,700  INFO RequestMappingHandlerMapping:548 - Mapped &quot;{[/technologyRequirement/delete_judge]}&quot; onto public java.util.Map com.cskaoyan.controller.technologyMonitor.TechnologyRequirementController.deleteJudge()
17:41:18,700  INFO RequestMappingHandlerMapping:548 - Mapped &quot;{[/technologyRequirement/get_data]}&quot; onto public java.util.List com.cskaoyan.controller.technologyMonitor.TechnologyRequirementController.selectTechnologyAll()
17:41:18,700  INFO RequestMappingHandlerMapping:548 - Mapped &quot;{[/technologyRequirement/update_all]}&quot; onto public java.util.Map com.cskaoyan.controller.technologyMonitor.TechnologyRequirementController.updateTechnologyByID(com.cskaoyan.domain.technologyMonitor.TechnologyRequirement)
17:41:18,700  INFO RequestMappingHandlerMapping:548 - Mapped &quot;{[/technologyRequirement/find]}&quot; onto public java.lang.String com.cskaoyan.controller.technologyMonitor.TechnologyRequirementController.findTechnologyRequirementJSP(javax.servlet.http.HttpSession)
17:41:18,700  INFO RequestMappingHandlerMapping:548 - Mapped &quot;{[/technologyRequirement/list]}&quot; onto public java.util.Map com.cskaoyan.controller.technologyMonitor.TechnologyRequirementController.selectTechnologyRequirement(java.lang.Integer,java.lang.Integer)
17:41:18,700  INFO RequestMappingHandlerMapping:548 - Mapped &quot;{[/technologyRequirement/edit]}&quot; onto public java.lang.String com.cskaoyan.controller.technologyMonitor.TechnologyRequirementController.formEditPage()
17:41:18,700  INFO RequestMappingHandlerMapping:548 - Mapped &quot;{[/technologyRequirement/insert]}&quot; onto public java.util.Map com.cskaoyan.controller.technologyMonitor.TechnologyRequirementController.insertTechnology(com.cskaoyan.domain.technologyMonitor.TechnologyRequirement)
17:41:18,700  INFO RequestMappingHandlerMapping:548 - Mapped &quot;{[/technologyRequirement/{param}]}&quot; onto public java.util.Map com.cskaoyan.controller.technologyMonitor.TechnologyRequirementController.searchTechnology(java.lang.String,java.lang.String,java.lang.Integer,java.lang.Integer)
17:41:18,700  INFO RequestMappingHandlerMapping:548 - Mapped &quot;{[/technologyRequirement/add]}&quot; onto public java.lang.String com.cskaoyan.controller.technologyMonitor.TechnologyRequirementController.formAddPage()
17:41:18,700  INFO RequestMappingHandlerMapping:548 - Mapped &quot;{[/technologyRequirement/delete_batch]}&quot; onto public java.util.Map com.cskaoyan.controller.technologyMonitor.TechnologyRequirementController.deleteTechnology(java.lang.String[])
17:41:18,716 DEBUG DefaultListableBeanFactory:255 - Returning cached instance of singleton bean &apos;org.springframework.transaction.config.internalTransactionAdvisor&apos;
17:41:18,731 DEBUG DefaultListableBeanFactory:504 - Finished creating instance of bean &apos;org.springframework.web.servlet.mvc.method.annotation.RequestMappingHandlerMapping&apos;
17:41:18,731 DEBUG DefaultListableBeanFactory:255 - Returning cached instance of singleton bean &apos;mvcCorsConfigurations&apos;
17:41:18,731 DEBUG DefaultListableBeanFactory:219 - Creating shared instance of singleton bean &apos;org.springframework.web.servlet.mvc.method.annotation.RequestMappingHandlerAdapter&apos;
17:41:18,731 DEBUG DefaultListableBeanFactory:467 - Creating instance of bean &apos;org.springframework.web.servlet.mvc.method.annotation.RequestMappingHandlerAdapter&apos;
17:41:19,028 DEBUG DefaultListableBeanFactory:573 - Eagerly caching bean &apos;org.springframework.web.servlet.mvc.method.annotation.RequestMappingHandlerAdapter&apos; to allow for resolving potential circular references
17:41:19,028 DEBUG DefaultListableBeanFactory:255 - Returning cached instance of singleton bean &apos;mvcContentNegotiationManager&apos;
17:41:19,028 DEBUG DefaultListableBeanFactory:467 - Creating instance of bean &apos;(inner bean)#200a26bc&apos;
17:41:19,044 DEBUG DefaultListableBeanFactory:255 - Returning cached instance of singleton bean &apos;service&apos;
17:41:19,044 DEBUG DefaultListableBeanFactory:219 - Creating shared instance of singleton bean &apos;validator&apos;
17:41:19,044 DEBUG DefaultListableBeanFactory:467 - Creating instance of bean &apos;validator&apos;
17:41:19,060 DEBUG DefaultListableBeanFactory:573 - Eagerly caching bean &apos;validator&apos; to allow for resolving potential circular references
17:41:19,060 DEBUG DefaultListableBeanFactory:1755 - Invoking afterPropertiesSet() on bean with name &apos;validator&apos;
17:41:19,091 DEBUG logging:29 - Logging Provider: org.jboss.logging.Log4jLoggerProvider
17:41:19,091  INFO Version:27 - HV000001: Hibernate Validator 5.1.0.Final
17:41:19,106 DEBUG DefaultTraversableResolver:74 - Cannot find javax.persistence.Persistence on classpath. Assuming non JPA 2 environment. All properties will per default be traversable.
17:41:19,122 DEBUG ConfigurationImpl:123 - Setting custom MessageInterpolator of type org.springframework.validation.beanvalidation.LocaleContextMessageInterpolator
17:41:19,122 DEBUG ConfigurationImpl:145 - Setting custom ConstraintValidatorFactory of type org.springframework.validation.beanvalidation.SpringConstraintValidatorFactory
17:41:19,122 DEBUG ConfigurationImpl:159 - Setting custom ParameterNameProvider of type org.springframework.validation.beanvalidation.LocalValidatorFactoryBean$1
17:41:19,122 DEBUG ValidationXmlParser:88 - Trying to load META-INF/validation.xml for XML based Validator configuration.
17:41:19,138 DEBUG ValidationXmlParser:95 - No META-INF/validation.xml found. Using annotation based configuration only.
17:41:19,216 DEBUG DefaultListableBeanFactory:255 - Returning cached instance of singleton bean &apos;org.springframework.transaction.config.internalTransactionAdvisor&apos;
17:41:19,216 DEBUG DefaultListableBeanFactory:504 - Finished creating instance of bean &apos;validator&apos;
17:41:19,216 DEBUG DefaultListableBeanFactory:255 - Returning cached instance of singleton bean &apos;org.springframework.transaction.config.internalTransactionAdvisor&apos;
17:41:19,216 DEBUG DefaultListableBeanFactory:504 - Finished creating instance of bean &apos;(inner bean)#200a26bc&apos;
17:41:19,216 DEBUG DefaultListableBeanFactory:467 - Creating instance of bean &apos;(inner bean)#7a34b7b8&apos;
17:41:19,233 DEBUG DefaultListableBeanFactory:255 - Returning cached instance of singleton bean &apos;org.springframework.transaction.config.internalTransactionAdvisor&apos;
17:41:19,233 DEBUG DefaultListableBeanFactory:504 - Finished creating instance of bean &apos;(inner bean)#7a34b7b8&apos;
17:41:19,233 DEBUG DefaultListableBeanFactory:467 - Creating instance of bean &apos;(inner bean)#3b65e559&apos;
17:41:19,233 DEBUG DefaultListableBeanFactory:255 - Returning cached instance of singleton bean &apos;org.springframework.transaction.config.internalTransactionAdvisor&apos;
17:41:19,233 DEBUG DefaultListableBeanFactory:504 - Finished creating instance of bean &apos;(inner bean)#3b65e559&apos;
17:41:19,233 DEBUG DefaultListableBeanFactory:467 - Creating instance of bean &apos;(inner bean)#74a9c4b0&apos;
17:41:19,233 DEBUG DefaultListableBeanFactory:255 - Returning cached instance of singleton bean &apos;org.springframework.transaction.config.internalTransactionAdvisor&apos;
17:41:19,233 DEBUG DefaultListableBeanFactory:504 - Finished creating instance of bean &apos;(inner bean)#74a9c4b0&apos;
17:41:19,233 DEBUG DefaultListableBeanFactory:467 - Creating instance of bean &apos;(inner bean)#1c05a54d&apos;
17:41:19,249 DEBUG DefaultListableBeanFactory:255 - Returning cached instance of singleton bean &apos;org.springframework.transaction.config.internalTransactionAdvisor&apos;
17:41:19,249 DEBUG DefaultListableBeanFactory:504 - Finished creating instance of bean &apos;(inner bean)#1c05a54d&apos;
17:41:19,264 DEBUG DefaultListableBeanFactory:467 - Creating instance of bean &apos;(inner bean)#1c4ee95c&apos;
17:41:19,280 DEBUG DefaultListableBeanFactory:255 - Returning cached instance of singleton bean &apos;org.springframework.transaction.config.internalTransactionAdvisor&apos;
17:41:19,280 DEBUG DefaultListableBeanFactory:504 - Finished creating instance of bean &apos;(inner bean)#1c4ee95c&apos;
17:41:19,280 DEBUG DefaultListableBeanFactory:467 - Creating instance of bean &apos;(inner bean)#79c4715d&apos;
17:41:19,280 DEBUG DefaultListableBeanFactory:255 - Returning cached instance of singleton bean &apos;org.springframework.transaction.config.internalTransactionAdvisor&apos;
17:41:19,280 DEBUG DefaultListableBeanFactory:504 - Finished creating instance of bean &apos;(inner bean)#79c4715d&apos;
17:41:19,280 DEBUG DefaultListableBeanFactory:467 - Creating instance of bean &apos;(inner bean)#35e52059&apos;
17:41:19,295 DEBUG DefaultListableBeanFactory:255 - Returning cached instance of singleton bean &apos;org.springframework.transaction.config.internalTransactionAdvisor&apos;
17:41:19,295 DEBUG DefaultListableBeanFactory:504 - Finished creating instance of bean &apos;(inner bean)#35e52059&apos;
17:41:19,295 DEBUG DefaultListableBeanFactory:467 - Creating instance of bean &apos;(inner bean)#6b5f8707&apos;
17:41:19,295 DEBUG DefaultListableBeanFactory:467 - Creating instance of bean &apos;(inner bean)#3d829787&apos;
17:41:19,311 DEBUG DefaultListableBeanFactory:1755 - Invoking afterPropertiesSet() on bean with name &apos;(inner bean)#3d829787&apos;
17:41:19,311 DEBUG DefaultListableBeanFactory:255 - Returning cached instance of singleton bean &apos;org.springframework.transaction.config.internalTransactionAdvisor&apos;
17:41:19,311 DEBUG DefaultListableBeanFactory:504 - Finished creating instance of bean &apos;(inner bean)#3d829787&apos;
17:41:19,311 DEBUG DefaultListableBeanFactory:255 - Returning cached instance of singleton bean &apos;org.springframework.transaction.config.internalTransactionAdvisor&apos;
17:41:19,342 DEBUG DefaultListableBeanFactory:255 - Returning cached instance of singleton bean &apos;org.springframework.transaction.config.internalTransactionAdvisor&apos;
17:41:19,358 DEBUG DefaultListableBeanFactory:504 - Finished creating instance of bean &apos;(inner bean)#6b5f8707&apos;
17:41:19,358 DEBUG DefaultListableBeanFactory:467 - Creating instance of bean &apos;(inner bean)#44ea608c&apos;
17:41:19,358 DEBUG DefaultListableBeanFactory:255 - Returning cached instance of singleton bean &apos;org.springframework.transaction.config.internalTransactionAdvisor&apos;
17:41:19,358 DEBUG DefaultListableBeanFactory:504 - Finished creating instance of bean &apos;(inner bean)#44ea608c&apos;
17:41:19,358 DEBUG DefaultListableBeanFactory:467 - Creating instance of bean &apos;(inner bean)#273c947f&apos;
17:41:19,358 DEBUG DefaultListableBeanFactory:255 - Returning cached instance of singleton bean &apos;org.springframework.transaction.config.internalTransactionAdvisor&apos;
17:41:19,373 DEBUG DefaultListableBeanFactory:504 - Finished creating instance of bean &apos;(inner bean)#273c947f&apos;
17:41:19,373 DEBUG DefaultListableBeanFactory:1755 - Invoking afterPropertiesSet() on bean with name &apos;org.springframework.web.servlet.mvc.method.annotation.RequestMappingHandlerAdapter&apos;
17:41:19,373  INFO RequestMappingHandlerAdapter:567 - Looking for @ControllerAdvice: org.springframework.context.support.GenericApplicationContext@26a7b76d: startup date [Mon Dec 10 17:41:14 CST 2018]; root of context hierarchy
17:41:19,420 DEBUG DefaultListableBeanFactory:255 - Returning cached instance of singleton bean &apos;org.springframework.transaction.config.internalTransactionAdvisor&apos;
17:41:19,436 DEBUG DefaultListableBeanFactory:504 - Finished creating instance of bean &apos;org.springframework.web.servlet.mvc.method.annotation.RequestMappingHandlerAdapter&apos;
17:41:19,436 DEBUG DefaultListableBeanFactory:219 - Creating shared instance of singleton bean &apos;mvcUriComponentsContributor&apos;
17:41:19,436 DEBUG DefaultListableBeanFactory:467 - Creating instance of bean &apos;mvcUriComponentsContributor&apos;
17:41:19,436 DEBUG DefaultListableBeanFactory:573 - Eagerly caching bean &apos;mvcUriComponentsContributor&apos; to allow for resolving potential circular references
17:41:19,436 DEBUG DefaultListableBeanFactory:467 - Creating instance of bean &apos;(inner bean)#37ff4054&apos;
17:41:19,436 DEBUG DefaultListableBeanFactory:255 - Returning cached instance of singleton bean &apos;mvcContentNegotiationManager&apos;
17:41:19,452 DEBUG DefaultListableBeanFactory:467 - Creating instance of bean &apos;(inner bean)#200a26bc#1&apos;
17:41:19,452 DEBUG DefaultListableBeanFactory:255 - Returning cached instance of singleton bean &apos;service&apos;
17:41:19,452 DEBUG DefaultListableBeanFactory:255 - Returning cached instance of singleton bean &apos;validator&apos;
17:41:19,452 DEBUG DefaultListableBeanFactory:255 - Returning cached instance of singleton bean &apos;org.springframework.transaction.config.internalTransactionAdvisor&apos;
17:41:19,452 DEBUG DefaultListableBeanFactory:504 - Finished creating instance of bean &apos;(inner bean)#200a26bc#1&apos;
17:41:19,452 DEBUG DefaultListableBeanFactory:467 - Creating instance of bean &apos;(inner bean)#7a34b7b8#1&apos;
17:41:19,452 DEBUG DefaultListableBeanFactory:255 - Returning cached instance of singleton bean &apos;org.springframework.transaction.config.internalTransactionAdvisor&apos;
17:41:19,452 DEBUG DefaultListableBeanFactory:504 - Finished creating instance of bean &apos;(inner bean)#7a34b7b8#1&apos;
17:41:19,452 DEBUG DefaultListableBeanFactory:467 - Creating instance of bean &apos;(inner bean)#3b65e559#1&apos;
17:41:19,452 DEBUG DefaultListableBeanFactory:255 - Returning cached instance of singleton bean &apos;org.springframework.transaction.config.internalTransactionAdvisor&apos;
17:41:19,452 DEBUG DefaultListableBeanFactory:504 - Finished creating instance of bean &apos;(inner bean)#3b65e559#1&apos;
17:41:19,452 DEBUG DefaultListableBeanFactory:467 - Creating instance of bean &apos;(inner bean)#74a9c4b0#1&apos;
17:41:19,483 DEBUG DefaultListableBeanFactory:255 - Returning cached instance of singleton bean &apos;org.springframework.transaction.config.internalTransactionAdvisor&apos;
17:41:19,483 DEBUG DefaultListableBeanFactory:504 - Finished creating instance of bean &apos;(inner bean)#74a9c4b0#1&apos;
17:41:19,483 DEBUG DefaultListableBeanFactory:467 - Creating instance of bean &apos;(inner bean)#1c05a54d#1&apos;
17:41:19,483 DEBUG DefaultListableBeanFactory:255 - Returning cached instance of singleton bean &apos;org.springframework.transaction.config.internalTransactionAdvisor&apos;
17:41:19,483 DEBUG DefaultListableBeanFactory:504 - Finished creating instance of bean &apos;(inner bean)#1c05a54d#1&apos;
17:41:19,483 DEBUG DefaultListableBeanFactory:467 - Creating instance of bean &apos;(inner bean)#1c4ee95c#1&apos;
17:41:19,483 DEBUG DefaultListableBeanFactory:255 - Returning cached instance of singleton bean &apos;org.springframework.transaction.config.internalTransactionAdvisor&apos;
17:41:19,483 DEBUG DefaultListableBeanFactory:504 - Finished creating instance of bean &apos;(inner bean)#1c4ee95c#1&apos;
17:41:19,483 DEBUG DefaultListableBeanFactory:467 - Creating instance of bean &apos;(inner bean)#79c4715d#1&apos;
17:41:19,483 DEBUG DefaultListableBeanFactory:255 - Returning cached instance of singleton bean &apos;org.springframework.transaction.config.internalTransactionAdvisor&apos;
17:41:19,483 DEBUG DefaultListableBeanFactory:504 - Finished creating instance of bean &apos;(inner bean)#79c4715d#1&apos;
17:41:19,483 DEBUG DefaultListableBeanFactory:467 - Creating instance of bean &apos;(inner bean)#35e52059#1&apos;
17:41:19,483 DEBUG DefaultListableBeanFactory:255 - Returning cached instance of singleton bean &apos;org.springframework.transaction.config.internalTransactionAdvisor&apos;
17:41:19,483 DEBUG DefaultListableBeanFactory:504 - Finished creating instance of bean &apos;(inner bean)#35e52059#1&apos;
17:41:19,483 DEBUG DefaultListableBeanFactory:467 - Creating instance of bean &apos;(inner bean)#6b5f8707#1&apos;
17:41:19,483 DEBUG DefaultListableBeanFactory:467 - Creating instance of bean &apos;(inner bean)#3d829787#1&apos;
17:41:19,483 DEBUG DefaultListableBeanFactory:1755 - Invoking afterPropertiesSet() on bean with name &apos;(inner bean)#3d829787#1&apos;
17:41:19,498 DEBUG DefaultListableBeanFactory:255 - Returning cached instance of singleton bean &apos;org.springframework.transaction.config.internalTransactionAdvisor&apos;
17:41:19,498 DEBUG DefaultListableBeanFactory:504 - Finished creating instance of bean &apos;(inner bean)#3d829787#1&apos;
17:41:19,498 DEBUG DefaultListableBeanFactory:255 - Returning cached instance of singleton bean &apos;org.springframework.transaction.config.internalTransactionAdvisor&apos;
17:41:19,498 DEBUG DefaultListableBeanFactory:255 - Returning cached instance of singleton bean &apos;org.springframework.transaction.config.internalTransactionAdvisor&apos;
17:41:19,498 DEBUG DefaultListableBeanFactory:504 - Finished creating instance of bean &apos;(inner bean)#6b5f8707#1&apos;
17:41:19,498 DEBUG DefaultListableBeanFactory:467 - Creating instance of bean &apos;(inner bean)#44ea608c#1&apos;
17:41:19,498 DEBUG DefaultListableBeanFactory:255 - Returning cached instance of singleton bean &apos;org.springframework.transaction.config.internalTransactionAdvisor&apos;
17:41:19,498 DEBUG DefaultListableBeanFactory:504 - Finished creating instance of bean &apos;(inner bean)#44ea608c#1&apos;
17:41:19,498 DEBUG DefaultListableBeanFactory:467 - Creating instance of bean &apos;(inner bean)#273c947f#1&apos;
17:41:19,498 DEBUG DefaultListableBeanFactory:255 - Returning cached instance of singleton bean &apos;org.springframework.transaction.config.internalTransactionAdvisor&apos;
17:41:19,498 DEBUG DefaultListableBeanFactory:504 - Finished creating instance of bean &apos;(inner bean)#273c947f#1&apos;
17:41:19,498 DEBUG DefaultListableBeanFactory:1755 - Invoking afterPropertiesSet() on bean with name &apos;(inner bean)#37ff4054&apos;
17:41:19,498  INFO RequestMappingHandlerAdapter:567 - Looking for @ControllerAdvice: org.springframework.context.support.GenericApplicationContext@26a7b76d: startup date [Mon Dec 10 17:41:14 CST 2018]; root of context hierarchy
17:41:19,514 DEBUG DefaultListableBeanFactory:255 - Returning cached instance of singleton bean &apos;org.springframework.transaction.config.internalTransactionAdvisor&apos;
17:41:19,514 DEBUG DefaultListableBeanFactory:504 - Finished creating instance of bean &apos;(inner bean)#37ff4054&apos;
17:41:19,514 DEBUG DefaultListableBeanFactory:255 - Returning cached instance of singleton bean &apos;service&apos;
17:41:19,514 DEBUG DefaultListableBeanFactory:1755 - Invoking afterPropertiesSet() on bean with name &apos;mvcUriComponentsContributor&apos;
17:41:19,514 DEBUG DefaultListableBeanFactory:255 - Returning cached instance of singleton bean &apos;org.springframework.transaction.config.internalTransactionAdvisor&apos;
17:41:19,514 DEBUG DefaultListableBeanFactory:504 - Finished creating instance of bean &apos;mvcUriComponentsContributor&apos;
17:41:19,514 DEBUG DefaultListableBeanFactory:255 - Returning cached instance of singleton bean &apos;org.springframework.web.servlet.handler.MappedInterceptor#0&apos;
17:41:19,514 DEBUG DefaultListableBeanFactory:219 - Creating shared instance of singleton bean &apos;org.springframework.web.servlet.mvc.method.annotation.ExceptionHandlerExceptionResolver#0&apos;
17:41:19,514 DEBUG DefaultListableBeanFactory:467 - Creating instance of bean &apos;org.springframework.web.servlet.mvc.method.annotation.ExceptionHandlerExceptionResolver#0&apos;
17:41:19,514 DEBUG DefaultListableBeanFactory:573 - Eagerly caching bean &apos;org.springframework.web.servlet.mvc.method.annotation.ExceptionHandlerExceptionResolver#0&apos; to allow for resolving potential circular references
17:41:19,530 DEBUG DefaultListableBeanFactory:255 - Returning cached instance of singleton bean &apos;mvcContentNegotiationManager&apos;
17:41:19,530 DEBUG DefaultListableBeanFactory:467 - Creating instance of bean &apos;(inner bean)#7a34b7b8#2&apos;
17:41:19,530 DEBUG DefaultListableBeanFactory:255 - Returning cached instance of singleton bean &apos;org.springframework.transaction.config.internalTransactionAdvisor&apos;
17:41:19,530 DEBUG DefaultListableBeanFactory:504 - Finished creating instance of bean &apos;(inner bean)#7a34b7b8#2&apos;
17:41:19,530 DEBUG DefaultListableBeanFactory:467 - Creating instance of bean &apos;(inner bean)#3b65e559#2&apos;
17:41:19,530 DEBUG DefaultListableBeanFactory:255 - Returning cached instance of singleton bean &apos;org.springframework.transaction.config.internalTransactionAdvisor&apos;
17:41:19,530 DEBUG DefaultListableBeanFactory:504 - Finished creating instance of bean &apos;(inner bean)#3b65e559#2&apos;
17:41:19,545 DEBUG DefaultListableBeanFactory:467 - Creating instance of bean &apos;(inner bean)#74a9c4b0#2&apos;
17:41:19,545 DEBUG DefaultListableBeanFactory:255 - Returning cached instance of singleton bean &apos;org.springframework.transaction.config.internalTransactionAdvisor&apos;
17:41:19,545 DEBUG DefaultListableBeanFactory:504 - Finished creating instance of bean &apos;(inner bean)#74a9c4b0#2&apos;
17:41:19,545 DEBUG DefaultListableBeanFactory:467 - Creating instance of bean &apos;(inner bean)#1c05a54d#2&apos;
17:41:19,545 DEBUG DefaultListableBeanFactory:255 - Returning cached instance of singleton bean &apos;org.springframework.transaction.config.internalTransactionAdvisor&apos;
17:41:19,545 DEBUG DefaultListableBeanFactory:504 - Finished creating instance of bean &apos;(inner bean)#1c05a54d#2&apos;
17:41:19,545 DEBUG DefaultListableBeanFactory:467 - Creating instance of bean &apos;(inner bean)#1c4ee95c#2&apos;
17:41:19,545 DEBUG DefaultListableBeanFactory:255 - Returning cached instance of singleton bean &apos;org.springframework.transaction.config.internalTransactionAdvisor&apos;
17:41:19,545 DEBUG DefaultListableBeanFactory:504 - Finished creating instance of bean &apos;(inner bean)#1c4ee95c#2&apos;
17:41:19,545 DEBUG DefaultListableBeanFactory:467 - Creating instance of bean &apos;(inner bean)#79c4715d#2&apos;
17:41:19,545 DEBUG DefaultListableBeanFactory:255 - Returning cached instance of singleton bean &apos;org.springframework.transaction.config.internalTransactionAdvisor&apos;
17:41:19,545 DEBUG DefaultListableBeanFactory:504 - Finished creating instance of bean &apos;(inner bean)#79c4715d#2&apos;
17:41:19,545 DEBUG DefaultListableBeanFactory:467 - Creating instance of bean &apos;(inner bean)#35e52059#2&apos;
17:41:19,561 DEBUG DefaultListableBeanFactory:255 - Returning cached instance of singleton bean &apos;org.springframework.transaction.config.internalTransactionAdvisor&apos;
17:41:19,561 DEBUG DefaultListableBeanFactory:504 - Finished creating instance of bean &apos;(inner bean)#35e52059#2&apos;
17:41:19,561 DEBUG DefaultListableBeanFactory:467 - Creating instance of bean &apos;(inner bean)#6b5f8707#2&apos;
17:41:19,561 DEBUG DefaultListableBeanFactory:467 - Creating instance of bean &apos;(inner bean)#3d829787#2&apos;
17:41:19,561 DEBUG DefaultListableBeanFactory:1755 - Invoking afterPropertiesSet() on bean with name &apos;(inner bean)#3d829787#2&apos;
17:41:19,561 DEBUG DefaultListableBeanFactory:255 - Returning cached instance of singleton bean &apos;org.springframework.transaction.config.internalTransactionAdvisor&apos;
17:41:19,561 DEBUG DefaultListableBeanFactory:504 - Finished creating instance of bean &apos;(inner bean)#3d829787#2&apos;
17:41:19,561 DEBUG DefaultListableBeanFactory:255 - Returning cached instance of singleton bean &apos;org.springframework.transaction.config.internalTransactionAdvisor&apos;
17:41:19,561 DEBUG DefaultListableBeanFactory:255 - Returning cached instance of singleton bean &apos;org.springframework.transaction.config.internalTransactionAdvisor&apos;
17:41:19,561 DEBUG DefaultListableBeanFactory:504 - Finished creating instance of bean &apos;(inner bean)#6b5f8707#2&apos;
17:41:19,561 DEBUG DefaultListableBeanFactory:467 - Creating instance of bean &apos;(inner bean)#6f330eb9&apos;
17:41:19,561 DEBUG DefaultListableBeanFactory:255 - Returning cached instance of singleton bean &apos;org.springframework.transaction.config.internalTransactionAdvisor&apos;
17:41:19,561 DEBUG DefaultListableBeanFactory:504 - Finished creating instance of bean &apos;(inner bean)#6f330eb9&apos;
17:41:19,561 DEBUG DefaultListableBeanFactory:1755 - Invoking afterPropertiesSet() on bean with name &apos;org.springframework.web.servlet.mvc.method.annotation.ExceptionHandlerExceptionResolver#0&apos;
17:41:19,561 DEBUG ExceptionHandlerExceptionResolver:274 - Looking for exception mappings: org.springframework.context.support.GenericApplicationContext@26a7b76d: startup date [Mon Dec 10 17:41:14 CST 2018]; root of context hierarchy
17:41:19,561 DEBUG DefaultListableBeanFactory:255 - Returning cached instance of singleton bean &apos;org.springframework.transaction.config.internalTransactionAdvisor&apos;
17:41:19,561 DEBUG DefaultListableBeanFactory:504 - Finished creating instance of bean &apos;org.springframework.web.servlet.mvc.method.annotation.ExceptionHandlerExceptionResolver#0&apos;
17:41:19,561 DEBUG DefaultListableBeanFactory:219 - Creating shared instance of singleton bean &apos;org.springframework.web.servlet.mvc.annotation.ResponseStatusExceptionResolver#0&apos;
17:41:19,577 DEBUG DefaultListableBeanFactory:467 - Creating instance of bean &apos;org.springframework.web.servlet.mvc.annotation.ResponseStatusExceptionResolver#0&apos;
17:41:19,577 DEBUG DefaultListableBeanFactory:573 - Eagerly caching bean &apos;org.springframework.web.servlet.mvc.annotation.ResponseStatusExceptionResolver#0&apos; to allow for resolving potential circular references
17:41:19,577 DEBUG DefaultListableBeanFactory:255 - Returning cached instance of singleton bean &apos;org.springframework.transaction.config.internalTransactionAdvisor&apos;
17:41:19,577 DEBUG DefaultListableBeanFactory:504 - Finished creating instance of bean &apos;org.springframework.web.servlet.mvc.annotation.ResponseStatusExceptionResolver#0&apos;
17:41:19,577 DEBUG DefaultListableBeanFactory:219 - Creating shared instance of singleton bean &apos;org.springframework.web.servlet.mvc.support.DefaultHandlerExceptionResolver#0&apos;
17:41:19,577 DEBUG DefaultListableBeanFactory:467 - Creating instance of bean &apos;org.springframework.web.servlet.mvc.support.DefaultHandlerExceptionResolver#0&apos;
17:41:19,577 DEBUG DefaultListableBeanFactory:573 - Eagerly caching bean &apos;org.springframework.web.servlet.mvc.support.DefaultHandlerExceptionResolver#0&apos; to allow for resolving potential circular references
17:41:19,577 DEBUG DefaultListableBeanFactory:255 - Returning cached instance of singleton bean &apos;org.springframework.transaction.config.internalTransactionAdvisor&apos;
17:41:19,577 DEBUG DefaultListableBeanFactory:504 - Finished creating instance of bean &apos;org.springframework.web.servlet.mvc.support.DefaultHandlerExceptionResolver#0&apos;
17:41:19,577 DEBUG DefaultListableBeanFactory:219 - Creating shared instance of singleton bean &apos;org.springframework.web.servlet.handler.BeanNameUrlHandlerMapping&apos;
17:41:19,577 DEBUG DefaultListableBeanFactory:467 - Creating instance of bean &apos;org.springframework.web.servlet.handler.BeanNameUrlHandlerMapping&apos;
17:41:19,577 DEBUG DefaultListableBeanFactory:573 - Eagerly caching bean &apos;org.springframework.web.servlet.handler.BeanNameUrlHandlerMapping&apos; to allow for resolving potential circular references
17:41:19,592 DEBUG DefaultListableBeanFactory:255 - Returning cached instance of singleton bean &apos;mvcCorsConfigurations&apos;
17:41:19,592 DEBUG DefaultListableBeanFactory:255 - Returning cached instance of singleton bean &apos;org.springframework.web.servlet.handler.MappedInterceptor#0&apos;
17:41:19,592 DEBUG DefaultListableBeanFactory:255 - Returning cached instance of singleton bean &apos;org.springframework.web.servlet.handler.MappedInterceptor#1&apos;
17:41:19,592 DEBUG BeanNameUrlHandlerMapping:73 - Looking for URL mappings in application context: org.springframework.context.support.GenericApplicationContext@26a7b76d: startup date [Mon Dec 10 17:41:14 CST 2018]; root of context hierarchy
17:41:19,592 DEBUG BeanNameUrlHandlerMapping:88 - Rejected bean name &apos;customController&apos;: no URL paths identified
17:41:19,592 DEBUG BeanNameUrlHandlerMapping:88 - Rejected bean name &apos;manufactureController&apos;: no URL paths identified
17:41:19,592 DEBUG BeanNameUrlHandlerMapping:88 - Rejected bean name &apos;orderController&apos;: no URL paths identified
17:41:19,592 DEBUG BeanNameUrlHandlerMapping:88 - Rejected bean name &apos;productController&apos;: no URL paths identified
17:41:19,592 DEBUG BeanNameUrlHandlerMapping:88 - Rejected bean name &apos;taskController&apos;: no URL paths identified
17:41:19,592 DEBUG BeanNameUrlHandlerMapping:88 - Rejected bean name &apos;workController&apos;: no URL paths identified
17:41:19,592 DEBUG BeanNameUrlHandlerMapping:88 - Rejected bean name &apos;deviceCheckController&apos;: no URL paths identified
17:41:19,592 DEBUG BeanNameUrlHandlerMapping:88 - Rejected bean name &apos;deviceController&apos;: no URL paths identified
17:41:19,592 DEBUG BeanNameUrlHandlerMapping:88 - Rejected bean name &apos;deviceFaultController&apos;: no URL paths identified
17:41:19,592 DEBUG BeanNameUrlHandlerMapping:88 - Rejected bean name &apos;deviceJsonController&apos;: no URL paths identified
17:41:19,592 DEBUG BeanNameUrlHandlerMapping:88 - Rejected bean name &apos;deviceListController&apos;: no URL paths identified
17:41:19,592 DEBUG BeanNameUrlHandlerMapping:88 - Rejected bean name &apos;deviceMaintainController&apos;: no URL paths identified
17:41:19,592 DEBUG BeanNameUrlHandlerMapping:88 - Rejected bean name &apos;deviceTypeController&apos;: no URL paths identified
17:41:19,592 DEBUG BeanNameUrlHandlerMapping:88 - Rejected bean name &apos;fileControl&apos;: no URL paths identified
17:41:19,592 DEBUG BeanNameUrlHandlerMapping:88 - Rejected bean name &apos;formController&apos;: no URL paths identified
17:41:19,592 DEBUG BeanNameUrlHandlerMapping:88 - Rejected bean name &apos;departmentController&apos;: no URL paths identified
17:41:19,592 DEBUG BeanNameUrlHandlerMapping:88 - Rejected bean name &apos;employeeController&apos;: no URL paths identified
17:41:19,592 DEBUG BeanNameUrlHandlerMapping:88 - Rejected bean name &apos;picControl&apos;: no URL paths identified
17:41:19,592 DEBUG BeanNameUrlHandlerMapping:88 - Rejected bean name &apos;finalCountCheckController&apos;: no URL paths identified
17:41:19,592 DEBUG BeanNameUrlHandlerMapping:88 - Rejected bean name &apos;finishmeasureController&apos;: no URL paths identified
17:41:19,592 DEBUG BeanNameUrlHandlerMapping:88 - Rejected bean name &apos;processCountCheckController&apos;: no URL paths identified
17:41:19,592 DEBUG BeanNameUrlHandlerMapping:88 - Rejected bean name &apos;processMeasureCheckController&apos;: no URL paths identified
17:41:19,592 DEBUG BeanNameUrlHandlerMapping:88 - Rejected bean name &apos;unqualifyController&apos;: no URL paths identified
17:41:19,592 DEBUG BeanNameUrlHandlerMapping:88 - Rejected bean name &apos;processController&apos;: no URL paths identified
17:41:19,592 DEBUG BeanNameUrlHandlerMapping:88 - Rejected bean name &apos;technologyController&apos;: no URL paths identified
17:41:19,592 DEBUG BeanNameUrlHandlerMapping:88 - Rejected bean name &apos;technologyPlanController&apos;: no URL paths identified
17:41:19,592 DEBUG BeanNameUrlHandlerMapping:88 - Rejected bean name &apos;technologyRequirementController&apos;: no URL paths identified
17:41:19,592 DEBUG BeanNameUrlHandlerMapping:88 - Rejected bean name &apos;processExample&apos;: no URL paths identified
17:41:19,592 DEBUG BeanNameUrlHandlerMapping:88 - Rejected bean name &apos;technologyExample&apos;: no URL paths identified
17:41:19,592 DEBUG BeanNameUrlHandlerMapping:88 - Rejected bean name &apos;technologyPlanExample&apos;: no URL paths identified
17:41:19,592 DEBUG BeanNameUrlHandlerMapping:88 - Rejected bean name &apos;technologyRequirementExample&apos;: no URL paths identified
17:41:19,592 DEBUG BeanNameUrlHandlerMapping:88 - Rejected bean name &apos;custom&apos;: no URL paths identified
17:41:19,592 DEBUG BeanNameUrlHandlerMapping:88 - Rejected bean name &apos;manufactureServiceimp&apos;: no URL paths identified
17:41:19,592 DEBUG BeanNameUrlHandlerMapping:88 - Rejected bean name &apos;orderServiceimp&apos;: no URL paths identified
17:41:19,592 DEBUG BeanNameUrlHandlerMapping:88 - Rejected bean name &apos;productServiceimp&apos;: no URL paths identified
17:41:19,608 DEBUG BeanNameUrlHandlerMapping:88 - Rejected bean name &apos;taskServiceimp&apos;: no URL paths identified
17:41:19,608 DEBUG BeanNameUrlHandlerMapping:88 - Rejected bean name &apos;workServiceimp&apos;: no URL paths identified
17:41:19,608 DEBUG BeanNameUrlHandlerMapping:88 - Rejected bean name &apos;deviceCheckServiceImpl&apos;: no URL paths identified
17:41:19,608 DEBUG BeanNameUrlHandlerMapping:88 - Rejected bean name &apos;deviceFaultServiceImpl&apos;: no URL paths identified
17:41:19,608 DEBUG BeanNameUrlHandlerMapping:88 - Rejected bean name &apos;deviceListServiceImpl&apos;: no URL paths identified
17:41:19,608 DEBUG BeanNameUrlHandlerMapping:88 - Rejected bean name &apos;deviceMaintainServiceImpl&apos;: no URL paths identified
17:41:19,608 DEBUG BeanNameUrlHandlerMapping:88 - Rejected bean name &apos;deviceTypeServiceImpl&apos;: no URL paths identified
17:41:19,608 DEBUG BeanNameUrlHandlerMapping:88 - Rejected bean name &apos;departmentServiceimp&apos;: no URL paths identified
17:41:19,608 DEBUG BeanNameUrlHandlerMapping:88 - Rejected bean name &apos;employeeServiceimp&apos;: no URL paths identified
17:41:19,608 DEBUG BeanNameUrlHandlerMapping:88 - Rejected bean name &apos;finalCountCheckServiceImpl&apos;: no URL paths identified
17:41:19,608 DEBUG BeanNameUrlHandlerMapping:88 - Rejected bean name &apos;finishmeasureServiceImpl&apos;: no URL paths identified
17:41:19,608 DEBUG BeanNameUrlHandlerMapping:88 - Rejected bean name &apos;processCountCheckServiceImpl&apos;: no URL paths identified
17:41:19,608 DEBUG BeanNameUrlHandlerMapping:88 - Rejected bean name &apos;processMeasureCheckServiceImpl&apos;: no URL paths identified
17:41:19,608 DEBUG BeanNameUrlHandlerMapping:88 - Rejected bean name &apos;unqualifyServiceImpl&apos;: no URL paths identified
17:41:19,608 DEBUG BeanNameUrlHandlerMapping:88 - Rejected bean name &apos;processServiceImpl&apos;: no URL paths identified
17:41:19,608 DEBUG BeanNameUrlHandlerMapping:88 - Rejected bean name &apos;technologyPlanServiceImpl&apos;: no URL paths identified
17:41:19,608 DEBUG BeanNameUrlHandlerMapping:88 - Rejected bean name &apos;technologyRequirementServiceImpl&apos;: no URL paths identified
17:41:19,608 DEBUG BeanNameUrlHandlerMapping:88 - Rejected bean name &apos;technologyServiceImpl&apos;: no URL paths identified
17:41:19,608 DEBUG BeanNameUrlHandlerMapping:88 - Rejected bean name &apos;org.springframework.context.annotation.internalConfigurationAnnotationProcessor&apos;: no URL paths identified
17:41:19,608 DEBUG BeanNameUrlHandlerMapping:88 - Rejected bean name &apos;org.springframework.context.annotation.internalAutowiredAnnotationProcessor&apos;: no URL paths identified
17:41:19,608 DEBUG BeanNameUrlHandlerMapping:88 - Rejected bean name &apos;org.springframework.context.annotation.internalRequiredAnnotationProcessor&apos;: no URL paths identified
17:41:19,608 DEBUG BeanNameUrlHandlerMapping:88 - Rejected bean name &apos;org.springframework.context.annotation.internalCommonAnnotationProcessor&apos;: no URL paths identified
17:41:19,608 DEBUG BeanNameUrlHandlerMapping:88 - Rejected bean name &apos;org.springframework.context.event.internalEventListenerProcessor&apos;: no URL paths identified
17:41:19,608 DEBUG BeanNameUrlHandlerMapping:88 - Rejected bean name &apos;org.springframework.context.event.internalEventListenerFactory&apos;: no URL paths identified
17:41:19,608 DEBUG BeanNameUrlHandlerMapping:88 - Rejected bean name &apos;mvcContentNegotiationManager&apos;: no URL paths identified
17:41:19,608 DEBUG BeanNameUrlHandlerMapping:88 - Rejected bean name &apos;org.springframework.web.servlet.mvc.method.annotation.RequestMappingHandlerMapping&apos;: no URL paths identified
17:41:19,608 DEBUG BeanNameUrlHandlerMapping:88 - Rejected bean name &apos;mvcCorsConfigurations&apos;: no URL paths identified
17:41:19,608 DEBUG BeanNameUrlHandlerMapping:88 - Rejected bean name &apos;org.springframework.web.servlet.mvc.method.annotation.RequestMappingHandlerAdapter&apos;: no URL paths identified
17:41:19,608 DEBUG BeanNameUrlHandlerMapping:88 - Rejected bean name &apos;mvcUriComponentsContributor&apos;: no URL paths identified
17:41:19,608 DEBUG BeanNameUrlHandlerMapping:88 - Rejected bean name &apos;org.springframework.web.servlet.handler.MappedInterceptor#0&apos;: no URL paths identified
17:41:19,608 DEBUG BeanNameUrlHandlerMapping:88 - Rejected bean name &apos;org.springframework.web.servlet.mvc.method.annotation.ExceptionHandlerExceptionResolver#0&apos;: no URL paths identified
17:41:19,608 DEBUG BeanNameUrlHandlerMapping:88 - Rejected bean name &apos;org.springframework.web.servlet.mvc.annotation.ResponseStatusExceptionResolver#0&apos;: no URL paths identified
17:41:19,608 DEBUG BeanNameUrlHandlerMapping:88 - Rejected bean name &apos;org.springframework.web.servlet.mvc.support.DefaultHandlerExceptionResolver#0&apos;: no URL paths identified
17:41:19,608 DEBUG BeanNameUrlHandlerMapping:88 - Rejected bean name &apos;org.springframework.web.servlet.handler.BeanNameUrlHandlerMapping&apos;: no URL paths identified
17:41:19,608 DEBUG BeanNameUrlHandlerMapping:88 - Rejected bean name &apos;org.springframework.web.servlet.mvc.HttpRequestHandlerAdapter&apos;: no URL paths identified
17:41:19,608 DEBUG BeanNameUrlHandlerMapping:88 - Rejected bean name &apos;org.springframework.web.servlet.mvc.SimpleControllerHandlerAdapter&apos;: no URL paths identified
17:41:19,608 DEBUG BeanNameUrlHandlerMapping:88 - Rejected bean name &apos;mvcHandlerMappingIntrospector&apos;: no URL paths identified
17:41:19,608 DEBUG BeanNameUrlHandlerMapping:88 - Rejected bean name &apos;validator&apos;: no URL paths identified
17:41:19,608 DEBUG BeanNameUrlHandlerMapping:88 - Rejected bean name &apos;viewResolver&apos;: no URL paths identified
17:41:19,608 DEBUG BeanNameUrlHandlerMapping:88 - Rejected bean name &apos;multipartResolver&apos;: no URL paths identified
17:41:19,608 DEBUG BeanNameUrlHandlerMapping:88 - Rejected bean name &apos;sqlSessionFactory&apos;: no URL paths identified
17:41:19,608 DEBUG BeanNameUrlHandlerMapping:88 - Rejected bean name &apos;mapperScannerConfigurer&apos;: no URL paths identified
17:41:19,608 DEBUG BeanNameUrlHandlerMapping:88 - Rejected bean name &apos;datasource&apos;: no URL paths identified
17:41:19,608 DEBUG BeanNameUrlHandlerMapping:88 - Rejected bean name &apos;org.springframework.transaction.config.internalTransactionalEventListenerFactory&apos;: no URL paths identified
17:41:19,608 DEBUG BeanNameUrlHandlerMapping:88 - Rejected bean name &apos;org.springframework.aop.config.internalAutoProxyCreator&apos;: no URL paths identified
17:41:19,608 DEBUG BeanNameUrlHandlerMapping:88 - Rejected bean name &apos;org.springframework.transaction.annotation.AnnotationTransactionAttributeSource#0&apos;: no URL paths identified
17:41:19,608 DEBUG BeanNameUrlHandlerMapping:88 - Rejected bean name &apos;org.springframework.transaction.interceptor.TransactionInterceptor#0&apos;: no URL paths identified
17:41:19,608 DEBUG BeanNameUrlHandlerMapping:88 - Rejected bean name &apos;org.springframework.transaction.config.internalTransactionAdvisor&apos;: no URL paths identified
17:41:19,608 DEBUG BeanNameUrlHandlerMapping:88 - Rejected bean name &apos;transactionManager&apos;: no URL paths identified
17:41:19,608 DEBUG BeanNameUrlHandlerMapping:88 - Rejected bean name &apos;mvcResourceUrlProvider&apos;: no URL paths identified
17:41:19,608 DEBUG BeanNameUrlHandlerMapping:88 - Rejected bean name &apos;org.springframework.web.servlet.handler.MappedInterceptor#1&apos;: no URL paths identified
17:41:19,608 DEBUG BeanNameUrlHandlerMapping:88 - Rejected bean name &apos;mvcPathMatcher&apos;: no URL paths identified
17:41:19,608 DEBUG BeanNameUrlHandlerMapping:88 - Rejected bean name &apos;mvcUrlPathHelper&apos;: no URL paths identified
17:41:19,608 DEBUG BeanNameUrlHandlerMapping:88 - Rejected bean name &apos;org.springframework.web.servlet.resource.ResourceHttpRequestHandler#0&apos;: no URL paths identified
17:41:19,608 DEBUG BeanNameUrlHandlerMapping:88 - Rejected bean name &apos;org.springframework.web.servlet.handler.SimpleUrlHandlerMapping#0&apos;: no URL paths identified
17:41:19,608 DEBUG BeanNameUrlHandlerMapping:88 - Rejected bean name &apos;service&apos;: no URL paths identified
17:41:19,608 DEBUG BeanNameUrlHandlerMapping:88 - Rejected bean name &apos;customMapper&apos;: no URL paths identified
17:41:19,608 DEBUG BeanNameUrlHandlerMapping:88 - Rejected bean name &apos;manufactureMapper&apos;: no URL paths identified
17:41:19,608 DEBUG BeanNameUrlHandlerMapping:88 - Rejected bean name &apos;orderMapper&apos;: no URL paths identified
17:41:19,608 DEBUG BeanNameUrlHandlerMapping:88 - Rejected bean name &apos;productMapper&apos;: no URL paths identified
17:41:19,608 DEBUG BeanNameUrlHandlerMapping:88 - Rejected bean name &apos;taskMapper&apos;: no URL paths identified
17:41:19,608 DEBUG BeanNameUrlHandlerMapping:88 - Rejected bean name &apos;workMapper&apos;: no URL paths identified
17:41:19,608 DEBUG BeanNameUrlHandlerMapping:88 - Rejected bean name &apos;device_checkMapper&apos;: no URL paths identified
17:41:19,608 DEBUG BeanNameUrlHandlerMapping:88 - Rejected bean name &apos;device_faultMapper&apos;: no URL paths identified
17:41:19,608 DEBUG BeanNameUrlHandlerMapping:88 - Rejected bean name &apos;device_maintainMapper&apos;: no URL paths identified
17:41:19,608 DEBUG BeanNameUrlHandlerMapping:88 - Rejected bean name &apos;device_typeMapper&apos;: no URL paths identified
17:41:19,608 DEBUG BeanNameUrlHandlerMapping:88 - Rejected bean name &apos;deviceMapper&apos;: no URL paths identified
17:41:19,608 DEBUG BeanNameUrlHandlerMapping:88 - Rejected bean name &apos;departmentMapper&apos;: no URL paths identified
17:41:19,608 DEBUG BeanNameUrlHandlerMapping:88 - Rejected bean name &apos;employeeMapper&apos;: no URL paths identified
17:41:19,608 DEBUG BeanNameUrlHandlerMapping:88 - Rejected bean name &apos;finalCountCheckMapper&apos;: no URL paths identified
17:41:19,608 DEBUG BeanNameUrlHandlerMapping:88 - Rejected bean name &apos;finalMeasuretCheckMapper&apos;: no URL paths identified
17:41:19,608 DEBUG BeanNameUrlHandlerMapping:88 - Rejected bean name &apos;processCountCheckMapper&apos;: no URL paths identified
17:41:19,608 DEBUG BeanNameUrlHandlerMapping:88 - Rejected bean name &apos;processMeasureCheckMapper&apos;: no URL paths identified
17:41:19,608 DEBUG BeanNameUrlHandlerMapping:88 - Rejected bean name &apos;unqualifyApplyMapper&apos;: no URL paths identified
17:41:19,608 DEBUG BeanNameUrlHandlerMapping:88 - Rejected bean name &apos;processMapper&apos;: no URL paths identified
17:41:19,623 DEBUG BeanNameUrlHandlerMapping:88 - Rejected bean name &apos;technologyMapper&apos;: no URL paths identified
17:41:19,623 DEBUG BeanNameUrlHandlerMapping:88 - Rejected bean name &apos;technologyPlanMapper&apos;: no URL paths identified
17:41:19,623 DEBUG BeanNameUrlHandlerMapping:88 - Rejected bean name &apos;technologyRequirementMapper&apos;: no URL paths identified
17:41:19,623 DEBUG BeanNameUrlHandlerMapping:88 - Rejected bean name &apos;environment&apos;: no URL paths identified
17:41:19,623 DEBUG BeanNameUrlHandlerMapping:88 - Rejected bean name &apos;systemProperties&apos;: no URL paths identified
17:41:19,623 DEBUG BeanNameUrlHandlerMapping:88 - Rejected bean name &apos;systemEnvironment&apos;: no URL paths identified
17:41:19,623 DEBUG BeanNameUrlHandlerMapping:88 - Rejected bean name &apos;org.springframework.context.annotation.ConfigurationClassPostProcessor.importRegistry&apos;: no URL paths identified
17:41:19,623 DEBUG BeanNameUrlHandlerMapping:88 - Rejected bean name &apos;messageSource&apos;: no URL paths identified
17:41:19,623 DEBUG BeanNameUrlHandlerMapping:88 - Rejected bean name &apos;applicationEventMulticaster&apos;: no URL paths identified
17:41:19,623 DEBUG DefaultListableBeanFactory:255 - Returning cached instance of singleton bean &apos;org.springframework.transaction.config.internalTransactionAdvisor&apos;
17:41:19,623 DEBUG DefaultListableBeanFactory:504 - Finished creating instance of bean &apos;org.springframework.web.servlet.handler.BeanNameUrlHandlerMapping&apos;
17:41:19,623 DEBUG DefaultListableBeanFactory:219 - Creating shared instance of singleton bean &apos;org.springframework.web.servlet.mvc.HttpRequestHandlerAdapter&apos;
17:41:19,623 DEBUG DefaultListableBeanFactory:467 - Creating instance of bean &apos;org.springframework.web.servlet.mvc.HttpRequestHandlerAdapter&apos;
17:41:19,623 DEBUG DefaultListableBeanFactory:573 - Eagerly caching bean &apos;org.springframework.web.servlet.mvc.HttpRequestHandlerAdapter&apos; to allow for resolving potential circular references
17:41:19,623 DEBUG DefaultListableBeanFactory:255 - Returning cached instance of singleton bean &apos;org.springframework.transaction.config.internalTransactionAdvisor&apos;
17:41:19,623 DEBUG DefaultListableBeanFactory:504 - Finished creating instance of bean &apos;org.springframework.web.servlet.mvc.HttpRequestHandlerAdapter&apos;
17:41:19,623 DEBUG DefaultListableBeanFactory:219 - Creating shared instance of singleton bean &apos;org.springframework.web.servlet.mvc.SimpleControllerHandlerAdapter&apos;
17:41:19,623 DEBUG DefaultListableBeanFactory:467 - Creating instance of bean &apos;org.springframework.web.servlet.mvc.SimpleControllerHandlerAdapter&apos;
17:41:19,623 DEBUG DefaultListableBeanFactory:573 - Eagerly caching bean &apos;org.springframework.web.servlet.mvc.SimpleControllerHandlerAdapter&apos; to allow for resolving potential circular references
17:41:19,623 DEBUG DefaultListableBeanFactory:255 - Returning cached instance of singleton bean &apos;org.springframework.transaction.config.internalTransactionAdvisor&apos;
17:41:19,623 DEBUG DefaultListableBeanFactory:504 - Finished creating instance of bean &apos;org.springframework.web.servlet.mvc.SimpleControllerHandlerAdapter&apos;
17:41:19,623 DEBUG DefaultListableBeanFactory:255 - Returning cached instance of singleton bean &apos;validator&apos;
17:41:19,623 DEBUG DefaultListableBeanFactory:219 - Creating shared instance of singleton bean &apos;viewResolver&apos;
17:41:19,623 DEBUG DefaultListableBeanFactory:467 - Creating instance of bean &apos;viewResolver&apos;
17:41:19,639 DEBUG DefaultListableBeanFactory:573 - Eagerly caching bean &apos;viewResolver&apos; to allow for resolving potential circular references
17:41:19,639 DEBUG DefaultListableBeanFactory:255 - Returning cached instance of singleton bean &apos;org.springframework.transaction.config.internalTransactionAdvisor&apos;
17:41:19,639 DEBUG DefaultListableBeanFactory:504 - Finished creating instance of bean &apos;viewResolver&apos;
17:41:19,655 DEBUG DefaultListableBeanFactory:219 - Creating shared instance of singleton bean &apos;multipartResolver&apos;
17:41:19,655 DEBUG DefaultListableBeanFactory:467 - Creating instance of bean &apos;multipartResolver&apos;
17:41:19,655 DEBUG DefaultListableBeanFactory:573 - Eagerly caching bean &apos;multipartResolver&apos; to allow for resolving potential circular references
17:41:19,686 DEBUG DefaultListableBeanFactory:255 - Returning cached instance of singleton bean &apos;org.springframework.transaction.config.internalTransactionAdvisor&apos;
17:41:19,686 DEBUG DefaultListableBeanFactory:504 - Finished creating instance of bean &apos;multipartResolver&apos;
17:41:19,686 DEBUG DefaultListableBeanFactory:255 - Returning cached instance of singleton bean &apos;sqlSessionFactory&apos;
17:41:19,686 DEBUG DefaultListableBeanFactory:255 - Returning cached instance of singleton bean &apos;mapperScannerConfigurer&apos;
17:41:19,686 DEBUG DefaultListableBeanFactory:255 - Returning cached instance of singleton bean &apos;datasource&apos;
17:41:19,686 DEBUG DefaultListableBeanFactory:219 - Creating shared instance of singleton bean &apos;org.springframework.transaction.config.internalTransactionalEventListenerFactory&apos;
17:41:19,686 DEBUG DefaultListableBeanFactory:467 - Creating instance of bean &apos;org.springframework.transaction.config.internalTransactionalEventListenerFactory&apos;
17:41:19,686 DEBUG DefaultListableBeanFactory:573 - Eagerly caching bean &apos;org.springframework.transaction.config.internalTransactionalEventListenerFactory&apos; to allow for resolving potential circular references
17:41:19,686 DEBUG DefaultListableBeanFactory:255 - Returning cached instance of singleton bean &apos;org.springframework.transaction.config.internalTransactionAdvisor&apos;
17:41:19,702 DEBUG DefaultListableBeanFactory:504 - Finished creating instance of bean &apos;org.springframework.transaction.config.internalTransactionalEventListenerFactory&apos;
17:41:19,702 DEBUG DefaultListableBeanFactory:255 - Returning cached instance of singleton bean &apos;org.springframework.aop.config.internalAutoProxyCreator&apos;
17:41:19,702 DEBUG DefaultListableBeanFactory:255 - Returning cached instance of singleton bean &apos;org.springframework.transaction.annotation.AnnotationTransactionAttributeSource#0&apos;
17:41:19,702 DEBUG DefaultListableBeanFactory:219 - Creating shared instance of singleton bean &apos;org.springframework.transaction.interceptor.TransactionInterceptor#0&apos;
17:41:19,702 DEBUG DefaultListableBeanFactory:467 - Creating instance of bean &apos;org.springframework.transaction.interceptor.TransactionInterceptor#0&apos;
17:41:19,702 DEBUG DefaultListableBeanFactory:573 - Eagerly caching bean &apos;org.springframework.transaction.interceptor.TransactionInterceptor#0&apos; to allow for resolving potential circular references
17:41:19,717 DEBUG DefaultListableBeanFactory:255 - Returning cached instance of singleton bean &apos;org.springframework.transaction.annotation.AnnotationTransactionAttributeSource#0&apos;
17:41:19,717 DEBUG DefaultListableBeanFactory:1755 - Invoking afterPropertiesSet() on bean with name &apos;org.springframework.transaction.interceptor.TransactionInterceptor#0&apos;
17:41:19,733 DEBUG DefaultListableBeanFactory:504 - Finished creating instance of bean &apos;org.springframework.transaction.interceptor.TransactionInterceptor#0&apos;
17:41:19,733 DEBUG DefaultListableBeanFactory:255 - Returning cached instance of singleton bean &apos;org.springframework.transaction.config.internalTransactionAdvisor&apos;
17:41:19,733 DEBUG DefaultListableBeanFactory:219 - Creating shared instance of singleton bean &apos;transactionManager&apos;
17:41:19,733 DEBUG DefaultListableBeanFactory:467 - Creating instance of bean &apos;transactionManager&apos;
17:41:19,748 DEBUG DefaultListableBeanFactory:573 - Eagerly caching bean &apos;transactionManager&apos; to allow for resolving potential circular references
17:41:19,764 DEBUG DefaultListableBeanFactory:255 - Returning cached instance of singleton bean &apos;datasource&apos;
17:41:19,764 DEBUG DefaultListableBeanFactory:1755 - Invoking afterPropertiesSet() on bean with name &apos;transactionManager&apos;
17:41:19,764 DEBUG DefaultListableBeanFactory:255 - Returning cached instance of singleton bean &apos;org.springframework.transaction.config.internalTransactionAdvisor&apos;
17:41:19,764 DEBUG DefaultListableBeanFactory:504 - Finished creating instance of bean &apos;transactionManager&apos;
17:41:19,780 DEBUG DefaultListableBeanFactory:219 - Creating shared instance of singleton bean &apos;mvcResourceUrlProvider&apos;
17:41:19,780 DEBUG DefaultListableBeanFactory:467 - Creating instance of bean &apos;mvcResourceUrlProvider&apos;
17:41:19,780 DEBUG DefaultListableBeanFactory:573 - Eagerly caching bean &apos;mvcResourceUrlProvider&apos; to allow for resolving potential circular references
17:41:19,780 DEBUG DefaultListableBeanFactory:255 - Returning cached instance of singleton bean &apos;org.springframework.transaction.config.internalTransactionAdvisor&apos;
17:41:19,780 DEBUG DefaultListableBeanFactory:504 - Finished creating instance of bean &apos;mvcResourceUrlProvider&apos;
17:41:19,780 DEBUG DefaultListableBeanFactory:255 - Returning cached instance of singleton bean &apos;org.springframework.web.servlet.handler.MappedInterceptor#1&apos;
17:41:19,780 DEBUG DefaultListableBeanFactory:219 - Creating shared instance of singleton bean &apos;mvcPathMatcher&apos;
17:41:19,780 DEBUG DefaultListableBeanFactory:467 - Creating instance of bean &apos;mvcPathMatcher&apos;
17:41:19,780 DEBUG DefaultListableBeanFactory:573 - Eagerly caching bean &apos;mvcPathMatcher&apos; to allow for resolving potential circular references
17:41:19,780 DEBUG DefaultListableBeanFactory:255 - Returning cached instance of singleton bean &apos;org.springframework.transaction.config.internalTransactionAdvisor&apos;
17:41:19,780 DEBUG DefaultListableBeanFactory:504 - Finished creating instance of bean &apos;mvcPathMatcher&apos;
17:41:19,795 DEBUG DefaultListableBeanFactory:219 - Creating shared instance of singleton bean &apos;mvcUrlPathHelper&apos;
17:41:19,795 DEBUG DefaultListableBeanFactory:467 - Creating instance of bean &apos;mvcUrlPathHelper&apos;
17:41:19,795 DEBUG DefaultListableBeanFactory:573 - Eagerly caching bean &apos;mvcUrlPathHelper&apos; to allow for resolving potential circular references
17:41:19,795 DEBUG DefaultListableBeanFactory:255 - Returning cached instance of singleton bean &apos;org.springframework.transaction.config.internalTransactionAdvisor&apos;
17:41:19,795 DEBUG DefaultListableBeanFactory:504 - Finished creating instance of bean &apos;mvcUrlPathHelper&apos;
17:41:19,795 DEBUG DefaultListableBeanFactory:219 - Creating shared instance of singleton bean &apos;org.springframework.web.servlet.resource.ResourceHttpRequestHandler#0&apos;
17:41:19,795 DEBUG DefaultListableBeanFactory:467 - Creating instance of bean &apos;org.springframework.web.servlet.resource.ResourceHttpRequestHandler#0&apos;
17:41:19,811 DEBUG DefaultListableBeanFactory:573 - Eagerly caching bean &apos;org.springframework.web.servlet.resource.ResourceHttpRequestHandler#0&apos; to allow for resolving potential circular references
17:41:19,826 DEBUG DefaultListableBeanFactory:255 - Returning cached instance of singleton bean &apos;mvcUrlPathHelper&apos;
17:41:19,826 DEBUG DefaultListableBeanFactory:255 - Returning cached instance of singleton bean &apos;mvcContentNegotiationManager&apos;
17:41:19,826 DEBUG DefaultListableBeanFactory:1755 - Invoking afterPropertiesSet() on bean with name &apos;org.springframework.web.servlet.resource.ResourceHttpRequestHandler#0&apos;
17:41:19,842  WARN GenericApplicationContext:557 - Exception encountered during context initialization - cancelling refresh attempt: org.springframework.beans.factory.BeanCreationException: Error creating bean with name &apos;org.springframework.web.servlet.resource.ResourceHttpRequestHandler#0&apos;: Invocation of init method failed; nested exception is java.lang.IllegalStateException: WebApplicationObjectSupport instance [ResourceHttpRequestHandler [locations=[class path resource [WEB-INF/]], resolvers=[org.springframework.web.servlet.resource.PathResourceResolver@ec50f54]]] does not run in a WebApplicationContext but in: org.springframework.context.support.GenericApplicationContext@26a7b76d: startup date [Mon Dec 10 17:41:14 CST 2018]; root of context hierarchy
17:41:19,842 DEBUG DefaultListableBeanFactory:510 - Destroying singletons in org.springframework.beans.factory.support.DefaultListableBeanFactory@5b12b668: defining beans [customController,manufactureController,orderController,productController,taskController,workController,deviceCheckController,deviceController,deviceFaultController,deviceJsonController,deviceListController,deviceMaintainController,deviceTypeController,fileControl,formController,departmentController,employeeController,picControl,finalCountCheckController,finishmeasureController,processCountCheckController,processMeasureCheckController,unqualifyController,processController,technologyController,technologyPlanController,technologyRequirementController,processExample,technologyExample,technologyPlanExample,technologyRequirementExample,custom,manufactureServiceimp,orderServiceimp,productServiceimp,taskServiceimp,workServiceimp,deviceCheckServiceImpl,deviceFaultServiceImpl,deviceListServiceImpl,deviceMaintainServiceImpl,deviceTypeServiceImpl,departmentServiceimp,employeeServiceimp,finalCountCheckServiceImpl,finishmeasureServiceImpl,processCountCheckServiceImpl,processMeasureCheckServiceImpl,unqualifyServiceImpl,processServiceImpl,technologyPlanServiceImpl,technologyRequirementServiceImpl,technologyServiceImpl,org.springframework.context.annotation.internalConfigurationAnnotationProcessor,org.springframework.context.annotation.internalAutowiredAnnotationProcessor,org.springframework.context.annotation.internalRequiredAnnotationProcessor,org.springframework.context.annotation.internalCommonAnnotationProcessor,org.springframework.context.event.internalEventListenerProcessor,org.springframework.context.event.internalEventListenerFactory,mvcContentNegotiationManager,org.springframework.web.servlet.mvc.method.annotation.RequestMappingHandlerMapping,mvcCorsConfigurations,org.springframework.web.servlet.mvc.method.annotation.RequestMappingHandlerAdapter,mvcUriComponentsContributor,org.springframework.web.servlet.handler.MappedInterceptor#0,org.springframework.web.servlet.mvc.method.annotation.ExceptionHandlerExceptionResolver#0,org.springframework.web.servlet.mvc.annotation.ResponseStatusExceptionResolver#0,org.springframework.web.servlet.mvc.support.DefaultHandlerExceptionResolver#0,org.springframework.web.servlet.handler.BeanNameUrlHandlerMapping,org.springframework.web.servlet.mvc.HttpRequestHandlerAdapter,org.springframework.web.servlet.mvc.SimpleControllerHandlerAdapter,mvcHandlerMappingIntrospector,validator,viewResolver,multipartResolver,sqlSessionFactory,mapperScannerConfigurer,datasource,org.springframework.transaction.config.internalTransactionalEventListenerFactory,org.springframework.aop.config.internalAutoProxyCreator,org.springframework.transaction.annotation.AnnotationTransactionAttributeSource#0,org.springframework.transaction.interceptor.TransactionInterceptor#0,org.springframework.transaction.config.internalTransactionAdvisor,transactionManager,mvcResourceUrlProvider,org.springframework.web.servlet.handler.MappedInterceptor#1,mvcPathMatcher,mvcUrlPathHelper,org.springframework.web.servlet.resource.ResourceHttpRequestHandler#0,org.springframework.web.servlet.handler.SimpleUrlHandlerMapping#0,service,customMapper,manufactureMapper,orderMapper,productMapper,taskMapper,workMapper,device_checkMapper,device_faultMapper,device_maintainMapper,device_typeMapper,deviceMapper,departmentMapper,employeeMapper,finalCountCheckMapper,finalMeasuretCheckMapper,processCountCheckMapper,processMeasureCheckMapper,unqualifyApplyMapper,processMapper,technologyMapper,technologyPlanMapper,technologyRequirementMapper]; root of factory hierarchy
17:41:19,842 DEBUG DefaultListableBeanFactory:566 - Retrieved dependent beans for bean &apos;validator&apos;: [(inner bean)#200a26bc, (inner bean)#200a26bc#1]
17:41:19,842 DEBUG DefaultListableBeanFactory:566 - Retrieved dependent beans for bean &apos;(inner bean)#200a26bc&apos;: [org.springframework.web.servlet.mvc.method.annotation.RequestMappingHandlerAdapter]
17:41:19,842 DEBUG DefaultListableBeanFactory:566 - Retrieved dependent beans for bean &apos;(inner bean)#7a34b7b8&apos;: [org.springframework.web.servlet.mvc.method.annotation.RequestMappingHandlerAdapter]
17:41:19,858 DEBUG DefaultListableBeanFactory:566 - Retrieved dependent beans for bean &apos;(inner bean)#3d829787&apos;: [(inner bean)#6b5f8707]
17:41:19,858 DEBUG DefaultListableBeanFactory:566 - Retrieved dependent beans for bean &apos;(inner bean)#200a26bc#1&apos;: [(inner bean)#37ff4054]
17:41:19,858 DEBUG DefaultListableBeanFactory:566 - Retrieved dependent beans for bean &apos;(inner bean)#37ff4054&apos;: [mvcUriComponentsContributor]
17:41:19,858 DEBUG DefaultListableBeanFactory:566 - Retrieved dependent beans for bean &apos;(inner bean)#7a34b7b8#1&apos;: [(inner bean)#37ff4054]
17:41:19,858 DEBUG DefaultListableBeanFactory:566 - Retrieved dependent beans for bean &apos;(inner bean)#3d829787#1&apos;: [(inner bean)#6b5f8707#1]
17:41:19,858 DEBUG DisposableBeanAdapter:246 - Invoking destroy() on bean with name &apos;validator&apos;
17:41:19,858 DEBUG DefaultListableBeanFactory:566 - Retrieved dependent beans for bean &apos;(inner bean)#1bb1fde8&apos;: [(inner bean)#3829ac1]
17:41:19,858 DEBUG DefaultListableBeanFactory:566 - Retrieved dependent beans for bean &apos;(inner bean)#3829ac1&apos;: [org.springframework.web.servlet.handler.MappedInterceptor#1]
17:41:19,858 DEBUG DefaultListableBeanFactory:566 - Retrieved dependent beans for bean &apos;sqlSessionFactory&apos;: [customMapper, manufactureMapper, orderMapper, productMapper, taskMapper, workMapper, device_checkMapper, device_faultMapper, deviceMapper, device_typeMapper, device_maintainMapper, departmentMapper, employeeMapper, finalCountCheckMapper, finalMeasuretCheckMapper, processCountCheckMapper, processMeasureCheckMapper, unqualifyApplyMapper, processMapper, technologyMapper, technologyPlanMapper, technologyRequirementMapper]
17:41:19,858 DEBUG DefaultListableBeanFactory:566 - Retrieved dependent beans for bean &apos;customMapper&apos;: [custom]
17:41:19,858 DEBUG DefaultListableBeanFactory:566 - Retrieved dependent beans for bean &apos;custom&apos;: [customController]
17:41:19,858 DEBUG DefaultListableBeanFactory:566 - Retrieved dependent beans for bean &apos;manufactureMapper&apos;: [manufactureServiceimp]
17:41:19,858 DEBUG DefaultListableBeanFactory:566 - Retrieved dependent beans for bean &apos;manufactureServiceimp&apos;: [manufactureController]
17:41:19,858 DEBUG DefaultListableBeanFactory:566 - Retrieved dependent beans for bean &apos;orderMapper&apos;: [orderServiceimp]
17:41:19,858 DEBUG DefaultListableBeanFactory:566 - Retrieved dependent beans for bean &apos;orderServiceimp&apos;: [orderController]
17:41:19,858 DEBUG DefaultListableBeanFactory:566 - Retrieved dependent beans for bean &apos;productMapper&apos;: [productServiceimp]
17:41:19,858 DEBUG DefaultListableBeanFactory:566 - Retrieved dependent beans for bean &apos;productServiceimp&apos;: [productController]
17:41:19,858 DEBUG DefaultListableBeanFactory:566 - Retrieved dependent beans for bean &apos;taskMapper&apos;: [taskServiceimp]
17:41:19,858 DEBUG DefaultListableBeanFactory:566 - Retrieved dependent beans for bean &apos;taskServiceimp&apos;: [taskController]
17:41:19,873 DEBUG DefaultListableBeanFactory:566 - Retrieved dependent beans for bean &apos;workMapper&apos;: [workServiceimp]
17:41:19,873 DEBUG DefaultListableBeanFactory:566 - Retrieved dependent beans for bean &apos;workServiceimp&apos;: [workController]
17:41:19,873 DEBUG DefaultListableBeanFactory:566 - Retrieved dependent beans for bean &apos;device_checkMapper&apos;: [deviceCheckServiceImpl]
17:41:19,873 DEBUG DefaultListableBeanFactory:566 - Retrieved dependent beans for bean &apos;deviceCheckServiceImpl&apos;: [deviceCheckController, deviceJsonController]
17:41:19,873 DEBUG DefaultListableBeanFactory:566 - Retrieved dependent beans for bean &apos;device_faultMapper&apos;: [deviceFaultServiceImpl]
17:41:19,873 DEBUG DefaultListableBeanFactory:566 - Retrieved dependent beans for bean &apos;deviceFaultServiceImpl&apos;: [deviceFaultController]
17:41:19,873 DEBUG DefaultListableBeanFactory:566 - Retrieved dependent beans for bean &apos;deviceMapper&apos;: [deviceListServiceImpl]
17:41:19,873 DEBUG DefaultListableBeanFactory:566 - Retrieved dependent beans for bean &apos;deviceListServiceImpl&apos;: [deviceListController]
17:41:19,873 DEBUG DefaultListableBeanFactory:566 - Retrieved dependent beans for bean &apos;device_typeMapper&apos;: [deviceTypeServiceImpl]
17:41:19,873 DEBUG DefaultListableBeanFactory:566 - Retrieved dependent beans for bean &apos;deviceTypeServiceImpl&apos;: [deviceTypeController]
17:41:19,873 DEBUG DefaultListableBeanFactory:566 - Retrieved dependent beans for bean &apos;device_maintainMapper&apos;: [deviceMaintainServiceImpl]
17:41:19,873 DEBUG DefaultListableBeanFactory:566 - Retrieved dependent beans for bean &apos;deviceMaintainServiceImpl&apos;: [deviceMaintainController]
17:41:19,873 DEBUG DefaultListableBeanFactory:566 - Retrieved dependent beans for bean &apos;departmentMapper&apos;: [departmentServiceimp, employeeController]
17:41:19,873 DEBUG DefaultListableBeanFactory:566 - Retrieved dependent beans for bean &apos;departmentServiceimp&apos;: [departmentController]
17:41:19,873 DEBUG DefaultListableBeanFactory:566 - Retrieved dependent beans for bean &apos;employeeMapper&apos;: [employeeServiceimp]
17:41:19,873 DEBUG DefaultListableBeanFactory:566 - Retrieved dependent beans for bean &apos;finalCountCheckMapper&apos;: [finalCountCheckServiceImpl]
17:41:19,873 DEBUG DefaultListableBeanFactory:566 - Retrieved dependent beans for bean &apos;finalCountCheckServiceImpl&apos;: [finalCountCheckController]
17:41:19,873 DEBUG DefaultListableBeanFactory:566 - Retrieved dependent beans for bean &apos;finalMeasuretCheckMapper&apos;: [finishmeasureServiceImpl]
17:41:19,873 DEBUG DefaultListableBeanFactory:566 - Retrieved dependent beans for bean &apos;finishmeasureServiceImpl&apos;: [finishmeasureController]
17:41:19,873 DEBUG DefaultListableBeanFactory:566 - Retrieved dependent beans for bean &apos;processCountCheckMapper&apos;: [processCountCheckServiceImpl]
17:41:19,873 DEBUG DefaultListableBeanFactory:566 - Retrieved dependent beans for bean &apos;processCountCheckServiceImpl&apos;: [processCountCheckController]
17:41:19,873 DEBUG DefaultListableBeanFactory:566 - Retrieved dependent beans for bean &apos;processMeasureCheckMapper&apos;: [processMeasureCheckServiceImpl]
17:41:19,873 DEBUG DefaultListableBeanFactory:566 - Retrieved dependent beans for bean &apos;processMeasureCheckServiceImpl&apos;: [processMeasureCheckController]
17:41:19,873 DEBUG DefaultListableBeanFactory:566 - Retrieved dependent beans for bean &apos;unqualifyApplyMapper&apos;: [unqualifyServiceImpl]
17:41:19,873 DEBUG DefaultListableBeanFactory:566 - Retrieved dependent beans for bean &apos;unqualifyServiceImpl&apos;: [unqualifyController]
17:41:19,873 DEBUG DefaultListableBeanFactory:566 - Retrieved dependent beans for bean &apos;processMapper&apos;: [processServiceImpl]
17:41:19,873 DEBUG DefaultListableBeanFactory:566 - Retrieved dependent beans for bean &apos;processServiceImpl&apos;: [processController]
17:41:19,873 DEBUG DefaultListableBeanFactory:566 - Retrieved dependent beans for bean &apos;technologyMapper&apos;: [technologyServiceImpl]
17:41:19,873 DEBUG DefaultListableBeanFactory:566 - Retrieved dependent beans for bean &apos;technologyServiceImpl&apos;: [technologyController]
17:41:19,873 DEBUG DefaultListableBeanFactory:566 - Retrieved dependent beans for bean &apos;technologyPlanMapper&apos;: [technologyPlanServiceImpl]
17:41:19,873 DEBUG DefaultListableBeanFactory:566 - Retrieved dependent beans for bean &apos;technologyPlanServiceImpl&apos;: [technologyPlanController]
17:41:19,873 DEBUG DefaultListableBeanFactory:566 - Retrieved dependent beans for bean &apos;technologyRequirementMapper&apos;: [technologyRequirementServiceImpl]
17:41:19,873 DEBUG DefaultListableBeanFactory:566 - Retrieved dependent beans for bean &apos;technologyRequirementServiceImpl&apos;: [technologyRequirementController]
17:41:19,873 DEBUG DefaultListableBeanFactory:566 - Retrieved dependent beans for bean &apos;datasource&apos;: [transactionManager]
17:41:19,873 DEBUG DisposableBeanAdapter:318 - Invoking destroy method &apos;close&apos; on bean with name &apos;datasource&apos;
17:41:19,889 ERROR TestContextManager:234 - Caught exception while allowing TestExecutionListener [org.springframework.test.context.support.DependencyInjectionTestExecutionListener@394e1a0f] to prepare test instance [com.cskaoyan.mytest.CustomTest@5faeada1]
java.lang.IllegalStateException: Failed to load ApplicationContext
	at org.springframework.test.context.cache.DefaultCacheAwareContextLoaderDelegate.loadContext(DefaultCacheAwareContextLoaderDelegate.java:124)
	at org.springframework.test.context.support.DefaultTestContext.getApplicationContext(DefaultTestContext.java:83)
	at org.springframework.test.context.support.DependencyInjectionTestExecutionListener.injectDependencies(DependencyInjectionTestExecutionListener.java:117)
	at org.springframework.test.context.support.DependencyInjectionTestExecutionListener.prepareTestInstance(DependencyInjectionTestExecutionListener.java:83)
	at org.springframework.test.context.TestContextManager.prepareTestInstance(TestContextManager.java:230)
	at org.springframework.test.context.junit4.SpringJUnit4ClassRunner.createTest(SpringJUnit4ClassRunner.java:228)
	at org.springframework.test.context.junit4.SpringJUnit4ClassRunner$1.runReflectiveCall(SpringJUnit4ClassRunner.java:287)
	at org.junit.internal.runners.model.ReflectiveCallable.run(ReflectiveCallable.java:12)
	at org.springframework.test.context.junit4.SpringJUnit4ClassRunner.methodBlock(SpringJUnit4ClassRunner.java:289)
	at org.springframework.test.context.junit4.SpringJUnit4ClassRunner.runChild(SpringJUnit4ClassRunner.java:247)
	at org.springframework.test.context.junit4.SpringJUnit4ClassRunner.runChild(SpringJUnit4ClassRunner.java:94)
	at org.junit.runners.ParentRunner$3.run(ParentRunner.java:290)
	at org.junit.runners.ParentRunner$1.schedule(ParentRunner.java:71)
	at org.junit.runners.ParentRunner.runChildren(ParentRunner.java:288)
	at org.junit.runners.ParentRunner.access$000(ParentRunner.java:58)
	at org.junit.runners.ParentRunner$2.evaluate(ParentRunner.java:268)
	at org.springframework.test.context.junit4.statements.RunBeforeTestClassCallbacks.evaluate(RunBeforeTestClassCallbacks.java:61)
	at org.springframework.test.context.junit4.statements.RunAfterTestClassCallbacks.evaluate(RunAfterTestClassCallbacks.java:70)
	at org.junit.runners.ParentRunner.run(ParentRunner.java:363)
	at org.springframework.test.context.junit4.SpringJUnit4ClassRunner.run(SpringJUnit4ClassRunner.java:191)
	at org.apache.maven.surefire.junit4.JUnit4Provider.execute(JUnit4Provider.java:252)
	at org.apache.maven.surefire.junit4.JUnit4Provider.executeTestSet(JUnit4Provider.java:141)
	at org.apache.maven.surefire.junit4.JUnit4Provider.invoke(JUnit4Provider.java:112)
	at sun.reflect.NativeMethodAccessorImpl.invoke0(Native Method)
	at sun.reflect.NativeMethodAccessorImpl.invoke(NativeMethodAccessorImpl.java:62)
	at sun.reflect.DelegatingMethodAccessorImpl.invoke(DelegatingMethodAccessorImpl.java:43)
	at java.lang.reflect.Method.invoke(Method.java:498)
	at org.apache.maven.surefire.util.ReflectionUtils.invokeMethodWithArray(ReflectionUtils.java:189)
	at org.apache.maven.surefire.booter.ProviderFactory$ProviderProxy.invoke(ProviderFactory.java:165)
	at org.apache.maven.surefire.booter.ProviderFactory.invokeProvider(ProviderFactory.java:85)
	at org.apache.maven.surefire.booter.ForkedBooter.runSuitesInProcess(ForkedBooter.java:115)
	at org.apache.maven.surefire.booter.ForkedBooter.main(ForkedBooter.java:75)
Caused by: org.springframework.beans.factory.BeanCreationException: Error creating bean with name &apos;org.springframework.web.servlet.resource.ResourceHttpRequestHandler#0&apos;: Invocation of init method failed; nested exception is java.lang.IllegalStateException: WebApplicationObjectSupport instance [ResourceHttpRequestHandler [locations=[class path resource [WEB-INF/]], resolvers=[org.springframework.web.servlet.resource.PathResourceResolver@ec50f54]]] does not run in a WebApplicationContext but in: org.springframework.context.support.GenericApplicationContext@26a7b76d: startup date [Mon Dec 10 17:41:14 CST 2018]; root of context hierarchy
	at org.springframework.beans.factory.support.AbstractAutowireCapableBeanFactory.initializeBean(AbstractAutowireCapableBeanFactory.java:1710)
	at org.springframework.beans.factory.support.AbstractAutowireCapableBeanFactory.doCreateBean(AbstractAutowireCapableBeanFactory.java:583)
	at org.springframework.beans.factory.support.AbstractAutowireCapableBeanFactory.createBean(AbstractAutowireCapableBeanFactory.java:502)
	at org.springframework.beans.factory.support.AbstractBeanFactory.lambda$doGetBean$0(AbstractBeanFactory.java:312)
	at org.springframework.beans.factory.support.DefaultSingletonBeanRegistry.getSingleton(DefaultSingletonBeanRegistry.java:228)
	at org.springframework.beans.factory.support.AbstractBeanFactory.doGetBean(AbstractBeanFactory.java:310)
	at org.springframework.beans.factory.support.AbstractBeanFactory.getBean(AbstractBeanFactory.java:200)
	at org.springframework.beans.factory.support.DefaultListableBeanFactory.preInstantiateSingletons(DefaultListableBeanFactory.java:760)
	at org.springframework.context.support.AbstractApplicationContext.finishBeanFactoryInitialization(AbstractApplicationContext.java:868)
	at org.springframework.context.support.AbstractApplicationContext.refresh(AbstractApplicationContext.java:549)
	at org.springframework.test.context.support.AbstractGenericContextLoader.loadContext(AbstractGenericContextLoader.java:128)
	at org.springframework.test.context.support.AbstractGenericContextLoader.loadContext(AbstractGenericContextLoader.java:60)
	at org.springframework.test.context.support.AbstractDelegatingSmartContextLoader.delegateLoading(AbstractDelegatingSmartContextLoader.java:108)
	at org.springframework.test.context.support.AbstractDelegatingSmartContextLoader.loadContext(AbstractDelegatingSmartContextLoader.java:251)
	at org.springframework.test.context.cache.DefaultCacheAwareContextLoaderDelegate.loadContextInternal(DefaultCacheAwareContextLoaderDelegate.java:98)
	at org.springframework.test.context.cache.DefaultCacheAwareContextLoaderDelegate.loadContext(DefaultCacheAwareContextLoaderDelegate.java:116)
	... 31 more
Caused by: java.lang.IllegalStateException: WebApplicationObjectSupport instance [ResourceHttpRequestHandler [locations=[class path resource [WEB-INF/]], resolvers=[org.springframework.web.servlet.resource.PathResourceResolver@ec50f54]]] does not run in a WebApplicationContext but in: org.springframework.context.support.GenericApplicationContext@26a7b76d: startup date [Mon Dec 10 17:41:14 CST 2018]; root of context hierarchy
	at org.springframework.web.context.support.WebApplicationObjectSupport.getWebApplicationContext(WebApplicationObjectSupport.java:114)
	at org.springframework.web.context.support.WebApplicationObjectSupport.getServletContext(WebApplicationObjectSupport.java:133)
	at org.springframework.web.servlet.resource.ResourceHttpRequestHandler.initContentNegotiationStrategy(ResourceHttpRequestHandler.java:416)
	at org.springframework.web.servlet.resource.ResourceHttpRequestHandler.afterPropertiesSet(ResourceHttpRequestHandler.java:334)
	at org.springframework.beans.factory.support.AbstractAutowireCapableBeanFactory.invokeInitMethods(AbstractAutowireCapableBeanFactory.java:1769)
	at org.springframework.beans.factory.support.AbstractAutowireCapableBeanFactory.initializeBean(AbstractAutowireCapableBeanFactory.java:1706)
	... 46 more
</system-out>
  </testcase>
</testsuite>